# JRE version: Java(TM) SE Runtime Environment (8.0_144-b01) (build 1.8.0_144-b01)
# Java VM: Java HotSpot(TM) 64-Bit Server VM (25.144-b01 mixed mode linux-amd64 compressed oops)
Heap:
 PSYoungGen      total 132096K, used 2355K [0x00000000eb700000, 0x00000000f3e00000, 0x0000000100000000)
  eden space 126464K, 0% used [0x00000000eb700000,0x00000000eb700000,0x00000000f3280000)
  from space 5632K, 41% used [0x00000000f3280000,0x00000000f34ccd78,0x00000000f3800000)
  to   space 5120K, 0% used [0x00000000f3800000,0x00000000f3800000,0x00000000f3d00000)
 ParOldGen       total 42496K, used 4055K [0x00000000c2400000, 0x00000000c4d80000, 0x00000000eb700000)
  object space 42496K, 9% used [0x00000000c2400000,0x00000000c27f5fa0,0x00000000c4d80000)
 Metaspace       used 15806K, capacity 16020K, committed 16384K, reserved 1064960K
  class space    used 1610K, capacity 1680K, committed 1792K, reserved 1048576K
GC Heap History (10 events):
Event: 1.006 GC heap after
Heap after GC invocations=2 (full 0):
 PSYoungGen      total 34304K, used 2516K [0x00000000eb700000, 0x00000000edb00000, 0x0000000100000000)
  eden space 31744K, 0% used [0x00000000eb700000,0x00000000eb700000,0x00000000ed600000)
  from space 2560K, 98% used [0x00000000ed880000,0x00000000edaf53c0,0x00000000edb00000)
  to   space 2560K, 0% used [0x00000000ed600000,0x00000000ed600000,0x00000000ed880000)
 ParOldGen       total 42496K, used 8K [0x00000000c2400000, 0x00000000c4d80000, 0x00000000eb700000)
  object space 42496K, 0% used [0x00000000c2400000,0x00000000c2402000,0x00000000c4d80000)
 Metaspace       used 6350K, capacity 6474K, committed 6656K, reserved 1056768K
  class space    used 681K, capacity 725K, committed 768K, reserved 1048576K
}
Event: 1.323 GC heap before
{Heap before GC invocations=3 (full 0):
 PSYoungGen      total 34304K, used 34260K [0x00000000eb700000, 0x00000000edb00000, 0x0000000100000000)
  eden space 31744K, 100% used [0x00000000eb700000,0x00000000ed600000,0x00000000ed600000)
  from space 2560K, 98% used [0x00000000ed880000,0x00000000edaf53c0,0x00000000edb00000)
  to   space 2560K, 0% used [0x00000000ed600000,0x00000000ed600000,0x00000000ed880000)
 ParOldGen       total 42496K, used 8K [0x00000000c2400000, 0x00000000c4d80000, 0x00000000eb700000)
  object space 42496K, 0% used [0x00000000c2400000,0x00000000c2402000,0x00000000c4d80000)
 Metaspace       used 7810K, capacity 7990K, committed 8064K, reserved 1056768K
  class space    used 790K, capacity 823K, committed 896K, reserved 1048576K
Event: 1.328 GC heap after
Heap after GC invocations=3 (full 0):
 PSYoungGen      total 34304K, used 2153K [0x00000000eb700000, 0x00000000efa00000, 0x0000000100000000)
  eden space 31744K, 0% used [0x00000000eb700000,0x00000000eb700000,0x00000000ed600000)
  from space 2560K, 84% used [0x00000000ed600000,0x00000000ed81a700,0x00000000ed880000)
  to   space 2560K, 0% used [0x00000000ef780000,0x00000000ef780000,0x00000000efa00000)
 ParOldGen       total 42496K, used 8K [0x00000000c2400000, 0x00000000c4d80000, 0x00000000eb700000)
  object space 42496K, 0% used [0x00000000c2400000,0x00000000c2402000,0x00000000c4d80000)
 Metaspace       used 7810K, capacity 7990K, committed 8064K, reserved 1056768K
  class space    used 790K, capacity 823K, committed 896K, reserved 1048576K
}
Event: 1.733 GC heap before
{Heap before GC invocations=4 (full 0):
 PSYoungGen      total 34304K, used 33897K [0x00000000eb700000, 0x00000000efa00000, 0x0000000100000000)
  eden space 31744K, 100% used [0x00000000eb700000,0x00000000ed600000,0x00000000ed600000)
  from space 2560K, 84% used [0x00000000ed600000,0x00000000ed81a700,0x00000000ed880000)
  to   space 2560K, 0% used [0x00000000ef780000,0x00000000ef780000,0x00000000efa00000)
 ParOldGen       total 42496K, used 8K [0x00000000c2400000, 0x00000000c4d80000, 0x00000000eb700000)
  object space 42496K, 0% used [0x00000000c2400000,0x00000000c2402000,0x00000000c4d80000)
 Metaspace       used 10374K, capacity 10568K, committed 10880K, reserved 1058816K
  class space    used 1048K, capacity 1082K, committed 1152K, reserved 1048576K
Event: 1.741 GC heap after
Heap after GC invocations=4 (full 0):
 PSYoungGen      total 66048K, used 2555K [0x00000000eb700000, 0x00000000efa00000, 0x0000000100000000)
  eden space 63488K, 0% used [0x00000000eb700000,0x00000000eb700000,0x00000000ef500000)
  from space 2560K, 99% used [0x00000000ef780000,0x00000000ef9fec18,0x00000000efa00000)
  to   space 2560K, 0% used [0x00000000ef500000,0x00000000ef500000,0x00000000ef780000)
 ParOldGen       total 42496K, used 610K [0x00000000c2400000, 0x00000000c4d80000, 0x00000000eb700000)
  object space 42496K, 1% used [0x00000000c2400000,0x00000000c2498928,0x00000000c4d80000)
 Metaspace       used 10374K, capacity 10568K, committed 10880K, reserved 1058816K
  class space    used 1048K, capacity 1082K, committed 1152K, reserved 1048576K
}
Event: 2.378 GC heap before
{Heap before GC invocations=5 (full 0):
 PSYoungGen      total 66048K, used 66043K [0x00000000eb700000, 0x00000000efa00000, 0x0000000100000000)
  eden space 63488K, 100% used [0x00000000eb700000,0x00000000ef500000,0x00000000ef500000)
  from space 2560K, 99% used [0x00000000ef780000,0x00000000ef9fec18,0x00000000efa00000)
  to   space 2560K, 0% used [0x00000000ef500000,0x00000000ef500000,0x00000000ef780000)
 ParOldGen       total 42496K, used 610K [0x00000000c2400000, 0x00000000c4d80000, 0x00000000eb700000)
  object space 42496K, 1% used [0x00000000c2400000,0x00000000c2498928,0x00000000c4d80000)
 Metaspace       used 13893K, capacity 14140K, committed 14336K, reserved 1062912K
  class space    used 1395K, capacity 1484K, committed 1536K, reserved 1048576K
Event: 2.397 GC heap after
Heap after GC invocations=5 (full 0):
 PSYoungGen      total 66048K, used 2556K [0x00000000eb700000, 0x00000000f3d00000, 0x0000000100000000)
  eden space 63488K, 0% used [0x00000000eb700000,0x00000000eb700000,0x00000000ef500000)
  from space 2560K, 99% used [0x00000000ef500000,0x00000000ef77f158,0x00000000ef780000)
  to   space 5120K, 0% used [0x00000000f3800000,0x00000000f3800000,0x00000000f3d00000)
 ParOldGen       total 42496K, used 2956K [0x00000000c2400000, 0x00000000c4d80000, 0x00000000eb700000)
  object space 42496K, 6% used [0x00000000c2400000,0x00000000c26e3348,0x00000000c4d80000)
 Metaspace       used 13893K, capacity 14140K, committed 14336K, reserved 1062912K
  class space    used 1395K, capacity 1484K, committed 1536K, reserved 1048576K
}
Event: 2.884 GC heap before
{Heap before GC invocations=6 (full 0):
 PSYoungGen      total 66048K, used 66007K [0x00000000eb700000, 0x00000000f3d00000, 0x0000000100000000)
  eden space 63488K, 99% used [0x00000000eb700000,0x00000000ef4f6da8,0x00000000ef500000)
  from space 2560K, 99% used [0x00000000ef500000,0x00000000ef77f158,0x00000000ef780000)
  to   space 5120K, 0% used [0x00000000f3800000,0x00000000f3800000,0x00000000f3d00000)
 ParOldGen       total 42496K, used 2956K [0x00000000c2400000, 0x00000000c4d80000, 0x00000000eb700000)
  object space 42496K, 6% used [0x00000000c2400000,0x00000000c26e3348,0x00000000c4d80000)
 Metaspace       used 15805K, capacity 16020K, committed 16384K, reserved 1064960K
  class space    used 1610K, capacity 1680K, committed 1792K, reserved 1048576K
Event: 2.900 GC heap after
Heap after GC invocations=6 (full 0):
 PSYoungGen      total 131584K, used 4453K [0x00000000eb700000, 0x00000000f3e00000, 0x0000000100000000)
  eden space 126464K, 0% used [0x00000000eb700000,0x00000000eb700000,0x00000000f3280000)
  from space 5120K, 86% used [0x00000000f3800000,0x00000000f3c595a8,0x00000000f3d00000)
  to   space 5632K, 0% used [0x00000000f3280000,0x00000000f3280000,0x00000000f3800000)
 ParOldGen       total 42496K, used 2956K [0x00000000c2400000, 0x00000000c4d80000, 0x00000000eb700000)
  object space 42496K, 6% used [0x00000000c2400000,0x00000000c26e3348,0x00000000c4d80000)
 Metaspace       used 15805K, capacity 16020K, committed 16384K, reserved 1064960K
  class space    used 1610K, capacity 1680K, committed 1792K, reserved 1048576K
}
Event: 3.188 GC heap before
{Heap before GC invocations=7 (full 0):
 PSYoungGen      total 131584K, used 130815K [0x00000000eb700000, 0x00000000f3e00000, 0x0000000100000000)
  eden space 126464K, 99% used [0x00000000eb700000,0x00000000f3266910,0x00000000f3280000)
  from space 5120K, 86% used [0x00000000f3800000,0x00000000f3c595a8,0x00000000f3d00000)
  to   space 5632K, 0% used [0x00000000f3280000,0x00000000f3280000,0x00000000f3800000)
 ParOldGen       total 42496K, used 2956K [0x00000000c2400000, 0x00000000c4d80000, 0x00000000eb700000)
  object space 42496K, 6% used [0x00000000c2400000,0x00000000c26e3348,0x00000000c4d80000)
 Metaspace       used 15806K, capacity 16020K, committed 16384K, reserved 1064960K
  class space    used 1610K, capacity 1680K, committed 1792K, reserved 1048576K

