# JRE version: Java(TM) SE Runtime Environment (8.0_144-b01) (build 1.8.0_144-b01)
# Java VM: Java HotSpot(TM) 64-Bit Server VM (25.144-b01 mixed mode linux-amd64 compressed oops)
Heap:
 PSYoungGen      total 287232K, used 0K [0x00000000eb700000, 0x0000000100000000, 0x0000000100000000)
  eden space 242176K, 0% used [0x00000000eb700000,0x00000000eb700000,0x00000000fa380000)
  from space 45056K, 0% used [0x00000000fa380000,0x00000000fa380000,0x00000000fcf80000)
  to   space 44544K, 0% used [0x00000000fd480000,0x00000000fd480000,0x0000000100000000)
 ParOldGen       total 145920K, used 132117K [0x00000000c2400000, 0x00000000cb280000, 0x00000000eb700000)
  object space 145920K, 90% used [0x00000000c2400000,0x00000000ca5055e0,0x00000000cb280000)
 Metaspace       used 24962K, capacity 25640K, committed 25856K, reserved 1073152K
  class space    used 2747K, capacity 2946K, committed 3072K, reserved 1048576K
GC Heap History (10 events):
Event: 5.046 GC heap after
Heap after GC invocations=11 (full 1):
 PSYoungGen      total 210944K, used 0K [0x00000000eb700000, 0x00000000f9300000, 0x0000000100000000)
  eden space 199680K, 0% used [0x00000000eb700000,0x00000000eb700000,0x00000000f7a00000)
  from space 11264K, 0% used [0x00000000f8600000,0x00000000f8600000,0x00000000f9100000)
  to   space 12288K, 0% used [0x00000000f7a00000,0x00000000f7a00000,0x00000000f8600000)
 ParOldGen       total 53760K, used 24074K [0x00000000c2400000, 0x00000000c5880000, 0x00000000eb700000)
  object space 53760K, 44% used [0x00000000c2400000,0x00000000c3b82840,0x00000000c5880000)
 Metaspace       used 20586K, capacity 21136K, committed 21296K, reserved 1069056K
  class space    used 2442K, capacity 2618K, committed 2688K, reserved 1048576K
}
Event: 7.658 GC heap before
{Heap before GC invocations=12 (full 1):
 PSYoungGen      total 210944K, used 199680K [0x00000000eb700000, 0x00000000f9300000, 0x0000000100000000)
  eden space 199680K, 100% used [0x00000000eb700000,0x00000000f7a00000,0x00000000f7a00000)
  from space 11264K, 0% used [0x00000000f8600000,0x00000000f8600000,0x00000000f9100000)
  to   space 12288K, 0% used [0x00000000f7a00000,0x00000000f7a00000,0x00000000f8600000)
 ParOldGen       total 53760K, used 24074K [0x00000000c2400000, 0x00000000c5880000, 0x00000000eb700000)
  object space 53760K, 44% used [0x00000000c2400000,0x00000000c3b82840,0x00000000c5880000)
 Metaspace       used 21797K, capacity 22416K, committed 22576K, reserved 1069056K
  class space    used 2501K, capacity 2682K, committed 2688K, reserved 1048576K
Event: 7.885 GC heap after
Heap after GC invocations=12 (full 1):
 PSYoungGen      total 211968K, used 12286K [0x00000000eb700000, 0x00000000ffb80000, 0x0000000100000000)
  eden space 199680K, 0% used [0x00000000eb700000,0x00000000eb700000,0x00000000f7a00000)
  from space 12288K, 99% used [0x00000000f7a00000,0x00000000f85ffb50,0x00000000f8600000)
  to   space 34816K, 0% used [0x00000000fd980000,0x00000000fd980000,0x00000000ffb80000)
 ParOldGen       total 79872K, used 79692K [0x00000000c2400000, 0x00000000c7200000, 0x00000000eb700000)
  object space 79872K, 99% used [0x00000000c2400000,0x00000000c71d3108,0x00000000c7200000)
 Metaspace       used 21797K, capacity 22416K, committed 22576K, reserved 1069056K
  class space    used 2501K, capacity 2682K, committed 2688K, reserved 1048576K
}
Event: 7.886 GC heap before
{Heap before GC invocations=13 (full 2):
 PSYoungGen      total 211968K, used 12286K [0x00000000eb700000, 0x00000000ffb80000, 0x0000000100000000)
  eden space 199680K, 0% used [0x00000000eb700000,0x00000000eb700000,0x00000000f7a00000)
  from space 12288K, 99% used [0x00000000f7a00000,0x00000000f85ffb50,0x00000000f8600000)
  to   space 34816K, 0% used [0x00000000fd980000,0x00000000fd980000,0x00000000ffb80000)
 ParOldGen       total 79872K, used 79692K [0x00000000c2400000, 0x00000000c7200000, 0x00000000eb700000)
  object space 79872K, 99% used [0x00000000c2400000,0x00000000c71d3108,0x00000000c7200000)
 Metaspace       used 21797K, capacity 22416K, committed 22576K, reserved 1069056K
  class space    used 2501K, capacity 2682K, committed 2688K, reserved 1048576K
Event: 8.400 GC heap after
Heap after GC invocations=13 (full 2):
 PSYoungGen      total 211968K, used 6123K [0x00000000eb700000, 0x00000000ffb80000, 0x0000000100000000)
  eden space 199680K, 0% used [0x00000000eb700000,0x00000000eb700000,0x00000000f7a00000)
  from space 12288K, 49% used [0x00000000f7a00000,0x00000000f7ffac40,0x00000000f8600000)
  to   space 34816K, 0% used [0x00000000fd980000,0x00000000fd980000,0x00000000ffb80000)
 ParOldGen       total 145920K, used 79829K [0x00000000c2400000, 0x00000000cb280000, 0x00000000eb700000)
  object space 145920K, 54% used [0x00000000c2400000,0x00000000c71f5418,0x00000000cb280000)
 Metaspace       used 21797K, capacity 22416K, committed 22576K, reserved 1069056K
  class space    used 2501K, capacity 2682K, committed 2688K, reserved 1048576K
}
Event: 10.589 GC heap before
{Heap before GC invocations=14 (full 2):
 PSYoungGen      total 211968K, used 205803K [0x00000000eb700000, 0x00000000ffb80000, 0x0000000100000000)
  eden space 199680K, 100% used [0x00000000eb700000,0x00000000f7a00000,0x00000000f7a00000)
  from space 12288K, 49% used [0x00000000f7a00000,0x00000000f7ffac40,0x00000000f8600000)
  to   space 34816K, 0% used [0x00000000fd980000,0x00000000fd980000,0x00000000ffb80000)
 ParOldGen       total 145920K, used 79829K [0x00000000c2400000, 0x00000000cb280000, 0x00000000eb700000)
  object space 145920K, 54% used [0x00000000c2400000,0x00000000c71f5418,0x00000000cb280000)
 Metaspace       used 23032K, capacity 23720K, committed 23936K, reserved 1071104K
  class space    used 2605K, capacity 2818K, committed 2944K, reserved 1048576K
Event: 10.702 GC heap after
Heap after GC invocations=14 (full 2):
 PSYoungGen      total 271872K, used 34811K [0x00000000eb700000, 0x00000000ffb80000, 0x0000000100000000)
  eden space 237056K, 0% used [0x00000000eb700000,0x00000000eb700000,0x00000000f9e80000)
  from space 34816K, 99% used [0x00000000fd980000,0x00000000ffb7ecf8,0x00000000ffb80000)
  to   space 45056K, 0% used [0x00000000fa380000,0x00000000fa380000,0x00000000fcf80000)
 ParOldGen       total 145920K, used 91807K [0x00000000c2400000, 0x00000000cb280000, 0x00000000eb700000)
  object space 145920K, 62% used [0x00000000c2400000,0x00000000c7da7cf0,0x00000000cb280000)
 Metaspace       used 23032K, capacity 23720K, committed 23936K, reserved 1071104K
  class space    used 2605K, capacity 2818K, committed 2944K, reserved 1048576K
}
Event: 12.486 GC heap before
{Heap before GC invocations=15 (full 2):
 PSYoungGen      total 271872K, used 271867K [0x00000000eb700000, 0x00000000ffb80000, 0x0000000100000000)
  eden space 237056K, 100% used [0x00000000eb700000,0x00000000f9e80000,0x00000000f9e80000)
  from space 34816K, 99% used [0x00000000fd980000,0x00000000ffb7ecf8,0x00000000ffb80000)
  to   space 45056K, 0% used [0x00000000fa380000,0x00000000fa380000,0x00000000fcf80000)
 ParOldGen       total 145920K, used 91807K [0x00000000c2400000, 0x00000000cb280000, 0x00000000eb700000)
  object space 145920K, 62% used [0x00000000c2400000,0x00000000c7da7cf0,0x00000000cb280000)
 Metaspace       used 24962K, capacity 25640K, committed 25856K, reserved 1073152K
  class space    used 2747K, capacity 2946K, committed 3072K, reserved 1048576K
Event: 12.597 GC heap after
Heap after GC invocations=15 (full 2):
 PSYoungGen      total 287232K, used 22412K [0x00000000eb700000, 0x0000000100000000, 0x0000000100000000)
  eden space 242176K, 0% used [0x00000000eb700000,0x00000000eb700000,0x00000000fa380000)
  from space 45056K, 49% used [0x00000000fa380000,0x00000000fb9631f0,0x00000000fcf80000)
  to   space 44544K, 0% used [0x00000000fd480000,0x00000000fd480000,0x0000000100000000)
 ParOldGen       total 145920K, used 125323K [0x00000000c2400000, 0x00000000cb280000, 0x00000000eb700000)
  object space 145920K, 85% used [0x00000000c2400000,0x00000000c9e62c30,0x00000000cb280000)
 Metaspace       used 24962K, capacity 25640K, committed 25856K, reserved 1073152K
  class space    used 2747K, capacity 2946K, committed 3072K, reserved 1048576K
}
Event: 12.598 GC heap before
{Heap before GC invocations=16 (full 3):
 PSYoungGen      total 287232K, used 22412K [0x00000000eb700000, 0x0000000100000000, 0x0000000100000000)
  eden space 242176K, 0% used [0x00000000eb700000,0x00000000eb700000,0x00000000fa380000)
  from space 45056K, 49% used [0x00000000fa380000,0x00000000fb9631f0,0x00000000fcf80000)
  to   space 44544K, 0% used [0x00000000fd480000,0x00000000fd480000,0x0000000100000000)
 ParOldGen       total 145920K, used 125323K [0x00000000c2400000, 0x00000000cb280000, 0x00000000eb700000)
  object space 145920K, 85% used [0x00000000c2400000,0x00000000c9e62c30,0x00000000cb280000)
 Metaspace       used 24962K, capacity 25640K, committed 25856K, reserved 1073152K
  class space    used 2747K, capacity 2946K, committed 3072K, reserved 1048576K

