# JRE version: Java(TM) SE Runtime Environment (8.0_151-b12) (build 1.8.0_151-b12)
# Java VM: Java HotSpot(TM) 64-Bit Server VM (25.151-b12 mixed mode linux-amd64 compressed oops)
Heap:
 PSYoungGen      total 280576K, used 0K [0x00000000eb700000, 0x0000000100000000, 0x0000000100000000)
  eden space 224256K, 0% used [0x00000000eb700000,0x00000000eb700000,0x00000000f9200000)
  from space 56320K, 0% used [0x00000000f9200000,0x00000000f9200000,0x00000000fc900000)
  to   space 55808K, 0% used [0x00000000fc980000,0x00000000fc980000,0x0000000100000000)
 ParOldGen       total 167936K, used 142609K [0x00000000c2400000, 0x00000000cc800000, 0x00000000eb700000)
  object space 167936K, 84% used [0x00000000c2400000,0x00000000caf44598,0x00000000cc800000)
 Metaspace       used 29541K, capacity 30344K, committed 30512K, reserved 1077248K
  class space    used 3284K, capacity 3517K, committed 3632K, reserved 1048576K
GC Heap History (10 events):
Event: 11.679 GC heap after
Heap after GC invocations=14 (full 2):
 PSYoungGen      total 276480K, used 22524K [0x00000000eb700000, 0x0000000100000000, 0x0000000100000000)
  eden space 253952K, 0% used [0x00000000eb700000,0x00000000eb700000,0x00000000faf00000)
  from space 22528K, 99% used [0x00000000fde00000,0x00000000ff3ff378,0x00000000ff400000)
  to   space 41472K, 0% used [0x00000000faf00000,0x00000000faf00000,0x00000000fd780000)
 ParOldGen       total 94720K, used 89783K [0x00000000c2400000, 0x00000000c8080000, 0x00000000eb700000)
  object space 94720K, 94% used [0x00000000c2400000,0x00000000c7baddb0,0x00000000c8080000)
 Metaspace       used 26721K, capacity 27472K, committed 27696K, reserved 1073152K
  class space    used 3062K, capacity 3285K, committed 3376K, reserved 1048576K
}
Event: 11.680 GC heap before
{Heap before GC invocations=15 (full 3):
 PSYoungGen      total 276480K, used 22524K [0x00000000eb700000, 0x0000000100000000, 0x0000000100000000)
  eden space 253952K, 0% used [0x00000000eb700000,0x00000000eb700000,0x00000000faf00000)
  from space 22528K, 99% used [0x00000000fde00000,0x00000000ff3ff378,0x00000000ff400000)
  to   space 41472K, 0% used [0x00000000faf00000,0x00000000faf00000,0x00000000fd780000)
 ParOldGen       total 94720K, used 89783K [0x00000000c2400000, 0x00000000c8080000, 0x00000000eb700000)
  object space 94720K, 94% used [0x00000000c2400000,0x00000000c7baddb0,0x00000000c8080000)
 Metaspace       used 26721K, capacity 27472K, committed 27696K, reserved 1073152K
  class space    used 3062K, capacity 3285K, committed 3376K, reserved 1048576K
Event: 12.077 GC heap after
Heap after GC invocations=15 (full 3):
 PSYoungGen      total 276480K, used 12207K [0x00000000eb700000, 0x0000000100000000, 0x0000000100000000)
  eden space 253952K, 0% used [0x00000000eb700000,0x00000000eb700000,0x00000000faf00000)
  from space 22528K, 54% used [0x00000000fde00000,0x00000000fe9ebe18,0x00000000ff400000)
  to   space 41472K, 0% used [0x00000000faf00000,0x00000000faf00000,0x00000000fd780000)
 ParOldGen       total 167936K, used 94578K [0x00000000c2400000, 0x00000000cc800000, 0x00000000eb700000)
  object space 167936K, 56% used [0x00000000c2400000,0x00000000c805cbb0,0x00000000cc800000)
 Metaspace       used 26721K, capacity 27472K, committed 27696K, reserved 1073152K
  class space    used 3062K, capacity 3285K, committed 3376K, reserved 1048576K
}
Event: 14.687 GC heap before
{Heap before GC invocations=16 (full 3):
 PSYoungGen      total 276480K, used 266159K [0x00000000eb700000, 0x0000000100000000, 0x0000000100000000)
  eden space 253952K, 100% used [0x00000000eb700000,0x00000000faf00000,0x00000000faf00000)
  from space 22528K, 54% used [0x00000000fde00000,0x00000000fe9ebe18,0x00000000ff400000)
  to   space 41472K, 0% used [0x00000000faf00000,0x00000000faf00000,0x00000000fd780000)
 ParOldGen       total 167936K, used 94578K [0x00000000c2400000, 0x00000000cc800000, 0x00000000eb700000)
  object space 167936K, 56% used [0x00000000c2400000,0x00000000c805cbb0,0x00000000cc800000)
 Metaspace       used 29105K, capacity 29896K, committed 30256K, reserved 1075200K
  class space    used 3280K, capacity 3517K, committed 3632K, reserved 1048576K
Event: 15.105 GC heap after
Heap after GC invocations=16 (full 3):
 PSYoungGen      total 294912K, used 40866K [0x00000000eb700000, 0x0000000100000000, 0x0000000100000000)
  eden space 253952K, 0% used [0x00000000eb700000,0x00000000eb700000,0x00000000faf00000)
  from space 40960K, 99% used [0x00000000faf00000,0x00000000fd6e8a70,0x00000000fd700000)
  to   space 41984K, 0% used [0x00000000fd700000,0x00000000fd700000,0x0000000100000000)
 ParOldGen       total 167936K, used 106838K [0x00000000c2400000, 0x00000000cc800000, 0x00000000eb700000)
  object space 167936K, 63% used [0x00000000c2400000,0x00000000c8c55810,0x00000000cc800000)
 Metaspace       used 29105K, capacity 29896K, committed 30256K, reserved 1075200K
  class space    used 3280K, capacity 3517K, committed 3632K, reserved 1048576K
}
Event: 18.759 GC heap before
{Heap before GC invocations=17 (full 3):
 PSYoungGen      total 294912K, used 294818K [0x00000000eb700000, 0x0000000100000000, 0x0000000100000000)
  eden space 253952K, 100% used [0x00000000eb700000,0x00000000faf00000,0x00000000faf00000)
  from space 40960K, 99% used [0x00000000faf00000,0x00000000fd6e8a70,0x00000000fd700000)
  to   space 41984K, 0% used [0x00000000fd700000,0x00000000fd700000,0x0000000100000000)
 ParOldGen       total 167936K, used 106838K [0x00000000c2400000, 0x00000000cc800000, 0x00000000eb700000)
  object space 167936K, 63% used [0x00000000c2400000,0x00000000c8c55810,0x00000000cc800000)
 Metaspace       used 29466K, capacity 30280K, committed 30512K, reserved 1077248K
  class space    used 3283K, capacity 3517K, committed 3632K, reserved 1048576K
Event: 19.002 GC heap after
Heap after GC invocations=17 (full 3):
 PSYoungGen      total 266240K, used 41975K [0x00000000eb700000, 0x0000000100000000, 0x0000000100000000)
  eden space 224256K, 0% used [0x00000000eb700000,0x00000000eb700000,0x00000000f9200000)
  from space 41984K, 99% used [0x00000000fd700000,0x00000000ffffdd20,0x0000000100000000)
  to   space 56320K, 0% used [0x00000000f9200000,0x00000000f9200000,0x00000000fc900000)
 ParOldGen       total 167936K, used 111982K [0x00000000c2400000, 0x00000000cc800000, 0x00000000eb700000)
  object space 167936K, 66% used [0x00000000c2400000,0x00000000c915b878,0x00000000cc800000)
 Metaspace       used 29466K, capacity 30280K, committed 30512K, reserved 1077248K
  class space    used 3283K, capacity 3517K, committed 3632K, reserved 1048576K
}
Event: 20.679 GC heap before
{Heap before GC invocations=18 (full 3):
 PSYoungGen      total 266240K, used 266231K [0x00000000eb700000, 0x0000000100000000, 0x0000000100000000)
  eden space 224256K, 100% used [0x00000000eb700000,0x00000000f9200000,0x00000000f9200000)
  from space 41984K, 99% used [0x00000000fd700000,0x00000000ffffdd20,0x0000000100000000)
  to   space 56320K, 0% used [0x00000000f9200000,0x00000000f9200000,0x00000000fc900000)
 ParOldGen       total 167936K, used 111982K [0x00000000c2400000, 0x00000000cc800000, 0x00000000eb700000)
  object space 167936K, 66% used [0x00000000c2400000,0x00000000c915b878,0x00000000cc800000)
 Metaspace       used 29541K, capacity 30344K, committed 30512K, reserved 1077248K
  class space    used 3284K, capacity 3517K, committed 3632K, reserved 1048576K
Event: 20.807 GC heap after
Heap after GC invocations=18 (full 3):
 PSYoungGen      total 280576K, used 3748K [0x00000000eb700000, 0x0000000100000000, 0x0000000100000000)
  eden space 224256K, 0% used [0x00000000eb700000,0x00000000eb700000,0x00000000f9200000)
  from space 56320K, 6% used [0x00000000f9200000,0x00000000f95a90b0,0x00000000fc900000)
  to   space 55808K, 0% used [0x00000000fc980000,0x00000000fc980000,0x0000000100000000)
 ParOldGen       total 167936K, used 153639K [0x00000000c2400000, 0x00000000cc800000, 0x00000000eb700000)
  object space 167936K, 91% used [0x00000000c2400000,0x00000000cba09fa8,0x00000000cc800000)
 Metaspace       used 29541K, capacity 30344K, committed 30512K, reserved 1077248K
  class space    used 3284K, capacity 3517K, committed 3632K, reserved 1048576K
}
Event: 20.808 GC heap before
{Heap before GC invocations=19 (full 4):
 PSYoungGen      total 280576K, used 3748K [0x00000000eb700000, 0x0000000100000000, 0x0000000100000000)
  eden space 224256K, 0% used [0x00000000eb700000,0x00000000eb700000,0x00000000f9200000)
  from space 56320K, 6% used [0x00000000f9200000,0x00000000f95a90b0,0x00000000fc900000)
  to   space 55808K, 0% used [0x00000000fc980000,0x00000000fc980000,0x0000000100000000)
 ParOldGen       total 167936K, used 153639K [0x00000000c2400000, 0x00000000cc800000, 0x00000000eb700000)
  object space 167936K, 91% used [0x00000000c2400000,0x00000000cba09fa8,0x00000000cc800000)
 Metaspace       used 29541K, capacity 30344K, committed 30512K, reserved 1077248K
  class space    used 3284K, capacity 3517K, committed 3632K, reserved 1048576K

