# JRE version: Java(TM) SE Runtime Environment (8.0_151-b12) (build 1.8.0_151-b12)
# Java VM: Java HotSpot(TM) 64-Bit Server VM (25.151-b12 mixed mode linux-amd64 compressed oops)
Heap:
 PSYoungGen      total 272896K, used 704K [0x00000000e0f00000, 0x00000000f2580000, 0x0000000100000000)
  eden space 264704K, 0% used [0x00000000e0f00000,0x00000000e0f00000,0x00000000f1180000)
  from space 8192K, 8% used [0x00000000f1580000,0x00000000f1630010,0x00000000f1d80000)
  to   space 6656K, 0% used [0x00000000f1f00000,0x00000000f1f00000,0x00000000f2580000)
 ParOldGen       total 47616K, used 18276K [0x00000000a2c00000, 0x00000000a5a80000, 0x00000000e0f00000)
  object space 47616K, 38% used [0x00000000a2c00000,0x00000000a3dd9110,0x00000000a5a80000)
 Metaspace       used 33928K, capacity 35390K, committed 35496K, reserved 1081344K
  class space    used 3994K, capacity 4309K, committed 4352K, reserved 1048576K
GC Heap History (10 events):
Event: 6.293 GC heap after
Heap after GC invocations=11 (full 1):
 PSYoungGen      total 161792K, used 0K [0x00000000e0f00000, 0x00000000eb700000, 0x0000000100000000)
  eden space 156160K, 0% used [0x00000000e0f00000,0x00000000e0f00000,0x00000000ea780000)
  from space 5632K, 0% used [0x00000000eae80000,0x00000000eae80000,0x00000000eb400000)
  to   space 7168K, 0% used [0x00000000ea780000,0x00000000ea780000,0x00000000eae80000)
 ParOldGen       total 47616K, used 10322K [0x00000000a2c00000, 0x00000000a5a80000, 0x00000000e0f00000)
  object space 47616K, 21% used [0x00000000a2c00000,0x00000000a3614940,0x00000000a5a80000)
 Metaspace       used 20034K, capacity 21198K, committed 21296K, reserved 1069056K
  class space    used 2460K, capacity 2686K, committed 2688K, reserved 1048576K
}
Event: 8.131 GC heap before
{Heap before GC invocations=12 (full 1):
 PSYoungGen      total 161792K, used 156160K [0x00000000e0f00000, 0x00000000eb700000, 0x0000000100000000)
  eden space 156160K, 100% used [0x00000000e0f00000,0x00000000ea780000,0x00000000ea780000)
  from space 5632K, 0% used [0x00000000eae80000,0x00000000eae80000,0x00000000eb400000)
  to   space 7168K, 0% used [0x00000000ea780000,0x00000000ea780000,0x00000000eae80000)
 ParOldGen       total 47616K, used 10322K [0x00000000a2c00000, 0x00000000a5a80000, 0x00000000e0f00000)
  object space 47616K, 21% used [0x00000000a2c00000,0x00000000a3614940,0x00000000a5a80000)
 Metaspace       used 25042K, capacity 26348K, committed 26624K, reserved 1073152K
  class space    used 3025K, capacity 3267K, committed 3328K, reserved 1048576K
Event: 8.142 GC heap after
Heap after GC invocations=12 (full 1):
 PSYoungGen      total 163328K, used 4099K [0x00000000e0f00000, 0x00000000ee600000, 0x0000000100000000)
  eden space 156160K, 0% used [0x00000000e0f00000,0x00000000e0f00000,0x00000000ea780000)
  from space 7168K, 57% used [0x00000000ea780000,0x00000000eab80dc8,0x00000000eae80000)
  to   space 6656K, 0% used [0x00000000edf80000,0x00000000edf80000,0x00000000ee600000)
 ParOldGen       total 47616K, used 10330K [0x00000000a2c00000, 0x00000000a5a80000, 0x00000000e0f00000)
  object space 47616K, 21% used [0x00000000a2c00000,0x00000000a3616940,0x00000000a5a80000)
 Metaspace       used 25042K, capacity 26348K, committed 26624K, reserved 1073152K
  class space    used 3025K, capacity 3267K, committed 3328K, reserved 1048576K
}
Event: 9.336 GC heap before
{Heap before GC invocations=13 (full 1):
 PSYoungGen      total 163328K, used 160259K [0x00000000e0f00000, 0x00000000ee600000, 0x0000000100000000)
  eden space 156160K, 100% used [0x00000000e0f00000,0x00000000ea780000,0x00000000ea780000)
  from space 7168K, 57% used [0x00000000ea780000,0x00000000eab80dc8,0x00000000eae80000)
  to   space 6656K, 0% used [0x00000000edf80000,0x00000000edf80000,0x00000000ee600000)
 ParOldGen       total 47616K, used 10330K [0x00000000a2c00000, 0x00000000a5a80000, 0x00000000e0f00000)
  object space 47616K, 21% used [0x00000000a2c00000,0x00000000a3616940,0x00000000a5a80000)
 Metaspace       used 27563K, capacity 28946K, committed 29184K, reserved 1075200K
  class space    used 3274K, capacity 3528K, committed 3584K, reserved 1048576K
Event: 9.349 GC heap after
Heap after GC invocations=13 (full 1):
 PSYoungGen      total 208384K, used 2326K [0x00000000e0f00000, 0x00000000ee380000, 0x0000000100000000)
  eden space 204288K, 0% used [0x00000000e0f00000,0x00000000e0f00000,0x00000000ed680000)
  from space 4096K, 56% used [0x00000000edf80000,0x00000000ee1c5828,0x00000000ee380000)
  to   space 6656K, 0% used [0x00000000ed680000,0x00000000ed680000,0x00000000edd00000)
 ParOldGen       total 47616K, used 11731K [0x00000000a2c00000, 0x00000000a5a80000, 0x00000000e0f00000)
  object space 47616K, 24% used [0x00000000a2c00000,0x00000000a3774e90,0x00000000a5a80000)
 Metaspace       used 27563K, capacity 28946K, committed 29184K, reserved 1075200K
  class space    used 3274K, capacity 3528K, committed 3584K, reserved 1048576K
}
Event: 9.475 GC heap before
{Heap before GC invocations=14 (full 1):
 PSYoungGen      total 208384K, used 206504K [0x00000000e0f00000, 0x00000000ee380000, 0x0000000100000000)
  eden space 204288K, 99% used [0x00000000e0f00000,0x00000000ed6648c8,0x00000000ed680000)
  from space 4096K, 56% used [0x00000000edf80000,0x00000000ee1c5828,0x00000000ee380000)
  to   space 6656K, 0% used [0x00000000ed680000,0x00000000ed680000,0x00000000edd00000)
 ParOldGen       total 47616K, used 11731K [0x00000000a2c00000, 0x00000000a5a80000, 0x00000000e0f00000)
  object space 47616K, 24% used [0x00000000a2c00000,0x00000000a3774e90,0x00000000a5a80000)
 Metaspace       used 27564K, capacity 28946K, committed 29184K, reserved 1075200K
  class space    used 3274K, capacity 3528K, committed 3584K, reserved 1048576K
Event: 9.478 GC heap after
Heap after GC invocations=14 (full 1):
 PSYoungGen      total 210944K, used 171K [0x00000000e0f00000, 0x00000000f2600000, 0x0000000100000000)
  eden space 204288K, 0% used [0x00000000e0f00000,0x00000000e0f00000,0x00000000ed680000)
  from space 6656K, 2% used [0x00000000ed680000,0x00000000ed6aad78,0x00000000edd00000)
  to   space 7168K, 0% used [0x00000000f1f00000,0x00000000f1f00000,0x00000000f2600000)
 ParOldGen       total 47616K, used 12647K [0x00000000a2c00000, 0x00000000a5a80000, 0x00000000e0f00000)
  object space 47616K, 26% used [0x00000000a2c00000,0x00000000a3859d98,0x00000000a5a80000)
 Metaspace       used 27564K, capacity 28946K, committed 29184K, reserved 1075200K
  class space    used 3274K, capacity 3528K, committed 3584K, reserved 1048576K
}
Event: 11.854 GC heap before
{Heap before GC invocations=15 (full 1):
 PSYoungGen      total 210944K, used 204459K [0x00000000e0f00000, 0x00000000f2600000, 0x0000000100000000)
  eden space 204288K, 100% used [0x00000000e0f00000,0x00000000ed680000,0x00000000ed680000)
  from space 6656K, 2% used [0x00000000ed680000,0x00000000ed6aad78,0x00000000edd00000)
  to   space 7168K, 0% used [0x00000000f1f00000,0x00000000f1f00000,0x00000000f2600000)
 ParOldGen       total 47616K, used 12647K [0x00000000a2c00000, 0x00000000a5a80000, 0x00000000e0f00000)
  object space 47616K, 26% used [0x00000000a2c00000,0x00000000a3859d98,0x00000000a5a80000)
 Metaspace       used 33900K, capacity 35372K, committed 35496K, reserved 1081344K
  class space    used 3991K, capacity 4306K, committed 4352K, reserved 1048576K
Event: 11.864 GC heap after
Heap after GC invocations=15 (full 1):
 PSYoungGen      total 271360K, used 6486K [0x00000000e0f00000, 0x00000000f2580000, 0x0000000100000000)
  eden space 264704K, 0% used [0x00000000e0f00000,0x00000000e0f00000,0x00000000f1180000)
  from space 6656K, 97% used [0x00000000f1f00000,0x00000000f2555ae0,0x00000000f2580000)
  to   space 8192K, 0% used [0x00000000f1580000,0x00000000f1580000,0x00000000f1d80000)
 ParOldGen       total 47616K, used 12655K [0x00000000a2c00000, 0x00000000a5a80000, 0x00000000e0f00000)
  object space 47616K, 26% used [0x00000000a2c00000,0x00000000a385bd98,0x00000000a5a80000)
 Metaspace       used 33900K, capacity 35372K, committed 35496K, reserved 1081344K
  class space    used 3991K, capacity 4306K, committed 4352K, reserved 1048576K
}
Event: 11.880 GC heap before
{Heap before GC invocations=16 (full 1):
 PSYoungGen      total 271360K, used 11715K [0x00000000e0f00000, 0x00000000f2580000, 0x0000000100000000)
  eden space 264704K, 1% used [0x00000000e0f00000,0x00000000e141b458,0x00000000f1180000)
  from space 6656K, 97% used [0x00000000f1f00000,0x00000000f2555ae0,0x00000000f2580000)
  to   space 8192K, 0% used [0x00000000f1580000,0x00000000f1580000,0x00000000f1d80000)
 ParOldGen       total 47616K, used 12655K [0x00000000a2c00000, 0x00000000a5a80000, 0x00000000e0f00000)
  object space 47616K, 26% used [0x00000000a2c00000,0x00000000a385bd98,0x00000000a5a80000)
 Metaspace       used 33928K, capacity 35390K, committed 35496K, reserved 1081344K
  class space    used 3994K, capacity 4309K, committed 4352K, reserved 1048576K

