# JRE version: Java(TM) SE Runtime Environment (8.0_144-b01) (build 1.8.0_144-b01)
# Java VM: Java HotSpot(TM) 64-Bit Server VM (25.144-b01 mixed mode linux-amd64 compressed oops)
Heap:
 PSYoungGen      total 52224K, used 106K [0x00000000eb700000, 0x00000000eed80000, 0x0000000100000000)
  eden space 48640K, 0% used [0x00000000eb700000,0x00000000eb700000,0x00000000ee680000)
  from space 3584K, 2% used [0x00000000ee680000,0x00000000ee69aa28,0x00000000eea00000)
  to   space 3584K, 0% used [0x00000000eea00000,0x00000000eea00000,0x00000000eed80000)
 ParOldGen       total 42496K, used 5044K [0x00000000c2400000, 0x00000000c4d80000, 0x00000000eb700000)
  object space 42496K, 11% used [0x00000000c2400000,0x00000000c28ed2f0,0x00000000c4d80000)
 Metaspace       used 15778K, capacity 16052K, committed 16384K, reserved 1064960K
  class space    used 1620K, capacity 1712K, committed 1792K, reserved 1048576K
GC Heap History (10 events):
Event: 15.711 GC heap after
Heap after GC invocations=8 (full 0):
 PSYoungGen      total 34304K, used 1781K [0x00000000eb700000, 0x00000000edc00000, 0x0000000100000000)
  eden space 30720K, 0% used [0x00000000eb700000,0x00000000eb700000,0x00000000ed500000)
  from space 3584K, 49% used [0x00000000ed880000,0x00000000eda3d498,0x00000000edc00000)
  to   space 3584K, 0% used [0x00000000ed500000,0x00000000ed500000,0x00000000ed880000)
 ParOldGen       total 42496K, used 2145K [0x00000000c2400000, 0x00000000c4d80000, 0x00000000eb700000)
  object space 42496K, 5% used [0x00000000c2400000,0x00000000c26184c8,0x00000000c4d80000)
 Metaspace       used 12431K, capacity 12700K, committed 12928K, reserved 1060864K
  class space    used 1238K, capacity 1324K, committed 1408K, reserved 1048576K
}
Event: 16.674 GC heap before
{Heap before GC invocations=9 (full 0):
 PSYoungGen      total 34304K, used 32501K [0x00000000eb700000, 0x00000000edc00000, 0x0000000100000000)
  eden space 30720K, 100% used [0x00000000eb700000,0x00000000ed500000,0x00000000ed500000)
  from space 3584K, 49% used [0x00000000ed880000,0x00000000eda3d498,0x00000000edc00000)
  to   space 3584K, 0% used [0x00000000ed500000,0x00000000ed500000,0x00000000ed880000)
 ParOldGen       total 42496K, used 2145K [0x00000000c2400000, 0x00000000c4d80000, 0x00000000eb700000)
  object space 42496K, 5% used [0x00000000c2400000,0x00000000c26184c8,0x00000000c4d80000)
 Metaspace       used 13716K, capacity 13916K, committed 14080K, reserved 1062912K
  class space    used 1384K, capacity 1452K, committed 1536K, reserved 1048576K
Event: 16.679 GC heap after
Heap after GC invocations=9 (full 0):
 PSYoungGen      total 32256K, used 1835K [0x00000000eb700000, 0x00000000edb80000, 0x0000000100000000)
  eden space 30208K, 0% used [0x00000000eb700000,0x00000000eb700000,0x00000000ed480000)
  from space 2048K, 89% used [0x00000000ed500000,0x00000000ed6cac58,0x00000000ed700000)
  to   space 3584K, 0% used [0x00000000ed800000,0x00000000ed800000,0x00000000edb80000)
 ParOldGen       total 42496K, used 2905K [0x00000000c2400000, 0x00000000c4d80000, 0x00000000eb700000)
  object space 42496K, 6% used [0x00000000c2400000,0x00000000c26d6508,0x00000000c4d80000)
 Metaspace       used 13716K, capacity 13916K, committed 14080K, reserved 1062912K
  class space    used 1384K, capacity 1452K, committed 1536K, reserved 1048576K
}
Event: 17.267 GC heap before
{Heap before GC invocations=10 (full 0):
 PSYoungGen      total 32256K, used 32043K [0x00000000eb700000, 0x00000000edb80000, 0x0000000100000000)
  eden space 30208K, 100% used [0x00000000eb700000,0x00000000ed480000,0x00000000ed480000)
  from space 2048K, 89% used [0x00000000ed500000,0x00000000ed6cac58,0x00000000ed700000)
  to   space 3584K, 0% used [0x00000000ed800000,0x00000000ed800000,0x00000000edb80000)
 ParOldGen       total 42496K, used 2905K [0x00000000c2400000, 0x00000000c4d80000, 0x00000000eb700000)
  object space 42496K, 6% used [0x00000000c2400000,0x00000000c26d6508,0x00000000c4d80000)
 Metaspace       used 14787K, capacity 15054K, committed 15232K, reserved 1062912K
  class space    used 1531K, capacity 1615K, committed 1664K, reserved 1048576K
Event: 17.280 GC heap after
Heap after GC invocations=10 (full 0):
 PSYoungGen      total 33792K, used 1524K [0x00000000eb700000, 0x00000000eed80000, 0x0000000100000000)
  eden space 30208K, 0% used [0x00000000eb700000,0x00000000eb700000,0x00000000ed480000)
  from space 3584K, 42% used [0x00000000ed800000,0x00000000ed97d1d8,0x00000000edb80000)
  to   space 3584K, 0% used [0x00000000ed480000,0x00000000ed480000,0x00000000ed800000)
 ParOldGen       total 42496K, used 3786K [0x00000000c2400000, 0x00000000c4d80000, 0x00000000eb700000)
  object space 42496K, 8% used [0x00000000c2400000,0x00000000c27b2a58,0x00000000c4d80000)
 Metaspace       used 14787K, capacity 15054K, committed 15232K, reserved 1062912K
  class space    used 1531K, capacity 1615K, committed 1664K, reserved 1048576K
}
Event: 17.912 GC heap before
{Heap before GC invocations=11 (full 0):
 PSYoungGen      total 33792K, used 31732K [0x00000000eb700000, 0x00000000eed80000, 0x0000000100000000)
  eden space 30208K, 100% used [0x00000000eb700000,0x00000000ed480000,0x00000000ed480000)
  from space 3584K, 42% used [0x00000000ed800000,0x00000000ed97d1d8,0x00000000edb80000)
  to   space 3584K, 0% used [0x00000000ed480000,0x00000000ed480000,0x00000000ed800000)
 ParOldGen       total 42496K, used 3786K [0x00000000c2400000, 0x00000000c4d80000, 0x00000000eb700000)
  object space 42496K, 8% used [0x00000000c2400000,0x00000000c27b2a58,0x00000000c4d80000)
 Metaspace       used 15776K, capacity 16052K, committed 16384K, reserved 1064960K
  class space    used 1620K, capacity 1712K, committed 1792K, reserved 1048576K
Event: 17.944 GC heap after
Heap after GC invocations=11 (full 0):
 PSYoungGen      total 33792K, used 1167K [0x00000000eb700000, 0x00000000eed80000, 0x0000000100000000)
  eden space 30208K, 0% used [0x00000000eb700000,0x00000000eb700000,0x00000000ed480000)
  from space 3584K, 32% used [0x00000000ed480000,0x00000000ed5a3f90,0x00000000ed800000)
  to   space 3584K, 0% used [0x00000000eea00000,0x00000000eea00000,0x00000000eed80000)
 ParOldGen       total 42496K, used 4359K [0x00000000c2400000, 0x00000000c4d80000, 0x00000000eb700000)
  object space 42496K, 10% used [0x00000000c2400000,0x00000000c2841e78,0x00000000c4d80000)
 Metaspace       used 15776K, capacity 16052K, committed 16384K, reserved 1064960K
  class space    used 1620K, capacity 1712K, committed 1792K, reserved 1048576K
}
Event: 17.976 GC heap before
{Heap before GC invocations=12 (full 0):
 PSYoungGen      total 33792K, used 31364K [0x00000000eb700000, 0x00000000eed80000, 0x0000000100000000)
  eden space 30208K, 99% used [0x00000000eb700000,0x00000000ed47d398,0x00000000ed480000)
  from space 3584K, 32% used [0x00000000ed480000,0x00000000ed5a3f90,0x00000000ed800000)
  to   space 3584K, 0% used [0x00000000eea00000,0x00000000eea00000,0x00000000eed80000)
 ParOldGen       total 42496K, used 4359K [0x00000000c2400000, 0x00000000c4d80000, 0x00000000eb700000)
  object space 42496K, 10% used [0x00000000c2400000,0x00000000c2841e78,0x00000000c4d80000)
 Metaspace       used 15777K, capacity 16052K, committed 16384K, reserved 1064960K
  class space    used 1620K, capacity 1712K, committed 1792K, reserved 1048576K
Event: 17.979 GC heap after
Heap after GC invocations=12 (full 0):
 PSYoungGen      total 52224K, used 99K [0x00000000eb700000, 0x00000000eed80000, 0x0000000100000000)
  eden space 48640K, 0% used [0x00000000eb700000,0x00000000eb700000,0x00000000ee680000)
  from space 3584K, 2% used [0x00000000eea00000,0x00000000eea18d38,0x00000000eed80000)
  to   space 3584K, 0% used [0x00000000ee680000,0x00000000ee680000,0x00000000eea00000)
 ParOldGen       total 42496K, used 5036K [0x00000000c2400000, 0x00000000c4d80000, 0x00000000eb700000)
  object space 42496K, 11% used [0x00000000c2400000,0x00000000c28eb2f0,0x00000000c4d80000)
 Metaspace       used 15777K, capacity 16052K, committed 16384K, reserved 1064960K
  class space    used 1620K, capacity 1712K, committed 1792K, reserved 1048576K
}
Event: 18.043 GC heap before
{Heap before GC invocations=13 (full 0):
 PSYoungGen      total 52224K, used 48699K [0x00000000eb700000, 0x00000000eed80000, 0x0000000100000000)
  eden space 48640K, 99% used [0x00000000eb700000,0x00000000ee6760e8,0x00000000ee680000)
  from space 3584K, 2% used [0x00000000eea00000,0x00000000eea18d38,0x00000000eed80000)
  to   space 3584K, 0% used [0x00000000ee680000,0x00000000ee680000,0x00000000eea00000)
 ParOldGen       total 42496K, used 5036K [0x00000000c2400000, 0x00000000c4d80000, 0x00000000eb700000)
  object space 42496K, 11% used [0x00000000c2400000,0x00000000c28eb2f0,0x00000000c4d80000)
 Metaspace       used 15778K, capacity 16052K, committed 16384K, reserved 1064960K
  class space    used 1620K, capacity 1712K, committed 1792K, reserved 1048576K

