# JRE version: Java(TM) SE Runtime Environment (8.0_144-b01) (build 1.8.0_144-b01)
# Java VM: Java HotSpot(TM) 64-Bit Server VM (25.144-b01 mixed mode linux-amd64 compressed oops)
Heap:
 PSYoungGen      total 130560K, used 1166K [0x00000000eb700000, 0x00000000f3b00000, 0x0000000100000000)
  eden space 125952K, 0% used [0x00000000eb700000,0x00000000eb700000,0x00000000f3200000)
  from space 4608K, 25% used [0x00000000f3200000,0x00000000f33238a0,0x00000000f3680000)
  to   space 4608K, 0% used [0x00000000f3680000,0x00000000f3680000,0x00000000f3b00000)
 ParOldGen       total 42496K, used 4655K [0x00000000c2400000, 0x00000000c4d80000, 0x00000000eb700000)
  object space 42496K, 10% used [0x00000000c2400000,0x00000000c288be18,0x00000000c4d80000)
 Metaspace       used 15789K, capacity 16020K, committed 16384K, reserved 1064960K
  class space    used 1611K, capacity 1680K, committed 1792K, reserved 1048576K
GC Heap History (10 events):
Event: 1.709 GC heap after
Heap after GC invocations=4 (full 0):
 PSYoungGen      total 34304K, used 2121K [0x00000000eb700000, 0x00000000edb00000, 0x0000000100000000)
  eden space 31744K, 0% used [0x00000000eb700000,0x00000000eb700000,0x00000000ed600000)
  from space 2560K, 82% used [0x00000000ed880000,0x00000000eda92700,0x00000000edb00000)
  to   space 2560K, 0% used [0x00000000ed600000,0x00000000ed600000,0x00000000ed880000)
 ParOldGen       total 42496K, used 41K [0x00000000c2400000, 0x00000000c4d80000, 0x00000000eb700000)
  object space 42496K, 0% used [0x00000000c2400000,0x00000000c240a588,0x00000000c4d80000)
 Metaspace       used 7810K, capacity 8008K, committed 8320K, reserved 1056768K
  class space    used 792K, capacity 826K, committed 896K, reserved 1048576K
}
Event: 2.301 GC heap before
{Heap before GC invocations=5 (full 0):
 PSYoungGen      total 34304K, used 33865K [0x00000000eb700000, 0x00000000edb00000, 0x0000000100000000)
  eden space 31744K, 100% used [0x00000000eb700000,0x00000000ed600000,0x00000000ed600000)
  from space 2560K, 82% used [0x00000000ed880000,0x00000000eda92700,0x00000000edb00000)
  to   space 2560K, 0% used [0x00000000ed600000,0x00000000ed600000,0x00000000ed880000)
 ParOldGen       total 42496K, used 41K [0x00000000c2400000, 0x00000000c4d80000, 0x00000000eb700000)
  object space 42496K, 0% used [0x00000000c2400000,0x00000000c240a588,0x00000000c4d80000)
 Metaspace       used 10372K, capacity 10568K, committed 10880K, reserved 1058816K
  class space    used 1048K, capacity 1082K, committed 1152K, reserved 1048576K
Event: 2.312 GC heap after
Heap after GC invocations=5 (full 0):
 PSYoungGen      total 34304K, used 2536K [0x00000000eb700000, 0x00000000efc00000, 0x0000000100000000)
  eden space 31744K, 0% used [0x00000000eb700000,0x00000000eb700000,0x00000000ed600000)
  from space 2560K, 99% used [0x00000000ed600000,0x00000000ed87a2f0,0x00000000ed880000)
  to   space 3584K, 0% used [0x00000000ef880000,0x00000000ef880000,0x00000000efc00000)
 ParOldGen       total 42496K, used 689K [0x00000000c2400000, 0x00000000c4d80000, 0x00000000eb700000)
  object space 42496K, 1% used [0x00000000c2400000,0x00000000c24ac628,0x00000000c4d80000)
 Metaspace       used 10372K, capacity 10568K, committed 10880K, reserved 1058816K
  class space    used 1048K, capacity 1082K, committed 1152K, reserved 1048576K
}
Event: 2.959 GC heap before
{Heap before GC invocations=6 (full 0):
 PSYoungGen      total 34304K, used 34280K [0x00000000eb700000, 0x00000000efc00000, 0x0000000100000000)
  eden space 31744K, 100% used [0x00000000eb700000,0x00000000ed600000,0x00000000ed600000)
  from space 2560K, 99% used [0x00000000ed600000,0x00000000ed87a2f0,0x00000000ed880000)
  to   space 3584K, 0% used [0x00000000ef880000,0x00000000ef880000,0x00000000efc00000)
 ParOldGen       total 42496K, used 689K [0x00000000c2400000, 0x00000000c4d80000, 0x00000000eb700000)
  object space 42496K, 1% used [0x00000000c2400000,0x00000000c24ac628,0x00000000c4d80000)
 Metaspace       used 12642K, capacity 12892K, committed 13184K, reserved 1060864K
  class space    used 1253K, capacity 1324K, committed 1408K, reserved 1048576K
Event: 2.988 GC heap after
Heap after GC invocations=6 (full 0):
 PSYoungGen      total 66560K, used 3555K [0x00000000eb700000, 0x00000000efd00000, 0x0000000100000000)
  eden space 62976K, 0% used [0x00000000eb700000,0x00000000eb700000,0x00000000ef480000)
  from space 3584K, 99% used [0x00000000ef880000,0x00000000efbf8ed8,0x00000000efc00000)
  to   space 4096K, 0% used [0x00000000ef480000,0x00000000ef480000,0x00000000ef880000)
 ParOldGen       total 42496K, used 1339K [0x00000000c2400000, 0x00000000c4d80000, 0x00000000eb700000)
  object space 42496K, 3% used [0x00000000c2400000,0x00000000c254ed48,0x00000000c4d80000)
 Metaspace       used 12642K, capacity 12892K, committed 13184K, reserved 1060864K
  class space    used 1253K, capacity 1324K, committed 1408K, reserved 1048576K
}
Event: 8.440 GC heap before
{Heap before GC invocations=7 (full 0):
 PSYoungGen      total 66560K, used 66531K [0x00000000eb700000, 0x00000000efd00000, 0x0000000100000000)
  eden space 62976K, 100% used [0x00000000eb700000,0x00000000ef480000,0x00000000ef480000)
  from space 3584K, 99% used [0x00000000ef880000,0x00000000efbf8ed8,0x00000000efc00000)
  to   space 4096K, 0% used [0x00000000ef480000,0x00000000ef480000,0x00000000ef880000)
 ParOldGen       total 42496K, used 1339K [0x00000000c2400000, 0x00000000c4d80000, 0x00000000eb700000)
  object space 42496K, 3% used [0x00000000c2400000,0x00000000c254ed48,0x00000000c4d80000)
 Metaspace       used 15041K, capacity 15246K, committed 15488K, reserved 1062912K
  class space    used 1543K, capacity 1615K, committed 1664K, reserved 1048576K
Event: 8.458 GC heap after
Heap after GC invocations=7 (full 0):
 PSYoungGen      total 67072K, used 4032K [0x00000000eb700000, 0x00000000f3b00000, 0x0000000100000000)
  eden space 62976K, 0% used [0x00000000eb700000,0x00000000eb700000,0x00000000ef480000)
  from space 4096K, 98% used [0x00000000ef480000,0x00000000ef870240,0x00000000ef880000)
  to   space 4608K, 0% used [0x00000000f3680000,0x00000000f3680000,0x00000000f3b00000)
 ParOldGen       total 42496K, used 2792K [0x00000000c2400000, 0x00000000c4d80000, 0x00000000eb700000)
  object space 42496K, 6% used [0x00000000c2400000,0x00000000c26ba078,0x00000000c4d80000)
 Metaspace       used 15041K, capacity 15246K, committed 15488K, reserved 1062912K
  class space    used 1543K, capacity 1615K, committed 1664K, reserved 1048576K
}
Event: 9.157 GC heap before
{Heap before GC invocations=8 (full 0):
 PSYoungGen      total 67072K, used 66954K [0x00000000eb700000, 0x00000000f3b00000, 0x0000000100000000)
  eden space 62976K, 99% used [0x00000000eb700000,0x00000000ef472878,0x00000000ef480000)
  from space 4096K, 98% used [0x00000000ef480000,0x00000000ef870240,0x00000000ef880000)
  to   space 4608K, 0% used [0x00000000f3680000,0x00000000f3680000,0x00000000f3b00000)
 ParOldGen       total 42496K, used 2792K [0x00000000c2400000, 0x00000000c4d80000, 0x00000000eb700000)
  object space 42496K, 6% used [0x00000000c2400000,0x00000000c26ba078,0x00000000c4d80000)
 Metaspace       used 15789K, capacity 16020K, committed 16384K, reserved 1064960K
  class space    used 1611K, capacity 1680K, committed 1792K, reserved 1048576K
Event: 9.165 GC heap after
Heap after GC invocations=8 (full 0):
 PSYoungGen      total 130560K, used 2949K [0x00000000eb700000, 0x00000000f3b00000, 0x0000000100000000)
  eden space 125952K, 0% used [0x00000000eb700000,0x00000000eb700000,0x00000000f3200000)
  from space 4608K, 64% used [0x00000000f3680000,0x00000000f39617a0,0x00000000f3b00000)
  to   space 4608K, 0% used [0x00000000f3200000,0x00000000f3200000,0x00000000f3680000)
 ParOldGen       total 42496K, used 3112K [0x00000000c2400000, 0x00000000c4d80000, 0x00000000eb700000)
  object space 42496K, 7% used [0x00000000c2400000,0x00000000c270a078,0x00000000c4d80000)
 Metaspace       used 15789K, capacity 16020K, committed 16384K, reserved 1064960K
  class space    used 1611K, capacity 1680K, committed 1792K, reserved 1048576K
}
Event: 9.391 GC heap before
{Heap before GC invocations=9 (full 0):
 PSYoungGen      total 130560K, used 128882K [0x00000000eb700000, 0x00000000f3b00000, 0x0000000100000000)
  eden space 125952K, 99% used [0x00000000eb700000,0x00000000f31fb458,0x00000000f3200000)
  from space 4608K, 64% used [0x00000000f3680000,0x00000000f39617a0,0x00000000f3b00000)
  to   space 4608K, 0% used [0x00000000f3200000,0x00000000f3200000,0x00000000f3680000)
 ParOldGen       total 42496K, used 3112K [0x00000000c2400000, 0x00000000c4d80000, 0x00000000eb700000)
  object space 42496K, 7% used [0x00000000c2400000,0x00000000c270a078,0x00000000c4d80000)
 Metaspace       used 15789K, capacity 16020K, committed 16384K, reserved 1064960K
  class space    used 1611K, capacity 1680K, committed 1792K, reserved 1048576K

