# JRE version: Java(TM) SE Runtime Environment (8.0_151-b12) (build 1.8.0_151-b12)
# Java VM: Java HotSpot(TM) 64-Bit Server VM (25.151-b12 mixed mode linux-amd64 compressed oops)
Heap:
 PSYoungGen      total 280576K, used 0K [0x00000000eb700000, 0x0000000100000000, 0x0000000100000000)
  eden space 235008K, 0% used [0x00000000eb700000,0x00000000eb700000,0x00000000f9c80000)
  from space 45568K, 0% used [0x00000000f9c80000,0x00000000f9c80000,0x00000000fc900000)
  to   space 47104K, 0% used [0x00000000fd200000,0x00000000fd200000,0x0000000100000000)
 ParOldGen       total 139776K, used 133716K [0x00000000c2400000, 0x00000000cac80000, 0x00000000eb700000)
  object space 139776K, 95% used [0x00000000c2400000,0x00000000ca695380,0x00000000cac80000)
 Metaspace       used 24914K, capacity 25640K, committed 25856K, reserved 1073152K
  class space    used 2744K, capacity 2946K, committed 3072K, reserved 1048576K
GC Heap History (10 events):
Event: 4.968 GC heap after
Heap after GC invocations=11 (full 1):
 PSYoungGen      total 211456K, used 0K [0x00000000eb700000, 0x00000000f9200000, 0x0000000100000000)
  eden space 200192K, 0% used [0x00000000eb700000,0x00000000eb700000,0x00000000f7a80000)
  from space 11264K, 0% used [0x00000000f8600000,0x00000000f8600000,0x00000000f9100000)
  to   space 11776K, 0% used [0x00000000f7a80000,0x00000000f7a80000,0x00000000f8600000)
 ParOldGen       total 53248K, used 22060K [0x00000000c2400000, 0x00000000c5800000, 0x00000000eb700000)
  object space 53248K, 41% used [0x00000000c2400000,0x00000000c398b098,0x00000000c5800000)
 Metaspace       used 20506K, capacity 21136K, committed 21296K, reserved 1069056K
  class space    used 2429K, capacity 2618K, committed 2688K, reserved 1048576K
}
Event: 7.667 GC heap before
{Heap before GC invocations=12 (full 1):
 PSYoungGen      total 211456K, used 200192K [0x00000000eb700000, 0x00000000f9200000, 0x0000000100000000)
  eden space 200192K, 100% used [0x00000000eb700000,0x00000000f7a80000,0x00000000f7a80000)
  from space 11264K, 0% used [0x00000000f8600000,0x00000000f8600000,0x00000000f9100000)
  to   space 11776K, 0% used [0x00000000f7a80000,0x00000000f7a80000,0x00000000f8600000)
 ParOldGen       total 53248K, used 22060K [0x00000000c2400000, 0x00000000c5800000, 0x00000000eb700000)
  object space 53248K, 41% used [0x00000000c2400000,0x00000000c398b098,0x00000000c5800000)
 Metaspace       used 21367K, capacity 22000K, committed 22320K, reserved 1069056K
  class space    used 2481K, capacity 2650K, committed 2688K, reserved 1048576K
Event: 7.843 GC heap after
Heap after GC invocations=12 (full 1):
 PSYoungGen      total 211968K, used 11759K [0x00000000eb700000, 0x00000000fec00000, 0x0000000100000000)
  eden space 200192K, 0% used [0x00000000eb700000,0x00000000eb700000,0x00000000f7a80000)
  from space 11776K, 99% used [0x00000000f7a80000,0x00000000f85fbc10,0x00000000f8600000)
  to   space 31744K, 0% used [0x00000000fcd00000,0x00000000fcd00000,0x00000000fec00000)
 ParOldGen       total 71680K, used 71266K [0x00000000c2400000, 0x00000000c6a00000, 0x00000000eb700000)
  object space 71680K, 99% used [0x00000000c2400000,0x00000000c6998820,0x00000000c6a00000)
 Metaspace       used 21367K, capacity 22000K, committed 22320K, reserved 1069056K
  class space    used 2481K, capacity 2650K, committed 2688K, reserved 1048576K
}
Event: 7.843 GC heap before
{Heap before GC invocations=13 (full 2):
 PSYoungGen      total 211968K, used 11759K [0x00000000eb700000, 0x00000000fec00000, 0x0000000100000000)
  eden space 200192K, 0% used [0x00000000eb700000,0x00000000eb700000,0x00000000f7a80000)
  from space 11776K, 99% used [0x00000000f7a80000,0x00000000f85fbc10,0x00000000f8600000)
  to   space 31744K, 0% used [0x00000000fcd00000,0x00000000fcd00000,0x00000000fec00000)
 ParOldGen       total 71680K, used 71266K [0x00000000c2400000, 0x00000000c6a00000, 0x00000000eb700000)
  object space 71680K, 99% used [0x00000000c2400000,0x00000000c6998820,0x00000000c6a00000)
 Metaspace       used 21367K, capacity 22000K, committed 22320K, reserved 1069056K
  class space    used 2481K, capacity 2650K, committed 2688K, reserved 1048576K
Event: 8.436 GC heap after
Heap after GC invocations=13 (full 2):
 PSYoungGen      total 211968K, used 7621K [0x00000000eb700000, 0x00000000fec00000, 0x0000000100000000)
  eden space 200192K, 0% used [0x00000000eb700000,0x00000000eb700000,0x00000000f7a80000)
  from space 11776K, 64% used [0x00000000f7a80000,0x00000000f81f1728,0x00000000f8600000)
  to   space 31744K, 0% used [0x00000000fcd00000,0x00000000fcd00000,0x00000000fec00000)
 ParOldGen       total 139776K, used 71194K [0x00000000c2400000, 0x00000000cac80000, 0x00000000eb700000)
  object space 139776K, 50% used [0x00000000c2400000,0x00000000c6986b60,0x00000000cac80000)
 Metaspace       used 21367K, capacity 22000K, committed 22320K, reserved 1069056K
  class space    used 2481K, capacity 2650K, committed 2688K, reserved 1048576K
}
Event: 10.188 GC heap before
{Heap before GC invocations=14 (full 2):
 PSYoungGen      total 211968K, used 207813K [0x00000000eb700000, 0x00000000fec00000, 0x0000000100000000)
  eden space 200192K, 100% used [0x00000000eb700000,0x00000000f7a80000,0x00000000f7a80000)
  from space 11776K, 64% used [0x00000000f7a80000,0x00000000f81f1728,0x00000000f8600000)
  to   space 31744K, 0% used [0x00000000fcd00000,0x00000000fcd00000,0x00000000fec00000)
 ParOldGen       total 139776K, used 71194K [0x00000000c2400000, 0x00000000cac80000, 0x00000000eb700000)
  object space 139776K, 50% used [0x00000000c2400000,0x00000000c6986b60,0x00000000cac80000)
 Metaspace       used 22993K, capacity 23656K, committed 23936K, reserved 1071104K
  class space    used 2594K, capacity 2818K, committed 2944K, reserved 1048576K
Event: 10.374 GC heap after
Heap after GC invocations=14 (full 2):
 PSYoungGen      total 266752K, used 31712K [0x00000000eb700000, 0x00000000ff580000, 0x0000000100000000)
  eden space 235008K, 0% used [0x00000000eb700000,0x00000000eb700000,0x00000000f9c80000)
  from space 31744K, 99% used [0x00000000fcd00000,0x00000000febf82c0,0x00000000fec00000)
  to   space 45568K, 0% used [0x00000000f9c80000,0x00000000f9c80000,0x00000000fc900000)
 ParOldGen       total 139776K, used 94331K [0x00000000c2400000, 0x00000000cac80000, 0x00000000eb700000)
  object space 139776K, 67% used [0x00000000c2400000,0x00000000c801edc0,0x00000000cac80000)
 Metaspace       used 22993K, capacity 23656K, committed 23936K, reserved 1071104K
  class space    used 2594K, capacity 2818K, committed 2944K, reserved 1048576K
}
Event: 12.538 GC heap before
{Heap before GC invocations=15 (full 2):
 PSYoungGen      total 266752K, used 266720K [0x00000000eb700000, 0x00000000ff580000, 0x0000000100000000)
  eden space 235008K, 100% used [0x00000000eb700000,0x00000000f9c80000,0x00000000f9c80000)
  from space 31744K, 99% used [0x00000000fcd00000,0x00000000febf82c0,0x00000000fec00000)
  to   space 45568K, 0% used [0x00000000f9c80000,0x00000000f9c80000,0x00000000fc900000)
 ParOldGen       total 139776K, used 94331K [0x00000000c2400000, 0x00000000cac80000, 0x00000000eb700000)
  object space 139776K, 67% used [0x00000000c2400000,0x00000000c801edc0,0x00000000cac80000)
 Metaspace       used 24914K, capacity 25640K, committed 25856K, reserved 1073152K
  class space    used 2744K, capacity 2946K, committed 3072K, reserved 1048576K
Event: 13.009 GC heap after
Heap after GC invocations=15 (full 2):
 PSYoungGen      total 280576K, used 27708K [0x00000000eb700000, 0x0000000100000000, 0x0000000100000000)
  eden space 235008K, 0% used [0x00000000eb700000,0x00000000eb700000,0x00000000f9c80000)
  from space 45568K, 60% used [0x00000000f9c80000,0x00000000fb78f098,0x00000000fc900000)
  to   space 47104K, 0% used [0x00000000fd200000,0x00000000fd200000,0x0000000100000000)
 ParOldGen       total 139776K, used 125689K [0x00000000c2400000, 0x00000000cac80000, 0x00000000eb700000)
  object space 139776K, 89% used [0x00000000c2400000,0x00000000c9ebe4e8,0x00000000cac80000)
 Metaspace       used 24914K, capacity 25640K, committed 25856K, reserved 1073152K
  class space    used 2744K, capacity 2946K, committed 3072K, reserved 1048576K
}
Event: 13.014 GC heap before
{Heap before GC invocations=16 (full 3):
 PSYoungGen      total 280576K, used 27708K [0x00000000eb700000, 0x0000000100000000, 0x0000000100000000)
  eden space 235008K, 0% used [0x00000000eb700000,0x00000000eb700000,0x00000000f9c80000)
  from space 45568K, 60% used [0x00000000f9c80000,0x00000000fb78f098,0x00000000fc900000)
  to   space 47104K, 0% used [0x00000000fd200000,0x00000000fd200000,0x0000000100000000)
 ParOldGen       total 139776K, used 125689K [0x00000000c2400000, 0x00000000cac80000, 0x00000000eb700000)
  object space 139776K, 89% used [0x00000000c2400000,0x00000000c9ebe4e8,0x00000000cac80000)
 Metaspace       used 24914K, capacity 25640K, committed 25856K, reserved 1073152K
  class space    used 2744K, capacity 2946K, committed 3072K, reserved 1048576K

