# JRE version: Java(TM) SE Runtime Environment (8.0_144-b01) (build 1.8.0_144-b01)
# Java VM: Java HotSpot(TM) 64-Bit Server VM (25.144-b01 mixed mode linux-amd64 compressed oops)
Heap:
 PSYoungGen      total 69120K, used 6133K [0x00000000eb700000, 0x00000000f0100000, 0x0000000100000000)
  eden space 62976K, 0% used [0x00000000eb700000,0x00000000eb700000,0x00000000ef480000)
  from space 6144K, 99% used [0x00000000ef480000,0x00000000efa7d688,0x00000000efa80000)
  to   space 5632K, 0% used [0x00000000efa80000,0x00000000efa80000,0x00000000f0000000)
 ParOldGen       total 42496K, used 7163K [0x00000000c2400000, 0x00000000c4d80000, 0x00000000eb700000)
  object space 42496K, 16% used [0x00000000c2400000,0x00000000c2afefb8,0x00000000c4d80000)
 Metaspace       used 20872K, capacity 21188K, committed 21296K, reserved 1069056K
  class space    used 2471K, capacity 2572K, committed 2608K, reserved 1048576K
GC Heap History (10 events):
Event: 1.628 GC heap after
Heap after GC invocations=2 (full 0):
 PSYoungGen      total 18432K, used 2531K [0x00000000eb700000, 0x00000000ecb80000, 0x0000000100000000)
  eden space 15872K, 0% used [0x00000000eb700000,0x00000000eb700000,0x00000000ec680000)
  from space 2560K, 98% used [0x00000000ec900000,0x00000000ecb78c10,0x00000000ecb80000)
  to   space 2560K, 0% used [0x00000000ec680000,0x00000000ec680000,0x00000000ec900000)
 ParOldGen       total 42496K, used 1026K [0x00000000c2400000, 0x00000000c4d80000, 0x00000000eb700000)
  object space 42496K, 2% used [0x00000000c2400000,0x00000000c2500a78,0x00000000c4d80000)
 Metaspace       used 9441K, capacity 9686K, committed 9856K, reserved 1058816K
  class space    used 1023K, capacity 1067K, committed 1152K, reserved 1048576K
}
Event: 1.893 GC heap before
{Heap before GC invocations=3 (full 0):
 PSYoungGen      total 18432K, used 18403K [0x00000000eb700000, 0x00000000ecb80000, 0x0000000100000000)
  eden space 15872K, 100% used [0x00000000eb700000,0x00000000ec680000,0x00000000ec680000)
  from space 2560K, 98% used [0x00000000ec900000,0x00000000ecb78c10,0x00000000ecb80000)
  to   space 2560K, 0% used [0x00000000ec680000,0x00000000ec680000,0x00000000ec900000)
 ParOldGen       total 42496K, used 1026K [0x00000000c2400000, 0x00000000c4d80000, 0x00000000eb700000)
  object space 42496K, 2% used [0x00000000c2400000,0x00000000c2500a78,0x00000000c4d80000)
 Metaspace       used 10595K, capacity 10844K, committed 11008K, reserved 1058816K
  class space    used 1191K, capacity 1260K, committed 1280K, reserved 1048576K
Event: 1.907 GC heap after
Heap after GC invocations=3 (full 0):
 PSYoungGen      total 18432K, used 2544K [0x00000000eb700000, 0x00000000edb00000, 0x0000000100000000)
  eden space 15872K, 0% used [0x00000000eb700000,0x00000000eb700000,0x00000000ec680000)
  from space 2560K, 99% used [0x00000000ec680000,0x00000000ec8fc000,0x00000000ec900000)
  to   space 2560K, 0% used [0x00000000ed880000,0x00000000ed880000,0x00000000edb00000)
 ParOldGen       total 42496K, used 2035K [0x00000000c2400000, 0x00000000c4d80000, 0x00000000eb700000)
  object space 42496K, 4% used [0x00000000c2400000,0x00000000c25fcc90,0x00000000c4d80000)
 Metaspace       used 10595K, capacity 10844K, committed 11008K, reserved 1058816K
  class space    used 1191K, capacity 1260K, committed 1280K, reserved 1048576K
}
Event: 2.236 GC heap before
{Heap before GC invocations=4 (full 0):
 PSYoungGen      total 18432K, used 18416K [0x00000000eb700000, 0x00000000edb00000, 0x0000000100000000)
  eden space 15872K, 100% used [0x00000000eb700000,0x00000000ec680000,0x00000000ec680000)
  from space 2560K, 99% used [0x00000000ec680000,0x00000000ec8fc000,0x00000000ec900000)
  to   space 2560K, 0% used [0x00000000ed880000,0x00000000ed880000,0x00000000edb00000)
 ParOldGen       total 42496K, used 2035K [0x00000000c2400000, 0x00000000c4d80000, 0x00000000eb700000)
  object space 42496K, 4% used [0x00000000c2400000,0x00000000c25fcc90,0x00000000c4d80000)
 Metaspace       used 11496K, capacity 11752K, committed 11904K, reserved 1060864K
  class space    used 1317K, capacity 1390K, committed 1408K, reserved 1048576K
Event: 2.247 GC heap after
Heap after GC invocations=4 (full 0):
 PSYoungGen      total 34304K, used 2542K [0x00000000eb700000, 0x00000000edb00000, 0x0000000100000000)
  eden space 31744K, 0% used [0x00000000eb700000,0x00000000eb700000,0x00000000ed600000)
  from space 2560K, 99% used [0x00000000ed880000,0x00000000edafbb50,0x00000000edb00000)
  to   space 2560K, 0% used [0x00000000ed600000,0x00000000ed600000,0x00000000ed880000)
 ParOldGen       total 42496K, used 2905K [0x00000000c2400000, 0x00000000c4d80000, 0x00000000eb700000)
  object space 42496K, 6% used [0x00000000c2400000,0x00000000c26d6650,0x00000000c4d80000)
 Metaspace       used 11496K, capacity 11752K, committed 11904K, reserved 1060864K
  class space    used 1317K, capacity 1390K, committed 1408K, reserved 1048576K
}
Event: 3.727 GC heap before
{Heap before GC invocations=5 (full 0):
 PSYoungGen      total 34304K, used 34286K [0x00000000eb700000, 0x00000000edb00000, 0x0000000100000000)
  eden space 31744K, 100% used [0x00000000eb700000,0x00000000ed600000,0x00000000ed600000)
  from space 2560K, 99% used [0x00000000ed880000,0x00000000edafbb50,0x00000000edb00000)
  to   space 2560K, 0% used [0x00000000ed600000,0x00000000ed600000,0x00000000ed880000)
 ParOldGen       total 42496K, used 2905K [0x00000000c2400000, 0x00000000c4d80000, 0x00000000eb700000)
  object space 42496K, 6% used [0x00000000c2400000,0x00000000c26d6650,0x00000000c4d80000)
 Metaspace       used 13867K, capacity 14164K, committed 14336K, reserved 1062912K
  class space    used 1608K, capacity 1680K, committed 1792K, reserved 1048576K
Event: 3.735 GC heap after
Heap after GC invocations=5 (full 0):
 PSYoungGen      total 34304K, used 2528K [0x00000000eb700000, 0x00000000f0000000, 0x0000000100000000)
  eden space 31744K, 0% used [0x00000000eb700000,0x00000000eb700000,0x00000000ed600000)
  from space 2560K, 98% used [0x00000000ed600000,0x00000000ed878080,0x00000000ed880000)
  to   space 5632K, 0% used [0x00000000efa80000,0x00000000efa80000,0x00000000f0000000)
 ParOldGen       total 42496K, used 5269K [0x00000000c2400000, 0x00000000c4d80000, 0x00000000eb700000)
  object space 42496K, 12% used [0x00000000c2400000,0x00000000c2925530,0x00000000c4d80000)
 Metaspace       used 13867K, capacity 14164K, committed 14336K, reserved 1062912K
  class space    used 1608K, capacity 1680K, committed 1792K, reserved 1048576K
}
Event: 4.884 GC heap before
{Heap before GC invocations=6 (full 0):
 PSYoungGen      total 34304K, used 34272K [0x00000000eb700000, 0x00000000f0000000, 0x0000000100000000)
  eden space 31744K, 100% used [0x00000000eb700000,0x00000000ed600000,0x00000000ed600000)
  from space 2560K, 98% used [0x00000000ed600000,0x00000000ed878080,0x00000000ed880000)
  to   space 5632K, 0% used [0x00000000efa80000,0x00000000efa80000,0x00000000f0000000)
 ParOldGen       total 42496K, used 5269K [0x00000000c2400000, 0x00000000c4d80000, 0x00000000eb700000)
  object space 42496K, 12% used [0x00000000c2400000,0x00000000c2925530,0x00000000c4d80000)
 Metaspace       used 17387K, capacity 17774K, committed 18048K, reserved 1064960K
  class space    used 2051K, capacity 2132K, committed 2176K, reserved 1048576K
Event: 4.901 GC heap after
Heap after GC invocations=6 (full 0):
 PSYoungGen      total 68608K, used 5293K [0x00000000eb700000, 0x00000000f0100000, 0x0000000100000000)
  eden space 62976K, 0% used [0x00000000eb700000,0x00000000eb700000,0x00000000ef480000)
  from space 5632K, 93% used [0x00000000efa80000,0x00000000effab5d8,0x00000000f0000000)
  to   space 6144K, 0% used [0x00000000ef480000,0x00000000ef480000,0x00000000efa80000)
 ParOldGen       total 42496K, used 5277K [0x00000000c2400000, 0x00000000c4d80000, 0x00000000eb700000)
  object space 42496K, 12% used [0x00000000c2400000,0x00000000c2927530,0x00000000c4d80000)
 Metaspace       used 17387K, capacity 17774K, committed 18048K, reserved 1064960K
  class space    used 2051K, capacity 2132K, committed 2176K, reserved 1048576K
}
Event: 9.867 GC heap before
{Heap before GC invocations=7 (full 0):
 PSYoungGen      total 68608K, used 60298K [0x00000000eb700000, 0x00000000f0100000, 0x0000000100000000)
  eden space 62976K, 87% used [0x00000000eb700000,0x00000000eecb73a0,0x00000000ef480000)
  from space 5632K, 93% used [0x00000000efa80000,0x00000000effab5d8,0x00000000f0000000)
  to   space 6144K, 0% used [0x00000000ef480000,0x00000000ef480000,0x00000000efa80000)
 ParOldGen       total 42496K, used 5277K [0x00000000c2400000, 0x00000000c4d80000, 0x00000000eb700000)
  object space 42496K, 12% used [0x00000000c2400000,0x00000000c2927530,0x00000000c4d80000)
 Metaspace       used 20872K, capacity 21188K, committed 21296K, reserved 1069056K
  class space    used 2471K, capacity 2572K, committed 2608K, reserved 1048576K

