# JRE version: Java(TM) SE Runtime Environment (8.0_144-b01) (build 1.8.0_144-b01)
# Java VM: Java HotSpot(TM) 64-Bit Server VM (25.144-b01 mixed mode linux-amd64 compressed oops)
Heap:
 PSYoungGen      total 131072K, used 1216K [0x00000000eb700000, 0x00000000f3c00000, 0x0000000100000000)
  eden space 125952K, 0% used [0x00000000eb700000,0x00000000eb700000,0x00000000f3200000)
  from space 5120K, 23% used [0x00000000f3200000,0x00000000f3330128,0x00000000f3700000)
  to   space 5120K, 0% used [0x00000000f3700000,0x00000000f3700000,0x00000000f3c00000)
 ParOldGen       total 42496K, used 4358K [0x00000000c2400000, 0x00000000c4d80000, 0x00000000eb700000)
  object space 42496K, 10% used [0x00000000c2400000,0x00000000c28419a0,0x00000000c4d80000)
 Metaspace       used 15828K, capacity 16020K, committed 16384K, reserved 1064960K
  class space    used 1611K, capacity 1680K, committed 1792K, reserved 1048576K
GC Heap History (10 events):
Event: 1.192 GC heap after
Heap after GC invocations=4 (full 0):
 PSYoungGen      total 34304K, used 2085K [0x00000000eb700000, 0x00000000edb00000, 0x0000000100000000)
  eden space 31744K, 0% used [0x00000000eb700000,0x00000000eb700000,0x00000000ed600000)
  from space 2560K, 81% used [0x00000000ed880000,0x00000000eda895d8,0x00000000edb00000)
  to   space 2560K, 0% used [0x00000000ed600000,0x00000000ed600000,0x00000000ed880000)
 ParOldGen       total 42496K, used 0K [0x00000000c2400000, 0x00000000c4d80000, 0x00000000eb700000)
  object space 42496K, 0% used [0x00000000c2400000,0x00000000c2400000,0x00000000c4d80000)
 Metaspace       used 7814K, capacity 7990K, committed 8064K, reserved 1056768K
  class space    used 790K, capacity 823K, committed 896K, reserved 1048576K
}
Event: 1.542 GC heap before
{Heap before GC invocations=5 (full 0):
 PSYoungGen      total 34304K, used 33829K [0x00000000eb700000, 0x00000000edb00000, 0x0000000100000000)
  eden space 31744K, 100% used [0x00000000eb700000,0x00000000ed600000,0x00000000ed600000)
  from space 2560K, 81% used [0x00000000ed880000,0x00000000eda895d8,0x00000000edb00000)
  to   space 2560K, 0% used [0x00000000ed600000,0x00000000ed600000,0x00000000ed880000)
 ParOldGen       total 42496K, used 0K [0x00000000c2400000, 0x00000000c4d80000, 0x00000000eb700000)
  object space 42496K, 0% used [0x00000000c2400000,0x00000000c2400000,0x00000000c4d80000)
 Metaspace       used 10238K, capacity 10344K, committed 10624K, reserved 1058816K
  class space    used 1035K, capacity 1050K, committed 1152K, reserved 1048576K
Event: 1.558 GC heap after
Heap after GC invocations=5 (full 0):
 PSYoungGen      total 34304K, used 2554K [0x00000000eb700000, 0x00000000efc00000, 0x0000000100000000)
  eden space 31744K, 0% used [0x00000000eb700000,0x00000000eb700000,0x00000000ed600000)
  from space 2560K, 99% used [0x00000000ed600000,0x00000000ed87ea98,0x00000000ed880000)
  to   space 3584K, 0% used [0x00000000ef880000,0x00000000ef880000,0x00000000efc00000)
 ParOldGen       total 42496K, used 1272K [0x00000000c2400000, 0x00000000c4d80000, 0x00000000eb700000)
  object space 42496K, 2% used [0x00000000c2400000,0x00000000c253e360,0x00000000c4d80000)
 Metaspace       used 10238K, capacity 10344K, committed 10624K, reserved 1058816K
  class space    used 1035K, capacity 1050K, committed 1152K, reserved 1048576K
}
Event: 2.017 GC heap before
{Heap before GC invocations=6 (full 0):
 PSYoungGen      total 34304K, used 34298K [0x00000000eb700000, 0x00000000efc00000, 0x0000000100000000)
  eden space 31744K, 100% used [0x00000000eb700000,0x00000000ed600000,0x00000000ed600000)
  from space 2560K, 99% used [0x00000000ed600000,0x00000000ed87ea98,0x00000000ed880000)
  to   space 3584K, 0% used [0x00000000ef880000,0x00000000ef880000,0x00000000efc00000)
 ParOldGen       total 42496K, used 1272K [0x00000000c2400000, 0x00000000c4d80000, 0x00000000eb700000)
  object space 42496K, 2% used [0x00000000c2400000,0x00000000c253e360,0x00000000c4d80000)
 Metaspace       used 12645K, capacity 12892K, committed 13184K, reserved 1060864K
  class space    used 1250K, capacity 1324K, committed 1408K, reserved 1048576K
Event: 2.025 GC heap after
Heap after GC invocations=6 (full 0):
 PSYoungGen      total 66560K, used 3303K [0x00000000eb700000, 0x00000000efd00000, 0x0000000100000000)
  eden space 62976K, 0% used [0x00000000eb700000,0x00000000eb700000,0x00000000ef480000)
  from space 3584K, 92% used [0x00000000ef880000,0x00000000efbb9dc0,0x00000000efc00000)
  to   space 4096K, 0% used [0x00000000ef480000,0x00000000ef480000,0x00000000ef880000)
 ParOldGen       total 42496K, used 1272K [0x00000000c2400000, 0x00000000c4d80000, 0x00000000eb700000)
  object space 42496K, 2% used [0x00000000c2400000,0x00000000c253e360,0x00000000c4d80000)
 Metaspace       used 12645K, capacity 12892K, committed 13184K, reserved 1060864K
  class space    used 1250K, capacity 1324K, committed 1408K, reserved 1048576K
}
Event: 2.450 GC heap before
{Heap before GC invocations=7 (full 0):
 PSYoungGen      total 66560K, used 66279K [0x00000000eb700000, 0x00000000efd00000, 0x0000000100000000)
  eden space 62976K, 100% used [0x00000000eb700000,0x00000000ef480000,0x00000000ef480000)
  from space 3584K, 92% used [0x00000000ef880000,0x00000000efbb9dc0,0x00000000efc00000)
  to   space 4096K, 0% used [0x00000000ef480000,0x00000000ef480000,0x00000000ef880000)
 ParOldGen       total 42496K, used 1272K [0x00000000c2400000, 0x00000000c4d80000, 0x00000000eb700000)
  object space 42496K, 2% used [0x00000000c2400000,0x00000000c253e360,0x00000000c4d80000)
 Metaspace       used 15052K, capacity 15310K, committed 15488K, reserved 1062912K
  class space    used 1541K, capacity 1615K, committed 1664K, reserved 1048576K
Event: 2.475 GC heap after
Heap after GC invocations=7 (full 0):
 PSYoungGen      total 67072K, used 4093K [0x00000000eb700000, 0x00000000f3c00000, 0x0000000100000000)
  eden space 62976K, 0% used [0x00000000eb700000,0x00000000eb700000,0x00000000ef480000)
  from space 4096K, 99% used [0x00000000ef480000,0x00000000ef87f400,0x00000000ef880000)
  to   space 5120K, 0% used [0x00000000f3700000,0x00000000f3700000,0x00000000f3c00000)
 ParOldGen       total 42496K, used 2367K [0x00000000c2400000, 0x00000000c4d80000, 0x00000000eb700000)
  object space 42496K, 5% used [0x00000000c2400000,0x00000000c264fc00,0x00000000c4d80000)
 Metaspace       used 15052K, capacity 15310K, committed 15488K, reserved 1062912K
  class space    used 1541K, capacity 1615K, committed 1664K, reserved 1048576K
}
Event: 2.806 GC heap before
{Heap before GC invocations=8 (full 0):
 PSYoungGen      total 67072K, used 67047K [0x00000000eb700000, 0x00000000f3c00000, 0x0000000100000000)
  eden space 62976K, 99% used [0x00000000eb700000,0x00000000ef47abc0,0x00000000ef480000)
  from space 4096K, 99% used [0x00000000ef480000,0x00000000ef87f400,0x00000000ef880000)
  to   space 5120K, 0% used [0x00000000f3700000,0x00000000f3700000,0x00000000f3c00000)
 ParOldGen       total 42496K, used 2367K [0x00000000c2400000, 0x00000000c4d80000, 0x00000000eb700000)
  object space 42496K, 5% used [0x00000000c2400000,0x00000000c264fc00,0x00000000c4d80000)
 Metaspace       used 15827K, capacity 16020K, committed 16384K, reserved 1064960K
  class space    used 1611K, capacity 1680K, committed 1792K, reserved 1048576K
Event: 2.823 GC heap after
Heap after GC invocations=8 (full 0):
 PSYoungGen      total 131072K, used 3078K [0x00000000eb700000, 0x00000000f3c00000, 0x0000000100000000)
  eden space 125952K, 0% used [0x00000000eb700000,0x00000000eb700000,0x00000000f3200000)
  from space 5120K, 60% used [0x00000000f3700000,0x00000000f3a01a20,0x00000000f3c00000)
  to   space 5120K, 0% used [0x00000000f3200000,0x00000000f3200000,0x00000000f3700000)
 ParOldGen       total 42496K, used 2655K [0x00000000c2400000, 0x00000000c4d80000, 0x00000000eb700000)
  object space 42496K, 6% used [0x00000000c2400000,0x00000000c2697c00,0x00000000c4d80000)
 Metaspace       used 15827K, capacity 16020K, committed 16384K, reserved 1064960K
  class space    used 1611K, capacity 1680K, committed 1792K, reserved 1048576K
}
Event: 2.971 GC heap before
{Heap before GC invocations=9 (full 0):
 PSYoungGen      total 131072K, used 129021K [0x00000000eb700000, 0x00000000f3c00000, 0x0000000100000000)
  eden space 125952K, 99% used [0x00000000eb700000,0x00000000f31fdb08,0x00000000f3200000)
  from space 5120K, 60% used [0x00000000f3700000,0x00000000f3a01a20,0x00000000f3c00000)
  to   space 5120K, 0% used [0x00000000f3200000,0x00000000f3200000,0x00000000f3700000)
 ParOldGen       total 42496K, used 2655K [0x00000000c2400000, 0x00000000c4d80000, 0x00000000eb700000)
  object space 42496K, 6% used [0x00000000c2400000,0x00000000c2697c00,0x00000000c4d80000)
 Metaspace       used 15828K, capacity 16020K, committed 16384K, reserved 1064960K
  class space    used 1611K, capacity 1680K, committed 1792K, reserved 1048576K

