# JRE version: Java(TM) SE Runtime Environment (8.0_144-b01) (build 1.8.0_144-b01)
# Java VM: Java HotSpot(TM) 64-Bit Server VM (25.144-b01 mixed mode linux-amd64 compressed oops)
Heap:
 PSYoungGen      total 163840K, used 3186K [0x00000000eb700000, 0x00000000f5b00000, 0x0000000100000000)
  eden space 159744K, 0% used [0x00000000eb700000,0x00000000eb700000,0x00000000f5300000)
  from space 4096K, 77% used [0x00000000f5300000,0x00000000f561cb90,0x00000000f5700000)
  to   space 4096K, 0% used [0x00000000f5700000,0x00000000f5700000,0x00000000f5b00000)
 ParOldGen       total 42496K, used 5417K [0x00000000c2400000, 0x00000000c4d80000, 0x00000000eb700000)
  object space 42496K, 12% used [0x00000000c2400000,0x00000000c294a6f8,0x00000000c4d80000)
 Metaspace       used 20850K, capacity 21040K, committed 21248K, reserved 1069056K
  class space    used 2206K, capacity 2266K, committed 2304K, reserved 1048576K
GC Heap History (10 events):
Event: 2.255 GC heap after
Heap after GC invocations=8 (full 0):
 PSYoungGen      total 66048K, used 2866K [0x00000000eb700000, 0x00000000efb00000, 0x0000000100000000)
  eden space 62464K, 0% used [0x00000000eb700000,0x00000000eb700000,0x00000000ef400000)
  from space 3584K, 79% used [0x00000000ef780000,0x00000000efa4c9c8,0x00000000efb00000)
  to   space 3584K, 0% used [0x00000000ef400000,0x00000000ef400000,0x00000000ef780000)
 ParOldGen       total 42496K, used 2206K [0x00000000c2400000, 0x00000000c4d80000, 0x00000000eb700000)
  object space 42496K, 5% used [0x00000000c2400000,0x00000000c2627850,0x00000000c4d80000)
 Metaspace       used 13877K, capacity 14140K, committed 14336K, reserved 1062912K
  class space    used 1390K, capacity 1484K, committed 1536K, reserved 1048576K
}
Event: 2.655 GC heap before
{Heap before GC invocations=9 (full 0):
 PSYoungGen      total 66048K, used 65330K [0x00000000eb700000, 0x00000000efb00000, 0x0000000100000000)
  eden space 62464K, 100% used [0x00000000eb700000,0x00000000ef400000,0x00000000ef400000)
  from space 3584K, 79% used [0x00000000ef780000,0x00000000efa4c9c8,0x00000000efb00000)
  to   space 3584K, 0% used [0x00000000ef400000,0x00000000ef400000,0x00000000ef780000)
 ParOldGen       total 42496K, used 2206K [0x00000000c2400000, 0x00000000c4d80000, 0x00000000eb700000)
  object space 42496K, 5% used [0x00000000c2400000,0x00000000c2627850,0x00000000c4d80000)
 Metaspace       used 15815K, capacity 16116K, committed 16384K, reserved 1064960K
  class space    used 1618K, capacity 1712K, committed 1792K, reserved 1048576K
Event: 2.660 GC heap after
Heap after GC invocations=9 (full 0):
 PSYoungGen      total 66048K, used 3345K [0x00000000eb700000, 0x00000000f2000000, 0x0000000100000000)
  eden space 62464K, 0% used [0x00000000eb700000,0x00000000eb700000,0x00000000ef400000)
  from space 3584K, 93% used [0x00000000ef400000,0x00000000ef744510,0x00000000ef780000)
  to   space 3584K, 0% used [0x00000000f1c80000,0x00000000f1c80000,0x00000000f2000000)
 ParOldGen       total 42496K, used 2966K [0x00000000c2400000, 0x00000000c4d80000, 0x00000000eb700000)
  object space 42496K, 6% used [0x00000000c2400000,0x00000000c26e5890,0x00000000c4d80000)
 Metaspace       used 15815K, capacity 16116K, committed 16384K, reserved 1064960K
  class space    used 1618K, capacity 1712K, committed 1792K, reserved 1048576K
}
Event: 2.676 GC heap before
{Heap before GC invocations=10 (full 0):
 PSYoungGen      total 66048K, used 65713K [0x00000000eb700000, 0x00000000f2000000, 0x0000000100000000)
  eden space 62464K, 99% used [0x00000000eb700000,0x00000000ef3e8258,0x00000000ef400000)
  from space 3584K, 93% used [0x00000000ef400000,0x00000000ef744510,0x00000000ef780000)
  to   space 3584K, 0% used [0x00000000f1c80000,0x00000000f1c80000,0x00000000f2000000)
 ParOldGen       total 42496K, used 2966K [0x00000000c2400000, 0x00000000c4d80000, 0x00000000eb700000)
  object space 42496K, 6% used [0x00000000c2400000,0x00000000c26e5890,0x00000000c4d80000)
 Metaspace       used 15817K, capacity 16116K, committed 16384K, reserved 1064960K
  class space    used 1618K, capacity 1712K, committed 1792K, reserved 1048576K
Event: 2.689 GC heap after
Heap after GC invocations=10 (full 0):
 PSYoungGen      total 103424K, used 872K [0x00000000eb700000, 0x00000000f2100000, 0x0000000100000000)
  eden space 99840K, 0% used [0x00000000eb700000,0x00000000eb700000,0x00000000f1880000)
  from space 3584K, 24% used [0x00000000f1c80000,0x00000000f1d5a340,0x00000000f2000000)
  to   space 4096K, 0% used [0x00000000f1880000,0x00000000f1880000,0x00000000f1c80000)
 ParOldGen       total 42496K, used 4338K [0x00000000c2400000, 0x00000000c4d80000, 0x00000000eb700000)
  object space 42496K, 10% used [0x00000000c2400000,0x00000000c283ca10,0x00000000c4d80000)
 Metaspace       used 15817K, capacity 16116K, committed 16384K, reserved 1064960K
  class space    used 1618K, capacity 1712K, committed 1792K, reserved 1048576K
}
Event: 2.759 GC heap before
{Heap before GC invocations=11 (full 0):
 PSYoungGen      total 103424K, used 100586K [0x00000000eb700000, 0x00000000f2100000, 0x0000000100000000)
  eden space 99840K, 99% used [0x00000000eb700000,0x00000000f18606d8,0x00000000f1880000)
  from space 3584K, 24% used [0x00000000f1c80000,0x00000000f1d5a340,0x00000000f2000000)
  to   space 4096K, 0% used [0x00000000f1880000,0x00000000f1880000,0x00000000f1c80000)
 ParOldGen       total 42496K, used 4338K [0x00000000c2400000, 0x00000000c4d80000, 0x00000000eb700000)
  object space 42496K, 10% used [0x00000000c2400000,0x00000000c283ca10,0x00000000c4d80000)
 Metaspace       used 15817K, capacity 16116K, committed 16384K, reserved 1064960K
  class space    used 1618K, capacity 1712K, committed 1792K, reserved 1048576K
Event: 2.777 GC heap after
Heap after GC invocations=11 (full 0):
 PSYoungGen      total 103936K, used 153K [0x00000000eb700000, 0x00000000f5b00000, 0x0000000100000000)
  eden space 99840K, 0% used [0x00000000eb700000,0x00000000eb700000,0x00000000f1880000)
  from space 4096K, 3% used [0x00000000f1880000,0x00000000f18a64e8,0x00000000f1c80000)
  to   space 4096K, 0% used [0x00000000f5700000,0x00000000f5700000,0x00000000f5b00000)
 ParOldGen       total 42496K, used 5088K [0x00000000c2400000, 0x00000000c4d80000, 0x00000000eb700000)
  object space 42496K, 11% used [0x00000000c2400000,0x00000000c28f8310,0x00000000c4d80000)
 Metaspace       used 15817K, capacity 16116K, committed 16384K, reserved 1064960K
  class space    used 1618K, capacity 1712K, committed 1792K, reserved 1048576K
}
Event: 3.015 GC heap before
{Heap before GC invocations=12 (full 0):
 PSYoungGen      total 103936K, used 99993K [0x00000000eb700000, 0x00000000f5b00000, 0x0000000100000000)
  eden space 99840K, 100% used [0x00000000eb700000,0x00000000f1880000,0x00000000f1880000)
  from space 4096K, 3% used [0x00000000f1880000,0x00000000f18a64e8,0x00000000f1c80000)
  to   space 4096K, 0% used [0x00000000f5700000,0x00000000f5700000,0x00000000f5b00000)
 ParOldGen       total 42496K, used 5088K [0x00000000c2400000, 0x00000000c4d80000, 0x00000000eb700000)
  object space 42496K, 11% used [0x00000000c2400000,0x00000000c28f8310,0x00000000c4d80000)
 Metaspace       used 16278K, capacity 16532K, committed 16896K, reserved 1064960K
  class space    used 1657K, capacity 1744K, committed 1792K, reserved 1048576K
Event: 3.016 GC heap after
Heap after GC invocations=12 (full 0):
 PSYoungGen      total 163840K, used 562K [0x00000000eb700000, 0x00000000f5b00000, 0x0000000100000000)
  eden space 159744K, 0% used [0x00000000eb700000,0x00000000eb700000,0x00000000f5300000)
  from space 4096K, 13% used [0x00000000f5700000,0x00000000f578c9d0,0x00000000f5b00000)
  to   space 4096K, 0% used [0x00000000f5300000,0x00000000f5300000,0x00000000f5700000)
 ParOldGen       total 42496K, used 5096K [0x00000000c2400000, 0x00000000c4d80000, 0x00000000eb700000)
  object space 42496K, 11% used [0x00000000c2400000,0x00000000c28fa310,0x00000000c4d80000)
 Metaspace       used 16278K, capacity 16532K, committed 16896K, reserved 1064960K
  class space    used 1657K, capacity 1744K, committed 1792K, reserved 1048576K
}
Event: 4.067 GC heap before
{Heap before GC invocations=13 (full 0):
 PSYoungGen      total 163840K, used 70403K [0x00000000eb700000, 0x00000000f5b00000, 0x0000000100000000)
  eden space 159744K, 43% used [0x00000000eb700000,0x00000000efb34540,0x00000000f5300000)
  from space 4096K, 13% used [0x00000000f5700000,0x00000000f578c9d0,0x00000000f5b00000)
  to   space 4096K, 0% used [0x00000000f5300000,0x00000000f5300000,0x00000000f5700000)
 ParOldGen       total 42496K, used 5096K [0x00000000c2400000, 0x00000000c4d80000, 0x00000000eb700000)
  object space 42496K, 11% used [0x00000000c2400000,0x00000000c28fa310,0x00000000c4d80000)
 Metaspace       used 20850K, capacity 21040K, committed 21248K, reserved 1069056K
  class space    used 2206K, capacity 2266K, committed 2304K, reserved 1048576K

