# JRE version: Java(TM) SE Runtime Environment (8.0_144-b01) (build 1.8.0_144-b01)
# Java VM: Java HotSpot(TM) 64-Bit Server VM (25.144-b01 mixed mode linux-amd64 compressed oops)
Heap:
 PSYoungGen      total 207360K, used 2216K [0x00000000eb700000, 0x00000000f8700000, 0x0000000100000000)
  eden space 201728K, 0% used [0x00000000eb700000,0x00000000eb700000,0x00000000f7c00000)
  from space 5632K, 39% used [0x00000000f7c00000,0x00000000f7e2a300,0x00000000f8180000)
  to   space 5632K, 0% used [0x00000000f8180000,0x00000000f8180000,0x00000000f8700000)
 ParOldGen       total 42496K, used 6467K [0x00000000c2400000, 0x00000000c4d80000, 0x00000000eb700000)
  object space 42496K, 15% used [0x00000000c2400000,0x00000000c2a50d80,0x00000000c4d80000)
 Metaspace       used 20861K, capacity 21040K, committed 21248K, reserved 1069056K
  class space    used 2207K, capacity 2266K, committed 2304K, reserved 1048576K
GC Heap History (10 events):
Event: 1.848 GC heap after
Heap after GC invocations=6 (full 0):
 PSYoungGen      total 66560K, used 3578K [0x00000000eb700000, 0x00000000efd00000, 0x0000000100000000)
  eden space 62976K, 0% used [0x00000000eb700000,0x00000000eb700000,0x00000000ef480000)
  from space 3584K, 99% used [0x00000000ef880000,0x00000000efbfea78,0x00000000efc00000)
  to   space 4096K, 0% used [0x00000000ef480000,0x00000000ef480000,0x00000000ef880000)
 ParOldGen       total 42496K, used 828K [0x00000000c2400000, 0x00000000c4d80000, 0x00000000eb700000)
  object space 42496K, 1% used [0x00000000c2400000,0x00000000c24cf240,0x00000000c4d80000)
 Metaspace       used 12549K, capacity 12828K, committed 13184K, reserved 1060864K
  class space    used 1237K, capacity 1324K, committed 1408K, reserved 1048576K
}
Event: 2.155 GC heap before
{Heap before GC invocations=7 (full 0):
 PSYoungGen      total 66560K, used 66554K [0x00000000eb700000, 0x00000000efd00000, 0x0000000100000000)
  eden space 62976K, 100% used [0x00000000eb700000,0x00000000ef480000,0x00000000ef480000)
  from space 3584K, 99% used [0x00000000ef880000,0x00000000efbfea78,0x00000000efc00000)
  to   space 4096K, 0% used [0x00000000ef480000,0x00000000ef480000,0x00000000ef880000)
 ParOldGen       total 42496K, used 828K [0x00000000c2400000, 0x00000000c4d80000, 0x00000000eb700000)
  object space 42496K, 1% used [0x00000000c2400000,0x00000000c24cf240,0x00000000c4d80000)
 Metaspace       used 14939K, capacity 15182K, committed 15488K, reserved 1062912K
  class space    used 1536K, capacity 1615K, committed 1664K, reserved 1048576K
Event: 2.170 GC heap after
Heap after GC invocations=7 (full 0):
 PSYoungGen      total 67072K, used 4071K [0x00000000eb700000, 0x00000000f3d00000, 0x0000000100000000)
  eden space 62976K, 0% used [0x00000000eb700000,0x00000000eb700000,0x00000000ef480000)
  from space 4096K, 99% used [0x00000000ef480000,0x00000000ef879d68,0x00000000ef880000)
  to   space 5632K, 0% used [0x00000000f3780000,0x00000000f3780000,0x00000000f3d00000)
 ParOldGen       total 42496K, used 2494K [0x00000000c2400000, 0x00000000c4d80000, 0x00000000eb700000)
  object space 42496K, 5% used [0x00000000c2400000,0x00000000c266f8b0,0x00000000c4d80000)
 Metaspace       used 14939K, capacity 15182K, committed 15488K, reserved 1062912K
  class space    used 1536K, capacity 1615K, committed 1664K, reserved 1048576K
}
Event: 2.395 GC heap before
{Heap before GC invocations=8 (full 0):
 PSYoungGen      total 67072K, used 67008K [0x00000000eb700000, 0x00000000f3d00000, 0x0000000100000000)
  eden space 62976K, 99% used [0x00000000eb700000,0x00000000ef476440,0x00000000ef480000)
  from space 4096K, 99% used [0x00000000ef480000,0x00000000ef879d68,0x00000000ef880000)
  to   space 5632K, 0% used [0x00000000f3780000,0x00000000f3780000,0x00000000f3d00000)
 ParOldGen       total 42496K, used 2494K [0x00000000c2400000, 0x00000000c4d80000, 0x00000000eb700000)
  object space 42496K, 5% used [0x00000000c2400000,0x00000000c266f8b0,0x00000000c4d80000)
 Metaspace       used 15803K, capacity 16116K, committed 16384K, reserved 1064960K
  class space    used 1617K, capacity 1712K, committed 1792K, reserved 1048576K
Event: 2.401 GC heap after
Heap after GC invocations=8 (full 0):
 PSYoungGen      total 130560K, used 3253K [0x00000000eb700000, 0x00000000f3c00000, 0x0000000100000000)
  eden space 125952K, 0% used [0x00000000eb700000,0x00000000eb700000,0x00000000f3200000)
  from space 4608K, 70% used [0x00000000f3780000,0x00000000f3aad4e0,0x00000000f3c00000)
  to   space 5120K, 0% used [0x00000000f3200000,0x00000000f3200000,0x00000000f3700000)
 ParOldGen       total 42496K, used 2798K [0x00000000c2400000, 0x00000000c4d80000, 0x00000000eb700000)
  object space 42496K, 6% used [0x00000000c2400000,0x00000000c26bb8b0,0x00000000c4d80000)
 Metaspace       used 15803K, capacity 16116K, committed 16384K, reserved 1064960K
  class space    used 1617K, capacity 1712K, committed 1792K, reserved 1048576K
}
Event: 3.124 GC heap before
{Heap before GC invocations=9 (full 0):
 PSYoungGen      total 130560K, used 129146K [0x00000000eb700000, 0x00000000f3c00000, 0x0000000100000000)
  eden space 125952K, 99% used [0x00000000eb700000,0x00000000f31f15a8,0x00000000f3200000)
  from space 4608K, 70% used [0x00000000f3780000,0x00000000f3aad4e0,0x00000000f3c00000)
  to   space 5120K, 0% used [0x00000000f3200000,0x00000000f3200000,0x00000000f3700000)
 ParOldGen       total 42496K, used 2798K [0x00000000c2400000, 0x00000000c4d80000, 0x00000000eb700000)
  object space 42496K, 6% used [0x00000000c2400000,0x00000000c26bb8b0,0x00000000c4d80000)
 Metaspace       used 15804K, capacity 16116K, committed 16384K, reserved 1064960K
  class space    used 1617K, capacity 1712K, committed 1792K, reserved 1048576K
Event: 3.136 GC heap after
Heap after GC invocations=9 (full 0):
 PSYoungGen      total 131072K, used 1438K [0x00000000eb700000, 0x00000000f8700000, 0x0000000100000000)
  eden space 125952K, 0% used [0x00000000eb700000,0x00000000eb700000,0x00000000f3200000)
  from space 5120K, 28% used [0x00000000f3200000,0x00000000f3367b40,0x00000000f3700000)
  to   space 5632K, 0% used [0x00000000f8180000,0x00000000f8180000,0x00000000f8700000)
 ParOldGen       total 42496K, used 4335K [0x00000000c2400000, 0x00000000c4d80000, 0x00000000eb700000)
  object space 42496K, 10% used [0x00000000c2400000,0x00000000c283be40,0x00000000c4d80000)
 Metaspace       used 15804K, capacity 16116K, committed 16384K, reserved 1064960K
  class space    used 1617K, capacity 1712K, committed 1792K, reserved 1048576K
}
Event: 4.421 GC heap before
{Heap before GC invocations=10 (full 0):
 PSYoungGen      total 131072K, used 127390K [0x00000000eb700000, 0x00000000f8700000, 0x0000000100000000)
  eden space 125952K, 100% used [0x00000000eb700000,0x00000000f3200000,0x00000000f3200000)
  from space 5120K, 28% used [0x00000000f3200000,0x00000000f3367b40,0x00000000f3700000)
  to   space 5632K, 0% used [0x00000000f8180000,0x00000000f8180000,0x00000000f8700000)
 ParOldGen       total 42496K, used 4335K [0x00000000c2400000, 0x00000000c4d80000, 0x00000000eb700000)
  object space 42496K, 10% used [0x00000000c2400000,0x00000000c283be40,0x00000000c4d80000)
 Metaspace       used 17443K, capacity 17712K, committed 18048K, reserved 1064960K
  class space    used 1804K, capacity 1882K, committed 1920K, reserved 1048576K
Event: 4.428 GC heap after
Heap after GC invocations=10 (full 0):
 PSYoungGen      total 207360K, used 1547K [0x00000000eb700000, 0x00000000f8700000, 0x0000000100000000)
  eden space 201728K, 0% used [0x00000000eb700000,0x00000000eb700000,0x00000000f7c00000)
  from space 5632K, 27% used [0x00000000f8180000,0x00000000f8302db0,0x00000000f8700000)
  to   space 5632K, 0% used [0x00000000f7c00000,0x00000000f7c00000,0x00000000f8180000)
 ParOldGen       total 42496K, used 5578K [0x00000000c2400000, 0x00000000c4d80000, 0x00000000eb700000)
  object space 42496K, 13% used [0x00000000c2400000,0x00000000c2972978,0x00000000c4d80000)
 Metaspace       used 17443K, capacity 17712K, committed 18048K, reserved 1064960K
  class space    used 1804K, capacity 1882K, committed 1920K, reserved 1048576K
}
Event: 4.890 GC heap before
{Heap before GC invocations=11 (full 0):
 PSYoungGen      total 207360K, used 49713K [0x00000000eb700000, 0x00000000f8700000, 0x0000000100000000)
  eden space 201728K, 23% used [0x00000000eb700000,0x00000000ee6096f8,0x00000000f7c00000)
  from space 5632K, 27% used [0x00000000f8180000,0x00000000f8302db0,0x00000000f8700000)
  to   space 5632K, 0% used [0x00000000f7c00000,0x00000000f7c00000,0x00000000f8180000)
 ParOldGen       total 42496K, used 5578K [0x00000000c2400000, 0x00000000c4d80000, 0x00000000eb700000)
  object space 42496K, 13% used [0x00000000c2400000,0x00000000c2972978,0x00000000c4d80000)
 Metaspace       used 20861K, capacity 21040K, committed 21248K, reserved 1069056K
  class space    used 2207K, capacity 2266K, committed 2304K, reserved 1048576K

