# JRE version: Java(TM) SE Runtime Environment (8.0_151-b12) (build 1.8.0_151-b12)
# Java VM: Java HotSpot(TM) 64-Bit Server VM (25.151-b12 mixed mode linux-amd64 compressed oops)
Heap:
 PSYoungGen      total 223744K, used 3990K [0x00000000e0f00000, 0x00000000f1780000, 0x0000000100000000)
  eden space 214528K, 0% used [0x00000000e0f00000,0x00000000e0f00000,0x00000000ee080000)
  from space 9216K, 43% used [0x00000000f0c00000,0x00000000f0fe59e8,0x00000000f1500000)
  to   space 28160K, 0% used [0x00000000ee080000,0x00000000ee080000,0x00000000efc00000)
 ParOldGen       total 71680K, used 71532K [0x00000000a2c00000, 0x00000000a7200000, 0x00000000e0f00000)
  object space 71680K, 99% used [0x00000000a2c00000,0x00000000a71db1e0,0x00000000a7200000)
 Metaspace       used 21223K, capacity 21848K, committed 22064K, reserved 1069056K
  class space    used 2465K, capacity 2642K, committed 2688K, reserved 1048576K
GC Heap History (10 events):
Event: 6.329 GC heap after
Heap after GC invocations=9 (full 0):
 PSYoungGen      total 104960K, used 7168K [0x00000000e0f00000, 0x00000000eb900000, 0x0000000100000000)
  eden space 97792K, 0% used [0x00000000e0f00000,0x00000000e0f00000,0x00000000e6e80000)
  from space 7168K, 100% used [0x00000000e6e80000,0x00000000e7580000,0x00000000e7580000)
  to   space 8704K, 0% used [0x00000000eb080000,0x00000000eb080000,0x00000000eb900000)
 ParOldGen       total 64512K, used 12374K [0x00000000a2c00000, 0x00000000a6b00000, 0x00000000e0f00000)
  object space 64512K, 19% used [0x00000000a2c00000,0x00000000a3815960,0x00000000a6b00000)
 Metaspace       used 14567K, capacity 14950K, committed 15104K, reserved 1062912K
  class space    used 1661K, capacity 1769K, committed 1792K, reserved 1048576K
}
Event: 7.724 GC heap before
{Heap before GC invocations=10 (full 0):
 PSYoungGen      total 104960K, used 104960K [0x00000000e0f00000, 0x00000000eb900000, 0x0000000100000000)
  eden space 97792K, 100% used [0x00000000e0f00000,0x00000000e6e80000,0x00000000e6e80000)
  from space 7168K, 100% used [0x00000000e6e80000,0x00000000e7580000,0x00000000e7580000)
  to   space 8704K, 0% used [0x00000000eb080000,0x00000000eb080000,0x00000000eb900000)
 ParOldGen       total 64512K, used 12374K [0x00000000a2c00000, 0x00000000a6b00000, 0x00000000e0f00000)
  object space 64512K, 19% used [0x00000000a2c00000,0x00000000a3815960,0x00000000a6b00000)
 Metaspace       used 17672K, capacity 18296K, committed 18432K, reserved 1064960K
  class space    used 2039K, capacity 2226K, committed 2304K, reserved 1048576K
Event: 7.740 GC heap after
Heap after GC invocations=10 (full 0):
 PSYoungGen      total 164864K, used 8583K [0x00000000e0f00000, 0x00000000eba00000, 0x0000000100000000)
  eden space 156160K, 0% used [0x00000000e0f00000,0x00000000e0f00000,0x00000000ea780000)
  from space 8704K, 98% used [0x00000000eb080000,0x00000000eb8e1f98,0x00000000eb900000)
  to   space 9216K, 0% used [0x00000000ea780000,0x00000000ea780000,0x00000000eb080000)
 ParOldGen       total 64512K, used 16038K [0x00000000a2c00000, 0x00000000a6b00000, 0x00000000e0f00000)
  object space 64512K, 24% used [0x00000000a2c00000,0x00000000a3ba9960,0x00000000a6b00000)
 Metaspace       used 17672K, capacity 18296K, committed 18432K, reserved 1064960K
  class space    used 2039K, capacity 2226K, committed 2304K, reserved 1048576K
}
Event: 8.365 GC heap before
{Heap before GC invocations=11 (full 0):
 PSYoungGen      total 164864K, used 58531K [0x00000000e0f00000, 0x00000000eba00000, 0x0000000100000000)
  eden space 156160K, 31% used [0x00000000e0f00000,0x00000000e3fc6ec8,0x00000000ea780000)
  from space 8704K, 98% used [0x00000000eb080000,0x00000000eb8e1f98,0x00000000eb900000)
  to   space 9216K, 0% used [0x00000000ea780000,0x00000000ea780000,0x00000000eb080000)
 ParOldGen       total 64512K, used 16038K [0x00000000a2c00000, 0x00000000a6b00000, 0x00000000e0f00000)
  object space 64512K, 24% used [0x00000000a2c00000,0x00000000a3ba9960,0x00000000a6b00000)
 Metaspace       used 20506K, capacity 21112K, committed 21296K, reserved 1069056K
  class space    used 2426K, capacity 2610K, committed 2688K, reserved 1048576K
Event: 8.383 GC heap after
Heap after GC invocations=11 (full 0):
 PSYoungGen      total 165376K, used 5132K [0x00000000e0f00000, 0x00000000f1500000, 0x0000000100000000)
  eden space 156160K, 0% used [0x00000000e0f00000,0x00000000e0f00000,0x00000000ea780000)
  from space 9216K, 55% used [0x00000000ea780000,0x00000000eac83278,0x00000000eb080000)
  to   space 9216K, 0% used [0x00000000f0c00000,0x00000000f0c00000,0x00000000f1500000)
 ParOldGen       total 64512K, used 21985K [0x00000000a2c00000, 0x00000000a6b00000, 0x00000000e0f00000)
  object space 64512K, 34% used [0x00000000a2c00000,0x00000000a4178578,0x00000000a6b00000)
 Metaspace       used 20506K, capacity 21112K, committed 21296K, reserved 1069056K
  class space    used 2426K, capacity 2610K, committed 2688K, reserved 1048576K
}
Event: 8.383 GC heap before
{Heap before GC invocations=12 (full 1):
 PSYoungGen      total 165376K, used 5132K [0x00000000e0f00000, 0x00000000f1500000, 0x0000000100000000)
  eden space 156160K, 0% used [0x00000000e0f00000,0x00000000e0f00000,0x00000000ea780000)
  from space 9216K, 55% used [0x00000000ea780000,0x00000000eac83278,0x00000000eb080000)
  to   space 9216K, 0% used [0x00000000f0c00000,0x00000000f0c00000,0x00000000f1500000)
 ParOldGen       total 64512K, used 21985K [0x00000000a2c00000, 0x00000000a6b00000, 0x00000000e0f00000)
  object space 64512K, 34% used [0x00000000a2c00000,0x00000000a4178578,0x00000000a6b00000)
 Metaspace       used 20506K, capacity 21112K, committed 21296K, reserved 1069056K
  class space    used 2426K, capacity 2610K, committed 2688K, reserved 1048576K
Event: 8.598 GC heap after
Heap after GC invocations=12 (full 1):
 PSYoungGen      total 165376K, used 0K [0x00000000e0f00000, 0x00000000f1500000, 0x0000000100000000)
  eden space 156160K, 0% used [0x00000000e0f00000,0x00000000e0f00000,0x00000000ea780000)
  from space 9216K, 0% used [0x00000000ea780000,0x00000000ea780000,0x00000000eb080000)
  to   space 9216K, 0% used [0x00000000f0c00000,0x00000000f0c00000,0x00000000f1500000)
 ParOldGen       total 64000K, used 22867K [0x00000000a2c00000, 0x00000000a6a80000, 0x00000000e0f00000)
  object space 64000K, 35% used [0x00000000a2c00000,0x00000000a4254df0,0x00000000a6a80000)
 Metaspace       used 20506K, capacity 21112K, committed 21296K, reserved 1069056K
  class space    used 2426K, capacity 2610K, committed 2688K, reserved 1048576K
}
Event: 10.593 GC heap before
{Heap before GC invocations=13 (full 1):
 PSYoungGen      total 165376K, used 156160K [0x00000000e0f00000, 0x00000000f1500000, 0x0000000100000000)
  eden space 156160K, 100% used [0x00000000e0f00000,0x00000000ea780000,0x00000000ea780000)
  from space 9216K, 0% used [0x00000000ea780000,0x00000000ea780000,0x00000000eb080000)
  to   space 9216K, 0% used [0x00000000f0c00000,0x00000000f0c00000,0x00000000f1500000)
 ParOldGen       total 64000K, used 22867K [0x00000000a2c00000, 0x00000000a6a80000, 0x00000000e0f00000)
  object space 64000K, 35% used [0x00000000a2c00000,0x00000000a4254df0,0x00000000a6a80000)
 Metaspace       used 21223K, capacity 21848K, committed 22064K, reserved 1069056K
  class space    used 2465K, capacity 2642K, committed 2688K, reserved 1048576K
Event: 10.759 GC heap after
Heap after GC invocations=13 (full 1):
 PSYoungGen      total 223744K, used 9184K [0x00000000e0f00000, 0x00000000f1780000, 0x0000000100000000)
  eden space 214528K, 0% used [0x00000000e0f00000,0x00000000e0f00000,0x00000000ee080000)
  from space 9216K, 99% used [0x00000000f0c00000,0x00000000f14f8180,0x00000000f1500000)
  to   space 28160K, 0% used [0x00000000ee080000,0x00000000ee080000,0x00000000efc00000)
 ParOldGen       total 71680K, used 71185K [0x00000000a2c00000, 0x00000000a7200000, 0x00000000e0f00000)
  object space 71680K, 99% used [0x00000000a2c00000,0x00000000a7184528,0x00000000a7200000)
 Metaspace       used 21223K, capacity 21848K, committed 22064K, reserved 1069056K
  class space    used 2465K, capacity 2642K, committed 2688K, reserved 1048576K
}
Event: 10.760 GC heap before
{Heap before GC invocations=14 (full 2):
 PSYoungGen      total 223744K, used 9184K [0x00000000e0f00000, 0x00000000f1780000, 0x0000000100000000)
  eden space 214528K, 0% used [0x00000000e0f00000,0x00000000e0f00000,0x00000000ee080000)
  from space 9216K, 99% used [0x00000000f0c00000,0x00000000f14f8180,0x00000000f1500000)
  to   space 28160K, 0% used [0x00000000ee080000,0x00000000ee080000,0x00000000efc00000)
 ParOldGen       total 71680K, used 71185K [0x00000000a2c00000, 0x00000000a7200000, 0x00000000e0f00000)
  object space 71680K, 99% used [0x00000000a2c00000,0x00000000a7184528,0x00000000a7200000)
 Metaspace       used 21223K, capacity 21848K, committed 22064K, reserved 1069056K
  class space    used 2465K, capacity 2642K, committed 2688K, reserved 1048576K

