# JRE version: Java(TM) SE Runtime Environment (8.0_144-b01) (build 1.8.0_144-b01)
# Java VM: Java HotSpot(TM) 64-Bit Server VM (25.144-b01 mixed mode linux-amd64 compressed oops)
Heap:
 PSYoungGen      total 212480K, used 12792K [0x00000000eb700000, 0x00000000f9400000, 0x0000000100000000)
  eden space 199680K, 0% used [0x00000000eb700000,0x00000000eb700000,0x00000000f7a00000)
  from space 12800K, 99% used [0x00000000f7a00000,0x00000000f867e030,0x00000000f8680000)
  to   space 11776K, 0% used [0x00000000f8680000,0x00000000f8680000,0x00000000f9200000)
 ParOldGen       total 78848K, used 78756K [0x00000000c2400000, 0x00000000c7100000, 0x00000000eb700000)
  object space 78848K, 99% used [0x00000000c2400000,0x00000000c70e9168,0x00000000c7100000)
 Metaspace       used 21788K, capacity 22416K, committed 22576K, reserved 1069056K
  class space    used 2499K, capacity 2682K, committed 2688K, reserved 1048576K
GC Heap History (10 events):
Event: 2.679 GC heap after
Heap after GC invocations=7 (full 0):
 PSYoungGen      total 69632K, used 6112K [0x00000000eb700000, 0x00000000f4100000, 0x0000000100000000)
  eden space 63488K, 0% used [0x00000000eb700000,0x00000000eb700000,0x00000000ef500000)
  from space 6144K, 99% used [0x00000000ef500000,0x00000000efaf8020,0x00000000efb00000)
  to   space 7168K, 0% used [0x00000000f3a00000,0x00000000f3a00000,0x00000000f4100000)
 ParOldGen       total 42496K, used 8706K [0x00000000c2400000, 0x00000000c4d80000, 0x00000000eb700000)
  object space 42496K, 20% used [0x00000000c2400000,0x00000000c2c809f8,0x00000000c4d80000)
 Metaspace       used 14079K, capacity 14420K, committed 14592K, reserved 1062912K
  class space    used 1643K, capacity 1766K, committed 1792K, reserved 1048576K
}
Event: 3.063 GC heap before
{Heap before GC invocations=8 (full 0):
 PSYoungGen      total 69632K, used 69600K [0x00000000eb700000, 0x00000000f4100000, 0x0000000100000000)
  eden space 63488K, 100% used [0x00000000eb700000,0x00000000ef500000,0x00000000ef500000)
  from space 6144K, 99% used [0x00000000ef500000,0x00000000efaf8020,0x00000000efb00000)
  to   space 7168K, 0% used [0x00000000f3a00000,0x00000000f3a00000,0x00000000f4100000)
 ParOldGen       total 42496K, used 8706K [0x00000000c2400000, 0x00000000c4d80000, 0x00000000eb700000)
  object space 42496K, 20% used [0x00000000c2400000,0x00000000c2c809f8,0x00000000c4d80000)
 Metaspace       used 14309K, capacity 14694K, committed 14848K, reserved 1062912K
  class space    used 1647K, capacity 1769K, committed 1792K, reserved 1048576K
Event: 3.081 GC heap after
Heap after GC invocations=8 (full 0):
 PSYoungGen      total 132608K, used 7168K [0x00000000eb700000, 0x00000000f4400000, 0x0000000100000000)
  eden space 125440K, 0% used [0x00000000eb700000,0x00000000eb700000,0x00000000f3180000)
  from space 7168K, 100% used [0x00000000f3a00000,0x00000000f4100000,0x00000000f4100000)
  to   space 8704K, 0% used [0x00000000f3180000,0x00000000f3180000,0x00000000f3a00000)
 ParOldGen       total 42496K, used 10195K [0x00000000c2400000, 0x00000000c4d80000, 0x00000000eb700000)
  object space 42496K, 23% used [0x00000000c2400000,0x00000000c2df4ee8,0x00000000c4d80000)
 Metaspace       used 14309K, capacity 14694K, committed 14848K, reserved 1062912K
  class space    used 1647K, capacity 1769K, committed 1792K, reserved 1048576K
}
Event: 4.128 GC heap before
{Heap before GC invocations=9 (full 0):
 PSYoungGen      total 132608K, used 132608K [0x00000000eb700000, 0x00000000f4400000, 0x0000000100000000)
  eden space 125440K, 100% used [0x00000000eb700000,0x00000000f3180000,0x00000000f3180000)
  from space 7168K, 100% used [0x00000000f3a00000,0x00000000f4100000,0x00000000f4100000)
  to   space 8704K, 0% used [0x00000000f3180000,0x00000000f3180000,0x00000000f3a00000)
 ParOldGen       total 42496K, used 10195K [0x00000000c2400000, 0x00000000c4d80000, 0x00000000eb700000)
  object space 42496K, 23% used [0x00000000c2400000,0x00000000c2df4ee8,0x00000000c4d80000)
 Metaspace       used 15849K, capacity 16310K, committed 16640K, reserved 1064960K
  class space    used 1822K, capacity 1945K, committed 2048K, reserved 1048576K
Event: 4.161 GC heap after
Heap after GC invocations=9 (full 0):
 PSYoungGen      total 134144K, used 8704K [0x00000000eb700000, 0x00000000f9200000, 0x0000000100000000)
  eden space 125440K, 0% used [0x00000000eb700000,0x00000000eb700000,0x00000000f3180000)
  from space 8704K, 100% used [0x00000000f3180000,0x00000000f3a00000,0x00000000f3a00000)
  to   space 11776K, 0% used [0x00000000f8680000,0x00000000f8680000,0x00000000f9200000)
 ParOldGen       total 42496K, used 14056K [0x00000000c2400000, 0x00000000c4d80000, 0x00000000eb700000)
  object space 42496K, 33% used [0x00000000c2400000,0x00000000c31ba178,0x00000000c4d80000)
 Metaspace       used 15849K, capacity 16310K, committed 16640K, reserved 1064960K
  class space    used 1822K, capacity 1945K, committed 2048K, reserved 1048576K
}
Event: 5.438 GC heap before
{Heap before GC invocations=10 (full 0):
 PSYoungGen      total 134144K, used 121765K [0x00000000eb700000, 0x00000000f9200000, 0x0000000100000000)
  eden space 125440K, 90% used [0x00000000eb700000,0x00000000f25695a8,0x00000000f3180000)
  from space 8704K, 100% used [0x00000000f3180000,0x00000000f3a00000,0x00000000f3a00000)
  to   space 11776K, 0% used [0x00000000f8680000,0x00000000f8680000,0x00000000f9200000)
 ParOldGen       total 42496K, used 14056K [0x00000000c2400000, 0x00000000c4d80000, 0x00000000eb700000)
  object space 42496K, 33% used [0x00000000c2400000,0x00000000c31ba178,0x00000000c4d80000)
 Metaspace       used 20563K, capacity 21136K, committed 21296K, reserved 1069056K
  class space    used 2440K, capacity 2618K, committed 2688K, reserved 1048576K
Event: 5.494 GC heap after
Heap after GC invocations=10 (full 0):
 PSYoungGen      total 211456K, used 10354K [0x00000000eb700000, 0x00000000f9400000, 0x0000000100000000)
  eden space 199680K, 0% used [0x00000000eb700000,0x00000000eb700000,0x00000000f7a00000)
  from space 11776K, 87% used [0x00000000f8680000,0x00000000f909ca30,0x00000000f9200000)
  to   space 12800K, 0% used [0x00000000f7a00000,0x00000000f7a00000,0x00000000f8680000)
 ParOldGen       total 42496K, used 18744K [0x00000000c2400000, 0x00000000c4d80000, 0x00000000eb700000)
  object space 42496K, 44% used [0x00000000c2400000,0x00000000c364e178,0x00000000c4d80000)
 Metaspace       used 20563K, capacity 21136K, committed 21296K, reserved 1069056K
  class space    used 2440K, capacity 2618K, committed 2688K, reserved 1048576K
}
Event: 5.494 GC heap before
{Heap before GC invocations=11 (full 1):
 PSYoungGen      total 211456K, used 10354K [0x00000000eb700000, 0x00000000f9400000, 0x0000000100000000)
  eden space 199680K, 0% used [0x00000000eb700000,0x00000000eb700000,0x00000000f7a00000)
  from space 11776K, 87% used [0x00000000f8680000,0x00000000f909ca30,0x00000000f9200000)
  to   space 12800K, 0% used [0x00000000f7a00000,0x00000000f7a00000,0x00000000f8680000)
 ParOldGen       total 42496K, used 18744K [0x00000000c2400000, 0x00000000c4d80000, 0x00000000eb700000)
  object space 42496K, 44% used [0x00000000c2400000,0x00000000c364e178,0x00000000c4d80000)
 Metaspace       used 20563K, capacity 21136K, committed 21296K, reserved 1069056K
  class space    used 2440K, capacity 2618K, committed 2688K, reserved 1048576K
Event: 5.705 GC heap after
Heap after GC invocations=11 (full 1):
 PSYoungGen      total 211456K, used 0K [0x00000000eb700000, 0x00000000f9400000, 0x0000000100000000)
  eden space 199680K, 0% used [0x00000000eb700000,0x00000000eb700000,0x00000000f7a00000)
  from space 11776K, 0% used [0x00000000f8680000,0x00000000f8680000,0x00000000f9200000)
  to   space 12800K, 0% used [0x00000000f7a00000,0x00000000f7a00000,0x00000000f8680000)
 ParOldGen       total 53248K, used 23660K [0x00000000c2400000, 0x00000000c5800000, 0x00000000eb700000)
  object space 53248K, 44% used [0x00000000c2400000,0x00000000c3b1b2d0,0x00000000c5800000)
 Metaspace       used 20563K, capacity 21136K, committed 21296K, reserved 1069056K
  class space    used 2440K, capacity 2618K, committed 2688K, reserved 1048576K
}
Event: 8.770 GC heap before
{Heap before GC invocations=12 (full 1):
 PSYoungGen      total 211456K, used 199680K [0x00000000eb700000, 0x00000000f9400000, 0x0000000100000000)
  eden space 199680K, 100% used [0x00000000eb700000,0x00000000f7a00000,0x00000000f7a00000)
  from space 11776K, 0% used [0x00000000f8680000,0x00000000f8680000,0x00000000f9200000)
  to   space 12800K, 0% used [0x00000000f7a00000,0x00000000f7a00000,0x00000000f8680000)
 ParOldGen       total 53248K, used 23660K [0x00000000c2400000, 0x00000000c5800000, 0x00000000eb700000)
  object space 53248K, 44% used [0x00000000c2400000,0x00000000c3b1b2d0,0x00000000c5800000)
 Metaspace       used 21788K, capacity 22416K, committed 22576K, reserved 1069056K
  class space    used 2499K, capacity 2682K, committed 2688K, reserved 1048576K

