# JRE version: Java(TM) SE Runtime Environment (8.0_144-b01) (build 1.8.0_144-b01)
# Java VM: Java HotSpot(TM) 64-Bit Server VM (25.144-b01 mixed mode linux-amd64 compressed oops)
Heap:
 PSYoungGen      total 206336K, used 2252K [0x00000000eb700000, 0x00000000f8500000, 0x0000000100000000)
  eden space 201728K, 0% used [0x00000000eb700000,0x00000000eb700000,0x00000000f7c00000)
  from space 4608K, 48% used [0x00000000f7c00000,0x00000000f7e332b8,0x00000000f8080000)
  to   space 4608K, 0% used [0x00000000f8080000,0x00000000f8080000,0x00000000f8500000)
 ParOldGen       total 42496K, used 6207K [0x00000000c2400000, 0x00000000c4d80000, 0x00000000eb700000)
  object space 42496K, 14% used [0x00000000c2400000,0x00000000c2a0fe30,0x00000000c4d80000)
 Metaspace       used 20856K, capacity 21072K, committed 21248K, reserved 1069056K
  class space    used 2205K, capacity 2298K, committed 2304K, reserved 1048576K
GC Heap History (10 events):
Event: 2.064 GC heap after
Heap after GC invocations=6 (full 0):
 PSYoungGen      total 66560K, used 3553K [0x00000000eb700000, 0x00000000efd00000, 0x0000000100000000)
  eden space 62976K, 0% used [0x00000000eb700000,0x00000000eb700000,0x00000000ef480000)
  from space 3584K, 99% used [0x00000000ef880000,0x00000000efbf85c8,0x00000000efc00000)
  to   space 4096K, 0% used [0x00000000ef480000,0x00000000ef480000,0x00000000ef880000)
 ParOldGen       total 42496K, used 887K [0x00000000c2400000, 0x00000000c4d80000, 0x00000000eb700000)
  object space 42496K, 2% used [0x00000000c2400000,0x00000000c24ddd70,0x00000000c4d80000)
 Metaspace       used 11634K, capacity 11816K, committed 12032K, reserved 1060864K
  class space    used 1146K, capacity 1178K, committed 1280K, reserved 1048576K
}
Event: 2.494 GC heap before
{Heap before GC invocations=7 (full 0):
 PSYoungGen      total 66560K, used 66529K [0x00000000eb700000, 0x00000000efd00000, 0x0000000100000000)
  eden space 62976K, 100% used [0x00000000eb700000,0x00000000ef480000,0x00000000ef480000)
  from space 3584K, 99% used [0x00000000ef880000,0x00000000efbf85c8,0x00000000efc00000)
  to   space 4096K, 0% used [0x00000000ef480000,0x00000000ef480000,0x00000000ef880000)
 ParOldGen       total 42496K, used 887K [0x00000000c2400000, 0x00000000c4d80000, 0x00000000eb700000)
  object space 42496K, 2% used [0x00000000c2400000,0x00000000c24ddd70,0x00000000c4d80000)
 Metaspace       used 13967K, capacity 14138K, committed 14336K, reserved 1062912K
  class space    used 1445K, capacity 1501K, committed 1536K, reserved 1048576K
Event: 2.506 GC heap after
Heap after GC invocations=7 (full 0):
 PSYoungGen      total 67072K, used 3733K [0x00000000eb700000, 0x00000000f3b00000, 0x0000000100000000)
  eden space 62976K, 0% used [0x00000000eb700000,0x00000000eb700000,0x00000000ef480000)
  from space 4096K, 91% used [0x00000000ef480000,0x00000000ef825460,0x00000000ef880000)
  to   space 4608K, 0% used [0x00000000f3680000,0x00000000f3680000,0x00000000f3b00000)
 ParOldGen       total 42496K, used 2451K [0x00000000c2400000, 0x00000000c4d80000, 0x00000000eb700000)
  object space 42496K, 5% used [0x00000000c2400000,0x00000000c2664cc8,0x00000000c4d80000)
 Metaspace       used 13967K, capacity 14138K, committed 14336K, reserved 1062912K
  class space    used 1445K, capacity 1501K, committed 1536K, reserved 1048576K
}
Event: 2.754 GC heap before
{Heap before GC invocations=8 (full 0):
 PSYoungGen      total 67072K, used 66687K [0x00000000eb700000, 0x00000000f3b00000, 0x0000000100000000)
  eden space 62976K, 99% used [0x00000000eb700000,0x00000000ef47aaf8,0x00000000ef480000)
  from space 4096K, 91% used [0x00000000ef480000,0x00000000ef825460,0x00000000ef880000)
  to   space 4608K, 0% used [0x00000000f3680000,0x00000000f3680000,0x00000000f3b00000)
 ParOldGen       total 42496K, used 2451K [0x00000000c2400000, 0x00000000c4d80000, 0x00000000eb700000)
  object space 42496K, 5% used [0x00000000c2400000,0x00000000c2664cc8,0x00000000c4d80000)
 Metaspace       used 15744K, capacity 16020K, committed 16384K, reserved 1064960K
  class space    used 1609K, capacity 1680K, committed 1792K, reserved 1048576K
Event: 2.765 GC heap after
Heap after GC invocations=8 (full 0):
 PSYoungGen      total 130560K, used 2810K [0x00000000eb700000, 0x00000000f3b00000, 0x0000000100000000)
  eden space 125952K, 0% used [0x00000000eb700000,0x00000000eb700000,0x00000000f3200000)
  from space 4608K, 60% used [0x00000000f3680000,0x00000000f393e860,0x00000000f3b00000)
  to   space 4608K, 0% used [0x00000000f3200000,0x00000000f3200000,0x00000000f3680000)
 ParOldGen       total 42496K, used 2779K [0x00000000c2400000, 0x00000000c4d80000, 0x00000000eb700000)
  object space 42496K, 6% used [0x00000000c2400000,0x00000000c26b6cc8,0x00000000c4d80000)
 Metaspace       used 15744K, capacity 16020K, committed 16384K, reserved 1064960K
  class space    used 1609K, capacity 1680K, committed 1792K, reserved 1048576K
}
Event: 2.843 GC heap before
{Heap before GC invocations=9 (full 0):
 PSYoungGen      total 130560K, used 128664K [0x00000000eb700000, 0x00000000f3b00000, 0x0000000100000000)
  eden space 125952K, 99% used [0x00000000eb700000,0x00000000f31e7878,0x00000000f3200000)
  from space 4608K, 60% used [0x00000000f3680000,0x00000000f393e860,0x00000000f3b00000)
  to   space 4608K, 0% used [0x00000000f3200000,0x00000000f3200000,0x00000000f3680000)
 ParOldGen       total 42496K, used 2779K [0x00000000c2400000, 0x00000000c4d80000, 0x00000000eb700000)
  object space 42496K, 6% used [0x00000000c2400000,0x00000000c26b6cc8,0x00000000c4d80000)
 Metaspace       used 15744K, capacity 16020K, committed 16384K, reserved 1064960K
  class space    used 1609K, capacity 1680K, committed 1792K, reserved 1048576K
Event: 2.849 GC heap after
Heap after GC invocations=9 (full 0):
 PSYoungGen      total 130560K, used 1550K [0x00000000eb700000, 0x00000000f8500000, 0x0000000100000000)
  eden space 125952K, 0% used [0x00000000eb700000,0x00000000eb700000,0x00000000f3200000)
  from space 4608K, 33% used [0x00000000f3200000,0x00000000f3383930,0x00000000f3680000)
  to   space 4608K, 0% used [0x00000000f8080000,0x00000000f8080000,0x00000000f8500000)
 ParOldGen       total 42496K, used 3956K [0x00000000c2400000, 0x00000000c4d80000, 0x00000000eb700000)
  object space 42496K, 9% used [0x00000000c2400000,0x00000000c27dd258,0x00000000c4d80000)
 Metaspace       used 15744K, capacity 16020K, committed 16384K, reserved 1064960K
  class space    used 1609K, capacity 1680K, committed 1792K, reserved 1048576K
}
Event: 3.800 GC heap before
{Heap before GC invocations=10 (full 0):
 PSYoungGen      total 130560K, used 127502K [0x00000000eb700000, 0x00000000f8500000, 0x0000000100000000)
  eden space 125952K, 100% used [0x00000000eb700000,0x00000000f3200000,0x00000000f3200000)
  from space 4608K, 33% used [0x00000000f3200000,0x00000000f3383930,0x00000000f3680000)
  to   space 4608K, 0% used [0x00000000f8080000,0x00000000f8080000,0x00000000f8500000)
 ParOldGen       total 42496K, used 3956K [0x00000000c2400000, 0x00000000c4d80000, 0x00000000eb700000)
  object space 42496K, 9% used [0x00000000c2400000,0x00000000c27dd258,0x00000000c4d80000)
 Metaspace       used 17410K, capacity 17648K, committed 18048K, reserved 1064960K
  class space    used 1799K, capacity 1882K, committed 1920K, reserved 1048576K
Event: 3.821 GC heap after
Heap after GC invocations=10 (full 0):
 PSYoungGen      total 206336K, used 1515K [0x00000000eb700000, 0x00000000f8500000, 0x0000000100000000)
  eden space 201728K, 0% used [0x00000000eb700000,0x00000000eb700000,0x00000000f7c00000)
  from space 4608K, 32% used [0x00000000f8080000,0x00000000f81fadb0,0x00000000f8500000)
  to   space 4608K, 0% used [0x00000000f7c00000,0x00000000f7c00000,0x00000000f8080000)
 ParOldGen       total 42496K, used 5326K [0x00000000c2400000, 0x00000000c4d80000, 0x00000000eb700000)
  object space 42496K, 12% used [0x00000000c2400000,0x00000000c2933a28,0x00000000c4d80000)
 Metaspace       used 17410K, capacity 17648K, committed 18048K, reserved 1064960K
  class space    used 1799K, capacity 1882K, committed 1920K, reserved 1048576K
}
Event: 4.384 GC heap before
{Heap before GC invocations=11 (full 0):
 PSYoungGen      total 206336K, used 49480K [0x00000000eb700000, 0x00000000f8500000, 0x0000000100000000)
  eden space 201728K, 23% used [0x00000000eb700000,0x00000000ee5d7520,0x00000000f7c00000)
  from space 4608K, 32% used [0x00000000f8080000,0x00000000f81fadb0,0x00000000f8500000)
  to   space 4608K, 0% used [0x00000000f7c00000,0x00000000f7c00000,0x00000000f8080000)
 ParOldGen       total 42496K, used 5326K [0x00000000c2400000, 0x00000000c4d80000, 0x00000000eb700000)
  object space 42496K, 12% used [0x00000000c2400000,0x00000000c2933a28,0x00000000c4d80000)
 Metaspace       used 20856K, capacity 21072K, committed 21248K, reserved 1069056K
  class space    used 2205K, capacity 2298K, committed 2304K, reserved 1048576K

