# JRE version: Java(TM) SE Runtime Environment (8.0_151-b12) (build 1.8.0_151-b12)
# Java VM: Java HotSpot(TM) 64-Bit Server VM (25.151-b12 mixed mode linux-amd64 compressed oops)
Heap:
 PSYoungGen      total 391680K, used 8173K [0x00000000e0f00000, 0x00000000f9580000, 0x0000000100000000)
  eden space 383488K, 0% used [0x00000000e0f00000,0x00000000e0f00000,0x00000000f8580000)
  from space 8192K, 99% used [0x00000000f8d80000,0x00000000f957b688,0x00000000f9580000)
  to   space 3072K, 0% used [0x00000000f8780000,0x00000000f8780000,0x00000000f8a80000)
 ParOldGen       total 49664K, used 11939K [0x00000000a2c00000, 0x00000000a5c80000, 0x00000000e0f00000)
  object space 49664K, 24% used [0x00000000a2c00000,0x00000000a37a8dc8,0x00000000a5c80000)
 Metaspace       used 33973K, capacity 35446K, committed 35496K, reserved 1081344K
  class space    used 3991K, capacity 4309K, committed 4352K, reserved 1048576K
GC Heap History (10 events):
Event: 3.506 GC heap after
Heap after GC invocations=6 (full 0):
 PSYoungGen      total 199168K, used 5105K [0x00000000e0f00000, 0x00000000ede00000, 0x0000000100000000)
  eden space 194048K, 0% used [0x00000000e0f00000,0x00000000e0f00000,0x00000000ecc80000)
  from space 5120K, 99% used [0x00000000ed400000,0x00000000ed8fc638,0x00000000ed900000)
  to   space 7680K, 0% used [0x00000000ecc80000,0x00000000ecc80000,0x00000000ed400000)
 ParOldGen       total 64512K, used 5593K [0x00000000a2c00000, 0x00000000a6b00000, 0x00000000e0f00000)
  object space 64512K, 8% used [0x00000000a2c00000,0x00000000a3176728,0x00000000a6b00000)
 Metaspace       used 17386K, capacity 18584K, committed 18688K, reserved 1064960K
  class space    used 1961K, capacity 2205K, committed 2304K, reserved 1048576K
}
Event: 3.947 GC heap before
{Heap before GC invocations=7 (full 0):
 PSYoungGen      total 199168K, used 93364K [0x00000000e0f00000, 0x00000000ede00000, 0x0000000100000000)
  eden space 194048K, 45% used [0x00000000e0f00000,0x00000000e6530a38,0x00000000ecc80000)
  from space 5120K, 99% used [0x00000000ed400000,0x00000000ed8fc638,0x00000000ed900000)
  to   space 7680K, 0% used [0x00000000ecc80000,0x00000000ecc80000,0x00000000ed400000)
 ParOldGen       total 64512K, used 5593K [0x00000000a2c00000, 0x00000000a6b00000, 0x00000000e0f00000)
  object space 64512K, 8% used [0x00000000a2c00000,0x00000000a3176728,0x00000000a6b00000)
 Metaspace       used 20050K, capacity 21258K, committed 21296K, reserved 1069056K
  class space    used 2462K, capacity 2688K, committed 2688K, reserved 1048576K
Event: 3.965 GC heap after
Heap after GC invocations=7 (full 0):
 PSYoungGen      total 201728K, used 6131K [0x00000000e0f00000, 0x00000000f9a00000, 0x0000000100000000)
  eden space 194048K, 0% used [0x00000000e0f00000,0x00000000e0f00000,0x00000000ecc80000)
  from space 7680K, 79% used [0x00000000ecc80000,0x00000000ed27ccb8,0x00000000ed400000)
  to   space 8192K, 0% used [0x00000000f9200000,0x00000000f9200000,0x00000000f9a00000)
 ParOldGen       total 64512K, used 7413K [0x00000000a2c00000, 0x00000000a6b00000, 0x00000000e0f00000)
  object space 64512K, 11% used [0x00000000a2c00000,0x00000000a333d7e0,0x00000000a6b00000)
 Metaspace       used 20050K, capacity 21258K, committed 21296K, reserved 1069056K
  class space    used 2462K, capacity 2688K, committed 2688K, reserved 1048576K
}
Event: 3.965 GC heap before
{Heap before GC invocations=8 (full 1):
 PSYoungGen      total 201728K, used 6131K [0x00000000e0f00000, 0x00000000f9a00000, 0x0000000100000000)
  eden space 194048K, 0% used [0x00000000e0f00000,0x00000000e0f00000,0x00000000ecc80000)
  from space 7680K, 79% used [0x00000000ecc80000,0x00000000ed27ccb8,0x00000000ed400000)
  to   space 8192K, 0% used [0x00000000f9200000,0x00000000f9200000,0x00000000f9a00000)
 ParOldGen       total 64512K, used 7413K [0x00000000a2c00000, 0x00000000a6b00000, 0x00000000e0f00000)
  object space 64512K, 11% used [0x00000000a2c00000,0x00000000a333d7e0,0x00000000a6b00000)
 Metaspace       used 20050K, capacity 21258K, committed 21296K, reserved 1069056K
  class space    used 2462K, capacity 2688K, committed 2688K, reserved 1048576K
Event: 4.042 GC heap after
Heap after GC invocations=8 (full 1):
 PSYoungGen      total 201728K, used 0K [0x00000000e0f00000, 0x00000000f9a00000, 0x0000000100000000)
  eden space 194048K, 0% used [0x00000000e0f00000,0x00000000e0f00000,0x00000000ecc80000)
  from space 7680K, 0% used [0x00000000ecc80000,0x00000000ecc80000,0x00000000ed400000)
  to   space 8192K, 0% used [0x00000000f9200000,0x00000000f9200000,0x00000000f9a00000)
 ParOldGen       total 49664K, used 10794K [0x00000000a2c00000, 0x00000000a5c80000, 0x00000000e0f00000)
  object space 49664K, 21% used [0x00000000a2c00000,0x00000000a368ab28,0x00000000a5c80000)
 Metaspace       used 20050K, capacity 21258K, committed 21296K, reserved 1069056K
  class space    used 2462K, capacity 2688K, committed 2688K, reserved 1048576K
}
Event: 5.438 GC heap before
{Heap before GC invocations=9 (full 1):
 PSYoungGen      total 201728K, used 194048K [0x00000000e0f00000, 0x00000000f9a00000, 0x0000000100000000)
  eden space 194048K, 100% used [0x00000000e0f00000,0x00000000ecc80000,0x00000000ecc80000)
  from space 7680K, 0% used [0x00000000ecc80000,0x00000000ecc80000,0x00000000ed400000)
  to   space 8192K, 0% used [0x00000000f9200000,0x00000000f9200000,0x00000000f9a00000)
 ParOldGen       total 49664K, used 10794K [0x00000000a2c00000, 0x00000000a5c80000, 0x00000000e0f00000)
  object space 49664K, 21% used [0x00000000a2c00000,0x00000000a368ab28,0x00000000a5c80000)
 Metaspace       used 26112K, capacity 27458K, committed 27520K, reserved 1073152K
  class space    used 3164K, capacity 3428K, committed 3456K, reserved 1048576K
Event: 5.451 GC heap after
Heap after GC invocations=9 (full 1):
 PSYoungGen      total 301056K, used 5411K [0x00000000e0f00000, 0x00000000f9780000, 0x0000000100000000)
  eden space 295424K, 0% used [0x00000000e0f00000,0x00000000e0f00000,0x00000000f2f80000)
  from space 5632K, 96% used [0x00000000f9200000,0x00000000f9748ff8,0x00000000f9780000)
  to   space 8192K, 0% used [0x00000000f8780000,0x00000000f8780000,0x00000000f8f80000)
 ParOldGen       total 49664K, used 10802K [0x00000000a2c00000, 0x00000000a5c80000, 0x00000000e0f00000)
  object space 49664K, 21% used [0x00000000a2c00000,0x00000000a368cb28,0x00000000a5c80000)
 Metaspace       used 26112K, capacity 27458K, committed 27520K, reserved 1073152K
  class space    used 3164K, capacity 3428K, committed 3456K, reserved 1048576K
}
Event: 6.235 GC heap before
{Heap before GC invocations=10 (full 1):
 PSYoungGen      total 301056K, used 300755K [0x00000000e0f00000, 0x00000000f9780000, 0x0000000100000000)
  eden space 295424K, 99% used [0x00000000e0f00000,0x00000000f2f6be68,0x00000000f2f80000)
  from space 5632K, 96% used [0x00000000f9200000,0x00000000f9748ff8,0x00000000f9780000)
  to   space 8192K, 0% used [0x00000000f8780000,0x00000000f8780000,0x00000000f8f80000)
 ParOldGen       total 49664K, used 10802K [0x00000000a2c00000, 0x00000000a5c80000, 0x00000000e0f00000)
  object space 49664K, 21% used [0x00000000a2c00000,0x00000000a368cb28,0x00000000a5c80000)
 Metaspace       used 27547K, capacity 28858K, committed 29184K, reserved 1075200K
  class space    used 3272K, capacity 3528K, committed 3584K, reserved 1048576K
Event: 6.246 GC heap after
Heap after GC invocations=10 (full 1):
 PSYoungGen      total 386560K, used 2988K [0x00000000e0f00000, 0x00000000f9580000, 0x0000000100000000)
  eden space 383488K, 0% used [0x00000000e0f00000,0x00000000e0f00000,0x00000000f8580000)
  from space 3072K, 97% used [0x00000000f8780000,0x00000000f8a6b020,0x00000000f8a80000)
  to   space 8192K, 0% used [0x00000000f8d80000,0x00000000f8d80000,0x00000000f9580000)
 ParOldGen       total 49664K, used 10810K [0x00000000a2c00000, 0x00000000a5c80000, 0x00000000e0f00000)
  object space 49664K, 21% used [0x00000000a2c00000,0x00000000a368eb28,0x00000000a5c80000)
 Metaspace       used 27547K, capacity 28858K, committed 29184K, reserved 1075200K
  class space    used 3272K, capacity 3528K, committed 3584K, reserved 1048576K
}
Event: 8.638 GC heap before
{Heap before GC invocations=11 (full 1):
 PSYoungGen      total 386560K, used 247978K [0x00000000e0f00000, 0x00000000f9580000, 0x0000000100000000)
  eden space 383488K, 63% used [0x00000000e0f00000,0x00000000efe3fb90,0x00000000f8580000)
  from space 3072K, 97% used [0x00000000f8780000,0x00000000f8a6b020,0x00000000f8a80000)
  to   space 8192K, 0% used [0x00000000f8d80000,0x00000000f8d80000,0x00000000f9580000)
 ParOldGen       total 49664K, used 10810K [0x00000000a2c00000, 0x00000000a5c80000, 0x00000000e0f00000)
  object space 49664K, 21% used [0x00000000a2c00000,0x00000000a368eb28,0x00000000a5c80000)
 Metaspace       used 33973K, capacity 35446K, committed 35496K, reserved 1081344K
  class space    used 3991K, capacity 4309K, committed 4352K, reserved 1048576K

