# JRE version: Java(TM) SE Runtime Environment (8.0_144-b01) (build 1.8.0_144-b01)
# Java VM: Java HotSpot(TM) 64-Bit Server VM (25.144-b01 mixed mode linux-amd64 compressed oops)
Heap:
 PSYoungGen      total 103936K, used 153K [0x00000000eb700000, 0x00000000f2100000, 0x0000000100000000)
  eden space 99840K, 0% used [0x00000000eb700000,0x00000000eb700000,0x00000000f1880000)
  from space 4096K, 3% used [0x00000000f1880000,0x00000000f18a6530,0x00000000f1c80000)
  to   space 3584K, 0% used [0x00000000f1c80000,0x00000000f1c80000,0x00000000f2000000)
 ParOldGen       total 42496K, used 5043K [0x00000000c2400000, 0x00000000c4d80000, 0x00000000eb700000)
  object space 42496K, 11% used [0x00000000c2400000,0x00000000c28ecf50,0x00000000c4d80000)
 Metaspace       used 15867K, capacity 16116K, committed 16384K, reserved 1064960K
  class space    used 1620K, capacity 1712K, committed 1792K, reserved 1048576K
GC Heap History (10 events):
Event: 1.678 GC heap after
Heap after GC invocations=6 (full 0):
 PSYoungGen      total 34304K, used 3068K [0x00000000eb700000, 0x00000000edd00000, 0x0000000100000000)
  eden space 31232K, 0% used [0x00000000eb700000,0x00000000eb700000,0x00000000ed580000)
  from space 3072K, 99% used [0x00000000ed900000,0x00000000edbff128,0x00000000edc00000)
  to   space 3584K, 0% used [0x00000000ed580000,0x00000000ed580000,0x00000000ed900000)
 ParOldGen       total 42496K, used 283K [0x00000000c2400000, 0x00000000c4d80000, 0x00000000eb700000)
  object space 42496K, 0% used [0x00000000c2400000,0x00000000c2446c78,0x00000000c4d80000)
 Metaspace       used 10233K, capacity 10408K, committed 10624K, reserved 1058816K
  class space    used 1032K, capacity 1050K, committed 1152K, reserved 1048576K
}
Event: 2.273 GC heap before
{Heap before GC invocations=7 (full 0):
 PSYoungGen      total 34304K, used 34300K [0x00000000eb700000, 0x00000000edd00000, 0x0000000100000000)
  eden space 31232K, 100% used [0x00000000eb700000,0x00000000ed580000,0x00000000ed580000)
  from space 3072K, 99% used [0x00000000ed900000,0x00000000edbff128,0x00000000edc00000)
  to   space 3584K, 0% used [0x00000000ed580000,0x00000000ed580000,0x00000000ed900000)
 ParOldGen       total 42496K, used 283K [0x00000000c2400000, 0x00000000c4d80000, 0x00000000eb700000)
  object space 42496K, 0% used [0x00000000c2400000,0x00000000c2446c78,0x00000000c4d80000)
 Metaspace       used 12543K, capacity 12828K, committed 13184K, reserved 1060864K
  class space    used 1234K, capacity 1324K, committed 1408K, reserved 1048576K
Event: 2.278 GC heap after
Heap after GC invocations=7 (full 0):
 PSYoungGen      total 34816K, used 2244K [0x00000000eb700000, 0x00000000efb00000, 0x0000000100000000)
  eden space 31232K, 0% used [0x00000000eb700000,0x00000000eb700000,0x00000000ed580000)
  from space 3584K, 62% used [0x00000000ed580000,0x00000000ed7b11f8,0x00000000ed900000)
  to   space 3584K, 0% used [0x00000000ef780000,0x00000000ef780000,0x00000000efb00000)
 ParOldGen       total 42496K, used 1848K [0x00000000c2400000, 0x00000000c4d80000, 0x00000000eb700000)
  object space 42496K, 4% used [0x00000000c2400000,0x00000000c25ce2a8,0x00000000c4d80000)
 Metaspace       used 12543K, capacity 12828K, committed 13184K, reserved 1060864K
  class space    used 1234K, capacity 1324K, committed 1408K, reserved 1048576K
}
Event: 2.494 GC heap before
{Heap before GC invocations=8 (full 0):
 PSYoungGen      total 34816K, used 33476K [0x00000000eb700000, 0x00000000efb00000, 0x0000000100000000)
  eden space 31232K, 100% used [0x00000000eb700000,0x00000000ed580000,0x00000000ed580000)
  from space 3584K, 62% used [0x00000000ed580000,0x00000000ed7b11f8,0x00000000ed900000)
  to   space 3584K, 0% used [0x00000000ef780000,0x00000000ef780000,0x00000000efb00000)
 ParOldGen       total 42496K, used 1848K [0x00000000c2400000, 0x00000000c4d80000, 0x00000000eb700000)
  object space 42496K, 4% used [0x00000000c2400000,0x00000000c25ce2a8,0x00000000c4d80000)
 Metaspace       used 13871K, capacity 14140K, committed 14336K, reserved 1062912K
  class space    used 1390K, capacity 1484K, committed 1536K, reserved 1048576K
Event: 2.504 GC heap after
Heap after GC invocations=8 (full 0):
 PSYoungGen      total 66048K, used 2872K [0x00000000eb700000, 0x00000000efb00000, 0x0000000100000000)
  eden space 62464K, 0% used [0x00000000eb700000,0x00000000eb700000,0x00000000ef400000)
  from space 3584K, 80% used [0x00000000ef780000,0x00000000efa4e0a8,0x00000000efb00000)
  to   space 3584K, 0% used [0x00000000ef400000,0x00000000ef400000,0x00000000ef780000)
 ParOldGen       total 42496K, used 2168K [0x00000000c2400000, 0x00000000c4d80000, 0x00000000eb700000)
  object space 42496K, 5% used [0x00000000c2400000,0x00000000c261e2a8,0x00000000c4d80000)
 Metaspace       used 13871K, capacity 14140K, committed 14336K, reserved 1062912K
  class space    used 1390K, capacity 1484K, committed 1536K, reserved 1048576K
}
Event: 3.001 GC heap before
{Heap before GC invocations=9 (full 0):
 PSYoungGen      total 66048K, used 65336K [0x00000000eb700000, 0x00000000efb00000, 0x0000000100000000)
  eden space 62464K, 100% used [0x00000000eb700000,0x00000000ef400000,0x00000000ef400000)
  from space 3584K, 80% used [0x00000000ef780000,0x00000000efa4e0a8,0x00000000efb00000)
  to   space 3584K, 0% used [0x00000000ef400000,0x00000000ef400000,0x00000000ef780000)
 ParOldGen       total 42496K, used 2168K [0x00000000c2400000, 0x00000000c4d80000, 0x00000000eb700000)
  object space 42496K, 5% used [0x00000000c2400000,0x00000000c261e2a8,0x00000000c4d80000)
 Metaspace       used 15865K, capacity 16116K, committed 16384K, reserved 1064960K
  class space    used 1620K, capacity 1712K, committed 1792K, reserved 1048576K
Event: 3.009 GC heap after
Heap after GC invocations=9 (full 0):
 PSYoungGen      total 66048K, used 3359K [0x00000000eb700000, 0x00000000f2000000, 0x0000000100000000)
  eden space 62464K, 0% used [0x00000000eb700000,0x00000000eb700000,0x00000000ef400000)
  from space 3584K, 93% used [0x00000000ef400000,0x00000000ef747ea0,0x00000000ef780000)
  to   space 3584K, 0% used [0x00000000f1c80000,0x00000000f1c80000,0x00000000f2000000)
 ParOldGen       total 42496K, used 2920K [0x00000000c2400000, 0x00000000c4d80000, 0x00000000eb700000)
  object space 42496K, 6% used [0x00000000c2400000,0x00000000c26da2e8,0x00000000c4d80000)
 Metaspace       used 15865K, capacity 16116K, committed 16384K, reserved 1064960K
  class space    used 1620K, capacity 1712K, committed 1792K, reserved 1048576K
}
Event: 3.030 GC heap before
{Heap before GC invocations=10 (full 0):
 PSYoungGen      total 66048K, used 65756K [0x00000000eb700000, 0x00000000f2000000, 0x0000000100000000)
  eden space 62464K, 99% used [0x00000000eb700000,0x00000000ef3ef230,0x00000000ef400000)
  from space 3584K, 93% used [0x00000000ef400000,0x00000000ef747ea0,0x00000000ef780000)
  to   space 3584K, 0% used [0x00000000f1c80000,0x00000000f1c80000,0x00000000f2000000)
 ParOldGen       total 42496K, used 2920K [0x00000000c2400000, 0x00000000c4d80000, 0x00000000eb700000)
  object space 42496K, 6% used [0x00000000c2400000,0x00000000c26da2e8,0x00000000c4d80000)
 Metaspace       used 15867K, capacity 16116K, committed 16384K, reserved 1064960K
  class space    used 1620K, capacity 1712K, committed 1792K, reserved 1048576K
Event: 3.033 GC heap after
Heap after GC invocations=10 (full 0):
 PSYoungGen      total 103424K, used 872K [0x00000000eb700000, 0x00000000f2100000, 0x0000000100000000)
  eden space 99840K, 0% used [0x00000000eb700000,0x00000000eb700000,0x00000000f1880000)
  from space 3584K, 24% used [0x00000000f1c80000,0x00000000f1d5a388,0x00000000f2000000)
  to   space 4096K, 0% used [0x00000000f1880000,0x00000000f1880000,0x00000000f1c80000)
 ParOldGen       total 42496K, used 4296K [0x00000000c2400000, 0x00000000c4d80000, 0x00000000eb700000)
  object space 42496K, 10% used [0x00000000c2400000,0x00000000c2832058,0x00000000c4d80000)
 Metaspace       used 15867K, capacity 16116K, committed 16384K, reserved 1064960K
  class space    used 1620K, capacity 1712K, committed 1792K, reserved 1048576K
}
Event: 3.973 GC heap before
{Heap before GC invocations=11 (full 0):
 PSYoungGen      total 103424K, used 100645K [0x00000000eb700000, 0x00000000f2100000, 0x0000000100000000)
  eden space 99840K, 99% used [0x00000000eb700000,0x00000000f186f3d8,0x00000000f1880000)
  from space 3584K, 24% used [0x00000000f1c80000,0x00000000f1d5a388,0x00000000f2000000)
  to   space 4096K, 0% used [0x00000000f1880000,0x00000000f1880000,0x00000000f1c80000)
 ParOldGen       total 42496K, used 4296K [0x00000000c2400000, 0x00000000c4d80000, 0x00000000eb700000)
  object space 42496K, 10% used [0x00000000c2400000,0x00000000c2832058,0x00000000c4d80000)
 Metaspace       used 15867K, capacity 16116K, committed 16384K, reserved 1064960K
  class space    used 1620K, capacity 1712K, committed 1792K, reserved 1048576K

