# JRE version: Java(TM) SE Runtime Environment (8.0_144-b01) (build 1.8.0_144-b01)
# Java VM: Java HotSpot(TM) 64-Bit Server VM (25.144-b01 mixed mode linux-amd64 compressed oops)
Heap:
 PSYoungGen      total 67072K, used 3973K [0x00000000eb700000, 0x00000000efd00000, 0x0000000100000000)
  eden space 62976K, 0% used [0x00000000eb700000,0x00000000eb700000,0x00000000ef480000)
  from space 4096K, 96% used [0x00000000ef480000,0x00000000ef861418,0x00000000ef880000)
  to   space 3584K, 0% used [0x00000000ef880000,0x00000000ef880000,0x00000000efc00000)
 ParOldGen       total 42496K, used 2767K [0x00000000c2400000, 0x00000000c4d80000, 0x00000000eb700000)
  object space 42496K, 6% used [0x00000000c2400000,0x00000000c26b3ff8,0x00000000c4d80000)
 Metaspace       used 14898K, capacity 15118K, committed 15488K, reserved 1062912K
  class space    used 1536K, capacity 1615K, committed 1664K, reserved 1048576K
GC Heap History (10 events):
Event: 0.903 GC heap after
Heap after GC invocations=2 (full 0):
 PSYoungGen      total 18432K, used 2485K [0x00000000eb700000, 0x00000000edb00000, 0x0000000100000000)
  eden space 15872K, 0% used [0x00000000eb700000,0x00000000eb700000,0x00000000ec680000)
  from space 2560K, 97% used [0x00000000ec900000,0x00000000ecb6d448,0x00000000ecb80000)
  to   space 2560K, 0% used [0x00000000ec680000,0x00000000ec680000,0x00000000ec900000)
 ParOldGen       total 42496K, used 0K [0x00000000c2400000, 0x00000000c4d80000, 0x00000000eb700000)
  object space 42496K, 0% used [0x00000000c2400000,0x00000000c2400000,0x00000000c4d80000)
 Metaspace       used 6309K, capacity 6474K, committed 6656K, reserved 1056768K
  class space    used 676K, capacity 725K, committed 768K, reserved 1048576K
}
Event: 1.043 GC heap before
{Heap before GC invocations=3 (full 0):
 PSYoungGen      total 18432K, used 18357K [0x00000000eb700000, 0x00000000edb00000, 0x0000000100000000)
  eden space 15872K, 100% used [0x00000000eb700000,0x00000000ec680000,0x00000000ec680000)
  from space 2560K, 97% used [0x00000000ec900000,0x00000000ecb6d448,0x00000000ecb80000)
  to   space 2560K, 0% used [0x00000000ec680000,0x00000000ec680000,0x00000000ec900000)
 ParOldGen       total 42496K, used 0K [0x00000000c2400000, 0x00000000c4d80000, 0x00000000eb700000)
  object space 42496K, 0% used [0x00000000c2400000,0x00000000c2400000,0x00000000c4d80000)
 Metaspace       used 6971K, capacity 7114K, committed 7168K, reserved 1056768K
  class space    used 712K, capacity 725K, committed 768K, reserved 1048576K
Event: 1.046 GC heap after
Heap after GC invocations=3 (full 0):
 PSYoungGen      total 18432K, used 1826K [0x00000000eb700000, 0x00000000edb00000, 0x0000000100000000)
  eden space 15872K, 0% used [0x00000000eb700000,0x00000000eb700000,0x00000000ec680000)
  from space 2560K, 71% used [0x00000000ec680000,0x00000000ec848af8,0x00000000ec900000)
  to   space 2560K, 0% used [0x00000000ed880000,0x00000000ed880000,0x00000000edb00000)
 ParOldGen       total 42496K, used 8K [0x00000000c2400000, 0x00000000c4d80000, 0x00000000eb700000)
  object space 42496K, 0% used [0x00000000c2400000,0x00000000c2402000,0x00000000c4d80000)
 Metaspace       used 6971K, capacity 7114K, committed 7168K, reserved 1056768K
  class space    used 712K, capacity 725K, committed 768K, reserved 1048576K
}
Event: 1.175 GC heap before
{Heap before GC invocations=4 (full 0):
 PSYoungGen      total 18432K, used 17698K [0x00000000eb700000, 0x00000000edb00000, 0x0000000100000000)
  eden space 15872K, 100% used [0x00000000eb700000,0x00000000ec680000,0x00000000ec680000)
  from space 2560K, 71% used [0x00000000ec680000,0x00000000ec848af8,0x00000000ec900000)
  to   space 2560K, 0% used [0x00000000ed880000,0x00000000ed880000,0x00000000edb00000)
 ParOldGen       total 42496K, used 8K [0x00000000c2400000, 0x00000000c4d80000, 0x00000000eb700000)
  object space 42496K, 0% used [0x00000000c2400000,0x00000000c2402000,0x00000000c4d80000)
 Metaspace       used 7784K, capacity 7920K, committed 8064K, reserved 1056768K
  class space    used 790K, capacity 822K, committed 896K, reserved 1048576K
Event: 1.183 GC heap after
Heap after GC invocations=4 (full 0):
 PSYoungGen      total 34304K, used 2105K [0x00000000eb700000, 0x00000000edb00000, 0x0000000100000000)
  eden space 31744K, 0% used [0x00000000eb700000,0x00000000eb700000,0x00000000ed600000)
  from space 2560K, 82% used [0x00000000ed880000,0x00000000eda8e6f0,0x00000000edb00000)
  to   space 2560K, 0% used [0x00000000ed600000,0x00000000ed600000,0x00000000ed880000)
 ParOldGen       total 42496K, used 8K [0x00000000c2400000, 0x00000000c4d80000, 0x00000000eb700000)
  object space 42496K, 0% used [0x00000000c2400000,0x00000000c2402000,0x00000000c4d80000)
 Metaspace       used 7784K, capacity 7920K, committed 8064K, reserved 1056768K
  class space    used 790K, capacity 822K, committed 896K, reserved 1048576K
}
Event: 1.528 GC heap before
{Heap before GC invocations=5 (full 0):
 PSYoungGen      total 34304K, used 33849K [0x00000000eb700000, 0x00000000edb00000, 0x0000000100000000)
  eden space 31744K, 100% used [0x00000000eb700000,0x00000000ed600000,0x00000000ed600000)
  from space 2560K, 82% used [0x00000000ed880000,0x00000000eda8e6f0,0x00000000edb00000)
  to   space 2560K, 0% used [0x00000000ed600000,0x00000000ed600000,0x00000000ed880000)
 ParOldGen       total 42496K, used 8K [0x00000000c2400000, 0x00000000c4d80000, 0x00000000eb700000)
  object space 42496K, 0% used [0x00000000c2400000,0x00000000c2402000,0x00000000c4d80000)
 Metaspace       used 10367K, capacity 10556K, committed 10880K, reserved 1058816K
  class space    used 1047K, capacity 1080K, committed 1152K, reserved 1048576K
Event: 1.541 GC heap after
Heap after GC invocations=5 (full 0):
 PSYoungGen      total 34304K, used 2543K [0x00000000eb700000, 0x00000000efc00000, 0x0000000100000000)
  eden space 31744K, 0% used [0x00000000eb700000,0x00000000eb700000,0x00000000ed600000)
  from space 2560K, 99% used [0x00000000ed600000,0x00000000ed87bdd0,0x00000000ed880000)
  to   space 3584K, 0% used [0x00000000ef880000,0x00000000ef880000,0x00000000efc00000)
 ParOldGen       total 42496K, used 666K [0x00000000c2400000, 0x00000000c4d80000, 0x00000000eb700000)
  object space 42496K, 1% used [0x00000000c2400000,0x00000000c24a6a38,0x00000000c4d80000)
 Metaspace       used 10367K, capacity 10556K, committed 10880K, reserved 1058816K
  class space    used 1047K, capacity 1080K, committed 1152K, reserved 1048576K
}
Event: 2.178 GC heap before
{Heap before GC invocations=6 (full 0):
 PSYoungGen      total 34304K, used 34287K [0x00000000eb700000, 0x00000000efc00000, 0x0000000100000000)
  eden space 31744K, 100% used [0x00000000eb700000,0x00000000ed600000,0x00000000ed600000)
  from space 2560K, 99% used [0x00000000ed600000,0x00000000ed87bdd0,0x00000000ed880000)
  to   space 3584K, 0% used [0x00000000ef880000,0x00000000ef880000,0x00000000efc00000)
 ParOldGen       total 42496K, used 666K [0x00000000c2400000, 0x00000000c4d80000, 0x00000000eb700000)
  object space 42496K, 1% used [0x00000000c2400000,0x00000000c24a6a38,0x00000000c4d80000)
 Metaspace       used 12597K, capacity 12828K, committed 13184K, reserved 1060864K
  class space    used 1254K, capacity 1324K, committed 1408K, reserved 1048576K
Event: 2.192 GC heap after
Heap after GC invocations=6 (full 0):
 PSYoungGen      total 66560K, used 3578K [0x00000000eb700000, 0x00000000efd00000, 0x0000000100000000)
  eden space 62976K, 0% used [0x00000000eb700000,0x00000000eb700000,0x00000000ef480000)
  from space 3584K, 99% used [0x00000000ef880000,0x00000000efbfe9c8,0x00000000efc00000)
  to   space 4096K, 0% used [0x00000000ef480000,0x00000000ef480000,0x00000000ef880000)
 ParOldGen       total 42496K, used 1236K [0x00000000c2400000, 0x00000000c4d80000, 0x00000000eb700000)
  object space 42496K, 2% used [0x00000000c2400000,0x00000000c25350c0,0x00000000c4d80000)
 Metaspace       used 12597K, capacity 12828K, committed 13184K, reserved 1060864K
  class space    used 1254K, capacity 1324K, committed 1408K, reserved 1048576K
}
Event: 3.592 GC heap before
{Heap before GC invocations=7 (full 0):
 PSYoungGen      total 66560K, used 66554K [0x00000000eb700000, 0x00000000efd00000, 0x0000000100000000)
  eden space 62976K, 100% used [0x00000000eb700000,0x00000000ef480000,0x00000000ef480000)
  from space 3584K, 99% used [0x00000000ef880000,0x00000000efbfe9c8,0x00000000efc00000)
  to   space 4096K, 0% used [0x00000000ef480000,0x00000000ef480000,0x00000000ef880000)
 ParOldGen       total 42496K, used 1236K [0x00000000c2400000, 0x00000000c4d80000, 0x00000000eb700000)
  object space 42496K, 2% used [0x00000000c2400000,0x00000000c25350c0,0x00000000c4d80000)
 Metaspace       used 14898K, capacity 15118K, committed 15488K, reserved 1062912K
  class space    used 1536K, capacity 1615K, committed 1664K, reserved 1048576K

