# JRE version: Java(TM) SE Runtime Environment (8.0_144-b01) (build 1.8.0_144-b01)
# Java VM: Java HotSpot(TM) 64-Bit Server VM (25.144-b01 mixed mode linux-amd64 compressed oops)
Heap:
 PSYoungGen      total 286208K, used 0K [0x00000000eb700000, 0x0000000100000000, 0x0000000100000000)
  eden space 238592K, 0% used [0x00000000eb700000,0x00000000eb700000,0x00000000fa000000)
  from space 47616K, 0% used [0x00000000fa000000,0x00000000fa000000,0x00000000fce80000)
  to   space 47104K, 0% used [0x00000000fd200000,0x00000000fd200000,0x0000000100000000)
 ParOldGen       total 144384K, used 134098K [0x00000000c2400000, 0x00000000cb100000, 0x00000000eb700000)
  object space 144384K, 92% used [0x00000000c2400000,0x00000000ca6f4830,0x00000000cb100000)
 Metaspace       used 25004K, capacity 25704K, committed 25856K, reserved 1073152K
  class space    used 2746K, capacity 2946K, committed 3072K, reserved 1048576K
GC Heap History (10 events):
Event: 5.295 GC heap after
Heap after GC invocations=11 (full 1):
 PSYoungGen      total 208896K, used 0K [0x00000000eb700000, 0x00000000f9900000, 0x0000000100000000)
  eden space 197120K, 0% used [0x00000000eb700000,0x00000000eb700000,0x00000000f7780000)
  from space 11776K, 0% used [0x00000000f8680000,0x00000000f8680000,0x00000000f9200000)
  to   space 15360K, 0% used [0x00000000f7780000,0x00000000f7780000,0x00000000f8680000)
 ParOldGen       total 56832K, used 25581K [0x00000000c2400000, 0x00000000c5b80000, 0x00000000eb700000)
  object space 56832K, 45% used [0x00000000c2400000,0x00000000c3cfb4d0,0x00000000c5b80000)
 Metaspace       used 20576K, capacity 21136K, committed 21296K, reserved 1069056K
  class space    used 2441K, capacity 2618K, committed 2688K, reserved 1048576K
}
Event: 8.180 GC heap before
{Heap before GC invocations=12 (full 1):
 PSYoungGen      total 208896K, used 197120K [0x00000000eb700000, 0x00000000f9900000, 0x0000000100000000)
  eden space 197120K, 100% used [0x00000000eb700000,0x00000000f7780000,0x00000000f7780000)
  from space 11776K, 0% used [0x00000000f8680000,0x00000000f8680000,0x00000000f9200000)
  to   space 15360K, 0% used [0x00000000f7780000,0x00000000f7780000,0x00000000f8680000)
 ParOldGen       total 56832K, used 25581K [0x00000000c2400000, 0x00000000c5b80000, 0x00000000eb700000)
  object space 56832K, 45% used [0x00000000c2400000,0x00000000c3cfb4d0,0x00000000c5b80000)
 Metaspace       used 21724K, capacity 22352K, committed 22576K, reserved 1069056K
  class space    used 2497K, capacity 2682K, committed 2688K, reserved 1048576K
Event: 8.483 GC heap after
Heap after GC invocations=12 (full 1):
 PSYoungGen      total 212480K, used 15336K [0x00000000eb700000, 0x00000000ff800000, 0x0000000100000000)
  eden space 197120K, 0% used [0x00000000eb700000,0x00000000eb700000,0x00000000f7780000)
  from space 15360K, 99% used [0x00000000f7780000,0x00000000f867a000,0x00000000f8680000)
  to   space 36864K, 0% used [0x00000000fd400000,0x00000000fd400000,0x00000000ff800000)
 ParOldGen       total 78336K, used 78096K [0x00000000c2400000, 0x00000000c7080000, 0x00000000eb700000)
  object space 78336K, 99% used [0x00000000c2400000,0x00000000c7044150,0x00000000c7080000)
 Metaspace       used 21724K, capacity 22352K, committed 22576K, reserved 1069056K
  class space    used 2497K, capacity 2682K, committed 2688K, reserved 1048576K
}
Event: 8.486 GC heap before
{Heap before GC invocations=13 (full 2):
 PSYoungGen      total 212480K, used 15336K [0x00000000eb700000, 0x00000000ff800000, 0x0000000100000000)
  eden space 197120K, 0% used [0x00000000eb700000,0x00000000eb700000,0x00000000f7780000)
  from space 15360K, 99% used [0x00000000f7780000,0x00000000f867a000,0x00000000f8680000)
  to   space 36864K, 0% used [0x00000000fd400000,0x00000000fd400000,0x00000000ff800000)
 ParOldGen       total 78336K, used 78096K [0x00000000c2400000, 0x00000000c7080000, 0x00000000eb700000)
  object space 78336K, 99% used [0x00000000c2400000,0x00000000c7044150,0x00000000c7080000)
 Metaspace       used 21724K, capacity 22352K, committed 22576K, reserved 1069056K
  class space    used 2497K, capacity 2682K, committed 2688K, reserved 1048576K
Event: 8.989 GC heap after
Heap after GC invocations=13 (full 2):
 PSYoungGen      total 212480K, used 7625K [0x00000000eb700000, 0x00000000ff800000, 0x0000000100000000)
  eden space 197120K, 0% used [0x00000000eb700000,0x00000000eb700000,0x00000000f7780000)
  from space 15360K, 49% used [0x00000000f7780000,0x00000000f7ef25d8,0x00000000f8680000)
  to   space 36864K, 0% used [0x00000000fd400000,0x00000000fd400000,0x00000000ff800000)
 ParOldGen       total 144384K, used 78295K [0x00000000c2400000, 0x00000000cb100000, 0x00000000eb700000)
  object space 144384K, 54% used [0x00000000c2400000,0x00000000c7075dd0,0x00000000cb100000)
 Metaspace       used 21724K, capacity 22352K, committed 22576K, reserved 1069056K
  class space    used 2497K, capacity 2682K, committed 2688K, reserved 1048576K
}
Event: 10.487 GC heap before
{Heap before GC invocations=14 (full 2):
 PSYoungGen      total 212480K, used 204745K [0x00000000eb700000, 0x00000000ff800000, 0x0000000100000000)
  eden space 197120K, 100% used [0x00000000eb700000,0x00000000f7780000,0x00000000f7780000)
  from space 15360K, 49% used [0x00000000f7780000,0x00000000f7ef25d8,0x00000000f8680000)
  to   space 36864K, 0% used [0x00000000fd400000,0x00000000fd400000,0x00000000ff800000)
 ParOldGen       total 144384K, used 78295K [0x00000000c2400000, 0x00000000cb100000, 0x00000000eb700000)
  object space 144384K, 54% used [0x00000000c2400000,0x00000000c7075dd0,0x00000000cb100000)
 Metaspace       used 23032K, capacity 23720K, committed 23936K, reserved 1071104K
  class space    used 2603K, capacity 2818K, committed 2944K, reserved 1048576K
Event: 10.606 GC heap after
Heap after GC invocations=14 (full 2):
 PSYoungGen      total 275456K, used 36863K [0x00000000eb700000, 0x00000000ffd00000, 0x0000000100000000)
  eden space 238592K, 0% used [0x00000000eb700000,0x00000000eb700000,0x00000000fa000000)
  from space 36864K, 99% used [0x00000000fd400000,0x00000000ff7ffcb8,0x00000000ff800000)
  to   space 47616K, 0% used [0x00000000fa000000,0x00000000fa000000,0x00000000fce80000)
 ParOldGen       total 144384K, used 89853K [0x00000000c2400000, 0x00000000cb100000, 0x00000000eb700000)
  object space 144384K, 62% used [0x00000000c2400000,0x00000000c7bbf6a8,0x00000000cb100000)
 Metaspace       used 23032K, capacity 23720K, committed 23936K, reserved 1071104K
  class space    used 2603K, capacity 2818K, committed 2944K, reserved 1048576K
}
Event: 12.730 GC heap before
{Heap before GC invocations=15 (full 2):
 PSYoungGen      total 275456K, used 275455K [0x00000000eb700000, 0x00000000ffd00000, 0x0000000100000000)
  eden space 238592K, 100% used [0x00000000eb700000,0x00000000fa000000,0x00000000fa000000)
  from space 36864K, 99% used [0x00000000fd400000,0x00000000ff7ffcb8,0x00000000ff800000)
  to   space 47616K, 0% used [0x00000000fa000000,0x00000000fa000000,0x00000000fce80000)
 ParOldGen       total 144384K, used 89853K [0x00000000c2400000, 0x00000000cb100000, 0x00000000eb700000)
  object space 144384K, 62% used [0x00000000c2400000,0x00000000c7bbf6a8,0x00000000cb100000)
 Metaspace       used 25004K, capacity 25704K, committed 25856K, reserved 1073152K
  class space    used 2746K, capacity 2946K, committed 3072K, reserved 1048576K
Event: 12.936 GC heap after
Heap after GC invocations=15 (full 2):
 PSYoungGen      total 286208K, used 23879K [0x00000000eb700000, 0x0000000100000000, 0x0000000100000000)
  eden space 238592K, 0% used [0x00000000eb700000,0x00000000eb700000,0x00000000fa000000)
  from space 47616K, 50% used [0x00000000fa000000,0x00000000fb751c40,0x00000000fce80000)
  to   space 47104K, 0% used [0x00000000fd200000,0x00000000fd200000,0x0000000100000000)
 ParOldGen       total 144384K, used 126498K [0x00000000c2400000, 0x00000000cb100000, 0x00000000eb700000)
  object space 144384K, 87% used [0x00000000c2400000,0x00000000c9f88968,0x00000000cb100000)
 Metaspace       used 25004K, capacity 25704K, committed 25856K, reserved 1073152K
  class space    used 2746K, capacity 2946K, committed 3072K, reserved 1048576K
}
Event: 12.936 GC heap before
{Heap before GC invocations=16 (full 3):
 PSYoungGen      total 286208K, used 23879K [0x00000000eb700000, 0x0000000100000000, 0x0000000100000000)
  eden space 238592K, 0% used [0x00000000eb700000,0x00000000eb700000,0x00000000fa000000)
  from space 47616K, 50% used [0x00000000fa000000,0x00000000fb751c40,0x00000000fce80000)
  to   space 47104K, 0% used [0x00000000fd200000,0x00000000fd200000,0x0000000100000000)
 ParOldGen       total 144384K, used 126498K [0x00000000c2400000, 0x00000000cb100000, 0x00000000eb700000)
  object space 144384K, 87% used [0x00000000c2400000,0x00000000c9f88968,0x00000000cb100000)
 Metaspace       used 25004K, capacity 25704K, committed 25856K, reserved 1073152K
  class space    used 2746K, capacity 2946K, committed 3072K, reserved 1048576K

