# JRE version: Java(TM) SE Runtime Environment (8.0_151-b12) (build 1.8.0_151-b12)
# Java VM: Java HotSpot(TM) 64-Bit Server VM (25.151-b12 mixed mode linux-amd64 compressed oops)
Heap:
 PSYoungGen      total 102400K, used 4602K [0x00000000e0f00000, 0x00000000e7800000, 0x0000000100000000)
  eden space 97792K, 0% used [0x00000000e0f00000,0x00000000e0f00000,0x00000000e6e80000)
  from space 4608K, 99% used [0x00000000e6e80000,0x00000000e72fe9b0,0x00000000e7300000)
  to   space 4096K, 0% used [0x00000000e7300000,0x00000000e7300000,0x00000000e7700000)
 ParOldGen       total 64512K, used 3045K [0x00000000a2c00000, 0x00000000a6b00000, 0x00000000e0f00000)
  object space 64512K, 4% used [0x00000000a2c00000,0x00000000a2ef9708,0x00000000a6b00000)
 Metaspace       used 15148K, capacity 16188K, committed 16256K, reserved 1062912K
  class space    used 1658K, capacity 1855K, committed 1920K, reserved 1048576K
GC Heap History (10 events):
Event: 1.701 GC heap after
Heap after GC invocations=2 (full 0):
 PSYoungGen      total 28160K, used 3077K [0x00000000e0f00000, 0x00000000e2e00000, 0x0000000100000000)
  eden space 24576K, 0% used [0x00000000e0f00000,0x00000000e0f00000,0x00000000e2700000)
  from space 3584K, 85% used [0x00000000e2a80000,0x00000000e2d81558,0x00000000e2e00000)
  to   space 3584K, 0% used [0x00000000e2700000,0x00000000e2700000,0x00000000e2a80000)
 ParOldGen       total 64512K, used 0K [0x00000000a2c00000, 0x00000000a6b00000, 0x00000000e0f00000)
  object space 64512K, 0% used [0x00000000a2c00000,0x00000000a2c00000,0x00000000a6b00000)
 Metaspace       used 6041K, capacity 6200K, committed 6400K, reserved 1056768K
  class space    used 650K, capacity 724K, committed 768K, reserved 1048576K
}
Event: 1.968 GC heap before
{Heap before GC invocations=3 (full 0):
 PSYoungGen      total 28160K, used 27653K [0x00000000e0f00000, 0x00000000e2e00000, 0x0000000100000000)
  eden space 24576K, 100% used [0x00000000e0f00000,0x00000000e2700000,0x00000000e2700000)
  from space 3584K, 85% used [0x00000000e2a80000,0x00000000e2d81558,0x00000000e2e00000)
  to   space 3584K, 0% used [0x00000000e2700000,0x00000000e2700000,0x00000000e2a80000)
 ParOldGen       total 64512K, used 0K [0x00000000a2c00000, 0x00000000a6b00000, 0x00000000e0f00000)
  object space 64512K, 0% used [0x00000000a2c00000,0x00000000a2c00000,0x00000000a6b00000)
 Metaspace       used 8389K, capacity 8744K, committed 8832K, reserved 1056768K
  class space    used 961K, capacity 1082K, committed 1152K, reserved 1048576K
Event: 1.983 GC heap after
Heap after GC invocations=3 (full 0):
 PSYoungGen      total 28160K, used 3236K [0x00000000e0f00000, 0x00000000e4600000, 0x0000000100000000)
  eden space 24576K, 0% used [0x00000000e0f00000,0x00000000e0f00000,0x00000000e2700000)
  from space 3584K, 90% used [0x00000000e2700000,0x00000000e2a29020,0x00000000e2a80000)
  to   space 3584K, 0% used [0x00000000e4280000,0x00000000e4280000,0x00000000e4600000)
 ParOldGen       total 64512K, used 0K [0x00000000a2c00000, 0x00000000a6b00000, 0x00000000e0f00000)
  object space 64512K, 0% used [0x00000000a2c00000,0x00000000a2c00000,0x00000000a6b00000)
 Metaspace       used 8389K, capacity 8744K, committed 8832K, reserved 1056768K
  class space    used 961K, capacity 1082K, committed 1152K, reserved 1048576K
}
Event: 2.337 GC heap before
{Heap before GC invocations=4 (full 0):
 PSYoungGen      total 28160K, used 27812K [0x00000000e0f00000, 0x00000000e4600000, 0x0000000100000000)
  eden space 24576K, 100% used [0x00000000e0f00000,0x00000000e2700000,0x00000000e2700000)
  from space 3584K, 90% used [0x00000000e2700000,0x00000000e2a29020,0x00000000e2a80000)
  to   space 3584K, 0% used [0x00000000e4280000,0x00000000e4280000,0x00000000e4600000)
 ParOldGen       total 64512K, used 0K [0x00000000a2c00000, 0x00000000a6b00000, 0x00000000e0f00000)
  object space 64512K, 0% used [0x00000000a2c00000,0x00000000a2c00000,0x00000000a6b00000)
 Metaspace       used 10054K, capacity 10712K, committed 10880K, reserved 1058816K
  class space    used 1194K, capacity 1358K, committed 1408K, reserved 1048576K
Event: 2.348 GC heap after
Heap after GC invocations=4 (full 0):
 PSYoungGen      total 52736K, used 3571K [0x00000000e0f00000, 0x00000000e4600000, 0x0000000100000000)
  eden space 49152K, 0% used [0x00000000e0f00000,0x00000000e0f00000,0x00000000e3f00000)
  from space 3584K, 99% used [0x00000000e4280000,0x00000000e45fcf08,0x00000000e4600000)
  to   space 3584K, 0% used [0x00000000e3f00000,0x00000000e3f00000,0x00000000e4280000)
 ParOldGen       total 64512K, used 464K [0x00000000a2c00000, 0x00000000a6b00000, 0x00000000e0f00000)
  object space 64512K, 0% used [0x00000000a2c00000,0x00000000a2c740b0,0x00000000a6b00000)
 Metaspace       used 10054K, capacity 10712K, committed 10880K, reserved 1058816K
  class space    used 1194K, capacity 1358K, committed 1408K, reserved 1048576K
}
Event: 2.776 GC heap before
{Heap before GC invocations=5 (full 0):
 PSYoungGen      total 52736K, used 52723K [0x00000000e0f00000, 0x00000000e4600000, 0x0000000100000000)
  eden space 49152K, 100% used [0x00000000e0f00000,0x00000000e3f00000,0x00000000e3f00000)
  from space 3584K, 99% used [0x00000000e4280000,0x00000000e45fcf08,0x00000000e4600000)
  to   space 3584K, 0% used [0x00000000e3f00000,0x00000000e3f00000,0x00000000e4280000)
 ParOldGen       total 64512K, used 464K [0x00000000a2c00000, 0x00000000a6b00000, 0x00000000e0f00000)
  object space 64512K, 0% used [0x00000000a2c00000,0x00000000a2c740b0,0x00000000a6b00000)
 Metaspace       used 11320K, capacity 12002K, committed 12288K, reserved 1060864K
  class space    used 1267K, capacity 1427K, committed 1536K, reserved 1048576K
Event: 2.791 GC heap after
Heap after GC invocations=5 (full 0):
 PSYoungGen      total 52736K, used 3457K [0x00000000e0f00000, 0x00000000e7700000, 0x0000000100000000)
  eden space 49152K, 0% used [0x00000000e0f00000,0x00000000e0f00000,0x00000000e3f00000)
  from space 3584K, 96% used [0x00000000e3f00000,0x00000000e42606a0,0x00000000e4280000)
  to   space 4096K, 0% used [0x00000000e7300000,0x00000000e7300000,0x00000000e7700000)
 ParOldGen       total 64512K, used 464K [0x00000000a2c00000, 0x00000000a6b00000, 0x00000000e0f00000)
  object space 64512K, 0% used [0x00000000a2c00000,0x00000000a2c740b0,0x00000000a6b00000)
 Metaspace       used 11320K, capacity 12002K, committed 12288K, reserved 1060864K
  class space    used 1267K, capacity 1427K, committed 1536K, reserved 1048576K
}
Event: 3.212 GC heap before
{Heap before GC invocations=6 (full 0):
 PSYoungGen      total 52736K, used 52609K [0x00000000e0f00000, 0x00000000e7700000, 0x0000000100000000)
  eden space 49152K, 100% used [0x00000000e0f00000,0x00000000e3f00000,0x00000000e3f00000)
  from space 3584K, 96% used [0x00000000e3f00000,0x00000000e42606a0,0x00000000e4280000)
  to   space 4096K, 0% used [0x00000000e7300000,0x00000000e7300000,0x00000000e7700000)
 ParOldGen       total 64512K, used 464K [0x00000000a2c00000, 0x00000000a6b00000, 0x00000000e0f00000)
  object space 64512K, 0% used [0x00000000a2c00000,0x00000000a2c740b0,0x00000000a6b00000)
 Metaspace       used 12813K, capacity 13544K, committed 13696K, reserved 1060864K
  class space    used 1417K, capacity 1574K, committed 1664K, reserved 1048576K
Event: 3.221 GC heap after
Heap after GC invocations=6 (full 0):
 PSYoungGen      total 101888K, used 3975K [0x00000000e0f00000, 0x00000000e7800000, 0x0000000100000000)
  eden space 97792K, 0% used [0x00000000e0f00000,0x00000000e0f00000,0x00000000e6e80000)
  from space 4096K, 97% used [0x00000000e7300000,0x00000000e76e1c50,0x00000000e7700000)
  to   space 4608K, 0% used [0x00000000e6e80000,0x00000000e6e80000,0x00000000e7300000)
 ParOldGen       total 64512K, used 464K [0x00000000a2c00000, 0x00000000a6b00000, 0x00000000e0f00000)
  object space 64512K, 0% used [0x00000000a2c00000,0x00000000a2c740b0,0x00000000a6b00000)
 Metaspace       used 12813K, capacity 13544K, committed 13696K, reserved 1060864K
  class space    used 1417K, capacity 1574K, committed 1664K, reserved 1048576K
}
Event: 3.932 GC heap before
{Heap before GC invocations=7 (full 0):
 PSYoungGen      total 101888K, used 101767K [0x00000000e0f00000, 0x00000000e7800000, 0x0000000100000000)
  eden space 97792K, 100% used [0x00000000e0f00000,0x00000000e6e80000,0x00000000e6e80000)
  from space 4096K, 97% used [0x00000000e7300000,0x00000000e76e1c50,0x00000000e7700000)
  to   space 4608K, 0% used [0x00000000e6e80000,0x00000000e6e80000,0x00000000e7300000)
 ParOldGen       total 64512K, used 464K [0x00000000a2c00000, 0x00000000a6b00000, 0x00000000e0f00000)
  object space 64512K, 0% used [0x00000000a2c00000,0x00000000a2c740b0,0x00000000a6b00000)
 Metaspace       used 15148K, capacity 16188K, committed 16256K, reserved 1062912K
  class space    used 1658K, capacity 1855K, committed 1920K, reserved 1048576K

