# JRE version: Java(TM) SE Runtime Environment (8.0_144-b01) (build 1.8.0_144-b01)
# Java VM: Java HotSpot(TM) 64-Bit Server VM (25.144-b01 mixed mode linux-amd64 compressed oops)
Heap:
 PSYoungGen      total 103936K, used 153K [0x00000000eb700000, 0x00000000f2100000, 0x0000000100000000)
  eden space 99840K, 0% used [0x00000000eb700000,0x00000000eb700000,0x00000000f1880000)
  from space 4096K, 3% used [0x00000000f1880000,0x00000000f18a6770,0x00000000f1c80000)
  to   space 3584K, 0% used [0x00000000f1c80000,0x00000000f1c80000,0x00000000f2000000)
 ParOldGen       total 42496K, used 5036K [0x00000000c2400000, 0x00000000c4d80000, 0x00000000eb700000)
  object space 42496K, 11% used [0x00000000c2400000,0x00000000c28eb190,0x00000000c4d80000)
 Metaspace       used 15826K, capacity 16052K, committed 16384K, reserved 1064960K
  class space    used 1616K, capacity 1712K, committed 1792K, reserved 1048576K
GC Heap History (10 events):
Event: 1.742 GC heap after
Heap after GC invocations=6 (full 0):
 PSYoungGen      total 34304K, used 3064K [0x00000000eb700000, 0x00000000edd00000, 0x0000000100000000)
  eden space 31232K, 0% used [0x00000000eb700000,0x00000000eb700000,0x00000000ed580000)
  from space 3072K, 99% used [0x00000000ed900000,0x00000000edbfe140,0x00000000edc00000)
  to   space 3584K, 0% used [0x00000000ed580000,0x00000000ed580000,0x00000000ed900000)
 ParOldGen       total 42496K, used 308K [0x00000000c2400000, 0x00000000c4d80000, 0x00000000eb700000)
  object space 42496K, 0% used [0x00000000c2400000,0x00000000c244d080,0x00000000c4d80000)
 Metaspace       used 10203K, capacity 10408K, committed 10624K, reserved 1058816K
  class space    used 1030K, capacity 1050K, committed 1152K, reserved 1048576K
}
Event: 3.537 GC heap before
{Heap before GC invocations=7 (full 0):
 PSYoungGen      total 34304K, used 34296K [0x00000000eb700000, 0x00000000edd00000, 0x0000000100000000)
  eden space 31232K, 100% used [0x00000000eb700000,0x00000000ed580000,0x00000000ed580000)
  from space 3072K, 99% used [0x00000000ed900000,0x00000000edbfe140,0x00000000edc00000)
  to   space 3584K, 0% used [0x00000000ed580000,0x00000000ed580000,0x00000000ed900000)
 ParOldGen       total 42496K, used 308K [0x00000000c2400000, 0x00000000c4d80000, 0x00000000eb700000)
  object space 42496K, 0% used [0x00000000c2400000,0x00000000c244d080,0x00000000c4d80000)
 Metaspace       used 12656K, capacity 12892K, committed 13184K, reserved 1060864K
  class space    used 1244K, capacity 1324K, committed 1408K, reserved 1048576K
Event: 3.579 GC heap after
Heap after GC invocations=7 (full 0):
 PSYoungGen      total 34816K, used 2491K [0x00000000eb700000, 0x00000000efb00000, 0x0000000100000000)
  eden space 31232K, 0% used [0x00000000eb700000,0x00000000eb700000,0x00000000ed580000)
  from space 3584K, 69% used [0x00000000ed580000,0x00000000ed7eef50,0x00000000ed900000)
  to   space 3584K, 0% used [0x00000000ef780000,0x00000000ef780000,0x00000000efb00000)
 ParOldGen       total 42496K, used 1881K [0x00000000c2400000, 0x00000000c4d80000, 0x00000000eb700000)
  object space 42496K, 4% used [0x00000000c2400000,0x00000000c25d66d0,0x00000000c4d80000)
 Metaspace       used 12656K, capacity 12892K, committed 13184K, reserved 1060864K
  class space    used 1244K, capacity 1324K, committed 1408K, reserved 1048576K
}
Event: 5.294 GC heap before
{Heap before GC invocations=8 (full 0):
 PSYoungGen      total 34816K, used 33723K [0x00000000eb700000, 0x00000000efb00000, 0x0000000100000000)
  eden space 31232K, 100% used [0x00000000eb700000,0x00000000ed580000,0x00000000ed580000)
  from space 3584K, 69% used [0x00000000ed580000,0x00000000ed7eef50,0x00000000ed900000)
  to   space 3584K, 0% used [0x00000000ef780000,0x00000000ef780000,0x00000000efb00000)
 ParOldGen       total 42496K, used 1881K [0x00000000c2400000, 0x00000000c4d80000, 0x00000000eb700000)
  object space 42496K, 4% used [0x00000000c2400000,0x00000000c25d66d0,0x00000000c4d80000)
 Metaspace       used 13911K, capacity 14204K, committed 14336K, reserved 1062912K
  class space    used 1389K, capacity 1484K, committed 1536K, reserved 1048576K
Event: 5.303 GC heap after
Heap after GC invocations=8 (full 0):
 PSYoungGen      total 66048K, used 2857K [0x00000000eb700000, 0x00000000efb00000, 0x0000000100000000)
  eden space 62464K, 0% used [0x00000000eb700000,0x00000000eb700000,0x00000000ef400000)
  from space 3584K, 79% used [0x00000000ef780000,0x00000000efa4a708,0x00000000efb00000)
  to   space 3584K, 0% used [0x00000000ef400000,0x00000000ef400000,0x00000000ef780000)
 ParOldGen       total 42496K, used 2217K [0x00000000c2400000, 0x00000000c4d80000, 0x00000000eb700000)
  object space 42496K, 5% used [0x00000000c2400000,0x00000000c262a6d0,0x00000000c4d80000)
 Metaspace       used 13911K, capacity 14204K, committed 14336K, reserved 1062912K
  class space    used 1389K, capacity 1484K, committed 1536K, reserved 1048576K
}
Event: 8.716 GC heap before
{Heap before GC invocations=9 (full 0):
 PSYoungGen      total 66048K, used 65321K [0x00000000eb700000, 0x00000000efb00000, 0x0000000100000000)
  eden space 62464K, 100% used [0x00000000eb700000,0x00000000ef400000,0x00000000ef400000)
  from space 3584K, 79% used [0x00000000ef780000,0x00000000efa4a708,0x00000000efb00000)
  to   space 3584K, 0% used [0x00000000ef400000,0x00000000ef400000,0x00000000ef780000)
 ParOldGen       total 42496K, used 2217K [0x00000000c2400000, 0x00000000c4d80000, 0x00000000eb700000)
  object space 42496K, 5% used [0x00000000c2400000,0x00000000c262a6d0,0x00000000c4d80000)
 Metaspace       used 15824K, capacity 16052K, committed 16384K, reserved 1064960K
  class space    used 1616K, capacity 1712K, committed 1792K, reserved 1048576K
Event: 8.739 GC heap after
Heap after GC invocations=9 (full 0):
 PSYoungGen      total 66048K, used 3311K [0x00000000eb700000, 0x00000000f2000000, 0x0000000100000000)
  eden space 62464K, 0% used [0x00000000eb700000,0x00000000eb700000,0x00000000ef400000)
  from space 3584K, 92% used [0x00000000ef400000,0x00000000ef73be30,0x00000000ef780000)
  to   space 3584K, 0% used [0x00000000f1c80000,0x00000000f1c80000,0x00000000f2000000)
 ParOldGen       total 42496K, used 2945K [0x00000000c2400000, 0x00000000c4d80000, 0x00000000eb700000)
  object space 42496K, 6% used [0x00000000c2400000,0x00000000c26e0710,0x00000000c4d80000)
 Metaspace       used 15824K, capacity 16052K, committed 16384K, reserved 1064960K
  class space    used 1616K, capacity 1712K, committed 1792K, reserved 1048576K
}
Event: 8.757 GC heap before
{Heap before GC invocations=10 (full 0):
 PSYoungGen      total 66048K, used 65716K [0x00000000eb700000, 0x00000000f2000000, 0x0000000100000000)
  eden space 62464K, 99% used [0x00000000eb700000,0x00000000ef3f1320,0x00000000ef400000)
  from space 3584K, 92% used [0x00000000ef400000,0x00000000ef73be30,0x00000000ef780000)
  to   space 3584K, 0% used [0x00000000f1c80000,0x00000000f1c80000,0x00000000f2000000)
 ParOldGen       total 42496K, used 2945K [0x00000000c2400000, 0x00000000c4d80000, 0x00000000eb700000)
  object space 42496K, 6% used [0x00000000c2400000,0x00000000c26e0710,0x00000000c4d80000)
 Metaspace       used 15826K, capacity 16052K, committed 16384K, reserved 1064960K
  class space    used 1616K, capacity 1712K, committed 1792K, reserved 1048576K
Event: 8.764 GC heap after
Heap after GC invocations=10 (full 0):
 PSYoungGen      total 103424K, used 841K [0x00000000eb700000, 0x00000000f2100000, 0x0000000100000000)
  eden space 99840K, 0% used [0x00000000eb700000,0x00000000eb700000,0x00000000f1880000)
  from space 3584K, 23% used [0x00000000f1c80000,0x00000000f1d52730,0x00000000f2000000)
  to   space 4096K, 0% used [0x00000000f1880000,0x00000000f1880000,0x00000000f1c80000)
 ParOldGen       total 42496K, used 4302K [0x00000000c2400000, 0x00000000c4d80000, 0x00000000eb700000)
  object space 42496K, 10% used [0x00000000c2400000,0x00000000c2833890,0x00000000c4d80000)
 Metaspace       used 15826K, capacity 16052K, committed 16384K, reserved 1064960K
  class space    used 1616K, capacity 1712K, committed 1792K, reserved 1048576K
}
Event: 8.826 GC heap before
{Heap before GC invocations=11 (full 0):
 PSYoungGen      total 103424K, used 100573K [0x00000000eb700000, 0x00000000f2100000, 0x0000000100000000)
  eden space 99840K, 99% used [0x00000000eb700000,0x00000000f1864eb8,0x00000000f1880000)
  from space 3584K, 23% used [0x00000000f1c80000,0x00000000f1d52730,0x00000000f2000000)
  to   space 4096K, 0% used [0x00000000f1880000,0x00000000f1880000,0x00000000f1c80000)
 ParOldGen       total 42496K, used 4302K [0x00000000c2400000, 0x00000000c4d80000, 0x00000000eb700000)
  object space 42496K, 10% used [0x00000000c2400000,0x00000000c2833890,0x00000000c4d80000)
 Metaspace       used 15826K, capacity 16052K, committed 16384K, reserved 1064960K
  class space    used 1616K, capacity 1712K, committed 1792K, reserved 1048576K

