# JRE version: Java(TM) SE Runtime Environment (8.0_144-b01) (build 1.8.0_144-b01)
# Java VM: Java HotSpot(TM) 64-Bit Server VM (25.144-b01 mixed mode linux-amd64 compressed oops)
Heap:
 PSYoungGen      total 214528K, used 12792K [0x00000000eb700000, 0x00000000f9600000, 0x0000000100000000)
  eden space 201728K, 0% used [0x00000000eb700000,0x00000000eb700000,0x00000000f7c00000)
  from space 12800K, 99% used [0x00000000f7c00000,0x00000000f887e070,0x00000000f8880000)
  to   space 11776K, 0% used [0x00000000f8880000,0x00000000f8880000,0x00000000f9400000)
 ParOldGen       total 78848K, used 78741K [0x00000000c2400000, 0x00000000c7100000, 0x00000000eb700000)
  object space 78848K, 99% used [0x00000000c2400000,0x00000000c70e5588,0x00000000c7100000)
 Metaspace       used 21829K, capacity 22416K, committed 22576K, reserved 1069056K
  class space    used 2498K, capacity 2682K, committed 2688K, reserved 1048576K
GC Heap History (10 events):
Event: 2.590 GC heap after
Heap after GC invocations=7 (full 0):
 PSYoungGen      total 69632K, used 6128K [0x00000000eb700000, 0x00000000f4200000, 0x0000000100000000)
  eden space 63488K, 0% used [0x00000000eb700000,0x00000000eb700000,0x00000000ef500000)
  from space 6144K, 99% used [0x00000000ef500000,0x00000000efafc030,0x00000000efb00000)
  to   space 7680K, 0% used [0x00000000f3a80000,0x00000000f3a80000,0x00000000f4200000)
 ParOldGen       total 42496K, used 8580K [0x00000000c2400000, 0x00000000c4d80000, 0x00000000eb700000)
  object space 42496K, 20% used [0x00000000c2400000,0x00000000c2c61380,0x00000000c4d80000)
 Metaspace       used 14007K, capacity 14356K, committed 14592K, reserved 1062912K
  class space    used 1642K, capacity 1766K, committed 1792K, reserved 1048576K
}
Event: 2.973 GC heap before
{Heap before GC invocations=8 (full 0):
 PSYoungGen      total 69632K, used 69616K [0x00000000eb700000, 0x00000000f4200000, 0x0000000100000000)
  eden space 63488K, 100% used [0x00000000eb700000,0x00000000ef500000,0x00000000ef500000)
  from space 6144K, 99% used [0x00000000ef500000,0x00000000efafc030,0x00000000efb00000)
  to   space 7680K, 0% used [0x00000000f3a80000,0x00000000f3a80000,0x00000000f4200000)
 ParOldGen       total 42496K, used 8580K [0x00000000c2400000, 0x00000000c4d80000, 0x00000000eb700000)
  object space 42496K, 20% used [0x00000000c2400000,0x00000000c2c61380,0x00000000c4d80000)
 Metaspace       used 14315K, capacity 14694K, committed 14848K, reserved 1062912K
  class space    used 1646K, capacity 1769K, committed 1792K, reserved 1048576K
Event: 2.993 GC heap after
Heap after GC invocations=8 (full 0):
 PSYoungGen      total 134144K, used 7511K [0x00000000eb700000, 0x00000000f4300000, 0x0000000100000000)
  eden space 126464K, 0% used [0x00000000eb700000,0x00000000eb700000,0x00000000f3280000)
  from space 7680K, 97% used [0x00000000f3a80000,0x00000000f41d5cc0,0x00000000f4200000)
  to   space 8192K, 0% used [0x00000000f3280000,0x00000000f3280000,0x00000000f3a80000)
 ParOldGen       total 42496K, used 9798K [0x00000000c2400000, 0x00000000c4d80000, 0x00000000eb700000)
  object space 42496K, 23% used [0x00000000c2400000,0x00000000c2d91bb0,0x00000000c4d80000)
 Metaspace       used 14315K, capacity 14694K, committed 14848K, reserved 1062912K
  class space    used 1646K, capacity 1769K, committed 1792K, reserved 1048576K
}
Event: 4.004 GC heap before
{Heap before GC invocations=9 (full 0):
 PSYoungGen      total 134144K, used 133975K [0x00000000eb700000, 0x00000000f4300000, 0x0000000100000000)
  eden space 126464K, 100% used [0x00000000eb700000,0x00000000f3280000,0x00000000f3280000)
  from space 7680K, 97% used [0x00000000f3a80000,0x00000000f41d5cc0,0x00000000f4200000)
  to   space 8192K, 0% used [0x00000000f3280000,0x00000000f3280000,0x00000000f3a80000)
 ParOldGen       total 42496K, used 9798K [0x00000000c2400000, 0x00000000c4d80000, 0x00000000eb700000)
  object space 42496K, 23% used [0x00000000c2400000,0x00000000c2d91bb0,0x00000000c4d80000)
 Metaspace       used 16361K, capacity 16852K, committed 16896K, reserved 1064960K
  class space    used 1881K, capacity 2018K, committed 2048K, reserved 1048576K
Event: 4.030 GC heap after
Heap after GC invocations=9 (full 0):
 PSYoungGen      total 134656K, used 8192K [0x00000000eb700000, 0x00000000f9400000, 0x0000000100000000)
  eden space 126464K, 0% used [0x00000000eb700000,0x00000000eb700000,0x00000000f3280000)
  from space 8192K, 100% used [0x00000000f3280000,0x00000000f3a80000,0x00000000f3a80000)
  to   space 11776K, 0% used [0x00000000f8880000,0x00000000f8880000,0x00000000f9400000)
 ParOldGen       total 42496K, used 15613K [0x00000000c2400000, 0x00000000c4d80000, 0x00000000eb700000)
  object space 42496K, 36% used [0x00000000c2400000,0x00000000c333f5a0,0x00000000c4d80000)
 Metaspace       used 16361K, capacity 16852K, committed 16896K, reserved 1064960K
  class space    used 1881K, capacity 2018K, committed 2048K, reserved 1048576K
}
Event: 4.536 GC heap before
{Heap before GC invocations=10 (full 0):
 PSYoungGen      total 134656K, used 111229K [0x00000000eb700000, 0x00000000f9400000, 0x0000000100000000)
  eden space 126464K, 81% used [0x00000000eb700000,0x00000000f1b9f6b0,0x00000000f3280000)
  from space 8192K, 100% used [0x00000000f3280000,0x00000000f3a80000,0x00000000f3a80000)
  to   space 11776K, 0% used [0x00000000f8880000,0x00000000f8880000,0x00000000f9400000)
 ParOldGen       total 42496K, used 15613K [0x00000000c2400000, 0x00000000c4d80000, 0x00000000eb700000)
  object space 42496K, 36% used [0x00000000c2400000,0x00000000c333f5a0,0x00000000c4d80000)
 Metaspace       used 20588K, capacity 21136K, committed 21296K, reserved 1069056K
  class space    used 2439K, capacity 2618K, committed 2688K, reserved 1048576K
Event: 4.567 GC heap after
Heap after GC invocations=10 (full 0):
 PSYoungGen      total 213504K, used 10493K [0x00000000eb700000, 0x00000000f9600000, 0x0000000100000000)
  eden space 201728K, 0% used [0x00000000eb700000,0x00000000eb700000,0x00000000f7c00000)
  from space 11776K, 89% used [0x00000000f8880000,0x00000000f92bf6e8,0x00000000f9400000)
  to   space 12800K, 0% used [0x00000000f7c00000,0x00000000f7c00000,0x00000000f8880000)
 ParOldGen       total 42496K, used 19669K [0x00000000c2400000, 0x00000000c4d80000, 0x00000000eb700000)
  object space 42496K, 46% used [0x00000000c2400000,0x00000000c37355a0,0x00000000c4d80000)
 Metaspace       used 20588K, capacity 21136K, committed 21296K, reserved 1069056K
  class space    used 2439K, capacity 2618K, committed 2688K, reserved 1048576K
}
Event: 4.567 GC heap before
{Heap before GC invocations=11 (full 1):
 PSYoungGen      total 213504K, used 10493K [0x00000000eb700000, 0x00000000f9600000, 0x0000000100000000)
  eden space 201728K, 0% used [0x00000000eb700000,0x00000000eb700000,0x00000000f7c00000)
  from space 11776K, 89% used [0x00000000f8880000,0x00000000f92bf6e8,0x00000000f9400000)
  to   space 12800K, 0% used [0x00000000f7c00000,0x00000000f7c00000,0x00000000f8880000)
 ParOldGen       total 42496K, used 19669K [0x00000000c2400000, 0x00000000c4d80000, 0x00000000eb700000)
  object space 42496K, 46% used [0x00000000c2400000,0x00000000c37355a0,0x00000000c4d80000)
 Metaspace       used 20588K, capacity 21136K, committed 21296K, reserved 1069056K
  class space    used 2439K, capacity 2618K, committed 2688K, reserved 1048576K
Event: 4.670 GC heap after
Heap after GC invocations=11 (full 1):
 PSYoungGen      total 213504K, used 0K [0x00000000eb700000, 0x00000000f9600000, 0x0000000100000000)
  eden space 201728K, 0% used [0x00000000eb700000,0x00000000eb700000,0x00000000f7c00000)
  from space 11776K, 0% used [0x00000000f8880000,0x00000000f8880000,0x00000000f9400000)
  to   space 12800K, 0% used [0x00000000f7c00000,0x00000000f7c00000,0x00000000f8880000)
 ParOldGen       total 50688K, used 23337K [0x00000000c2400000, 0x00000000c5580000, 0x00000000eb700000)
  object space 50688K, 46% used [0x00000000c2400000,0x00000000c3aca560,0x00000000c5580000)
 Metaspace       used 20588K, capacity 21136K, committed 21296K, reserved 1069056K
  class space    used 2439K, capacity 2618K, committed 2688K, reserved 1048576K
}
Event: 6.467 GC heap before
{Heap before GC invocations=12 (full 1):
 PSYoungGen      total 213504K, used 201728K [0x00000000eb700000, 0x00000000f9600000, 0x0000000100000000)
  eden space 201728K, 100% used [0x00000000eb700000,0x00000000f7c00000,0x00000000f7c00000)
  from space 11776K, 0% used [0x00000000f8880000,0x00000000f8880000,0x00000000f9400000)
  to   space 12800K, 0% used [0x00000000f7c00000,0x00000000f7c00000,0x00000000f8880000)
 ParOldGen       total 50688K, used 23337K [0x00000000c2400000, 0x00000000c5580000, 0x00000000eb700000)
  object space 50688K, 46% used [0x00000000c2400000,0x00000000c3aca560,0x00000000c5580000)
 Metaspace       used 21829K, capacity 22416K, committed 22576K, reserved 1069056K
  class space    used 2498K, capacity 2682K, committed 2688K, reserved 1048576K

