# JRE version: Java(TM) SE Runtime Environment (8.0_144-b01) (build 1.8.0_144-b01)
# Java VM: Java HotSpot(TM) 64-Bit Server VM (25.144-b01 mixed mode linux-amd64 compressed oops)
Heap:
 PSYoungGen      total 207360K, used 2044K [0x00000000eb700000, 0x00000000f8700000, 0x0000000100000000)
  eden space 201728K, 0% used [0x00000000eb700000,0x00000000eb700000,0x00000000f7c00000)
  from space 5632K, 36% used [0x00000000f7c00000,0x00000000f7dff2a8,0x00000000f8180000)
  to   space 5632K, 0% used [0x00000000f8180000,0x00000000f8180000,0x00000000f8700000)
 ParOldGen       total 42496K, used 6619K [0x00000000c2400000, 0x00000000c4d80000, 0x00000000eb700000)
  object space 42496K, 15% used [0x00000000c2400000,0x00000000c2a76c80,0x00000000c4d80000)
 Metaspace       used 20800K, capacity 21040K, committed 21248K, reserved 1069056K
  class space    used 2194K, capacity 2266K, committed 2304K, reserved 1048576K
GC Heap History (10 events):
Event: 2.399 GC heap after
Heap after GC invocations=6 (full 0):
 PSYoungGen      total 66560K, used 3573K [0x00000000eb700000, 0x00000000efd00000, 0x0000000100000000)
  eden space 62976K, 0% used [0x00000000eb700000,0x00000000eb700000,0x00000000ef480000)
  from space 3584K, 99% used [0x00000000ef880000,0x00000000efbfd418,0x00000000efc00000)
  to   space 4096K, 0% used [0x00000000ef480000,0x00000000ef480000,0x00000000ef880000)
 ParOldGen       total 42496K, used 1008K [0x00000000c2400000, 0x00000000c4d80000, 0x00000000eb700000)
  object space 42496K, 2% used [0x00000000c2400000,0x00000000c24fc308,0x00000000c4d80000)
 Metaspace       used 12616K, capacity 12892K, committed 13184K, reserved 1060864K
  class space    used 1250K, capacity 1324K, committed 1408K, reserved 1048576K
}
Event: 3.002 GC heap before
{Heap before GC invocations=7 (full 0):
 PSYoungGen      total 66560K, used 66549K [0x00000000eb700000, 0x00000000efd00000, 0x0000000100000000)
  eden space 62976K, 100% used [0x00000000eb700000,0x00000000ef480000,0x00000000ef480000)
  from space 3584K, 99% used [0x00000000ef880000,0x00000000efbfd418,0x00000000efc00000)
  to   space 4096K, 0% used [0x00000000ef480000,0x00000000ef480000,0x00000000ef880000)
 ParOldGen       total 42496K, used 1008K [0x00000000c2400000, 0x00000000c4d80000, 0x00000000eb700000)
  object space 42496K, 2% used [0x00000000c2400000,0x00000000c24fc308,0x00000000c4d80000)
 Metaspace       used 15028K, capacity 15246K, committed 15488K, reserved 1062912K
  class space    used 1541K, capacity 1615K, committed 1664K, reserved 1048576K
Event: 3.030 GC heap after
Heap after GC invocations=7 (full 0):
 PSYoungGen      total 67072K, used 4076K [0x00000000eb700000, 0x00000000f3d00000, 0x0000000100000000)
  eden space 62976K, 0% used [0x00000000eb700000,0x00000000eb700000,0x00000000ef480000)
  from space 4096K, 99% used [0x00000000ef480000,0x00000000ef87b3f0,0x00000000ef880000)
  to   space 5632K, 0% used [0x00000000f3780000,0x00000000f3780000,0x00000000f3d00000)
 ParOldGen       total 42496K, used 2733K [0x00000000c2400000, 0x00000000c4d80000, 0x00000000eb700000)
  object space 42496K, 6% used [0x00000000c2400000,0x00000000c26ab7d0,0x00000000c4d80000)
 Metaspace       used 15028K, capacity 15246K, committed 15488K, reserved 1062912K
  class space    used 1541K, capacity 1615K, committed 1664K, reserved 1048576K
}
Event: 3.408 GC heap before
{Heap before GC invocations=8 (full 0):
 PSYoungGen      total 67072K, used 67018K [0x00000000eb700000, 0x00000000f3d00000, 0x0000000100000000)
  eden space 62976K, 99% used [0x00000000eb700000,0x00000000ef477480,0x00000000ef480000)
  from space 4096K, 99% used [0x00000000ef480000,0x00000000ef87b3f0,0x00000000ef880000)
  to   space 5632K, 0% used [0x00000000f3780000,0x00000000f3780000,0x00000000f3d00000)
 ParOldGen       total 42496K, used 2733K [0x00000000c2400000, 0x00000000c4d80000, 0x00000000eb700000)
  object space 42496K, 6% used [0x00000000c2400000,0x00000000c26ab7d0,0x00000000c4d80000)
 Metaspace       used 15824K, capacity 16020K, committed 16384K, reserved 1064960K
  class space    used 1611K, capacity 1680K, committed 1792K, reserved 1048576K
Event: 3.415 GC heap after
Heap after GC invocations=8 (full 0):
 PSYoungGen      total 130560K, used 3064K [0x00000000eb700000, 0x00000000f3c00000, 0x0000000100000000)
  eden space 125952K, 0% used [0x00000000eb700000,0x00000000eb700000,0x00000000f3200000)
  from space 4608K, 66% used [0x00000000f3780000,0x00000000f3a7e0f8,0x00000000f3c00000)
  to   space 5120K, 0% used [0x00000000f3200000,0x00000000f3200000,0x00000000f3700000)
 ParOldGen       total 42496K, used 3045K [0x00000000c2400000, 0x00000000c4d80000, 0x00000000eb700000)
  object space 42496K, 7% used [0x00000000c2400000,0x00000000c26f97d0,0x00000000c4d80000)
 Metaspace       used 15824K, capacity 16020K, committed 16384K, reserved 1064960K
  class space    used 1611K, capacity 1680K, committed 1792K, reserved 1048576K
}
Event: 3.477 GC heap before
{Heap before GC invocations=9 (full 0):
 PSYoungGen      total 130560K, used 129004K [0x00000000eb700000, 0x00000000f3c00000, 0x0000000100000000)
  eden space 125952K, 99% used [0x00000000eb700000,0x00000000f31fcf58,0x00000000f3200000)
  from space 4608K, 66% used [0x00000000f3780000,0x00000000f3a7e0f8,0x00000000f3c00000)
  to   space 5120K, 0% used [0x00000000f3200000,0x00000000f3200000,0x00000000f3700000)
 ParOldGen       total 42496K, used 3045K [0x00000000c2400000, 0x00000000c4d80000, 0x00000000eb700000)
  object space 42496K, 7% used [0x00000000c2400000,0x00000000c26f97d0,0x00000000c4d80000)
 Metaspace       used 15824K, capacity 16020K, committed 16384K, reserved 1064960K
  class space    used 1611K, capacity 1680K, committed 1792K, reserved 1048576K
Event: 3.496 GC heap after
Heap after GC invocations=9 (full 0):
 PSYoungGen      total 131072K, used 1216K [0x00000000eb700000, 0x00000000f8700000, 0x0000000100000000)
  eden space 125952K, 0% used [0x00000000eb700000,0x00000000eb700000,0x00000000f3200000)
  from space 5120K, 23% used [0x00000000f3200000,0x00000000f3330128,0x00000000f3700000)
  to   space 5632K, 0% used [0x00000000f8180000,0x00000000f8180000,0x00000000f8700000)
 ParOldGen       total 42496K, used 4709K [0x00000000c2400000, 0x00000000c4d80000, 0x00000000eb700000)
  object space 42496K, 11% used [0x00000000c2400000,0x00000000c2899570,0x00000000c4d80000)
 Metaspace       used 15824K, capacity 16020K, committed 16384K, reserved 1064960K
  class space    used 1611K, capacity 1680K, committed 1792K, reserved 1048576K
}
Event: 4.634 GC heap before
{Heap before GC invocations=10 (full 0):
 PSYoungGen      total 131072K, used 127168K [0x00000000eb700000, 0x00000000f8700000, 0x0000000100000000)
  eden space 125952K, 100% used [0x00000000eb700000,0x00000000f3200000,0x00000000f3200000)
  from space 5120K, 23% used [0x00000000f3200000,0x00000000f3330128,0x00000000f3700000)
  to   space 5632K, 0% used [0x00000000f8180000,0x00000000f8180000,0x00000000f8700000)
 ParOldGen       total 42496K, used 4709K [0x00000000c2400000, 0x00000000c4d80000, 0x00000000eb700000)
  object space 42496K, 11% used [0x00000000c2400000,0x00000000c2899570,0x00000000c4d80000)
 Metaspace       used 17549K, capacity 17776K, committed 18048K, reserved 1064960K
  class space    used 1815K, capacity 1882K, committed 1920K, reserved 1048576K
Event: 4.646 GC heap after
Heap after GC invocations=10 (full 0):
 PSYoungGen      total 207360K, used 1627K [0x00000000eb700000, 0x00000000f8700000, 0x0000000100000000)
  eden space 201728K, 0% used [0x00000000eb700000,0x00000000eb700000,0x00000000f7c00000)
  from space 5632K, 28% used [0x00000000f8180000,0x00000000f8316dc0,0x00000000f8700000)
  to   space 5632K, 0% used [0x00000000f7c00000,0x00000000f7c00000,0x00000000f8180000)
 ParOldGen       total 42496K, used 5722K [0x00000000c2400000, 0x00000000c4d80000, 0x00000000eb700000)
  object space 42496K, 13% used [0x00000000c2400000,0x00000000c2996878,0x00000000c4d80000)
 Metaspace       used 17549K, capacity 17776K, committed 18048K, reserved 1064960K
  class space    used 1815K, capacity 1882K, committed 1920K, reserved 1048576K
}
Event: 5.161 GC heap before
{Heap before GC invocations=11 (full 0):
 PSYoungGen      total 207360K, used 45727K [0x00000000eb700000, 0x00000000f8700000, 0x0000000100000000)
  eden space 201728K, 21% used [0x00000000eb700000,0x00000000ee2111d8,0x00000000f7c00000)
  from space 5632K, 28% used [0x00000000f8180000,0x00000000f8316dc0,0x00000000f8700000)
  to   space 5632K, 0% used [0x00000000f7c00000,0x00000000f7c00000,0x00000000f8180000)
 ParOldGen       total 42496K, used 5722K [0x00000000c2400000, 0x00000000c4d80000, 0x00000000eb700000)
  object space 42496K, 13% used [0x00000000c2400000,0x00000000c2996878,0x00000000c4d80000)
 Metaspace       used 20800K, capacity 21040K, committed 21248K, reserved 1069056K
  class space    used 2194K, capacity 2266K, committed 2304K, reserved 1048576K

