# JRE version: Java(TM) SE Runtime Environment (8.0_151-b12) (build 1.8.0_151-b12)
# Java VM: Java HotSpot(TM) 64-Bit Server VM (25.151-b12 mixed mode linux-amd64 compressed oops)
Heap:
 PSYoungGen      total 103936K, used 153K [0x00000000eb700000, 0x00000000f2100000, 0x0000000100000000)
  eden space 99840K, 0% used [0x00000000eb700000,0x00000000eb700000,0x00000000f1880000)
  from space 4096K, 3% used [0x00000000f1880000,0x00000000f18a6650,0x00000000f1c80000)
  to   space 3584K, 0% used [0x00000000f1c80000,0x00000000f1c80000,0x00000000f2000000)
 ParOldGen       total 42496K, used 5119K [0x00000000c2400000, 0x00000000c4d80000, 0x00000000eb700000)
  object space 42496K, 12% used [0x00000000c2400000,0x00000000c28ffc38,0x00000000c4d80000)
 Metaspace       used 15920K, capacity 16180K, committed 16384K, reserved 1064960K
  class space    used 1619K, capacity 1712K, committed 1792K, reserved 1048576K
GC Heap History (10 events):
Event: 1.755 GC heap after
Heap after GC invocations=6 (full 0):
 PSYoungGen      total 34304K, used 3060K [0x00000000eb700000, 0x00000000edd00000, 0x0000000100000000)
  eden space 31232K, 0% used [0x00000000eb700000,0x00000000eb700000,0x00000000ed580000)
  from space 3072K, 99% used [0x00000000ed900000,0x00000000edbfd3d0,0x00000000edc00000)
  to   space 3584K, 0% used [0x00000000ed580000,0x00000000ed580000,0x00000000ed900000)
 ParOldGen       total 42496K, used 341K [0x00000000c2400000, 0x00000000c4d80000, 0x00000000eb700000)
  object space 42496K, 0% used [0x00000000c2400000,0x00000000c2455540,0x00000000c4d80000)
 Metaspace       used 10231K, capacity 10408K, committed 10624K, reserved 1058816K
  class space    used 1031K, capacity 1050K, committed 1152K, reserved 1048576K
}
Event: 2.277 GC heap before
{Heap before GC invocations=7 (full 0):
 PSYoungGen      total 34304K, used 34292K [0x00000000eb700000, 0x00000000edd00000, 0x0000000100000000)
  eden space 31232K, 100% used [0x00000000eb700000,0x00000000ed580000,0x00000000ed580000)
  from space 3072K, 99% used [0x00000000ed900000,0x00000000edbfd3d0,0x00000000edc00000)
  to   space 3584K, 0% used [0x00000000ed580000,0x00000000ed580000,0x00000000ed900000)
 ParOldGen       total 42496K, used 341K [0x00000000c2400000, 0x00000000c4d80000, 0x00000000eb700000)
  object space 42496K, 0% used [0x00000000c2400000,0x00000000c2455540,0x00000000c4d80000)
 Metaspace       used 12628K, capacity 12892K, committed 13184K, reserved 1060864K
  class space    used 1239K, capacity 1324K, committed 1408K, reserved 1048576K
Event: 2.290 GC heap after
Heap after GC invocations=7 (full 0):
 PSYoungGen      total 34816K, used 2280K [0x00000000eb700000, 0x00000000efb00000, 0x0000000100000000)
  eden space 31232K, 0% used [0x00000000eb700000,0x00000000eb700000,0x00000000ed580000)
  from space 3584K, 63% used [0x00000000ed580000,0x00000000ed7ba028,0x00000000ed900000)
  to   space 3584K, 0% used [0x00000000ef780000,0x00000000ef780000,0x00000000efb00000)
 ParOldGen       total 42496K, used 1918K [0x00000000c2400000, 0x00000000c4d80000, 0x00000000eb700000)
  object space 42496K, 4% used [0x00000000c2400000,0x00000000c25dfb80,0x00000000c4d80000)
 Metaspace       used 12628K, capacity 12892K, committed 13184K, reserved 1060864K
  class space    used 1239K, capacity 1324K, committed 1408K, reserved 1048576K
}
Event: 2.593 GC heap before
{Heap before GC invocations=8 (full 0):
 PSYoungGen      total 34816K, used 33512K [0x00000000eb700000, 0x00000000efb00000, 0x0000000100000000)
  eden space 31232K, 100% used [0x00000000eb700000,0x00000000ed580000,0x00000000ed580000)
  from space 3584K, 63% used [0x00000000ed580000,0x00000000ed7ba028,0x00000000ed900000)
  to   space 3584K, 0% used [0x00000000ef780000,0x00000000ef780000,0x00000000efb00000)
 ParOldGen       total 42496K, used 1918K [0x00000000c2400000, 0x00000000c4d80000, 0x00000000eb700000)
  object space 42496K, 4% used [0x00000000c2400000,0x00000000c25dfb80,0x00000000c4d80000)
 Metaspace       used 13918K, capacity 14204K, committed 14336K, reserved 1062912K
  class space    used 1389K, capacity 1484K, committed 1536K, reserved 1048576K
Event: 2.596 GC heap after
Heap after GC invocations=8 (full 0):
 PSYoungGen      total 66048K, used 2892K [0x00000000eb700000, 0x00000000efb00000, 0x0000000100000000)
  eden space 62464K, 0% used [0x00000000eb700000,0x00000000eb700000,0x00000000ef400000)
  from space 3584K, 80% used [0x00000000ef780000,0x00000000efa53128,0x00000000efb00000)
  to   space 3584K, 0% used [0x00000000ef400000,0x00000000ef400000,0x00000000ef780000)
 ParOldGen       total 42496K, used 2246K [0x00000000c2400000, 0x00000000c4d80000, 0x00000000eb700000)
  object space 42496K, 5% used [0x00000000c2400000,0x00000000c2631b80,0x00000000c4d80000)
 Metaspace       used 13918K, capacity 14204K, committed 14336K, reserved 1062912K
  class space    used 1389K, capacity 1484K, committed 1536K, reserved 1048576K
}
Event: 3.183 GC heap before
{Heap before GC invocations=9 (full 0):
 PSYoungGen      total 66048K, used 65356K [0x00000000eb700000, 0x00000000efb00000, 0x0000000100000000)
  eden space 62464K, 100% used [0x00000000eb700000,0x00000000ef400000,0x00000000ef400000)
  from space 3584K, 80% used [0x00000000ef780000,0x00000000efa53128,0x00000000efb00000)
  to   space 3584K, 0% used [0x00000000ef400000,0x00000000ef400000,0x00000000ef780000)
 ParOldGen       total 42496K, used 2246K [0x00000000c2400000, 0x00000000c4d80000, 0x00000000eb700000)
  object space 42496K, 5% used [0x00000000c2400000,0x00000000c2631b80,0x00000000c4d80000)
 Metaspace       used 15918K, capacity 16180K, committed 16384K, reserved 1064960K
  class space    used 1619K, capacity 1712K, committed 1792K, reserved 1048576K
Event: 3.194 GC heap after
Heap after GC invocations=9 (full 0):
 PSYoungGen      total 66048K, used 3356K [0x00000000eb700000, 0x00000000f2000000, 0x0000000100000000)
  eden space 62464K, 0% used [0x00000000eb700000,0x00000000eb700000,0x00000000ef400000)
  from space 3584K, 93% used [0x00000000ef400000,0x00000000ef747128,0x00000000ef780000)
  to   space 3584K, 0% used [0x00000000f1c80000,0x00000000f1c80000,0x00000000f2000000)
 ParOldGen       total 42496K, used 2998K [0x00000000c2400000, 0x00000000c4d80000, 0x00000000eb700000)
  object space 42496K, 7% used [0x00000000c2400000,0x00000000c26edbc0,0x00000000c4d80000)
 Metaspace       used 15918K, capacity 16180K, committed 16384K, reserved 1064960K
  class space    used 1619K, capacity 1712K, committed 1792K, reserved 1048576K
}
Event: 3.251 GC heap before
{Heap before GC invocations=10 (full 0):
 PSYoungGen      total 66048K, used 65811K [0x00000000eb700000, 0x00000000f2000000, 0x0000000100000000)
  eden space 62464K, 99% used [0x00000000eb700000,0x00000000ef3fdb88,0x00000000ef400000)
  from space 3584K, 93% used [0x00000000ef400000,0x00000000ef747128,0x00000000ef780000)
  to   space 3584K, 0% used [0x00000000f1c80000,0x00000000f1c80000,0x00000000f2000000)
 ParOldGen       total 42496K, used 2998K [0x00000000c2400000, 0x00000000c4d80000, 0x00000000eb700000)
  object space 42496K, 7% used [0x00000000c2400000,0x00000000c26edbc0,0x00000000c4d80000)
 Metaspace       used 15920K, capacity 16180K, committed 16384K, reserved 1064960K
  class space    used 1619K, capacity 1712K, committed 1792K, reserved 1048576K
Event: 3.254 GC heap after
Heap after GC invocations=10 (full 0):
 PSYoungGen      total 103424K, used 887K [0x00000000eb700000, 0x00000000f2100000, 0x0000000100000000)
  eden space 99840K, 0% used [0x00000000eb700000,0x00000000eb700000,0x00000000f1880000)
  from space 3584K, 24% used [0x00000000f1c80000,0x00000000f1d5dea8,0x00000000f2000000)
  to   space 4096K, 0% used [0x00000000f1880000,0x00000000f1880000,0x00000000f1c80000)
 ParOldGen       total 42496K, used 4371K [0x00000000c2400000, 0x00000000c4d80000, 0x00000000eb700000)
  object space 42496K, 10% used [0x00000000c2400000,0x00000000c2844d40,0x00000000c4d80000)
 Metaspace       used 15920K, capacity 16180K, committed 16384K, reserved 1064960K
  class space    used 1619K, capacity 1712K, committed 1792K, reserved 1048576K
}
Event: 3.325 GC heap before
{Heap before GC invocations=11 (full 0):
 PSYoungGen      total 103424K, used 100579K [0x00000000eb700000, 0x00000000f2100000, 0x0000000100000000)
  eden space 99840K, 99% used [0x00000000eb700000,0x00000000f185adc8,0x00000000f1880000)
  from space 3584K, 24% used [0x00000000f1c80000,0x00000000f1d5dea8,0x00000000f2000000)
  to   space 4096K, 0% used [0x00000000f1880000,0x00000000f1880000,0x00000000f1c80000)
 ParOldGen       total 42496K, used 4371K [0x00000000c2400000, 0x00000000c4d80000, 0x00000000eb700000)
  object space 42496K, 10% used [0x00000000c2400000,0x00000000c2844d40,0x00000000c4d80000)
 Metaspace       used 15920K, capacity 16180K, committed 16384K, reserved 1064960K
  class space    used 1619K, capacity 1712K, committed 1792K, reserved 1048576K

