# JRE version: Java(TM) SE Runtime Environment (8.0_144-b01) (build 1.8.0_144-b01)
# Java VM: Java HotSpot(TM) 64-Bit Server VM (25.144-b01 mixed mode linux-amd64 compressed oops)
Heap:
 PSYoungGen      total 103936K, used 152K [0x00000000eb700000, 0x00000000f2100000, 0x0000000100000000)
  eden space 99840K, 0% used [0x00000000eb700000,0x00000000eb700000,0x00000000f1880000)
  from space 4096K, 3% used [0x00000000f1880000,0x00000000f18a6380,0x00000000f1c80000)
  to   space 3584K, 0% used [0x00000000f1c80000,0x00000000f1c80000,0x00000000f2000000)
 ParOldGen       total 42496K, used 5025K [0x00000000c2400000, 0x00000000c4d80000, 0x00000000eb700000)
  object space 42496K, 11% used [0x00000000c2400000,0x00000000c28e8620,0x00000000c4d80000)
 Metaspace       used 15934K, capacity 16180K, committed 16384K, reserved 1064960K
  class space    used 1624K, capacity 1712K, committed 1792K, reserved 1048576K
GC Heap History (10 events):
Event: 1.656 GC heap after
Heap after GC invocations=6 (full 0):
 PSYoungGen      total 34304K, used 3059K [0x00000000eb700000, 0x00000000edd00000, 0x0000000100000000)
  eden space 31232K, 0% used [0x00000000eb700000,0x00000000eb700000,0x00000000ed580000)
  from space 3072K, 99% used [0x00000000ed900000,0x00000000edbfcc18,0x00000000edc00000)
  to   space 3584K, 0% used [0x00000000ed580000,0x00000000ed580000,0x00000000ed900000)
 ParOldGen       total 42496K, used 269K [0x00000000c2400000, 0x00000000c4d80000, 0x00000000eb700000)
  object space 42496K, 0% used [0x00000000c2400000,0x00000000c2443500,0x00000000c4d80000)
 Metaspace       used 10229K, capacity 10344K, committed 10624K, reserved 1058816K
  class space    used 1032K, capacity 1050K, committed 1152K, reserved 1048576K
}
Event: 2.145 GC heap before
{Heap before GC invocations=7 (full 0):
 PSYoungGen      total 34304K, used 34291K [0x00000000eb700000, 0x00000000edd00000, 0x0000000100000000)
  eden space 31232K, 100% used [0x00000000eb700000,0x00000000ed580000,0x00000000ed580000)
  from space 3072K, 99% used [0x00000000ed900000,0x00000000edbfcc18,0x00000000edc00000)
  to   space 3584K, 0% used [0x00000000ed580000,0x00000000ed580000,0x00000000ed900000)
 ParOldGen       total 42496K, used 269K [0x00000000c2400000, 0x00000000c4d80000, 0x00000000eb700000)
  object space 42496K, 0% used [0x00000000c2400000,0x00000000c2443500,0x00000000c4d80000)
 Metaspace       used 12562K, capacity 12828K, committed 13184K, reserved 1060864K
  class space    used 1232K, capacity 1324K, committed 1408K, reserved 1048576K
Event: 2.153 GC heap after
Heap after GC invocations=7 (full 0):
 PSYoungGen      total 34816K, used 2562K [0x00000000eb700000, 0x00000000efb00000, 0x0000000100000000)
  eden space 31232K, 0% used [0x00000000eb700000,0x00000000eb700000,0x00000000ed580000)
  from space 3584K, 71% used [0x00000000ed580000,0x00000000ed800908,0x00000000ed900000)
  to   space 3584K, 0% used [0x00000000ef780000,0x00000000ef780000,0x00000000efb00000)
 ParOldGen       total 42496K, used 1830K [0x00000000c2400000, 0x00000000c4d80000, 0x00000000eb700000)
  object space 42496K, 4% used [0x00000000c2400000,0x00000000c25c9b40,0x00000000c4d80000)
 Metaspace       used 12562K, capacity 12828K, committed 13184K, reserved 1060864K
  class space    used 1232K, capacity 1324K, committed 1408K, reserved 1048576K
}
Event: 2.391 GC heap before
{Heap before GC invocations=8 (full 0):
 PSYoungGen      total 34816K, used 33794K [0x00000000eb700000, 0x00000000efb00000, 0x0000000100000000)
  eden space 31232K, 100% used [0x00000000eb700000,0x00000000ed580000,0x00000000ed580000)
  from space 3584K, 71% used [0x00000000ed580000,0x00000000ed800908,0x00000000ed900000)
  to   space 3584K, 0% used [0x00000000ef780000,0x00000000ef780000,0x00000000efb00000)
 ParOldGen       total 42496K, used 1830K [0x00000000c2400000, 0x00000000c4d80000, 0x00000000eb700000)
  object space 42496K, 4% used [0x00000000c2400000,0x00000000c25c9b40,0x00000000c4d80000)
 Metaspace       used 13923K, capacity 14204K, committed 14336K, reserved 1062912K
  class space    used 1388K, capacity 1484K, committed 1536K, reserved 1048576K
Event: 2.395 GC heap after
Heap after GC invocations=8 (full 0):
 PSYoungGen      total 66048K, used 2850K [0x00000000eb700000, 0x00000000efb00000, 0x0000000100000000)
  eden space 62464K, 0% used [0x00000000eb700000,0x00000000eb700000,0x00000000ef400000)
  from space 3584K, 79% used [0x00000000ef780000,0x00000000efa489b8,0x00000000efb00000)
  to   space 3584K, 0% used [0x00000000ef400000,0x00000000ef400000,0x00000000ef780000)
 ParOldGen       total 42496K, used 2142K [0x00000000c2400000, 0x00000000c4d80000, 0x00000000eb700000)
  object space 42496K, 5% used [0x00000000c2400000,0x00000000c2617b40,0x00000000c4d80000)
 Metaspace       used 13923K, capacity 14204K, committed 14336K, reserved 1062912K
  class space    used 1388K, capacity 1484K, committed 1536K, reserved 1048576K
}
Event: 3.174 GC heap before
{Heap before GC invocations=9 (full 0):
 PSYoungGen      total 66048K, used 65314K [0x00000000eb700000, 0x00000000efb00000, 0x0000000100000000)
  eden space 62464K, 100% used [0x00000000eb700000,0x00000000ef400000,0x00000000ef400000)
  from space 3584K, 79% used [0x00000000ef780000,0x00000000efa489b8,0x00000000efb00000)
  to   space 3584K, 0% used [0x00000000ef400000,0x00000000ef400000,0x00000000ef780000)
 ParOldGen       total 42496K, used 2142K [0x00000000c2400000, 0x00000000c4d80000, 0x00000000eb700000)
  object space 42496K, 5% used [0x00000000c2400000,0x00000000c2617b40,0x00000000c4d80000)
 Metaspace       used 15932K, capacity 16180K, committed 16384K, reserved 1064960K
  class space    used 1624K, capacity 1712K, committed 1792K, reserved 1048576K
Event: 3.189 GC heap after
Heap after GC invocations=9 (full 0):
 PSYoungGen      total 66048K, used 3418K [0x00000000eb700000, 0x00000000f2000000, 0x0000000100000000)
  eden space 62464K, 0% used [0x00000000eb700000,0x00000000eb700000,0x00000000ef400000)
  from space 3584K, 95% used [0x00000000ef400000,0x00000000ef756af8,0x00000000ef780000)
  to   space 3584K, 0% used [0x00000000f1c80000,0x00000000f1c80000,0x00000000f2000000)
 ParOldGen       total 42496K, used 2902K [0x00000000c2400000, 0x00000000c4d80000, 0x00000000eb700000)
  object space 42496K, 6% used [0x00000000c2400000,0x00000000c26d5b80,0x00000000c4d80000)
 Metaspace       used 15932K, capacity 16180K, committed 16384K, reserved 1064960K
  class space    used 1624K, capacity 1712K, committed 1792K, reserved 1048576K
}
Event: 3.265 GC heap before
{Heap before GC invocations=10 (full 0):
 PSYoungGen      total 66048K, used 65882K [0x00000000eb700000, 0x00000000f2000000, 0x0000000100000000)
  eden space 62464K, 100% used [0x00000000eb700000,0x00000000ef400000,0x00000000ef400000)
  from space 3584K, 95% used [0x00000000ef400000,0x00000000ef756af8,0x00000000ef780000)
  to   space 3584K, 0% used [0x00000000f1c80000,0x00000000f1c80000,0x00000000f2000000)
 ParOldGen       total 42496K, used 2902K [0x00000000c2400000, 0x00000000c4d80000, 0x00000000eb700000)
  object space 42496K, 6% used [0x00000000c2400000,0x00000000c26d5b80,0x00000000c4d80000)
 Metaspace       used 15934K, capacity 16180K, committed 16384K, reserved 1064960K
  class space    used 1624K, capacity 1712K, committed 1792K, reserved 1048576K
Event: 3.275 GC heap after
Heap after GC invocations=10 (full 0):
 PSYoungGen      total 103424K, used 886K [0x00000000eb700000, 0x00000000f2100000, 0x0000000100000000)
  eden space 99840K, 0% used [0x00000000eb700000,0x00000000eb700000,0x00000000f1880000)
  from space 3584K, 24% used [0x00000000f1c80000,0x00000000f1d5da70,0x00000000f2000000)
  to   space 4096K, 0% used [0x00000000f1880000,0x00000000f1880000,0x00000000f1c80000)
 ParOldGen       total 42496K, used 4275K [0x00000000c2400000, 0x00000000c4d80000, 0x00000000eb700000)
  object space 42496K, 10% used [0x00000000c2400000,0x00000000c282cd00,0x00000000c4d80000)
 Metaspace       used 15934K, capacity 16180K, committed 16384K, reserved 1064960K
  class space    used 1624K, capacity 1712K, committed 1792K, reserved 1048576K
}
Event: 4.703 GC heap before
{Heap before GC invocations=11 (full 0):
 PSYoungGen      total 103424K, used 100647K [0x00000000eb700000, 0x00000000f2100000, 0x0000000100000000)
  eden space 99840K, 99% used [0x00000000eb700000,0x00000000f186c588,0x00000000f1880000)
  from space 3584K, 24% used [0x00000000f1c80000,0x00000000f1d5da70,0x00000000f2000000)
  to   space 4096K, 0% used [0x00000000f1880000,0x00000000f1880000,0x00000000f1c80000)
 ParOldGen       total 42496K, used 4275K [0x00000000c2400000, 0x00000000c4d80000, 0x00000000eb700000)
  object space 42496K, 10% used [0x00000000c2400000,0x00000000c282cd00,0x00000000c4d80000)
 Metaspace       used 15934K, capacity 16180K, committed 16384K, reserved 1064960K
  class space    used 1624K, capacity 1712K, committed 1792K, reserved 1048576K

