# JRE version: Java(TM) SE Runtime Environment (8.0_144-b01) (build 1.8.0_144-b01)
# Java VM: Java HotSpot(TM) 64-Bit Server VM (25.144-b01 mixed mode linux-amd64 compressed oops)
Heap:
 PSYoungGen      total 132096K, used 2480K [0x00000000eb700000, 0x00000000f3e00000, 0x0000000100000000)
  eden space 126464K, 0% used [0x00000000eb700000,0x00000000eb700000,0x00000000f3280000)
  from space 5632K, 44% used [0x00000000f3280000,0x00000000f34ec128,0x00000000f3800000)
  to   space 5120K, 0% used [0x00000000f3800000,0x00000000f3800000,0x00000000f3d00000)
 ParOldGen       total 42496K, used 3910K [0x00000000c2400000, 0x00000000c4d80000, 0x00000000eb700000)
  object space 42496K, 9% used [0x00000000c2400000,0x00000000c27d19a8,0x00000000c4d80000)
 Metaspace       used 15651K, capacity 15924K, committed 16128K, reserved 1062912K
  class space    used 1615K, capacity 1712K, committed 1792K, reserved 1048576K
GC Heap History (10 events):
Event: 1.514 GC heap after
Heap after GC invocations=2 (full 0):
 PSYoungGen      total 34304K, used 2553K [0x00000000eb700000, 0x00000000edb00000, 0x0000000100000000)
  eden space 31744K, 0% used [0x00000000eb700000,0x00000000eb700000,0x00000000ed600000)
  from space 2560K, 99% used [0x00000000ed880000,0x00000000edafe598,0x00000000edb00000)
  to   space 2560K, 0% used [0x00000000ed600000,0x00000000ed600000,0x00000000ed880000)
 ParOldGen       total 42496K, used 81K [0x00000000c2400000, 0x00000000c4d80000, 0x00000000eb700000)
  object space 42496K, 0% used [0x00000000c2400000,0x00000000c24145d8,0x00000000c4d80000)
 Metaspace       used 6026K, capacity 6154K, committed 6400K, reserved 1056768K
  class space    used 639K, capacity 661K, committed 768K, reserved 1048576K
}
Event: 1.901 GC heap before
{Heap before GC invocations=3 (full 0):
 PSYoungGen      total 34304K, used 34297K [0x00000000eb700000, 0x00000000edb00000, 0x0000000100000000)
  eden space 31744K, 100% used [0x00000000eb700000,0x00000000ed600000,0x00000000ed600000)
  from space 2560K, 99% used [0x00000000ed880000,0x00000000edafe598,0x00000000edb00000)
  to   space 2560K, 0% used [0x00000000ed600000,0x00000000ed600000,0x00000000ed880000)
 ParOldGen       total 42496K, used 81K [0x00000000c2400000, 0x00000000c4d80000, 0x00000000eb700000)
  object space 42496K, 0% used [0x00000000c2400000,0x00000000c24145d8,0x00000000c4d80000)
 Metaspace       used 7718K, capacity 7856K, committed 8064K, reserved 1056768K
  class space    used 785K, capacity 822K, committed 896K, reserved 1048576K
Event: 1.906 GC heap after
Heap after GC invocations=3 (full 0):
 PSYoungGen      total 34304K, used 2123K [0x00000000eb700000, 0x00000000efa00000, 0x0000000100000000)
  eden space 31744K, 0% used [0x00000000eb700000,0x00000000eb700000,0x00000000ed600000)
  from space 2560K, 82% used [0x00000000ed600000,0x00000000ed812df8,0x00000000ed880000)
  to   space 2560K, 0% used [0x00000000ef780000,0x00000000ef780000,0x00000000efa00000)
 ParOldGen       total 42496K, used 81K [0x00000000c2400000, 0x00000000c4d80000, 0x00000000eb700000)
  object space 42496K, 0% used [0x00000000c2400000,0x00000000c24145d8,0x00000000c4d80000)
 Metaspace       used 7718K, capacity 7856K, committed 8064K, reserved 1056768K
  class space    used 785K, capacity 822K, committed 896K, reserved 1048576K
}
Event: 2.279 GC heap before
{Heap before GC invocations=4 (full 0):
 PSYoungGen      total 34304K, used 33867K [0x00000000eb700000, 0x00000000efa00000, 0x0000000100000000)
  eden space 31744K, 100% used [0x00000000eb700000,0x00000000ed600000,0x00000000ed600000)
  from space 2560K, 82% used [0x00000000ed600000,0x00000000ed812df8,0x00000000ed880000)
  to   space 2560K, 0% used [0x00000000ef780000,0x00000000ef780000,0x00000000efa00000)
 ParOldGen       total 42496K, used 81K [0x00000000c2400000, 0x00000000c4d80000, 0x00000000eb700000)
  object space 42496K, 0% used [0x00000000c2400000,0x00000000c24145d8,0x00000000c4d80000)
 Metaspace       used 10183K, capacity 10280K, committed 10624K, reserved 1058816K
  class space    used 1029K, capacity 1050K, committed 1152K, reserved 1048576K
Event: 2.287 GC heap after
Heap after GC invocations=4 (full 0):
 PSYoungGen      total 66048K, used 2538K [0x00000000eb700000, 0x00000000efa00000, 0x0000000100000000)
  eden space 63488K, 0% used [0x00000000eb700000,0x00000000eb700000,0x00000000ef500000)
  from space 2560K, 99% used [0x00000000ef780000,0x00000000ef9fa8b8,0x00000000efa00000)
  to   space 2560K, 0% used [0x00000000ef500000,0x00000000ef500000,0x00000000ef780000)
 ParOldGen       total 42496K, used 866K [0x00000000c2400000, 0x00000000c4d80000, 0x00000000eb700000)
  object space 42496K, 2% used [0x00000000c2400000,0x00000000c24d8928,0x00000000c4d80000)
 Metaspace       used 10183K, capacity 10280K, committed 10624K, reserved 1058816K
  class space    used 1029K, capacity 1050K, committed 1152K, reserved 1048576K
}
Event: 3.014 GC heap before
{Heap before GC invocations=5 (full 0):
 PSYoungGen      total 66048K, used 66026K [0x00000000eb700000, 0x00000000efa00000, 0x0000000100000000)
  eden space 63488K, 100% used [0x00000000eb700000,0x00000000ef500000,0x00000000ef500000)
  from space 2560K, 99% used [0x00000000ef780000,0x00000000ef9fa8b8,0x00000000efa00000)
  to   space 2560K, 0% used [0x00000000ef500000,0x00000000ef500000,0x00000000ef780000)
 ParOldGen       total 42496K, used 866K [0x00000000c2400000, 0x00000000c4d80000, 0x00000000eb700000)
  object space 42496K, 2% used [0x00000000c2400000,0x00000000c24d8928,0x00000000c4d80000)
 Metaspace       used 13847K, capacity 14076K, committed 14336K, reserved 1062912K
  class space    used 1401K, capacity 1484K, committed 1536K, reserved 1048576K
Event: 3.021 GC heap after
Heap after GC invocations=5 (full 0):
 PSYoungGen      total 66048K, used 2537K [0x00000000eb700000, 0x00000000f3d00000, 0x0000000100000000)
  eden space 63488K, 0% used [0x00000000eb700000,0x00000000eb700000,0x00000000ef500000)
  from space 2560K, 99% used [0x00000000ef500000,0x00000000ef77a6d0,0x00000000ef780000)
  to   space 5120K, 0% used [0x00000000f3800000,0x00000000f3800000,0x00000000f3d00000)
 ParOldGen       total 42496K, used 3040K [0x00000000c2400000, 0x00000000c4d80000, 0x00000000eb700000)
  object space 42496K, 7% used [0x00000000c2400000,0x00000000c26f8298,0x00000000c4d80000)
 Metaspace       used 13847K, capacity 14076K, committed 14336K, reserved 1062912K
  class space    used 1401K, capacity 1484K, committed 1536K, reserved 1048576K
}
Event: 3.529 GC heap before
{Heap before GC invocations=6 (full 0):
 PSYoungGen      total 66048K, used 66006K [0x00000000eb700000, 0x00000000f3d00000, 0x0000000100000000)
  eden space 63488K, 99% used [0x00000000eb700000,0x00000000ef4fb4d8,0x00000000ef500000)
  from space 2560K, 99% used [0x00000000ef500000,0x00000000ef77a6d0,0x00000000ef780000)
  to   space 5120K, 0% used [0x00000000f3800000,0x00000000f3800000,0x00000000f3d00000)
 ParOldGen       total 42496K, used 3040K [0x00000000c2400000, 0x00000000c4d80000, 0x00000000eb700000)
  object space 42496K, 7% used [0x00000000c2400000,0x00000000c26f8298,0x00000000c4d80000)
 Metaspace       used 15649K, capacity 15924K, committed 16128K, reserved 1062912K
  class space    used 1615K, capacity 1712K, committed 1792K, reserved 1048576K
Event: 3.539 GC heap after
Heap after GC invocations=6 (full 0):
 PSYoungGen      total 131584K, used 4452K [0x00000000eb700000, 0x00000000f3e00000, 0x0000000100000000)
  eden space 126464K, 0% used [0x00000000eb700000,0x00000000eb700000,0x00000000f3280000)
  from space 5120K, 86% used [0x00000000f3800000,0x00000000f3c59368,0x00000000f3d00000)
  to   space 5632K, 0% used [0x00000000f3280000,0x00000000f3280000,0x00000000f3800000)
 ParOldGen       total 42496K, used 3040K [0x00000000c2400000, 0x00000000c4d80000, 0x00000000eb700000)
  object space 42496K, 7% used [0x00000000c2400000,0x00000000c26f8298,0x00000000c4d80000)
 Metaspace       used 15649K, capacity 15924K, committed 16128K, reserved 1062912K
  class space    used 1615K, capacity 1712K, committed 1792K, reserved 1048576K
}
Event: 3.774 GC heap before
{Heap before GC invocations=7 (full 0):
 PSYoungGen      total 131584K, used 130838K [0x00000000eb700000, 0x00000000f3e00000, 0x0000000100000000)
  eden space 126464K, 99% used [0x00000000eb700000,0x00000000f326c738,0x00000000f3280000)
  from space 5120K, 86% used [0x00000000f3800000,0x00000000f3c59368,0x00000000f3d00000)
  to   space 5632K, 0% used [0x00000000f3280000,0x00000000f3280000,0x00000000f3800000)
 ParOldGen       total 42496K, used 3040K [0x00000000c2400000, 0x00000000c4d80000, 0x00000000eb700000)
  object space 42496K, 7% used [0x00000000c2400000,0x00000000c26f8298,0x00000000c4d80000)
 Metaspace       used 15651K, capacity 15924K, committed 16128K, reserved 1062912K
  class space    used 1615K, capacity 1712K, committed 1792K, reserved 1048576K

