# JRE version: Java(TM) SE Runtime Environment (8.0_144-b01) (build 1.8.0_144-b01)
# Java VM: Java HotSpot(TM) 64-Bit Server VM (25.144-b01 mixed mode linux-amd64 compressed oops)
Heap:
 PSYoungGen      total 289792K, used 0K [0x00000000eb700000, 0x0000000100000000, 0x0000000100000000)
  eden space 242688K, 0% used [0x00000000eb700000,0x00000000eb700000,0x00000000fa400000)
  from space 47104K, 0% used [0x00000000fa400000,0x00000000fa400000,0x00000000fd200000)
  to   space 46592K, 0% used [0x00000000fd280000,0x00000000fd280000,0x0000000100000000)
 ParOldGen       total 142336K, used 133365K [0x00000000c2400000, 0x00000000caf00000, 0x00000000eb700000)
  object space 142336K, 93% used [0x00000000c2400000,0x00000000ca63d748,0x00000000caf00000)
 Metaspace       used 24961K, capacity 25640K, committed 25856K, reserved 1073152K
  class space    used 2745K, capacity 2946K, committed 3072K, reserved 1048576K
GC Heap History (10 events):
Event: 5.191 GC heap after
Heap after GC invocations=11 (full 1):
 PSYoungGen      total 208384K, used 0K [0x00000000eb700000, 0x00000000f9800000, 0x0000000100000000)
  eden space 197120K, 0% used [0x00000000eb700000,0x00000000eb700000,0x00000000f7780000)
  from space 11264K, 0% used [0x00000000f8600000,0x00000000f8600000,0x00000000f9100000)
  to   space 14848K, 0% used [0x00000000f7780000,0x00000000f7780000,0x00000000f8600000)
 ParOldGen       total 54784K, used 25498K [0x00000000c2400000, 0x00000000c5980000, 0x00000000eb700000)
  object space 54784K, 46% used [0x00000000c2400000,0x00000000c3ce6b78,0x00000000c5980000)
 Metaspace       used 20580K, capacity 21136K, committed 21296K, reserved 1069056K
  class space    used 2437K, capacity 2618K, committed 2688K, reserved 1048576K
}
Event: 6.973 GC heap before
{Heap before GC invocations=12 (full 1):
 PSYoungGen      total 208384K, used 197120K [0x00000000eb700000, 0x00000000f9800000, 0x0000000100000000)
  eden space 197120K, 100% used [0x00000000eb700000,0x00000000f7780000,0x00000000f7780000)
  from space 11264K, 0% used [0x00000000f8600000,0x00000000f8600000,0x00000000f9100000)
  to   space 14848K, 0% used [0x00000000f7780000,0x00000000f7780000,0x00000000f8600000)
 ParOldGen       total 54784K, used 25498K [0x00000000c2400000, 0x00000000c5980000, 0x00000000eb700000)
  object space 54784K, 46% used [0x00000000c2400000,0x00000000c3ce6b78,0x00000000c5980000)
 Metaspace       used 21726K, capacity 22352K, committed 22576K, reserved 1069056K
  class space    used 2497K, capacity 2682K, committed 2688K, reserved 1048576K
Event: 7.190 GC heap after
Heap after GC invocations=12 (full 1):
 PSYoungGen      total 211968K, used 14816K [0x00000000eb700000, 0x0000000100000000, 0x0000000100000000)
  eden space 197120K, 0% used [0x00000000eb700000,0x00000000eb700000,0x00000000f7780000)
  from space 14848K, 99% used [0x00000000f7780000,0x00000000f85f8328,0x00000000f8600000)
  to   space 36864K, 0% used [0x00000000fdc00000,0x00000000fdc00000,0x0000000100000000)
 ParOldGen       total 78848K, used 78547K [0x00000000c2400000, 0x00000000c7100000, 0x00000000eb700000)
  object space 78848K, 99% used [0x00000000c2400000,0x00000000c70b4f68,0x00000000c7100000)
 Metaspace       used 21726K, capacity 22352K, committed 22576K, reserved 1069056K
  class space    used 2497K, capacity 2682K, committed 2688K, reserved 1048576K
}
Event: 7.191 GC heap before
{Heap before GC invocations=13 (full 2):
 PSYoungGen      total 211968K, used 14816K [0x00000000eb700000, 0x0000000100000000, 0x0000000100000000)
  eden space 197120K, 0% used [0x00000000eb700000,0x00000000eb700000,0x00000000f7780000)
  from space 14848K, 99% used [0x00000000f7780000,0x00000000f85f8328,0x00000000f8600000)
  to   space 36864K, 0% used [0x00000000fdc00000,0x00000000fdc00000,0x0000000100000000)
 ParOldGen       total 78848K, used 78547K [0x00000000c2400000, 0x00000000c7100000, 0x00000000eb700000)
  object space 78848K, 99% used [0x00000000c2400000,0x00000000c70b4f68,0x00000000c7100000)
 Metaspace       used 21726K, capacity 22352K, committed 22576K, reserved 1069056K
  class space    used 2497K, capacity 2682K, committed 2688K, reserved 1048576K
Event: 7.495 GC heap after
Heap after GC invocations=13 (full 2):
 PSYoungGen      total 211968K, used 7102K [0x00000000eb700000, 0x0000000100000000, 0x0000000100000000)
  eden space 197120K, 0% used [0x00000000eb700000,0x00000000eb700000,0x00000000f7780000)
  from space 14848K, 47% used [0x00000000f7780000,0x00000000f7e6f850,0x00000000f8600000)
  to   space 36864K, 0% used [0x00000000fdc00000,0x00000000fdc00000,0x0000000100000000)
 ParOldGen       total 142336K, used 78839K [0x00000000c2400000, 0x00000000caf00000, 0x00000000eb700000)
  object space 142336K, 55% used [0x00000000c2400000,0x00000000c70fdc28,0x00000000caf00000)
 Metaspace       used 21726K, capacity 22352K, committed 22576K, reserved 1069056K
  class space    used 2497K, capacity 2682K, committed 2688K, reserved 1048576K
}
Event: 9.049 GC heap before
{Heap before GC invocations=14 (full 2):
 PSYoungGen      total 211968K, used 204222K [0x00000000eb700000, 0x0000000100000000, 0x0000000100000000)
  eden space 197120K, 100% used [0x00000000eb700000,0x00000000f7780000,0x00000000f7780000)
  from space 14848K, 47% used [0x00000000f7780000,0x00000000f7e6f850,0x00000000f8600000)
  to   space 36864K, 0% used [0x00000000fdc00000,0x00000000fdc00000,0x0000000100000000)
 ParOldGen       total 142336K, used 78839K [0x00000000c2400000, 0x00000000caf00000, 0x00000000eb700000)
  object space 142336K, 55% used [0x00000000c2400000,0x00000000c70fdc28,0x00000000caf00000)
 Metaspace       used 23035K, capacity 23720K, committed 23936K, reserved 1071104K
  class space    used 2603K, capacity 2818K, committed 2944K, reserved 1048576K
Event: 9.209 GC heap after
Heap after GC invocations=14 (full 2):
 PSYoungGen      total 279552K, used 36845K [0x00000000eb700000, 0x0000000100000000, 0x0000000100000000)
  eden space 242688K, 0% used [0x00000000eb700000,0x00000000eb700000,0x00000000fa400000)
  from space 36864K, 99% used [0x00000000fdc00000,0x00000000ffffb7d0,0x0000000100000000)
  to   space 47104K, 0% used [0x00000000fa400000,0x00000000fa400000,0x00000000fd200000)
 ParOldGen       total 142336K, used 90034K [0x00000000c2400000, 0x00000000caf00000, 0x00000000eb700000)
  object space 142336K, 63% used [0x00000000c2400000,0x00000000c7bec8c0,0x00000000caf00000)
 Metaspace       used 23035K, capacity 23720K, committed 23936K, reserved 1071104K
  class space    used 2603K, capacity 2818K, committed 2944K, reserved 1048576K
}
Event: 11.018 GC heap before
{Heap before GC invocations=15 (full 2):
 PSYoungGen      total 279552K, used 279533K [0x00000000eb700000, 0x0000000100000000, 0x0000000100000000)
  eden space 242688K, 100% used [0x00000000eb700000,0x00000000fa400000,0x00000000fa400000)
  from space 36864K, 99% used [0x00000000fdc00000,0x00000000ffffb7d0,0x0000000100000000)
  to   space 47104K, 0% used [0x00000000fa400000,0x00000000fa400000,0x00000000fd200000)
 ParOldGen       total 142336K, used 90034K [0x00000000c2400000, 0x00000000caf00000, 0x00000000eb700000)
  object space 142336K, 63% used [0x00000000c2400000,0x00000000c7bec8c0,0x00000000caf00000)
 Metaspace       used 24961K, capacity 25640K, committed 25856K, reserved 1073152K
  class space    used 2745K, capacity 2946K, committed 3072K, reserved 1048576K
Event: 11.212 GC heap after
Heap after GC invocations=15 (full 2):
 PSYoungGen      total 289792K, used 23407K [0x00000000eb700000, 0x0000000100000000, 0x0000000100000000)
  eden space 242688K, 0% used [0x00000000eb700000,0x00000000eb700000,0x00000000fa400000)
  from space 47104K, 49% used [0x00000000fa400000,0x00000000fbadbcc0,0x00000000fd200000)
  to   space 46592K, 0% used [0x00000000fd280000,0x00000000fd280000,0x0000000100000000)
 ParOldGen       total 142336K, used 125527K [0x00000000c2400000, 0x00000000caf00000, 0x00000000eb700000)
  object space 142336K, 88% used [0x00000000c2400000,0x00000000c9e95e38,0x00000000caf00000)
 Metaspace       used 24961K, capacity 25640K, committed 25856K, reserved 1073152K
  class space    used 2745K, capacity 2946K, committed 3072K, reserved 1048576K
}
Event: 11.218 GC heap before
{Heap before GC invocations=16 (full 3):
 PSYoungGen      total 289792K, used 23407K [0x00000000eb700000, 0x0000000100000000, 0x0000000100000000)
  eden space 242688K, 0% used [0x00000000eb700000,0x00000000eb700000,0x00000000fa400000)
  from space 47104K, 49% used [0x00000000fa400000,0x00000000fbadbcc0,0x00000000fd200000)
  to   space 46592K, 0% used [0x00000000fd280000,0x00000000fd280000,0x0000000100000000)
 ParOldGen       total 142336K, used 125527K [0x00000000c2400000, 0x00000000caf00000, 0x00000000eb700000)
  object space 142336K, 88% used [0x00000000c2400000,0x00000000c9e95e38,0x00000000caf00000)
 Metaspace       used 24961K, capacity 25640K, committed 25856K, reserved 1073152K
  class space    used 2745K, capacity 2946K, committed 3072K, reserved 1048576K

