# JRE version: Java(TM) SE Runtime Environment (8.0_144-b01) (build 1.8.0_144-b01)
# Java VM: Java HotSpot(TM) 64-Bit Server VM (25.144-b01 mixed mode linux-amd64 compressed oops)
Heap:
 PSYoungGen      total 131072K, used 1390K [0x00000000eb700000, 0x00000000f3c00000, 0x0000000100000000)
  eden space 125952K, 0% used [0x00000000eb700000,0x00000000eb700000,0x00000000f3200000)
  from space 5120K, 27% used [0x00000000f3200000,0x00000000f335b858,0x00000000f3700000)
  to   space 4608K, 0% used [0x00000000f3780000,0x00000000f3780000,0x00000000f3c00000)
 ParOldGen       total 42496K, used 4406K [0x00000000c2400000, 0x00000000c4d80000, 0x00000000eb700000)
  object space 42496K, 10% used [0x00000000c2400000,0x00000000c284d950,0x00000000c4d80000)
 Metaspace       used 15779K, capacity 16020K, committed 16384K, reserved 1064960K
  class space    used 1610K, capacity 1680K, committed 1792K, reserved 1048576K
GC Heap History (10 events):
Event: 1.233 GC heap after
Heap after GC invocations=4 (full 0):
 PSYoungGen      total 34304K, used 2149K [0x00000000eb700000, 0x00000000edb00000, 0x0000000100000000)
  eden space 31744K, 0% used [0x00000000eb700000,0x00000000eb700000,0x00000000ed600000)
  from space 2560K, 83% used [0x00000000ed880000,0x00000000eda995b8,0x00000000edb00000)
  to   space 2560K, 0% used [0x00000000ed600000,0x00000000ed600000,0x00000000ed880000)
 ParOldGen       total 42496K, used 16K [0x00000000c2400000, 0x00000000c4d80000, 0x00000000eb700000)
  object space 42496K, 0% used [0x00000000c2400000,0x00000000c2404000,0x00000000c4d80000)
 Metaspace       used 7823K, capacity 7996K, committed 8320K, reserved 1056768K
  class space    used 793K, capacity 824K, committed 896K, reserved 1048576K
}
Event: 1.642 GC heap before
{Heap before GC invocations=5 (full 0):
 PSYoungGen      total 34304K, used 33893K [0x00000000eb700000, 0x00000000edb00000, 0x0000000100000000)
  eden space 31744K, 100% used [0x00000000eb700000,0x00000000ed600000,0x00000000ed600000)
  from space 2560K, 83% used [0x00000000ed880000,0x00000000eda995b8,0x00000000edb00000)
  to   space 2560K, 0% used [0x00000000ed600000,0x00000000ed600000,0x00000000ed880000)
 ParOldGen       total 42496K, used 16K [0x00000000c2400000, 0x00000000c4d80000, 0x00000000eb700000)
  object space 42496K, 0% used [0x00000000c2400000,0x00000000c2404000,0x00000000c4d80000)
 Metaspace       used 10379K, capacity 10568K, committed 10880K, reserved 1058816K
  class space    used 1049K, capacity 1082K, committed 1152K, reserved 1048576K
Event: 1.649 GC heap after
Heap after GC invocations=5 (full 0):
 PSYoungGen      total 34304K, used 2559K [0x00000000eb700000, 0x00000000efc00000, 0x0000000100000000)
  eden space 31744K, 0% used [0x00000000eb700000,0x00000000eb700000,0x00000000ed600000)
  from space 2560K, 99% used [0x00000000ed600000,0x00000000ed87fdc0,0x00000000ed880000)
  to   space 3584K, 0% used [0x00000000ef880000,0x00000000ef880000,0x00000000efc00000)
 ParOldGen       total 42496K, used 641K [0x00000000c2400000, 0x00000000c4d80000, 0x00000000eb700000)
  object space 42496K, 1% used [0x00000000c2400000,0x00000000c24a0738,0x00000000c4d80000)
 Metaspace       used 10379K, capacity 10568K, committed 10880K, reserved 1058816K
  class space    used 1049K, capacity 1082K, committed 1152K, reserved 1048576K
}
Event: 2.061 GC heap before
{Heap before GC invocations=6 (full 0):
 PSYoungGen      total 34304K, used 34303K [0x00000000eb700000, 0x00000000efc00000, 0x0000000100000000)
  eden space 31744K, 100% used [0x00000000eb700000,0x00000000ed600000,0x00000000ed600000)
  from space 2560K, 99% used [0x00000000ed600000,0x00000000ed87fdc0,0x00000000ed880000)
  to   space 3584K, 0% used [0x00000000ef880000,0x00000000ef880000,0x00000000efc00000)
 ParOldGen       total 42496K, used 641K [0x00000000c2400000, 0x00000000c4d80000, 0x00000000eb700000)
  object space 42496K, 1% used [0x00000000c2400000,0x00000000c24a0738,0x00000000c4d80000)
 Metaspace       used 12661K, capacity 12892K, committed 13184K, reserved 1060864K
  class space    used 1249K, capacity 1324K, committed 1408K, reserved 1048576K
Event: 2.067 GC heap after
Heap after GC invocations=6 (full 0):
 PSYoungGen      total 66560K, used 3569K [0x00000000eb700000, 0x00000000efd00000, 0x0000000100000000)
  eden space 62976K, 0% used [0x00000000eb700000,0x00000000eb700000,0x00000000ef480000)
  from space 3584K, 99% used [0x00000000ef880000,0x00000000efbfc7b8,0x00000000efc00000)
  to   space 4096K, 0% used [0x00000000ef480000,0x00000000ef480000,0x00000000ef880000)
 ParOldGen       total 42496K, used 881K [0x00000000c2400000, 0x00000000c4d80000, 0x00000000eb700000)
  object space 42496K, 2% used [0x00000000c2400000,0x00000000c24dc690,0x00000000c4d80000)
 Metaspace       used 12661K, capacity 12892K, committed 13184K, reserved 1060864K
  class space    used 1249K, capacity 1324K, committed 1408K, reserved 1048576K
}
Event: 2.501 GC heap before
{Heap before GC invocations=7 (full 0):
 PSYoungGen      total 66560K, used 66545K [0x00000000eb700000, 0x00000000efd00000, 0x0000000100000000)
  eden space 62976K, 100% used [0x00000000eb700000,0x00000000ef480000,0x00000000ef480000)
  from space 3584K, 99% used [0x00000000ef880000,0x00000000efbfc7b8,0x00000000efc00000)
  to   space 4096K, 0% used [0x00000000ef480000,0x00000000ef480000,0x00000000ef880000)
 ParOldGen       total 42496K, used 881K [0x00000000c2400000, 0x00000000c4d80000, 0x00000000eb700000)
  object space 42496K, 2% used [0x00000000c2400000,0x00000000c24dc690,0x00000000c4d80000)
 Metaspace       used 15021K, capacity 15278K, committed 15488K, reserved 1062912K
  class space    used 1544K, capacity 1647K, committed 1664K, reserved 1048576K
Event: 2.509 GC heap after
Heap after GC invocations=7 (full 0):
 PSYoungGen      total 67072K, used 4076K [0x00000000eb700000, 0x00000000f3d00000, 0x0000000100000000)
  eden space 62976K, 0% used [0x00000000eb700000,0x00000000eb700000,0x00000000ef480000)
  from space 4096K, 99% used [0x00000000ef480000,0x00000000ef87b2a8,0x00000000ef880000)
  to   space 5632K, 0% used [0x00000000f3780000,0x00000000f3780000,0x00000000f3d00000)
 ParOldGen       total 42496K, used 2508K [0x00000000c2400000, 0x00000000c4d80000, 0x00000000eb700000)
  object space 42496K, 5% used [0x00000000c2400000,0x00000000c26733c0,0x00000000c4d80000)
 Metaspace       used 15021K, capacity 15278K, committed 15488K, reserved 1062912K
  class space    used 1544K, capacity 1647K, committed 1664K, reserved 1048576K
}
Event: 2.774 GC heap before
{Heap before GC invocations=8 (full 0):
 PSYoungGen      total 67072K, used 67025K [0x00000000eb700000, 0x00000000f3d00000, 0x0000000100000000)
  eden space 62976K, 99% used [0x00000000eb700000,0x00000000ef4792a8,0x00000000ef480000)
  from space 4096K, 99% used [0x00000000ef480000,0x00000000ef87b2a8,0x00000000ef880000)
  to   space 5632K, 0% used [0x00000000f3780000,0x00000000f3780000,0x00000000f3d00000)
 ParOldGen       total 42496K, used 2508K [0x00000000c2400000, 0x00000000c4d80000, 0x00000000eb700000)
  object space 42496K, 5% used [0x00000000c2400000,0x00000000c26733c0,0x00000000c4d80000)
 Metaspace       used 15778K, capacity 16020K, committed 16384K, reserved 1064960K
  class space    used 1610K, capacity 1680K, committed 1792K, reserved 1048576K
Event: 2.783 GC heap after
Heap after GC invocations=8 (full 0):
 PSYoungGen      total 130560K, used 3179K [0x00000000eb700000, 0x00000000f3c00000, 0x0000000100000000)
  eden space 125952K, 0% used [0x00000000eb700000,0x00000000eb700000,0x00000000f3200000)
  from space 4608K, 69% used [0x00000000f3780000,0x00000000f3a9afa0,0x00000000f3c00000)
  to   space 5120K, 0% used [0x00000000f3200000,0x00000000f3200000,0x00000000f3700000)
 ParOldGen       total 42496K, used 2828K [0x00000000c2400000, 0x00000000c4d80000, 0x00000000eb700000)
  object space 42496K, 6% used [0x00000000c2400000,0x00000000c26c33c0,0x00000000c4d80000)
 Metaspace       used 15778K, capacity 16020K, committed 16384K, reserved 1064960K
  class space    used 1610K, capacity 1680K, committed 1792K, reserved 1048576K
}
Event: 2.871 GC heap before
{Heap before GC invocations=9 (full 0):
 PSYoungGen      total 130560K, used 129106K [0x00000000eb700000, 0x00000000f3c00000, 0x0000000100000000)
  eden space 125952K, 99% used [0x00000000eb700000,0x00000000f31f99f0,0x00000000f3200000)
  from space 4608K, 69% used [0x00000000f3780000,0x00000000f3a9afa0,0x00000000f3c00000)
  to   space 5120K, 0% used [0x00000000f3200000,0x00000000f3200000,0x00000000f3700000)
 ParOldGen       total 42496K, used 2828K [0x00000000c2400000, 0x00000000c4d80000, 0x00000000eb700000)
  object space 42496K, 6% used [0x00000000c2400000,0x00000000c26c33c0,0x00000000c4d80000)
 Metaspace       used 15779K, capacity 16020K, committed 16384K, reserved 1064960K
  class space    used 1610K, capacity 1680K, committed 1792K, reserved 1048576K

