# JRE version: Java(TM) SE Runtime Environment (8.0_151-b12) (build 1.8.0_151-b12)
# Java VM: Java HotSpot(TM) 64-Bit Server VM (25.151-b12 mixed mode linux-amd64 compressed oops)
Heap:
 PSYoungGen      total 281088K, used 10159K [0x00000000e0f00000, 0x00000000f5b80000, 0x0000000100000000)
  eden space 266240K, 0% used [0x00000000e0f00000,0x00000000e0f00000,0x00000000f1300000)
  from space 14848K, 68% used [0x00000000f4d00000,0x00000000f56ebf18,0x00000000f5b80000)
  to   space 36352K, 0% used [0x00000000f1480000,0x00000000f1480000,0x00000000f3800000)
 ParOldGen       total 75776K, used 75347K [0x00000000a2c00000, 0x00000000a7600000, 0x00000000e0f00000)
  object space 75776K, 99% used [0x00000000a2c00000,0x00000000a7594e30,0x00000000a7600000)
 Metaspace       used 21619K, capacity 22256K, committed 22576K, reserved 1069056K
  class space    used 2492K, capacity 2650K, committed 2688K, reserved 1048576K
GC Heap History (10 events):
Event: 3.921 GC heap after
Heap after GC invocations=7 (full 0):
 PSYoungGen      total 105472K, used 7152K [0x00000000e0f00000, 0x00000000ee100000, 0x0000000100000000)
  eden space 98304K, 0% used [0x00000000e0f00000,0x00000000e0f00000,0x00000000e6f00000)
  from space 7168K, 99% used [0x00000000e6f00000,0x00000000e75fc010,0x00000000e7600000)
  to   space 9216K, 0% used [0x00000000ed800000,0x00000000ed800000,0x00000000ee100000)
 ParOldGen       total 64512K, used 10802K [0x00000000a2c00000, 0x00000000a6b00000, 0x00000000e0f00000)
  object space 64512K, 16% used [0x00000000a2c00000,0x00000000a368c9e8,0x00000000a6b00000)
 Metaspace       used 14399K, capacity 14758K, committed 14848K, reserved 1062912K
  class space    used 1655K, capacity 1769K, committed 1792K, reserved 1048576K
}
Event: 5.074 GC heap before
{Heap before GC invocations=8 (full 0):
 PSYoungGen      total 105472K, used 105456K [0x00000000e0f00000, 0x00000000ee100000, 0x0000000100000000)
  eden space 98304K, 100% used [0x00000000e0f00000,0x00000000e6f00000,0x00000000e6f00000)
  from space 7168K, 99% used [0x00000000e6f00000,0x00000000e75fc010,0x00000000e7600000)
  to   space 9216K, 0% used [0x00000000ed800000,0x00000000ed800000,0x00000000ee100000)
 ParOldGen       total 64512K, used 10802K [0x00000000a2c00000, 0x00000000a6b00000, 0x00000000e0f00000)
  object space 64512K, 16% used [0x00000000a2c00000,0x00000000a368c9e8,0x00000000a6b00000)
 Metaspace       used 16603K, capacity 17164K, committed 17536K, reserved 1064960K
  class space    used 1908K, capacity 2058K, committed 2176K, reserved 1048576K
Event: 5.101 GC heap after
Heap after GC invocations=8 (full 0):
 PSYoungGen      total 203264K, used 9216K [0x00000000e0f00000, 0x00000000ee600000, 0x0000000100000000)
  eden space 194048K, 0% used [0x00000000e0f00000,0x00000000e0f00000,0x00000000ecc80000)
  from space 9216K, 100% used [0x00000000ed800000,0x00000000ee100000,0x00000000ee100000)
  to   space 11776K, 0% used [0x00000000ecc80000,0x00000000ecc80000,0x00000000ed800000)
 ParOldGen       total 64512K, used 14529K [0x00000000a2c00000, 0x00000000a6b00000, 0x00000000e0f00000)
  object space 64512K, 22% used [0x00000000a2c00000,0x00000000a3a307a8,0x00000000a6b00000)
 Metaspace       used 16603K, capacity 17164K, committed 17536K, reserved 1064960K
  class space    used 1908K, capacity 2058K, committed 2176K, reserved 1048576K
}
Event: 6.095 GC heap before
{Heap before GC invocations=9 (full 0):
 PSYoungGen      total 203264K, used 102282K [0x00000000e0f00000, 0x00000000ee600000, 0x0000000100000000)
  eden space 194048K, 47% used [0x00000000e0f00000,0x00000000e69e2940,0x00000000ecc80000)
  from space 9216K, 100% used [0x00000000ed800000,0x00000000ee100000,0x00000000ee100000)
  to   space 11776K, 0% used [0x00000000ecc80000,0x00000000ecc80000,0x00000000ed800000)
 ParOldGen       total 64512K, used 14529K [0x00000000a2c00000, 0x00000000a6b00000, 0x00000000e0f00000)
  object space 64512K, 22% used [0x00000000a2c00000,0x00000000a3a307a8,0x00000000a6b00000)
 Metaspace       used 20555K, capacity 21136K, committed 21296K, reserved 1069056K
  class space    used 2437K, capacity 2618K, committed 2688K, reserved 1048576K
Event: 6.162 GC heap after
Heap after GC invocations=9 (full 0):
 PSYoungGen      total 205824K, used 11748K [0x00000000e0f00000, 0x00000000f5b80000, 0x0000000100000000)
  eden space 194048K, 0% used [0x00000000e0f00000,0x00000000e0f00000,0x00000000ecc80000)
  from space 11776K, 99% used [0x00000000ecc80000,0x00000000ed7f9308,0x00000000ed800000)
  to   space 14848K, 0% used [0x00000000f4d00000,0x00000000f4d00000,0x00000000f5b80000)
 ParOldGen       total 64512K, used 17855K [0x00000000a2c00000, 0x00000000a6b00000, 0x00000000e0f00000)
  object space 64512K, 27% used [0x00000000a2c00000,0x00000000a3d6fd28,0x00000000a6b00000)
 Metaspace       used 20555K, capacity 21136K, committed 21296K, reserved 1069056K
  class space    used 2437K, capacity 2618K, committed 2688K, reserved 1048576K
}
Event: 6.163 GC heap before
{Heap before GC invocations=10 (full 1):
 PSYoungGen      total 205824K, used 11748K [0x00000000e0f00000, 0x00000000f5b80000, 0x0000000100000000)
  eden space 194048K, 0% used [0x00000000e0f00000,0x00000000e0f00000,0x00000000ecc80000)
  from space 11776K, 99% used [0x00000000ecc80000,0x00000000ed7f9308,0x00000000ed800000)
  to   space 14848K, 0% used [0x00000000f4d00000,0x00000000f4d00000,0x00000000f5b80000)
 ParOldGen       total 64512K, used 17855K [0x00000000a2c00000, 0x00000000a6b00000, 0x00000000e0f00000)
  object space 64512K, 27% used [0x00000000a2c00000,0x00000000a3d6fd28,0x00000000a6b00000)
 Metaspace       used 20555K, capacity 21136K, committed 21296K, reserved 1069056K
  class space    used 2437K, capacity 2618K, committed 2688K, reserved 1048576K
Event: 6.346 GC heap after
Heap after GC invocations=10 (full 1):
 PSYoungGen      total 205824K, used 0K [0x00000000e0f00000, 0x00000000f5b80000, 0x0000000100000000)
  eden space 194048K, 0% used [0x00000000e0f00000,0x00000000e0f00000,0x00000000ecc80000)
  from space 11776K, 0% used [0x00000000ecc80000,0x00000000ecc80000,0x00000000ed800000)
  to   space 14848K, 0% used [0x00000000f4d00000,0x00000000f4d00000,0x00000000f5b80000)
 ParOldGen       total 63488K, used 23018K [0x00000000a2c00000, 0x00000000a6a00000, 0x00000000e0f00000)
  object space 63488K, 36% used [0x00000000a2c00000,0x00000000a427a928,0x00000000a6a00000)
 Metaspace       used 20555K, capacity 21136K, committed 21296K, reserved 1069056K
  class space    used 2437K, capacity 2618K, committed 2688K, reserved 1048576K
}
Event: 8.444 GC heap before
{Heap before GC invocations=11 (full 1):
 PSYoungGen      total 205824K, used 194048K [0x00000000e0f00000, 0x00000000f5b80000, 0x0000000100000000)
  eden space 194048K, 100% used [0x00000000e0f00000,0x00000000ecc80000,0x00000000ecc80000)
  from space 11776K, 0% used [0x00000000ecc80000,0x00000000ecc80000,0x00000000ed800000)
  to   space 14848K, 0% used [0x00000000f4d00000,0x00000000f4d00000,0x00000000f5b80000)
 ParOldGen       total 63488K, used 23018K [0x00000000a2c00000, 0x00000000a6a00000, 0x00000000e0f00000)
  object space 63488K, 36% used [0x00000000a2c00000,0x00000000a427a928,0x00000000a6a00000)
 Metaspace       used 21619K, capacity 22256K, committed 22576K, reserved 1069056K
  class space    used 2492K, capacity 2650K, committed 2688K, reserved 1048576K
Event: 8.608 GC heap after
Heap after GC invocations=11 (full 1):
 PSYoungGen      total 281088K, used 14840K [0x00000000e0f00000, 0x00000000f5b80000, 0x0000000100000000)
  eden space 266240K, 0% used [0x00000000e0f00000,0x00000000e0f00000,0x00000000f1300000)
  from space 14848K, 99% used [0x00000000f4d00000,0x00000000f5b7e150,0x00000000f5b80000)
  to   space 36352K, 0% used [0x00000000f1480000,0x00000000f1480000,0x00000000f3800000)
 ParOldGen       total 75776K, used 75660K [0x00000000a2c00000, 0x00000000a7600000, 0x00000000e0f00000)
  object space 75776K, 99% used [0x00000000a2c00000,0x00000000a75e32d0,0x00000000a7600000)
 Metaspace       used 21619K, capacity 22256K, committed 22576K, reserved 1069056K
  class space    used 2492K, capacity 2650K, committed 2688K, reserved 1048576K
}
Event: 8.608 GC heap before
{Heap before GC invocations=12 (full 2):
 PSYoungGen      total 281088K, used 14840K [0x00000000e0f00000, 0x00000000f5b80000, 0x0000000100000000)
  eden space 266240K, 0% used [0x00000000e0f00000,0x00000000e0f00000,0x00000000f1300000)
  from space 14848K, 99% used [0x00000000f4d00000,0x00000000f5b7e150,0x00000000f5b80000)
  to   space 36352K, 0% used [0x00000000f1480000,0x00000000f1480000,0x00000000f3800000)
 ParOldGen       total 75776K, used 75660K [0x00000000a2c00000, 0x00000000a7600000, 0x00000000e0f00000)
  object space 75776K, 99% used [0x00000000a2c00000,0x00000000a75e32d0,0x00000000a7600000)
 Metaspace       used 21619K, capacity 22256K, committed 22576K, reserved 1069056K
  class space    used 2492K, capacity 2650K, committed 2688K, reserved 1048576K

