# JRE version: Java(TM) SE Runtime Environment (8.0_151-b12) (build 1.8.0_151-b12)
# Java VM: Java HotSpot(TM) 64-Bit Server VM (25.151-b12 mixed mode linux-amd64 compressed oops)
Heap:
 PSYoungGen      total 286208K, used 9987K [0x00000000e0f00000, 0x00000000f5880000, 0x0000000100000000)
  eden space 273920K, 0% used [0x00000000e0f00000,0x00000000e0f00000,0x00000000f1a80000)
  from space 12288K, 81% used [0x00000000f4a80000,0x00000000f5440d88,0x00000000f5680000)
  to   space 31744K, 0% used [0x00000000f1a80000,0x00000000f1a80000,0x00000000f3980000)
 ParOldGen       total 69120K, used 68747K [0x00000000a2c00000, 0x00000000a6f80000, 0x00000000e0f00000)
  object space 69120K, 99% used [0x00000000a2c00000,0x00000000a6f22ce0,0x00000000a6f80000)
 Metaspace       used 21367K, capacity 22000K, committed 22192K, reserved 1069056K
  class space    used 2481K, capacity 2650K, committed 2736K, reserved 1048576K
GC Heap History (10 events):
Event: 3.124 GC heap after
Heap after GC invocations=7 (full 0):
 PSYoungGen      total 105472K, used 7152K [0x00000000e0f00000, 0x00000000ee100000, 0x0000000100000000)
  eden space 98304K, 0% used [0x00000000e0f00000,0x00000000e0f00000,0x00000000e6f00000)
  from space 7168K, 99% used [0x00000000e6f00000,0x00000000e75fc010,0x00000000e7600000)
  to   space 9216K, 0% used [0x00000000ed800000,0x00000000ed800000,0x00000000ee100000)
 ParOldGen       total 64512K, used 10777K [0x00000000a2c00000, 0x00000000a6b00000, 0x00000000e0f00000)
  object space 64512K, 16% used [0x00000000a2c00000,0x00000000a3686680,0x00000000a6b00000)
 Metaspace       used 14433K, capacity 14822K, committed 15104K, reserved 1062912K
  class space    used 1655K, capacity 1769K, committed 1792K, reserved 1048576K
}
Event: 4.103 GC heap before
{Heap before GC invocations=8 (full 0):
 PSYoungGen      total 105472K, used 105456K [0x00000000e0f00000, 0x00000000ee100000, 0x0000000100000000)
  eden space 98304K, 100% used [0x00000000e0f00000,0x00000000e6f00000,0x00000000e6f00000)
  from space 7168K, 99% used [0x00000000e6f00000,0x00000000e75fc010,0x00000000e7600000)
  to   space 9216K, 0% used [0x00000000ed800000,0x00000000ed800000,0x00000000ee100000)
 ParOldGen       total 64512K, used 10777K [0x00000000a2c00000, 0x00000000a6b00000, 0x00000000e0f00000)
  object space 64512K, 16% used [0x00000000a2c00000,0x00000000a3686680,0x00000000a6b00000)
 Metaspace       used 16415K, capacity 16852K, committed 16896K, reserved 1064960K
  class space    used 1881K, capacity 2018K, committed 2048K, reserved 1048576K
Event: 4.131 GC heap after
Heap after GC invocations=8 (full 0):
 PSYoungGen      total 203264K, used 9216K [0x00000000e0f00000, 0x00000000ee600000, 0x0000000100000000)
  eden space 194048K, 0% used [0x00000000e0f00000,0x00000000e0f00000,0x00000000ecc80000)
  from space 9216K, 100% used [0x00000000ed800000,0x00000000ee100000,0x00000000ee100000)
  to   space 11776K, 0% used [0x00000000ecc80000,0x00000000ecc80000,0x00000000ed800000)
 ParOldGen       total 64512K, used 13982K [0x00000000a2c00000, 0x00000000a6b00000, 0x00000000e0f00000)
  object space 64512K, 21% used [0x00000000a2c00000,0x00000000a39a7888,0x00000000a6b00000)
 Metaspace       used 16415K, capacity 16852K, committed 16896K, reserved 1064960K
  class space    used 1881K, capacity 2018K, committed 2048K, reserved 1048576K
}
Event: 4.649 GC heap before
{Heap before GC invocations=9 (full 0):
 PSYoungGen      total 203264K, used 82930K [0x00000000e0f00000, 0x00000000ee600000, 0x0000000100000000)
  eden space 194048K, 37% used [0x00000000e0f00000,0x00000000e56fcbd8,0x00000000ecc80000)
  from space 9216K, 100% used [0x00000000ed800000,0x00000000ee100000,0x00000000ee100000)
  to   space 11776K, 0% used [0x00000000ecc80000,0x00000000ecc80000,0x00000000ed800000)
 ParOldGen       total 64512K, used 13982K [0x00000000a2c00000, 0x00000000a6b00000, 0x00000000e0f00000)
  object space 64512K, 21% used [0x00000000a2c00000,0x00000000a39a7888,0x00000000a6b00000)
 Metaspace       used 20484K, capacity 21104K, committed 21296K, reserved 1069056K
  class space    used 2412K, capacity 2586K, committed 2608K, reserved 1048576K
Event: 4.677 GC heap after
Heap after GC invocations=9 (full 0):
 PSYoungGen      total 205824K, used 9264K [0x00000000e0f00000, 0x00000000f5680000, 0x0000000100000000)
  eden space 194048K, 0% used [0x00000000e0f00000,0x00000000e0f00000,0x00000000ecc80000)
  from space 11776K, 78% used [0x00000000ecc80000,0x00000000ed58c248,0x00000000ed800000)
  to   space 12288K, 0% used [0x00000000f4a80000,0x00000000f4a80000,0x00000000f5680000)
 ParOldGen       total 64512K, used 16134K [0x00000000a2c00000, 0x00000000a6b00000, 0x00000000e0f00000)
  object space 64512K, 25% used [0x00000000a2c00000,0x00000000a3bc18a8,0x00000000a6b00000)
 Metaspace       used 20484K, capacity 21104K, committed 21296K, reserved 1069056K
  class space    used 2412K, capacity 2586K, committed 2608K, reserved 1048576K
}
Event: 4.677 GC heap before
{Heap before GC invocations=10 (full 1):
 PSYoungGen      total 205824K, used 9264K [0x00000000e0f00000, 0x00000000f5680000, 0x0000000100000000)
  eden space 194048K, 0% used [0x00000000e0f00000,0x00000000e0f00000,0x00000000ecc80000)
  from space 11776K, 78% used [0x00000000ecc80000,0x00000000ed58c248,0x00000000ed800000)
  to   space 12288K, 0% used [0x00000000f4a80000,0x00000000f4a80000,0x00000000f5680000)
 ParOldGen       total 64512K, used 16134K [0x00000000a2c00000, 0x00000000a6b00000, 0x00000000e0f00000)
  object space 64512K, 25% used [0x00000000a2c00000,0x00000000a3bc18a8,0x00000000a6b00000)
 Metaspace       used 20484K, capacity 21104K, committed 21296K, reserved 1069056K
  class space    used 2412K, capacity 2586K, committed 2608K, reserved 1048576K
Event: 4.779 GC heap after
Heap after GC invocations=10 (full 1):
 PSYoungGen      total 205824K, used 0K [0x00000000e0f00000, 0x00000000f5680000, 0x0000000100000000)
  eden space 194048K, 0% used [0x00000000e0f00000,0x00000000e0f00000,0x00000000ecc80000)
  from space 11776K, 0% used [0x00000000ecc80000,0x00000000ecc80000,0x00000000ed800000)
  to   space 12288K, 0% used [0x00000000f4a80000,0x00000000f4a80000,0x00000000f5680000)
 ParOldGen       total 57856K, used 19774K [0x00000000a2c00000, 0x00000000a6480000, 0x00000000e0f00000)
  object space 57856K, 34% used [0x00000000a2c00000,0x00000000a3f4fba0,0x00000000a6480000)
 Metaspace       used 20484K, capacity 21104K, committed 21296K, reserved 1069056K
  class space    used 2412K, capacity 2586K, committed 2608K, reserved 1048576K
}
Event: 7.284 GC heap before
{Heap before GC invocations=11 (full 1):
 PSYoungGen      total 205824K, used 194048K [0x00000000e0f00000, 0x00000000f5680000, 0x0000000100000000)
  eden space 194048K, 100% used [0x00000000e0f00000,0x00000000ecc80000,0x00000000ecc80000)
  from space 11776K, 0% used [0x00000000ecc80000,0x00000000ecc80000,0x00000000ed800000)
  to   space 12288K, 0% used [0x00000000f4a80000,0x00000000f4a80000,0x00000000f5680000)
 ParOldGen       total 57856K, used 19774K [0x00000000a2c00000, 0x00000000a6480000, 0x00000000e0f00000)
  object space 57856K, 34% used [0x00000000a2c00000,0x00000000a3f4fba0,0x00000000a6480000)
 Metaspace       used 21367K, capacity 22000K, committed 22192K, reserved 1069056K
  class space    used 2481K, capacity 2650K, committed 2736K, reserved 1048576K
Event: 7.494 GC heap after
Heap after GC invocations=11 (full 1):
 PSYoungGen      total 286208K, used 12277K [0x00000000e0f00000, 0x00000000f5880000, 0x0000000100000000)
  eden space 273920K, 0% used [0x00000000e0f00000,0x00000000e0f00000,0x00000000f1a80000)
  from space 12288K, 99% used [0x00000000f4a80000,0x00000000f567d490,0x00000000f5680000)
  to   space 31744K, 0% used [0x00000000f1a80000,0x00000000f1a80000,0x00000000f3980000)
 ParOldGen       total 69120K, used 68515K [0x00000000a2c00000, 0x00000000a6f80000, 0x00000000e0f00000)
  object space 69120K, 99% used [0x00000000a2c00000,0x00000000a6ee8de0,0x00000000a6f80000)
 Metaspace       used 21367K, capacity 22000K, committed 22192K, reserved 1069056K
  class space    used 2481K, capacity 2650K, committed 2736K, reserved 1048576K
}
Event: 7.498 GC heap before
{Heap before GC invocations=12 (full 2):
 PSYoungGen      total 286208K, used 12277K [0x00000000e0f00000, 0x00000000f5880000, 0x0000000100000000)
  eden space 273920K, 0% used [0x00000000e0f00000,0x00000000e0f00000,0x00000000f1a80000)
  from space 12288K, 99% used [0x00000000f4a80000,0x00000000f567d490,0x00000000f5680000)
  to   space 31744K, 0% used [0x00000000f1a80000,0x00000000f1a80000,0x00000000f3980000)
 ParOldGen       total 69120K, used 68515K [0x00000000a2c00000, 0x00000000a6f80000, 0x00000000e0f00000)
  object space 69120K, 99% used [0x00000000a2c00000,0x00000000a6ee8de0,0x00000000a6f80000)
 Metaspace       used 21367K, capacity 22000K, committed 22192K, reserved 1069056K
  class space    used 2481K, capacity 2650K, committed 2736K, reserved 1048576K

