# JRE version: Java(TM) SE Runtime Environment (8.0_144-b01) (build 1.8.0_144-b01)
# Java VM: Java HotSpot(TM) 64-Bit Server VM (25.144-b01 mixed mode linux-amd64 compressed oops)
Heap:
 PSYoungGen      total 103936K, used 155K [0x00000000eb700000, 0x00000000f2000000, 0x0000000100000000)
  eden space 100352K, 0% used [0x00000000eb700000,0x00000000eb700000,0x00000000f1900000)
  from space 3584K, 4% used [0x00000000f1900000,0x00000000f1926cc8,0x00000000f1c80000)
  to   space 3584K, 0% used [0x00000000f1c80000,0x00000000f1c80000,0x00000000f2000000)
 ParOldGen       total 42496K, used 4751K [0x00000000c2400000, 0x00000000c4d80000, 0x00000000eb700000)
  object space 42496K, 11% used [0x00000000c2400000,0x00000000c28a3d60,0x00000000c4d80000)
 Metaspace       used 15828K, capacity 16020K, committed 16384K, reserved 1064960K
  class space    used 1611K, capacity 1680K, committed 1792K, reserved 1048576K
GC Heap History (10 events):
Event: 1.878 GC heap after
Heap after GC invocations=6 (full 0):
 PSYoungGen      total 34304K, used 3020K [0x00000000eb700000, 0x00000000edd00000, 0x0000000100000000)
  eden space 31232K, 0% used [0x00000000eb700000,0x00000000eb700000,0x00000000ed580000)
  from space 3072K, 98% used [0x00000000ed900000,0x00000000edbf33d8,0x00000000edc00000)
  to   space 3584K, 0% used [0x00000000ed580000,0x00000000ed580000,0x00000000ed900000)
 ParOldGen       total 42496K, used 24K [0x00000000c2400000, 0x00000000c4d80000, 0x00000000eb700000)
  object space 42496K, 0% used [0x00000000c2400000,0x00000000c2406000,0x00000000c4d80000)
 Metaspace       used 10364K, capacity 10568K, committed 10880K, reserved 1058816K
  class space    used 1048K, capacity 1082K, committed 1152K, reserved 1048576K
}
Event: 2.360 GC heap before
{Heap before GC invocations=7 (full 0):
 PSYoungGen      total 34304K, used 34252K [0x00000000eb700000, 0x00000000edd00000, 0x0000000100000000)
  eden space 31232K, 100% used [0x00000000eb700000,0x00000000ed580000,0x00000000ed580000)
  from space 3072K, 98% used [0x00000000ed900000,0x00000000edbf33d8,0x00000000edc00000)
  to   space 3584K, 0% used [0x00000000ed580000,0x00000000ed580000,0x00000000ed900000)
 ParOldGen       total 42496K, used 24K [0x00000000c2400000, 0x00000000c4d80000, 0x00000000eb700000)
  object space 42496K, 0% used [0x00000000c2400000,0x00000000c2406000,0x00000000c4d80000)
 Metaspace       used 11614K, capacity 11816K, committed 12032K, reserved 1060864K
  class space    used 1144K, capacity 1178K, committed 1280K, reserved 1048576K
Event: 2.395 GC heap after
Heap after GC invocations=7 (full 0):
 PSYoungGen      total 34816K, used 2364K [0x00000000eb700000, 0x00000000efa00000, 0x0000000100000000)
  eden space 31232K, 0% used [0x00000000eb700000,0x00000000eb700000,0x00000000ed580000)
  from space 3584K, 65% used [0x00000000ed580000,0x00000000ed7cf030,0x00000000ed900000)
  to   space 3072K, 0% used [0x00000000ef700000,0x00000000ef700000,0x00000000efa00000)
 ParOldGen       total 42496K, used 1631K [0x00000000c2400000, 0x00000000c4d80000, 0x00000000eb700000)
  object space 42496K, 3% used [0x00000000c2400000,0x00000000c2597f48,0x00000000c4d80000)
 Metaspace       used 11614K, capacity 11816K, committed 12032K, reserved 1060864K
  class space    used 1144K, capacity 1178K, committed 1280K, reserved 1048576K
}
Event: 2.954 GC heap before
{Heap before GC invocations=8 (full 0):
 PSYoungGen      total 34816K, used 33596K [0x00000000eb700000, 0x00000000efa00000, 0x0000000100000000)
  eden space 31232K, 100% used [0x00000000eb700000,0x00000000ed580000,0x00000000ed580000)
  from space 3584K, 65% used [0x00000000ed580000,0x00000000ed7cf030,0x00000000ed900000)
  to   space 3072K, 0% used [0x00000000ef700000,0x00000000ef700000,0x00000000efa00000)
 ParOldGen       total 42496K, used 1631K [0x00000000c2400000, 0x00000000c4d80000, 0x00000000eb700000)
  object space 42496K, 3% used [0x00000000c2400000,0x00000000c2597f48,0x00000000c4d80000)
 Metaspace       used 12820K, capacity 13000K, committed 13184K, reserved 1060864K
  class space    used 1307K, capacity 1338K, committed 1408K, reserved 1048576K
Event: 2.960 GC heap after
Heap after GC invocations=8 (full 0):
 PSYoungGen      total 65536K, used 2558K [0x00000000eb700000, 0x00000000efa00000, 0x0000000100000000)
  eden space 62464K, 0% used [0x00000000eb700000,0x00000000eb700000,0x00000000ef400000)
  from space 3072K, 83% used [0x00000000ef700000,0x00000000ef97f8a8,0x00000000efa00000)
  to   space 3072K, 0% used [0x00000000ef400000,0x00000000ef400000,0x00000000ef700000)
 ParOldGen       total 42496K, used 1959K [0x00000000c2400000, 0x00000000c4d80000, 0x00000000eb700000)
  object space 42496K, 4% used [0x00000000c2400000,0x00000000c25e9f48,0x00000000c4d80000)
 Metaspace       used 12820K, capacity 13000K, committed 13184K, reserved 1060864K
  class space    used 1307K, capacity 1338K, committed 1408K, reserved 1048576K
}
Event: 3.583 GC heap before
{Heap before GC invocations=9 (full 0):
 PSYoungGen      total 65536K, used 64997K [0x00000000eb700000, 0x00000000efa00000, 0x0000000100000000)
  eden space 62464K, 99% used [0x00000000eb700000,0x00000000ef3f9e20,0x00000000ef400000)
  from space 3072K, 83% used [0x00000000ef700000,0x00000000ef97f8a8,0x00000000efa00000)
  to   space 3072K, 0% used [0x00000000ef400000,0x00000000ef400000,0x00000000ef700000)
 ParOldGen       total 42496K, used 1959K [0x00000000c2400000, 0x00000000c4d80000, 0x00000000eb700000)
  object space 42496K, 4% used [0x00000000c2400000,0x00000000c25e9f48,0x00000000c4d80000)
 Metaspace       used 15826K, capacity 16020K, committed 16384K, reserved 1064960K
  class space    used 1611K, capacity 1680K, committed 1792K, reserved 1048576K
Event: 3.594 GC heap after
Heap after GC invocations=9 (full 0):
 PSYoungGen      total 65536K, used 3037K [0x00000000eb700000, 0x00000000f2000000, 0x0000000100000000)
  eden space 62464K, 0% used [0x00000000eb700000,0x00000000eb700000,0x00000000ef400000)
  from space 3072K, 98% used [0x00000000ef400000,0x00000000ef6f7618,0x00000000ef700000)
  to   space 3584K, 0% used [0x00000000f1c80000,0x00000000f1c80000,0x00000000f2000000)
 ParOldGen       total 42496K, used 2679K [0x00000000c2400000, 0x00000000c4d80000, 0x00000000eb700000)
  object space 42496K, 6% used [0x00000000c2400000,0x00000000c269df88,0x00000000c4d80000)
 Metaspace       used 15826K, capacity 16020K, committed 16384K, reserved 1064960K
  class space    used 1611K, capacity 1680K, committed 1792K, reserved 1048576K
}
Event: 3.619 GC heap before
{Heap before GC invocations=10 (full 0):
 PSYoungGen      total 65536K, used 65486K [0x00000000eb700000, 0x00000000f2000000, 0x0000000100000000)
  eden space 62464K, 99% used [0x00000000eb700000,0x00000000ef3fc388,0x00000000ef400000)
  from space 3072K, 98% used [0x00000000ef400000,0x00000000ef6f7618,0x00000000ef700000)
  to   space 3584K, 0% used [0x00000000f1c80000,0x00000000f1c80000,0x00000000f2000000)
 ParOldGen       total 42496K, used 2679K [0x00000000c2400000, 0x00000000c4d80000, 0x00000000eb700000)
  object space 42496K, 6% used [0x00000000c2400000,0x00000000c269df88,0x00000000c4d80000)
 Metaspace       used 15828K, capacity 16020K, committed 16384K, reserved 1064960K
  class space    used 1611K, capacity 1680K, committed 1792K, reserved 1048576K
Event: 3.626 GC heap after
Heap after GC invocations=10 (full 0):
 PSYoungGen      total 103936K, used 1260K [0x00000000eb700000, 0x00000000f2000000, 0x0000000100000000)
  eden space 100352K, 0% used [0x00000000eb700000,0x00000000eb700000,0x00000000f1900000)
  from space 3584K, 35% used [0x00000000f1c80000,0x00000000f1dbb148,0x00000000f2000000)
  to   space 3584K, 0% used [0x00000000f1900000,0x00000000f1900000,0x00000000f1c80000)
 ParOldGen       total 42496K, used 3622K [0x00000000c2400000, 0x00000000c4d80000, 0x00000000eb700000)
  object space 42496K, 8% used [0x00000000c2400000,0x00000000c27898f8,0x00000000c4d80000)
 Metaspace       used 15828K, capacity 16020K, committed 16384K, reserved 1064960K
  class space    used 1611K, capacity 1680K, committed 1792K, reserved 1048576K
}
Event: 3.685 GC heap before
{Heap before GC invocations=11 (full 0):
 PSYoungGen      total 103936K, used 101522K [0x00000000eb700000, 0x00000000f2000000, 0x0000000100000000)
  eden space 100352K, 99% used [0x00000000eb700000,0x00000000f18e98f8,0x00000000f1900000)
  from space 3584K, 35% used [0x00000000f1c80000,0x00000000f1dbb148,0x00000000f2000000)
  to   space 3584K, 0% used [0x00000000f1900000,0x00000000f1900000,0x00000000f1c80000)
 ParOldGen       total 42496K, used 3622K [0x00000000c2400000, 0x00000000c4d80000, 0x00000000eb700000)
  object space 42496K, 8% used [0x00000000c2400000,0x00000000c27898f8,0x00000000c4d80000)
 Metaspace       used 15828K, capacity 16020K, committed 16384K, reserved 1064960K
  class space    used 1611K, capacity 1680K, committed 1792K, reserved 1048576K

