# JRE version: Java(TM) SE Runtime Environment (8.0_151-b12) (build 1.8.0_151-b12)
# Java VM: Java HotSpot(TM) 64-Bit Server VM (25.151-b12 mixed mode linux-amd64 compressed oops)
Heap:
 PSYoungGen      total 102400K, used 4577K [0x00000000e0f00000, 0x00000000e7800000, 0x0000000100000000)
  eden space 97792K, 0% used [0x00000000e0f00000,0x00000000e0f00000,0x00000000e6e80000)
  from space 4608K, 99% used [0x00000000e6e80000,0x00000000e72f8610,0x00000000e7300000)
  to   space 4096K, 0% used [0x00000000e7300000,0x00000000e7300000,0x00000000e7700000)
 ParOldGen       total 64512K, used 3216K [0x00000000a2c00000, 0x00000000a6b00000, 0x00000000e0f00000)
  object space 64512K, 4% used [0x00000000a2c00000,0x00000000a2f24390,0x00000000a6b00000)
 Metaspace       used 15113K, capacity 16124K, committed 16256K, reserved 1062912K
  class space    used 1656K, capacity 1855K, committed 1920K, reserved 1048576K
GC Heap History (10 events):
Event: 1.687 GC heap after
Heap after GC invocations=2 (full 0):
 PSYoungGen      total 28160K, used 2917K [0x00000000e0f00000, 0x00000000e4600000, 0x0000000100000000)
  eden space 24576K, 0% used [0x00000000e0f00000,0x00000000e0f00000,0x00000000e2700000)
  from space 3584K, 81% used [0x00000000e2a80000,0x00000000e2d59558,0x00000000e2e00000)
  to   space 3584K, 0% used [0x00000000e2700000,0x00000000e2700000,0x00000000e2a80000)
 ParOldGen       total 64512K, used 8K [0x00000000a2c00000, 0x00000000a6b00000, 0x00000000e0f00000)
  object space 64512K, 0% used [0x00000000a2c00000,0x00000000a2c02000,0x00000000a6b00000)
 Metaspace       used 5845K, capacity 6028K, committed 6144K, reserved 1056768K
  class space    used 630K, capacity 702K, committed 768K, reserved 1048576K
}
Event: 2.332 GC heap before
{Heap before GC invocations=3 (full 0):
 PSYoungGen      total 28160K, used 27493K [0x00000000e0f00000, 0x00000000e4600000, 0x0000000100000000)
  eden space 24576K, 100% used [0x00000000e0f00000,0x00000000e2700000,0x00000000e2700000)
  from space 3584K, 81% used [0x00000000e2a80000,0x00000000e2d59558,0x00000000e2e00000)
  to   space 3584K, 0% used [0x00000000e2700000,0x00000000e2700000,0x00000000e2a80000)
 ParOldGen       total 64512K, used 8K [0x00000000a2c00000, 0x00000000a6b00000, 0x00000000e0f00000)
  object space 64512K, 0% used [0x00000000a2c00000,0x00000000a2c02000,0x00000000a6b00000)
 Metaspace       used 8346K, capacity 8712K, committed 8832K, reserved 1056768K
  class space    used 944K, capacity 1072K, committed 1152K, reserved 1048576K
Event: 2.337 GC heap after
Heap after GC invocations=3 (full 0):
 PSYoungGen      total 28160K, used 3375K [0x00000000e0f00000, 0x00000000e4600000, 0x0000000100000000)
  eden space 24576K, 0% used [0x00000000e0f00000,0x00000000e0f00000,0x00000000e2700000)
  from space 3584K, 94% used [0x00000000e2700000,0x00000000e2a4bd50,0x00000000e2a80000)
  to   space 3584K, 0% used [0x00000000e4280000,0x00000000e4280000,0x00000000e4600000)
 ParOldGen       total 64512K, used 16K [0x00000000a2c00000, 0x00000000a6b00000, 0x00000000e0f00000)
  object space 64512K, 0% used [0x00000000a2c00000,0x00000000a2c04000,0x00000000a6b00000)
 Metaspace       used 8346K, capacity 8712K, committed 8832K, reserved 1056768K
  class space    used 944K, capacity 1072K, committed 1152K, reserved 1048576K
}
Event: 2.837 GC heap before
{Heap before GC invocations=4 (full 0):
 PSYoungGen      total 28160K, used 27951K [0x00000000e0f00000, 0x00000000e4600000, 0x0000000100000000)
  eden space 24576K, 100% used [0x00000000e0f00000,0x00000000e2700000,0x00000000e2700000)
  from space 3584K, 94% used [0x00000000e2700000,0x00000000e2a4bd50,0x00000000e2a80000)
  to   space 3584K, 0% used [0x00000000e4280000,0x00000000e4280000,0x00000000e4600000)
 ParOldGen       total 64512K, used 16K [0x00000000a2c00000, 0x00000000a6b00000, 0x00000000e0f00000)
  object space 64512K, 0% used [0x00000000a2c00000,0x00000000a2c04000,0x00000000a6b00000)
 Metaspace       used 10041K, capacity 10712K, committed 10880K, reserved 1058816K
  class space    used 1194K, capacity 1358K, committed 1408K, reserved 1048576K
Event: 2.844 GC heap after
Heap after GC invocations=4 (full 0):
 PSYoungGen      total 52736K, used 3555K [0x00000000e0f00000, 0x00000000e4600000, 0x0000000100000000)
  eden space 49152K, 0% used [0x00000000e0f00000,0x00000000e0f00000,0x00000000e3f00000)
  from space 3584K, 99% used [0x00000000e4280000,0x00000000e45f8ef8,0x00000000e4600000)
  to   space 3584K, 0% used [0x00000000e3f00000,0x00000000e3f00000,0x00000000e4280000)
 ParOldGen       total 64512K, used 394K [0x00000000a2c00000, 0x00000000a6b00000, 0x00000000e0f00000)
  object space 64512K, 0% used [0x00000000a2c00000,0x00000000a2c62998,0x00000000a6b00000)
 Metaspace       used 10041K, capacity 10712K, committed 10880K, reserved 1058816K
  class space    used 1194K, capacity 1358K, committed 1408K, reserved 1048576K
}
Event: 3.212 GC heap before
{Heap before GC invocations=5 (full 0):
 PSYoungGen      total 52736K, used 52707K [0x00000000e0f00000, 0x00000000e4600000, 0x0000000100000000)
  eden space 49152K, 100% used [0x00000000e0f00000,0x00000000e3f00000,0x00000000e3f00000)
  from space 3584K, 99% used [0x00000000e4280000,0x00000000e45f8ef8,0x00000000e4600000)
  to   space 3584K, 0% used [0x00000000e3f00000,0x00000000e3f00000,0x00000000e4280000)
 ParOldGen       total 64512K, used 394K [0x00000000a2c00000, 0x00000000a6b00000, 0x00000000e0f00000)
  object space 64512K, 0% used [0x00000000a2c00000,0x00000000a2c62998,0x00000000a6b00000)
 Metaspace       used 11302K, capacity 11998K, committed 12288K, reserved 1060864K
  class space    used 1266K, capacity 1427K, committed 1536K, reserved 1048576K
Event: 3.221 GC heap after
Heap after GC invocations=5 (full 0):
 PSYoungGen      total 52736K, used 3562K [0x00000000e0f00000, 0x00000000e7700000, 0x0000000100000000)
  eden space 49152K, 0% used [0x00000000e0f00000,0x00000000e0f00000,0x00000000e3f00000)
  from space 3584K, 99% used [0x00000000e3f00000,0x00000000e427ab10,0x00000000e4280000)
  to   space 4096K, 0% used [0x00000000e7300000,0x00000000e7300000,0x00000000e7700000)
 ParOldGen       total 64512K, used 402K [0x00000000a2c00000, 0x00000000a6b00000, 0x00000000e0f00000)
  object space 64512K, 0% used [0x00000000a2c00000,0x00000000a2c64998,0x00000000a6b00000)
 Metaspace       used 11302K, capacity 11998K, committed 12288K, reserved 1060864K
  class space    used 1266K, capacity 1427K, committed 1536K, reserved 1048576K
}
Event: 3.918 GC heap before
{Heap before GC invocations=6 (full 0):
 PSYoungGen      total 52736K, used 52714K [0x00000000e0f00000, 0x00000000e7700000, 0x0000000100000000)
  eden space 49152K, 100% used [0x00000000e0f00000,0x00000000e3f00000,0x00000000e3f00000)
  from space 3584K, 99% used [0x00000000e3f00000,0x00000000e427ab10,0x00000000e4280000)
  to   space 4096K, 0% used [0x00000000e7300000,0x00000000e7300000,0x00000000e7700000)
 ParOldGen       total 64512K, used 402K [0x00000000a2c00000, 0x00000000a6b00000, 0x00000000e0f00000)
  object space 64512K, 0% used [0x00000000a2c00000,0x00000000a2c64998,0x00000000a6b00000)
 Metaspace       used 12835K, capacity 13608K, committed 13952K, reserved 1060864K
  class space    used 1416K, capacity 1574K, committed 1664K, reserved 1048576K
Event: 3.926 GC heap after
Heap after GC invocations=6 (full 0):
 PSYoungGen      total 101888K, used 4065K [0x00000000e0f00000, 0x00000000e7800000, 0x0000000100000000)
  eden space 97792K, 0% used [0x00000000e0f00000,0x00000000e0f00000,0x00000000e6e80000)
  from space 4096K, 99% used [0x00000000e7300000,0x00000000e76f85a8,0x00000000e7700000)
  to   space 4608K, 0% used [0x00000000e6e80000,0x00000000e6e80000,0x00000000e7300000)
 ParOldGen       total 64512K, used 488K [0x00000000a2c00000, 0x00000000a6b00000, 0x00000000e0f00000)
  object space 64512K, 0% used [0x00000000a2c00000,0x00000000a2c7a1a0,0x00000000a6b00000)
 Metaspace       used 12835K, capacity 13608K, committed 13952K, reserved 1060864K
  class space    used 1416K, capacity 1574K, committed 1664K, reserved 1048576K
}
Event: 4.906 GC heap before
{Heap before GC invocations=7 (full 0):
 PSYoungGen      total 101888K, used 101857K [0x00000000e0f00000, 0x00000000e7800000, 0x0000000100000000)
  eden space 97792K, 100% used [0x00000000e0f00000,0x00000000e6e80000,0x00000000e6e80000)
  from space 4096K, 99% used [0x00000000e7300000,0x00000000e76f85a8,0x00000000e7700000)
  to   space 4608K, 0% used [0x00000000e6e80000,0x00000000e6e80000,0x00000000e7300000)
 ParOldGen       total 64512K, used 488K [0x00000000a2c00000, 0x00000000a6b00000, 0x00000000e0f00000)
  object space 64512K, 0% used [0x00000000a2c00000,0x00000000a2c7a1a0,0x00000000a6b00000)
 Metaspace       used 15113K, capacity 16124K, committed 16256K, reserved 1062912K
  class space    used 1656K, capacity 1855K, committed 1920K, reserved 1048576K

