# JRE version: Java(TM) SE Runtime Environment (8.0_144-b01) (build 1.8.0_144-b01)
# Java VM: Java HotSpot(TM) 64-Bit Server VM (25.144-b01 mixed mode linux-amd64 compressed oops)
Heap:
 PSYoungGen      total 103936K, used 153K [0x00000000eb700000, 0x00000000f2000000, 0x0000000100000000)
  eden space 100352K, 0% used [0x00000000eb700000,0x00000000eb700000,0x00000000f1900000)
  from space 3584K, 4% used [0x00000000f1900000,0x00000000f1926728,0x00000000f1c80000)
  to   space 3584K, 0% used [0x00000000f1c80000,0x00000000f1c80000,0x00000000f2000000)
 ParOldGen       total 42496K, used 5208K [0x00000000c2400000, 0x00000000c4d80000, 0x00000000eb700000)
  object space 42496K, 12% used [0x00000000c2400000,0x00000000c29162b8,0x00000000c4d80000)
 Metaspace       used 15831K, capacity 16116K, committed 16384K, reserved 1064960K
  class space    used 1617K, capacity 1712K, committed 1792K, reserved 1048576K
GC Heap History (10 events):
Event: 3.543 GC heap after
Heap after GC invocations=6 (full 0):
 PSYoungGen      total 34304K, used 3040K [0x00000000eb700000, 0x00000000edd00000, 0x0000000100000000)
  eden space 31232K, 0% used [0x00000000eb700000,0x00000000eb700000,0x00000000ed580000)
  from space 3072K, 98% used [0x00000000ed900000,0x00000000edbf83a8,0x00000000edc00000)
  to   space 3584K, 0% used [0x00000000ed580000,0x00000000ed580000,0x00000000ed900000)
 ParOldGen       total 42496K, used 517K [0x00000000c2400000, 0x00000000c4d80000, 0x00000000eb700000)
  object space 42496K, 1% used [0x00000000c2400000,0x00000000c2481670,0x00000000c4d80000)
 Metaspace       used 10241K, capacity 10344K, committed 10624K, reserved 1058816K
  class space    used 1033K, capacity 1050K, committed 1152K, reserved 1048576K
}
Event: 4.491 GC heap before
{Heap before GC invocations=7 (full 0):
 PSYoungGen      total 34304K, used 34272K [0x00000000eb700000, 0x00000000edd00000, 0x0000000100000000)
  eden space 31232K, 100% used [0x00000000eb700000,0x00000000ed580000,0x00000000ed580000)
  from space 3072K, 98% used [0x00000000ed900000,0x00000000edbf83a8,0x00000000edc00000)
  to   space 3584K, 0% used [0x00000000ed580000,0x00000000ed580000,0x00000000ed900000)
 ParOldGen       total 42496K, used 517K [0x00000000c2400000, 0x00000000c4d80000, 0x00000000eb700000)
  object space 42496K, 1% used [0x00000000c2400000,0x00000000c2481670,0x00000000c4d80000)
 Metaspace       used 12515K, capacity 12764K, committed 12928K, reserved 1060864K
  class space    used 1232K, capacity 1324K, committed 1408K, reserved 1048576K
Event: 4.502 GC heap after
Heap after GC invocations=7 (full 0):
 PSYoungGen      total 34816K, used 2577K [0x00000000eb700000, 0x00000000efb00000, 0x0000000100000000)
  eden space 31232K, 0% used [0x00000000eb700000,0x00000000eb700000,0x00000000ed580000)
  from space 3584K, 71% used [0x00000000ed580000,0x00000000ed804418,0x00000000ed900000)
  to   space 3584K, 0% used [0x00000000ef780000,0x00000000ef780000,0x00000000efb00000)
 ParOldGen       total 42496K, used 2055K [0x00000000c2400000, 0x00000000c4d80000, 0x00000000eb700000)
  object space 42496K, 4% used [0x00000000c2400000,0x00000000c2601cb0,0x00000000c4d80000)
 Metaspace       used 12515K, capacity 12764K, committed 12928K, reserved 1060864K
  class space    used 1232K, capacity 1324K, committed 1408K, reserved 1048576K
}
Event: 4.748 GC heap before
{Heap before GC invocations=8 (full 0):
 PSYoungGen      total 34816K, used 33809K [0x00000000eb700000, 0x00000000efb00000, 0x0000000100000000)
  eden space 31232K, 100% used [0x00000000eb700000,0x00000000ed580000,0x00000000ed580000)
  from space 3584K, 71% used [0x00000000ed580000,0x00000000ed804418,0x00000000ed900000)
  to   space 3584K, 0% used [0x00000000ef780000,0x00000000ef780000,0x00000000efb00000)
 ParOldGen       total 42496K, used 2055K [0x00000000c2400000, 0x00000000c4d80000, 0x00000000eb700000)
  object space 42496K, 4% used [0x00000000c2400000,0x00000000c2601cb0,0x00000000c4d80000)
 Metaspace       used 13877K, capacity 14140K, committed 14336K, reserved 1062912K
  class space    used 1393K, capacity 1484K, committed 1536K, reserved 1048576K
Event: 4.755 GC heap after
Heap after GC invocations=8 (full 0):
 PSYoungGen      total 66048K, used 2834K [0x00000000eb700000, 0x00000000efb00000, 0x0000000100000000)
  eden space 62464K, 0% used [0x00000000eb700000,0x00000000eb700000,0x00000000ef400000)
  from space 3584K, 79% used [0x00000000ef780000,0x00000000efa449c8,0x00000000efb00000)
  to   space 3584K, 0% used [0x00000000ef400000,0x00000000ef400000,0x00000000ef780000)
 ParOldGen       total 42496K, used 2391K [0x00000000c2400000, 0x00000000c4d80000, 0x00000000eb700000)
  object space 42496K, 5% used [0x00000000c2400000,0x00000000c2655cb0,0x00000000c4d80000)
 Metaspace       used 13877K, capacity 14140K, committed 14336K, reserved 1062912K
  class space    used 1393K, capacity 1484K, committed 1536K, reserved 1048576K
}
Event: 5.563 GC heap before
{Heap before GC invocations=9 (full 0):
 PSYoungGen      total 66048K, used 65298K [0x00000000eb700000, 0x00000000efb00000, 0x0000000100000000)
  eden space 62464K, 100% used [0x00000000eb700000,0x00000000ef400000,0x00000000ef400000)
  from space 3584K, 79% used [0x00000000ef780000,0x00000000efa449c8,0x00000000efb00000)
  to   space 3584K, 0% used [0x00000000ef400000,0x00000000ef400000,0x00000000ef780000)
 ParOldGen       total 42496K, used 2391K [0x00000000c2400000, 0x00000000c4d80000, 0x00000000eb700000)
  object space 42496K, 5% used [0x00000000c2400000,0x00000000c2655cb0,0x00000000c4d80000)
 Metaspace       used 15830K, capacity 16116K, committed 16384K, reserved 1064960K
  class space    used 1617K, capacity 1712K, committed 1792K, reserved 1048576K
Event: 5.575 GC heap after
Heap after GC invocations=9 (full 0):
 PSYoungGen      total 66048K, used 2876K [0x00000000eb700000, 0x00000000f2000000, 0x0000000100000000)
  eden space 62464K, 0% used [0x00000000eb700000,0x00000000eb700000,0x00000000ef400000)
  from space 3584K, 80% used [0x00000000ef400000,0x00000000ef6cf098,0x00000000ef780000)
  to   space 3584K, 0% used [0x00000000f1c80000,0x00000000f1c80000,0x00000000f2000000)
 ParOldGen       total 42496K, used 3543K [0x00000000c2400000, 0x00000000c4d80000, 0x00000000eb700000)
  object space 42496K, 8% used [0x00000000c2400000,0x00000000c2775d00,0x00000000c4d80000)
 Metaspace       used 15830K, capacity 16116K, committed 16384K, reserved 1064960K
  class space    used 1617K, capacity 1712K, committed 1792K, reserved 1048576K
}
Event: 5.595 GC heap before
{Heap before GC invocations=10 (full 0):
 PSYoungGen      total 66048K, used 65310K [0x00000000eb700000, 0x00000000f2000000, 0x0000000100000000)
  eden space 62464K, 99% used [0x00000000eb700000,0x00000000ef3f8aa8,0x00000000ef400000)
  from space 3584K, 80% used [0x00000000ef400000,0x00000000ef6cf098,0x00000000ef780000)
  to   space 3584K, 0% used [0x00000000f1c80000,0x00000000f1c80000,0x00000000f2000000)
 ParOldGen       total 42496K, used 3543K [0x00000000c2400000, 0x00000000c4d80000, 0x00000000eb700000)
  object space 42496K, 8% used [0x00000000c2400000,0x00000000c2775d00,0x00000000c4d80000)
 Metaspace       used 15831K, capacity 16116K, committed 16384K, reserved 1064960K
  class space    used 1617K, capacity 1712K, committed 1792K, reserved 1048576K
Event: 5.614 GC heap after
Heap after GC invocations=10 (full 0):
 PSYoungGen      total 103936K, used 855K [0x00000000eb700000, 0x00000000f2000000, 0x0000000100000000)
  eden space 100352K, 0% used [0x00000000eb700000,0x00000000eb700000,0x00000000f1900000)
  from space 3584K, 23% used [0x00000000f1c80000,0x00000000f1d55e60,0x00000000f2000000)
  to   space 3584K, 0% used [0x00000000f1900000,0x00000000f1900000,0x00000000f1c80000)
 ParOldGen       total 42496K, used 4477K [0x00000000c2400000, 0x00000000c4d80000, 0x00000000eb700000)
  object space 42496K, 10% used [0x00000000c2400000,0x00000000c285f670,0x00000000c4d80000)
 Metaspace       used 15831K, capacity 16116K, committed 16384K, reserved 1064960K
  class space    used 1617K, capacity 1712K, committed 1792K, reserved 1048576K
}
Event: 5.729 GC heap before
{Heap before GC invocations=11 (full 0):
 PSYoungGen      total 103936K, used 101113K [0x00000000eb700000, 0x00000000f2000000, 0x0000000100000000)
  eden space 100352K, 99% used [0x00000000eb700000,0x00000000f18e85d0,0x00000000f1900000)
  from space 3584K, 23% used [0x00000000f1c80000,0x00000000f1d55e60,0x00000000f2000000)
  to   space 3584K, 0% used [0x00000000f1900000,0x00000000f1900000,0x00000000f1c80000)
 ParOldGen       total 42496K, used 4477K [0x00000000c2400000, 0x00000000c4d80000, 0x00000000eb700000)
  object space 42496K, 10% used [0x00000000c2400000,0x00000000c285f670,0x00000000c4d80000)
 Metaspace       used 15831K, capacity 16116K, committed 16384K, reserved 1064960K
  class space    used 1617K, capacity 1712K, committed 1792K, reserved 1048576K

