# JRE version: Java(TM) SE Runtime Environment (8.0_144-b01) (build 1.8.0_144-b01)
# Java VM: Java HotSpot(TM) 64-Bit Server VM (25.144-b01 mixed mode linux-amd64 compressed oops)
Heap:
 PSYoungGen      total 48640K, used 118K [0x00000000eb700000, 0x00000000eea00000, 0x0000000100000000)
  eden space 45056K, 0% used [0x00000000eb700000,0x00000000eb700000,0x00000000ee300000)
  from space 3584K, 3% used [0x00000000ee300000,0x00000000ee31d9b8,0x00000000ee680000)
  to   space 3584K, 0% used [0x00000000ee680000,0x00000000ee680000,0x00000000eea00000)
 ParOldGen       total 42496K, used 5327K [0x00000000c2400000, 0x00000000c4d80000, 0x00000000eb700000)
  object space 42496K, 12% used [0x00000000c2400000,0x00000000c2933c50,0x00000000c4d80000)
 Metaspace       used 15780K, capacity 16052K, committed 16384K, reserved 1064960K
  class space    used 1619K, capacity 1712K, committed 1792K, reserved 1048576K
GC Heap History (10 events):
Event: 11.107 GC heap after
Heap after GC invocations=8 (full 0):
 PSYoungGen      total 17920K, used 2114K [0x00000000eb700000, 0x00000000edb00000, 0x0000000100000000)
  eden space 15360K, 0% used [0x00000000eb700000,0x00000000eb700000,0x00000000ec600000)
  from space 2560K, 82% used [0x00000000ed880000,0x00000000eda90b98,0x00000000edb00000)
  to   space 3584K, 0% used [0x00000000ed400000,0x00000000ed400000,0x00000000ed780000)
 ParOldGen       total 42496K, used 2299K [0x00000000c2400000, 0x00000000c4d80000, 0x00000000eb700000)
  object space 42496K, 5% used [0x00000000c2400000,0x00000000c263eef0,0x00000000c4d80000)
 Metaspace       used 12433K, capacity 12700K, committed 12928K, reserved 1060864K
  class space    used 1231K, capacity 1324K, committed 1408K, reserved 1048576K
}
Event: 11.293 GC heap before
{Heap before GC invocations=9 (full 0):
 PSYoungGen      total 17920K, used 17474K [0x00000000eb700000, 0x00000000edb00000, 0x0000000100000000)
  eden space 15360K, 100% used [0x00000000eb700000,0x00000000ec600000,0x00000000ec600000)
  from space 2560K, 82% used [0x00000000ed880000,0x00000000eda90b98,0x00000000edb00000)
  to   space 3584K, 0% used [0x00000000ed400000,0x00000000ed400000,0x00000000ed780000)
 ParOldGen       total 42496K, used 2299K [0x00000000c2400000, 0x00000000c4d80000, 0x00000000eb700000)
  object space 42496K, 5% used [0x00000000c2400000,0x00000000c263eef0,0x00000000c4d80000)
 Metaspace       used 13086K, capacity 13308K, committed 13440K, reserved 1060864K
  class space    used 1295K, capacity 1356K, committed 1408K, reserved 1048576K
Event: 11.315 GC heap after
Heap after GC invocations=9 (full 0):
 PSYoungGen      total 26624K, used 1608K [0x00000000eb700000, 0x00000000ed900000, 0x0000000100000000)
  eden space 24576K, 0% used [0x00000000eb700000,0x00000000eb700000,0x00000000ecf00000)
  from space 2048K, 78% used [0x00000000ed400000,0x00000000ed5920b8,0x00000000ed600000)
  to   space 3072K, 0% used [0x00000000ed600000,0x00000000ed600000,0x00000000ed900000)
 ParOldGen       total 42496K, used 3051K [0x00000000c2400000, 0x00000000c4d80000, 0x00000000eb700000)
  object space 42496K, 7% used [0x00000000c2400000,0x00000000c26faf30,0x00000000c4d80000)
 Metaspace       used 13086K, capacity 13308K, committed 13440K, reserved 1060864K
  class space    used 1295K, capacity 1356K, committed 1408K, reserved 1048576K
}
Event: 11.996 GC heap before
{Heap before GC invocations=10 (full 0):
 PSYoungGen      total 26624K, used 26184K [0x00000000eb700000, 0x00000000ed900000, 0x0000000100000000)
  eden space 24576K, 100% used [0x00000000eb700000,0x00000000ecf00000,0x00000000ecf00000)
  from space 2048K, 78% used [0x00000000ed400000,0x00000000ed5920b8,0x00000000ed600000)
  to   space 3072K, 0% used [0x00000000ed600000,0x00000000ed600000,0x00000000ed900000)
 ParOldGen       total 42496K, used 3051K [0x00000000c2400000, 0x00000000c4d80000, 0x00000000eb700000)
  object space 42496K, 7% used [0x00000000c2400000,0x00000000c26faf30,0x00000000c4d80000)
 Metaspace       used 14061K, capacity 14300K, committed 14592K, reserved 1062912K
  class space    used 1431K, capacity 1516K, committed 1536K, reserved 1048576K
Event: 12.007 GC heap after
Heap after GC invocations=10 (full 0):
 PSYoungGen      total 31232K, used 1308K [0x00000000eb700000, 0x00000000ee480000, 0x0000000100000000)
  eden space 28160K, 0% used [0x00000000eb700000,0x00000000eb700000,0x00000000ed280000)
  from space 3072K, 42% used [0x00000000ed600000,0x00000000ed7472a0,0x00000000ed900000)
  to   space 3584K, 0% used [0x00000000ed280000,0x00000000ed280000,0x00000000ed600000)
 ParOldGen       total 42496K, used 3925K [0x00000000c2400000, 0x00000000c4d80000, 0x00000000eb700000)
  object space 42496K, 9% used [0x00000000c2400000,0x00000000c27d5480,0x00000000c4d80000)
 Metaspace       used 14061K, capacity 14300K, committed 14592K, reserved 1062912K
  class space    used 1431K, capacity 1516K, committed 1536K, reserved 1048576K
}
Event: 12.510 GC heap before
{Heap before GC invocations=11 (full 0):
 PSYoungGen      total 31232K, used 29468K [0x00000000eb700000, 0x00000000ee480000, 0x0000000100000000)
  eden space 28160K, 100% used [0x00000000eb700000,0x00000000ed280000,0x00000000ed280000)
  from space 3072K, 42% used [0x00000000ed600000,0x00000000ed7472a0,0x00000000ed900000)
  to   space 3584K, 0% used [0x00000000ed280000,0x00000000ed280000,0x00000000ed600000)
 ParOldGen       total 42496K, used 3925K [0x00000000c2400000, 0x00000000c4d80000, 0x00000000eb700000)
  object space 42496K, 9% used [0x00000000c2400000,0x00000000c27d5480,0x00000000c4d80000)
 Metaspace       used 15116K, capacity 15406K, committed 15744K, reserved 1062912K
  class space    used 1560K, capacity 1647K, committed 1664K, reserved 1048576K
Event: 12.518 GC heap after
Heap after GC invocations=11 (full 0):
 PSYoungGen      total 31744K, used 1217K [0x00000000eb700000, 0x00000000eea00000, 0x0000000100000000)
  eden space 28160K, 0% used [0x00000000eb700000,0x00000000eb700000,0x00000000ed280000)
  from space 3584K, 33% used [0x00000000ed280000,0x00000000ed3b0760,0x00000000ed600000)
  to   space 3584K, 0% used [0x00000000ee680000,0x00000000ee680000,0x00000000eea00000)
 ParOldGen       total 42496K, used 4488K [0x00000000c2400000, 0x00000000c4d80000, 0x00000000eb700000)
  object space 42496K, 10% used [0x00000000c2400000,0x00000000c28620b0,0x00000000c4d80000)
 Metaspace       used 15116K, capacity 15406K, committed 15744K, reserved 1062912K
  class space    used 1560K, capacity 1647K, committed 1664K, reserved 1048576K
}
Event: 13.829 GC heap before
{Heap before GC invocations=12 (full 0):
 PSYoungGen      total 31744K, used 29352K [0x00000000eb700000, 0x00000000eea00000, 0x0000000100000000)
  eden space 28160K, 99% used [0x00000000eb700000,0x00000000ed279c30,0x00000000ed280000)
  from space 3584K, 33% used [0x00000000ed280000,0x00000000ed3b0760,0x00000000ed600000)
  to   space 3584K, 0% used [0x00000000ee680000,0x00000000ee680000,0x00000000eea00000)
 ParOldGen       total 42496K, used 4488K [0x00000000c2400000, 0x00000000c4d80000, 0x00000000eb700000)
  object space 42496K, 10% used [0x00000000c2400000,0x00000000c28620b0,0x00000000c4d80000)
 Metaspace       used 15778K, capacity 16052K, committed 16384K, reserved 1064960K
  class space    used 1619K, capacity 1712K, committed 1792K, reserved 1048576K
Event: 13.836 GC heap after
Heap after GC invocations=12 (full 0):
 PSYoungGen      total 48640K, used 733K [0x00000000eb700000, 0x00000000eea00000, 0x0000000100000000)
  eden space 45056K, 0% used [0x00000000eb700000,0x00000000eb700000,0x00000000ee300000)
  from space 3584K, 20% used [0x00000000ee680000,0x00000000ee7376f8,0x00000000eea00000)
  to   space 3584K, 0% used [0x00000000ee300000,0x00000000ee300000,0x00000000ee680000)
 ParOldGen       total 42496K, used 4864K [0x00000000c2400000, 0x00000000c4d80000, 0x00000000eb700000)
  object space 42496K, 11% used [0x00000000c2400000,0x00000000c28c00b0,0x00000000c4d80000)
 Metaspace       used 15778K, capacity 16052K, committed 16384K, reserved 1064960K
  class space    used 1619K, capacity 1712K, committed 1792K, reserved 1048576K
}
Event: 13.868 GC heap before
{Heap before GC invocations=13 (full 0):
 PSYoungGen      total 48640K, used 45708K [0x00000000eb700000, 0x00000000eea00000, 0x0000000100000000)
  eden space 45056K, 99% used [0x00000000eb700000,0x00000000ee2ebc80,0x00000000ee300000)
  from space 3584K, 20% used [0x00000000ee680000,0x00000000ee7376f8,0x00000000eea00000)
  to   space 3584K, 0% used [0x00000000ee300000,0x00000000ee300000,0x00000000ee680000)
 ParOldGen       total 42496K, used 4864K [0x00000000c2400000, 0x00000000c4d80000, 0x00000000eb700000)
  object space 42496K, 11% used [0x00000000c2400000,0x00000000c28c00b0,0x00000000c4d80000)
 Metaspace       used 15780K, capacity 16052K, committed 16384K, reserved 1064960K
  class space    used 1619K, capacity 1712K, committed 1792K, reserved 1048576K

