# JRE version: Java(TM) SE Runtime Environment (8.0_144-b01) (build 1.8.0_144-b01)
# Java VM: Java HotSpot(TM) 64-Bit Server VM (25.144-b01 mixed mode linux-amd64 compressed oops)
Heap:
 PSYoungGen      total 271360K, used 0K [0x00000000eb700000, 0x0000000100000000, 0x0000000100000000)
  eden space 246784K, 0% used [0x00000000eb700000,0x00000000eb700000,0x00000000fa800000)
  from space 24576K, 0% used [0x00000000fa800000,0x00000000fa800000,0x00000000fc000000)
  to   space 45568K, 0% used [0x00000000fd380000,0x00000000fd380000,0x0000000100000000)
 ParOldGen       total 138240K, used 132546K [0x00000000c2400000, 0x00000000cab00000, 0x00000000eb700000)
  object space 138240K, 95% used [0x00000000c2400000,0x00000000ca570928,0x00000000cab00000)
 Metaspace       used 25023K, capacity 25704K, committed 25776K, reserved 1073152K
  class space    used 2746K, capacity 2946K, committed 2992K, reserved 1048576K
GC Heap History (10 events):
Event: 5.378 GC heap after
Heap after GC invocations=11 (full 1):
 PSYoungGen      total 214016K, used 0K [0x00000000eb700000, 0x00000000f9300000, 0x0000000100000000)
  eden space 202752K, 0% used [0x00000000eb700000,0x00000000eb700000,0x00000000f7d00000)
  from space 11264K, 0% used [0x00000000f8800000,0x00000000f8800000,0x00000000f9300000)
  to   space 11264K, 0% used [0x00000000f7d00000,0x00000000f7d00000,0x00000000f8800000)
 ParOldGen       total 50688K, used 21469K [0x00000000c2400000, 0x00000000c5580000, 0x00000000eb700000)
  object space 50688K, 42% used [0x00000000c2400000,0x00000000c38f7630,0x00000000c5580000)
 Metaspace       used 20465K, capacity 21104K, committed 21296K, reserved 1069056K
  class space    used 2412K, capacity 2586K, committed 2608K, reserved 1048576K
}
Event: 7.111 GC heap before
{Heap before GC invocations=12 (full 1):
 PSYoungGen      total 214016K, used 202752K [0x00000000eb700000, 0x00000000f9300000, 0x0000000100000000)
  eden space 202752K, 100% used [0x00000000eb700000,0x00000000f7d00000,0x00000000f7d00000)
  from space 11264K, 0% used [0x00000000f8800000,0x00000000f8800000,0x00000000f9300000)
  to   space 11264K, 0% used [0x00000000f7d00000,0x00000000f7d00000,0x00000000f8800000)
 ParOldGen       total 50688K, used 21469K [0x00000000c2400000, 0x00000000c5580000, 0x00000000eb700000)
  object space 50688K, 42% used [0x00000000c2400000,0x00000000c38f7630,0x00000000c5580000)
 Metaspace       used 21370K, capacity 22000K, committed 22192K, reserved 1069056K
  class space    used 2481K, capacity 2650K, committed 2736K, reserved 1048576K
Event: 7.251 GC heap after
Heap after GC invocations=12 (full 1):
 PSYoungGen      total 214016K, used 11238K [0x00000000eb700000, 0x0000000100000000, 0x0000000100000000)
  eden space 202752K, 0% used [0x00000000eb700000,0x00000000eb700000,0x00000000f7d00000)
  from space 11264K, 99% used [0x00000000f7d00000,0x00000000f87f98a8,0x00000000f8800000)
  to   space 32256K, 0% used [0x00000000fe080000,0x00000000fe080000,0x0000000100000000)
 ParOldGen       total 74240K, used 74133K [0x00000000c2400000, 0x00000000c6c80000, 0x00000000eb700000)
  object space 74240K, 99% used [0x00000000c2400000,0x00000000c6c65480,0x00000000c6c80000)
 Metaspace       used 21370K, capacity 22000K, committed 22192K, reserved 1069056K
  class space    used 2481K, capacity 2650K, committed 2736K, reserved 1048576K
}
Event: 7.252 GC heap before
{Heap before GC invocations=13 (full 2):
 PSYoungGen      total 214016K, used 11238K [0x00000000eb700000, 0x0000000100000000, 0x0000000100000000)
  eden space 202752K, 0% used [0x00000000eb700000,0x00000000eb700000,0x00000000f7d00000)
  from space 11264K, 99% used [0x00000000f7d00000,0x00000000f87f98a8,0x00000000f8800000)
  to   space 32256K, 0% used [0x00000000fe080000,0x00000000fe080000,0x0000000100000000)
 ParOldGen       total 74240K, used 74133K [0x00000000c2400000, 0x00000000c6c80000, 0x00000000eb700000)
  object space 74240K, 99% used [0x00000000c2400000,0x00000000c6c65480,0x00000000c6c80000)
 Metaspace       used 21370K, capacity 22000K, committed 22192K, reserved 1069056K
  class space    used 2481K, capacity 2650K, committed 2736K, reserved 1048576K
Event: 7.541 GC heap after
Heap after GC invocations=13 (full 2):
 PSYoungGen      total 214016K, used 7620K [0x00000000eb700000, 0x0000000100000000, 0x0000000100000000)
  eden space 202752K, 0% used [0x00000000eb700000,0x00000000eb700000,0x00000000f7d00000)
  from space 11264K, 67% used [0x00000000f7d00000,0x00000000f8471338,0x00000000f8800000)
  to   space 32256K, 0% used [0x00000000fe080000,0x00000000fe080000,0x0000000100000000)
 ParOldGen       total 138240K, used 74087K [0x00000000c2400000, 0x00000000cab00000, 0x00000000eb700000)
  object space 138240K, 53% used [0x00000000c2400000,0x00000000c6c59fe0,0x00000000cab00000)
 Metaspace       used 21370K, capacity 22000K, committed 22192K, reserved 1069056K
  class space    used 2481K, capacity 2650K, committed 2736K, reserved 1048576K
}
Event: 9.285 GC heap before
{Heap before GC invocations=14 (full 2):
 PSYoungGen      total 214016K, used 210372K [0x00000000eb700000, 0x0000000100000000, 0x0000000100000000)
  eden space 202752K, 100% used [0x00000000eb700000,0x00000000f7d00000,0x00000000f7d00000)
  from space 11264K, 67% used [0x00000000f7d00000,0x00000000f8471338,0x00000000f8800000)
  to   space 32256K, 0% used [0x00000000fe080000,0x00000000fe080000,0x0000000100000000)
 ParOldGen       total 138240K, used 74087K [0x00000000c2400000, 0x00000000cab00000, 0x00000000eb700000)
  object space 138240K, 53% used [0x00000000c2400000,0x00000000c6c59fe0,0x00000000cab00000)
 Metaspace       used 23009K, capacity 23720K, committed 23856K, reserved 1071104K
  class space    used 2594K, capacity 2818K, committed 2864K, reserved 1048576K
Event: 9.398 GC heap after
Heap after GC invocations=14 (full 2):
 PSYoungGen      total 276480K, used 32235K [0x00000000eb700000, 0x0000000100000000, 0x0000000100000000)
  eden space 244224K, 0% used [0x00000000eb700000,0x00000000eb700000,0x00000000fa580000)
  from space 32256K, 99% used [0x00000000fe080000,0x00000000ffffaf70,0x0000000100000000)
  to   space 45056K, 0% used [0x00000000fa800000,0x00000000fa800000,0x00000000fd400000)
 ParOldGen       total 138240K, used 94005K [0x00000000c2400000, 0x00000000cab00000, 0x00000000eb700000)
  object space 138240K, 68% used [0x00000000c2400000,0x00000000c7fcd510,0x00000000cab00000)
 Metaspace       used 23009K, capacity 23720K, committed 23856K, reserved 1071104K
  class space    used 2594K, capacity 2818K, committed 2864K, reserved 1048576K
}
Event: 11.902 GC heap before
{Heap before GC invocations=15 (full 2):
 PSYoungGen      total 276480K, used 276459K [0x00000000eb700000, 0x0000000100000000, 0x0000000100000000)
  eden space 244224K, 100% used [0x00000000eb700000,0x00000000fa580000,0x00000000fa580000)
  from space 32256K, 99% used [0x00000000fe080000,0x00000000ffffaf70,0x0000000100000000)
  to   space 45056K, 0% used [0x00000000fa800000,0x00000000fa800000,0x00000000fd400000)
 ParOldGen       total 138240K, used 94005K [0x00000000c2400000, 0x00000000cab00000, 0x00000000eb700000)
  object space 138240K, 68% used [0x00000000c2400000,0x00000000c7fcd510,0x00000000cab00000)
 Metaspace       used 25023K, capacity 25704K, committed 25776K, reserved 1073152K
  class space    used 2746K, capacity 2946K, committed 2992K, reserved 1048576K
Event: 12.027 GC heap after
Heap after GC invocations=15 (full 2):
 PSYoungGen      total 271360K, used 24285K [0x00000000eb700000, 0x0000000100000000, 0x0000000100000000)
  eden space 246784K, 0% used [0x00000000eb700000,0x00000000eb700000,0x00000000fa800000)
  from space 24576K, 98% used [0x00000000fa800000,0x00000000fbfb7578,0x00000000fc000000)
  to   space 45568K, 0% used [0x00000000fd380000,0x00000000fd380000,0x0000000100000000)
 ParOldGen       total 138240K, used 124362K [0x00000000c2400000, 0x00000000cab00000, 0x00000000eb700000)
  object space 138240K, 89% used [0x00000000c2400000,0x00000000c9d72a40,0x00000000cab00000)
 Metaspace       used 25023K, capacity 25704K, committed 25776K, reserved 1073152K
  class space    used 2746K, capacity 2946K, committed 2992K, reserved 1048576K
}
Event: 12.027 GC heap before
{Heap before GC invocations=16 (full 3):
 PSYoungGen      total 271360K, used 24285K [0x00000000eb700000, 0x0000000100000000, 0x0000000100000000)
  eden space 246784K, 0% used [0x00000000eb700000,0x00000000eb700000,0x00000000fa800000)
  from space 24576K, 98% used [0x00000000fa800000,0x00000000fbfb7578,0x00000000fc000000)
  to   space 45568K, 0% used [0x00000000fd380000,0x00000000fd380000,0x0000000100000000)
 ParOldGen       total 138240K, used 124362K [0x00000000c2400000, 0x00000000cab00000, 0x00000000eb700000)
  object space 138240K, 89% used [0x00000000c2400000,0x00000000c9d72a40,0x00000000cab00000)
 Metaspace       used 25023K, capacity 25704K, committed 25776K, reserved 1073152K
  class space    used 2746K, capacity 2946K, committed 2992K, reserved 1048576K

