# JRE version: Java(TM) SE Runtime Environment (8.0_144-b01) (build 1.8.0_144-b01)
# Java VM: Java HotSpot(TM) 64-Bit Server VM (25.144-b01 mixed mode linux-amd64 compressed oops)
Heap:
 PSYoungGen      total 271360K, used 0K [0x00000000eb700000, 0x0000000100000000, 0x0000000100000000)
  eden space 243712K, 0% used [0x00000000eb700000,0x00000000eb700000,0x00000000fa500000)
  from space 27648K, 0% used [0x00000000fa500000,0x00000000fa500000,0x00000000fc000000)
  to   space 47616K, 0% used [0x00000000fd180000,0x00000000fd180000,0x0000000100000000)
 ParOldGen       total 133632K, used 133353K [0x00000000c2400000, 0x00000000ca680000, 0x00000000eb700000)
  object space 133632K, 99% used [0x00000000c2400000,0x00000000ca63a638,0x00000000ca680000)
 Metaspace       used 24885K, capacity 25576K, committed 25856K, reserved 1073152K
  class space    used 2744K, capacity 2946K, committed 3072K, reserved 1048576K
GC Heap History (10 events):
Event: 4.438 GC heap after
Heap after GC invocations=11 (full 1):
 PSYoungGen      total 211456K, used 0K [0x00000000eb700000, 0x00000000f9200000, 0x0000000100000000)
  eden space 200192K, 0% used [0x00000000eb700000,0x00000000eb700000,0x00000000f7a80000)
  from space 11264K, 0% used [0x00000000f8600000,0x00000000f8600000,0x00000000f9100000)
  to   space 11776K, 0% used [0x00000000f7a80000,0x00000000f7a80000,0x00000000f8600000)
 ParOldGen       total 50176K, used 20249K [0x00000000c2400000, 0x00000000c5500000, 0x00000000eb700000)
  object space 50176K, 40% used [0x00000000c2400000,0x00000000c37c6648,0x00000000c5500000)
 Metaspace       used 20516K, capacity 21136K, committed 21296K, reserved 1069056K
  class space    used 2429K, capacity 2618K, committed 2688K, reserved 1048576K
}
Event: 6.215 GC heap before
{Heap before GC invocations=12 (full 1):
 PSYoungGen      total 211456K, used 200192K [0x00000000eb700000, 0x00000000f9200000, 0x0000000100000000)
  eden space 200192K, 100% used [0x00000000eb700000,0x00000000f7a80000,0x00000000f7a80000)
  from space 11264K, 0% used [0x00000000f8600000,0x00000000f8600000,0x00000000f9100000)
  to   space 11776K, 0% used [0x00000000f7a80000,0x00000000f7a80000,0x00000000f8600000)
 ParOldGen       total 50176K, used 20249K [0x00000000c2400000, 0x00000000c5500000, 0x00000000eb700000)
  object space 50176K, 40% used [0x00000000c2400000,0x00000000c37c6648,0x00000000c5500000)
 Metaspace       used 21342K, capacity 22000K, committed 22320K, reserved 1069056K
  class space    used 2481K, capacity 2650K, committed 2688K, reserved 1048576K
Event: 6.345 GC heap after
Heap after GC invocations=12 (full 1):
 PSYoungGen      total 211968K, used 11763K [0x00000000eb700000, 0x00000000ff600000, 0x0000000100000000)
  eden space 200192K, 0% used [0x00000000eb700000,0x00000000eb700000,0x00000000f7a80000)
  from space 11776K, 99% used [0x00000000f7a80000,0x00000000f85fcdd0,0x00000000f8600000)
  to   space 31744K, 0% used [0x00000000fd700000,0x00000000fd700000,0x00000000ff600000)
 ParOldGen       total 69632K, used 69531K [0x00000000c2400000, 0x00000000c6800000, 0x00000000eb700000)
  object space 69632K, 99% used [0x00000000c2400000,0x00000000c67e6e20,0x00000000c6800000)
 Metaspace       used 21342K, capacity 22000K, committed 22320K, reserved 1069056K
  class space    used 2481K, capacity 2650K, committed 2688K, reserved 1048576K
}
Event: 6.351 GC heap before
{Heap before GC invocations=13 (full 2):
 PSYoungGen      total 211968K, used 11763K [0x00000000eb700000, 0x00000000ff600000, 0x0000000100000000)
  eden space 200192K, 0% used [0x00000000eb700000,0x00000000eb700000,0x00000000f7a80000)
  from space 11776K, 99% used [0x00000000f7a80000,0x00000000f85fcdd0,0x00000000f8600000)
  to   space 31744K, 0% used [0x00000000fd700000,0x00000000fd700000,0x00000000ff600000)
 ParOldGen       total 69632K, used 69531K [0x00000000c2400000, 0x00000000c6800000, 0x00000000eb700000)
  object space 69632K, 99% used [0x00000000c2400000,0x00000000c67e6e20,0x00000000c6800000)
 Metaspace       used 21342K, capacity 22000K, committed 22320K, reserved 1069056K
  class space    used 2481K, capacity 2650K, committed 2688K, reserved 1048576K
Event: 6.682 GC heap after
Heap after GC invocations=13 (full 2):
 PSYoungGen      total 211968K, used 9679K [0x00000000eb700000, 0x00000000ff600000, 0x0000000100000000)
  eden space 200192K, 0% used [0x00000000eb700000,0x00000000eb700000,0x00000000f7a80000)
  from space 11776K, 82% used [0x00000000f7a80000,0x00000000f83f3c68,0x00000000f8600000)
  to   space 31744K, 0% used [0x00000000fd700000,0x00000000fd700000,0x00000000ff600000)
 ParOldGen       total 133632K, used 69239K [0x00000000c2400000, 0x00000000ca680000, 0x00000000eb700000)
  object space 133632K, 51% used [0x00000000c2400000,0x00000000c679dff8,0x00000000ca680000)
 Metaspace       used 21342K, capacity 22000K, committed 22320K, reserved 1069056K
  class space    used 2481K, capacity 2650K, committed 2688K, reserved 1048576K
}
Event: 8.523 GC heap before
{Heap before GC invocations=14 (full 2):
 PSYoungGen      total 211968K, used 209871K [0x00000000eb700000, 0x00000000ff600000, 0x0000000100000000)
  eden space 200192K, 100% used [0x00000000eb700000,0x00000000f7a80000,0x00000000f7a80000)
  from space 11776K, 82% used [0x00000000f7a80000,0x00000000f83f3c68,0x00000000f8600000)
  to   space 31744K, 0% used [0x00000000fd700000,0x00000000fd700000,0x00000000ff600000)
 ParOldGen       total 133632K, used 69239K [0x00000000c2400000, 0x00000000ca680000, 0x00000000eb700000)
  object space 133632K, 51% used [0x00000000c2400000,0x00000000c679dff8,0x00000000ca680000)
 Metaspace       used 22954K, capacity 23656K, committed 23936K, reserved 1071104K
  class space    used 2594K, capacity 2818K, committed 2944K, reserved 1048576K
Event: 8.743 GC heap after
Heap after GC invocations=14 (full 2):
 PSYoungGen      total 275456K, used 31718K [0x00000000eb700000, 0x00000000fff00000, 0x0000000100000000)
  eden space 243712K, 0% used [0x00000000eb700000,0x00000000eb700000,0x00000000fa500000)
  from space 31744K, 99% used [0x00000000fd700000,0x00000000ff5f9848,0x00000000ff600000)
  to   space 46080K, 0% used [0x00000000fa500000,0x00000000fa500000,0x00000000fd200000)
 ParOldGen       total 133632K, used 93865K [0x00000000c2400000, 0x00000000ca680000, 0x00000000eb700000)
  object space 133632K, 70% used [0x00000000c2400000,0x00000000c7faa688,0x00000000ca680000)
 Metaspace       used 22954K, capacity 23656K, committed 23936K, reserved 1071104K
  class space    used 2594K, capacity 2818K, committed 2944K, reserved 1048576K
}
Event: 10.731 GC heap before
{Heap before GC invocations=15 (full 2):
 PSYoungGen      total 275456K, used 275430K [0x00000000eb700000, 0x00000000fff00000, 0x0000000100000000)
  eden space 243712K, 100% used [0x00000000eb700000,0x00000000fa500000,0x00000000fa500000)
  from space 31744K, 99% used [0x00000000fd700000,0x00000000ff5f9848,0x00000000ff600000)
  to   space 46080K, 0% used [0x00000000fa500000,0x00000000fa500000,0x00000000fd200000)
 ParOldGen       total 133632K, used 93865K [0x00000000c2400000, 0x00000000ca680000, 0x00000000eb700000)
  object space 133632K, 70% used [0x00000000c2400000,0x00000000c7faa688,0x00000000ca680000)
 Metaspace       used 24885K, capacity 25576K, committed 25856K, reserved 1073152K
  class space    used 2744K, capacity 2946K, committed 3072K, reserved 1048576K
Event: 10.940 GC heap after
Heap after GC invocations=15 (full 2):
 PSYoungGen      total 271360K, used 27621K [0x00000000eb700000, 0x0000000100000000, 0x0000000100000000)
  eden space 243712K, 0% used [0x00000000eb700000,0x00000000eb700000,0x00000000fa500000)
  from space 27648K, 99% used [0x00000000fa500000,0x00000000fbff9448,0x00000000fc000000)
  to   space 47616K, 0% used [0x00000000fd180000,0x00000000fd180000,0x0000000100000000)
 ParOldGen       total 133632K, used 124379K [0x00000000c2400000, 0x00000000ca680000, 0x00000000eb700000)
  object space 133632K, 93% used [0x00000000c2400000,0x00000000c9d76d80,0x00000000ca680000)
 Metaspace       used 24885K, capacity 25576K, committed 25856K, reserved 1073152K
  class space    used 2744K, capacity 2946K, committed 3072K, reserved 1048576K
}
Event: 10.941 GC heap before
{Heap before GC invocations=16 (full 3):
 PSYoungGen      total 271360K, used 27621K [0x00000000eb700000, 0x0000000100000000, 0x0000000100000000)
  eden space 243712K, 0% used [0x00000000eb700000,0x00000000eb700000,0x00000000fa500000)
  from space 27648K, 99% used [0x00000000fa500000,0x00000000fbff9448,0x00000000fc000000)
  to   space 47616K, 0% used [0x00000000fd180000,0x00000000fd180000,0x0000000100000000)
 ParOldGen       total 133632K, used 124379K [0x00000000c2400000, 0x00000000ca680000, 0x00000000eb700000)
  object space 133632K, 93% used [0x00000000c2400000,0x00000000c9d76d80,0x00000000ca680000)
 Metaspace       used 24885K, capacity 25576K, committed 25856K, reserved 1073152K
  class space    used 2744K, capacity 2946K, committed 3072K, reserved 1048576K

