# JRE version: Java(TM) SE Runtime Environment (8.0_151-b12) (build 1.8.0_151-b12)
# Java VM: Java HotSpot(TM) 64-Bit Server VM (25.151-b12 mixed mode linux-amd64 compressed oops)
Heap:
 PSYoungGen      total 199680K, used 4494K [0x00000000e0f00000, 0x00000000ed700000, 0x0000000100000000)
  eden space 194560K, 0% used [0x00000000e0f00000,0x00000000e0f00000,0x00000000ecd00000)
  from space 5120K, 87% used [0x00000000ecd00000,0x00000000ed163928,0x00000000ed200000)
  to   space 5120K, 0% used [0x00000000ed200000,0x00000000ed200000,0x00000000ed700000)
 ParOldGen       total 64512K, used 5267K [0x00000000a2c00000, 0x00000000a6b00000, 0x00000000e0f00000)
  object space 64512K, 8% used [0x00000000a2c00000,0x00000000a3124da0,0x00000000a6b00000)
 Metaspace       used 20933K, capacity 21136K, committed 21248K, reserved 1069056K
  class space    used 2213K, capacity 2298K, committed 2304K, reserved 1048576K
GC Heap History (10 events):
Event: 2.020 GC heap after
Heap after GC invocations=4 (full 0):
 PSYoungGen      total 52736K, used 3166K [0x00000000e0f00000, 0x00000000e4600000, 0x0000000100000000)
  eden space 49152K, 0% used [0x00000000e0f00000,0x00000000e0f00000,0x00000000e3f00000)
  from space 3584K, 88% used [0x00000000e4280000,0x00000000e45979b0,0x00000000e4600000)
  to   space 3584K, 0% used [0x00000000e3f00000,0x00000000e3f00000,0x00000000e4280000)
 ParOldGen       total 64512K, used 24K [0x00000000a2c00000, 0x00000000a6b00000, 0x00000000e0f00000)
  object space 64512K, 0% used [0x00000000a2c00000,0x00000000a2c06000,0x00000000a6b00000)
 Metaspace       used 10426K, capacity 10646K, committed 10880K, reserved 1058816K
  class space    used 1052K, capacity 1111K, committed 1152K, reserved 1048576K
}
Event: 2.738 GC heap before
{Heap before GC invocations=5 (full 0):
 PSYoungGen      total 52736K, used 52318K [0x00000000e0f00000, 0x00000000e4600000, 0x0000000100000000)
  eden space 49152K, 100% used [0x00000000e0f00000,0x00000000e3f00000,0x00000000e3f00000)
  from space 3584K, 88% used [0x00000000e4280000,0x00000000e45979b0,0x00000000e4600000)
  to   space 3584K, 0% used [0x00000000e3f00000,0x00000000e3f00000,0x00000000e4280000)
 ParOldGen       total 64512K, used 24K [0x00000000a2c00000, 0x00000000a6b00000, 0x00000000e0f00000)
  object space 64512K, 0% used [0x00000000a2c00000,0x00000000a2c06000,0x00000000a6b00000)
 Metaspace       used 12411K, capacity 12534K, committed 12544K, reserved 1060864K
  class space    used 1235K, capacity 1271K, committed 1280K, reserved 1048576K
Event: 2.763 GC heap after
Heap after GC invocations=5 (full 0):
 PSYoungGen      total 52736K, used 3558K [0x00000000e0f00000, 0x00000000e7800000, 0x0000000100000000)
  eden space 49152K, 0% used [0x00000000e0f00000,0x00000000e0f00000,0x00000000e3f00000)
  from space 3584K, 99% used [0x00000000e3f00000,0x00000000e4279b40,0x00000000e4280000)
  to   space 4608K, 0% used [0x00000000e7380000,0x00000000e7380000,0x00000000e7800000)
 ParOldGen       total 64512K, used 830K [0x00000000a2c00000, 0x00000000a6b00000, 0x00000000e0f00000)
  object space 64512K, 1% used [0x00000000a2c00000,0x00000000a2ccf8b8,0x00000000a6b00000)
 Metaspace       used 12411K, capacity 12534K, committed 12544K, reserved 1060864K
  class space    used 1235K, capacity 1271K, committed 1280K, reserved 1048576K
}
Event: 4.657 GC heap before
{Heap before GC invocations=6 (full 0):
 PSYoungGen      total 52736K, used 52710K [0x00000000e0f00000, 0x00000000e7800000, 0x0000000100000000)
  eden space 49152K, 100% used [0x00000000e0f00000,0x00000000e3f00000,0x00000000e3f00000)
  from space 3584K, 99% used [0x00000000e3f00000,0x00000000e4279b40,0x00000000e4280000)
  to   space 4608K, 0% used [0x00000000e7380000,0x00000000e7380000,0x00000000e7800000)
 ParOldGen       total 64512K, used 830K [0x00000000a2c00000, 0x00000000a6b00000, 0x00000000e0f00000)
  object space 64512K, 1% used [0x00000000a2c00000,0x00000000a2ccf8b8,0x00000000a6b00000)
 Metaspace       used 14120K, capacity 14216K, committed 14336K, reserved 1062912K
  class space    used 1450K, capacity 1466K, committed 1536K, reserved 1048576K
Event: 4.711 GC heap after
Heap after GC invocations=6 (full 0):
 PSYoungGen      total 101888K, used 4589K [0x00000000e0f00000, 0x00000000e7a00000, 0x0000000100000000)
  eden space 97280K, 0% used [0x00000000e0f00000,0x00000000e0f00000,0x00000000e6e00000)
  from space 4608K, 99% used [0x00000000e7380000,0x00000000e77fb448,0x00000000e7800000)
  to   space 5632K, 0% used [0x00000000e6e00000,0x00000000e6e00000,0x00000000e7380000)
 ParOldGen       total 64512K, used 1456K [0x00000000a2c00000, 0x00000000a6b00000, 0x00000000e0f00000)
  object space 64512K, 2% used [0x00000000a2c00000,0x00000000a2d6c1e0,0x00000000a6b00000)
 Metaspace       used 14120K, capacity 14216K, committed 14336K, reserved 1062912K
  class space    used 1450K, capacity 1466K, committed 1536K, reserved 1048576K
}
Event: 9.505 GC heap before
{Heap before GC invocations=7 (full 0):
 PSYoungGen      total 101888K, used 101869K [0x00000000e0f00000, 0x00000000e7a00000, 0x0000000100000000)
  eden space 97280K, 100% used [0x00000000e0f00000,0x00000000e6e00000,0x00000000e6e00000)
  from space 4608K, 99% used [0x00000000e7380000,0x00000000e77fb448,0x00000000e7800000)
  to   space 5632K, 0% used [0x00000000e6e00000,0x00000000e6e00000,0x00000000e7380000)
 ParOldGen       total 64512K, used 1456K [0x00000000a2c00000, 0x00000000a6b00000, 0x00000000e0f00000)
  object space 64512K, 2% used [0x00000000a2c00000,0x00000000a2d6c1e0,0x00000000a6b00000)
 Metaspace       used 15799K, capacity 16098K, committed 16384K, reserved 1064960K
  class space    used 1616K, capacity 1709K, committed 1792K, reserved 1048576K
Event: 9.514 GC heap after
Heap after GC invocations=7 (full 0):
 PSYoungGen      total 102912K, used 3288K [0x00000000e0f00000, 0x00000000ed700000, 0x0000000100000000)
  eden space 97280K, 0% used [0x00000000e0f00000,0x00000000e0f00000,0x00000000e6e00000)
  from space 5632K, 58% used [0x00000000e6e00000,0x00000000e7136178,0x00000000e7380000)
  to   space 5120K, 0% used [0x00000000ed200000,0x00000000ed200000,0x00000000ed700000)
 ParOldGen       total 64512K, used 3138K [0x00000000a2c00000, 0x00000000a6b00000, 0x00000000e0f00000)
  object space 64512K, 4% used [0x00000000a2c00000,0x00000000a2f10820,0x00000000a6b00000)
 Metaspace       used 15799K, capacity 16098K, committed 16384K, reserved 1064960K
  class space    used 1616K, capacity 1709K, committed 1792K, reserved 1048576K
}
Event: 9.568 GC heap before
{Heap before GC invocations=8 (full 0):
 PSYoungGen      total 102912K, used 100422K [0x00000000e0f00000, 0x00000000ed700000, 0x0000000100000000)
  eden space 97280K, 99% used [0x00000000e0f00000,0x00000000e6ddb840,0x00000000e6e00000)
  from space 5632K, 58% used [0x00000000e6e00000,0x00000000e7136178,0x00000000e7380000)
  to   space 5120K, 0% used [0x00000000ed200000,0x00000000ed200000,0x00000000ed700000)
 ParOldGen       total 64512K, used 3138K [0x00000000a2c00000, 0x00000000a6b00000, 0x00000000e0f00000)
  object space 64512K, 4% used [0x00000000a2c00000,0x00000000a2f10820,0x00000000a6b00000)
 Metaspace       used 15799K, capacity 16098K, committed 16384K, reserved 1064960K
  class space    used 1616K, capacity 1709K, committed 1792K, reserved 1048576K
Event: 9.573 GC heap after
Heap after GC invocations=8 (full 0):
 PSYoungGen      total 199680K, used 2228K [0x00000000e0f00000, 0x00000000ed700000, 0x0000000100000000)
  eden space 194560K, 0% used [0x00000000e0f00000,0x00000000e0f00000,0x00000000ecd00000)
  from space 5120K, 43% used [0x00000000ed200000,0x00000000ed42d3d8,0x00000000ed700000)
  to   space 5120K, 0% used [0x00000000ecd00000,0x00000000ecd00000,0x00000000ed200000)
 ParOldGen       total 64512K, used 4082K [0x00000000a2c00000, 0x00000000a6b00000, 0x00000000e0f00000)
  object space 64512K, 6% used [0x00000000a2c00000,0x00000000a2ffc860,0x00000000a6b00000)
 Metaspace       used 15799K, capacity 16098K, committed 16384K, reserved 1064960K
  class space    used 1616K, capacity 1709K, committed 1792K, reserved 1048576K
}
Event: 11.224 GC heap before
{Heap before GC invocations=9 (full 0):
 PSYoungGen      total 199680K, used 167247K [0x00000000e0f00000, 0x00000000ed700000, 0x0000000100000000)
  eden space 194560K, 84% used [0x00000000e0f00000,0x00000000eb026890,0x00000000ecd00000)
  from space 5120K, 43% used [0x00000000ed200000,0x00000000ed42d3d8,0x00000000ed700000)
  to   space 5120K, 0% used [0x00000000ecd00000,0x00000000ecd00000,0x00000000ed200000)
 ParOldGen       total 64512K, used 4082K [0x00000000a2c00000, 0x00000000a6b00000, 0x00000000e0f00000)
  object space 64512K, 6% used [0x00000000a2c00000,0x00000000a2ffc860,0x00000000a6b00000)
 Metaspace       used 20933K, capacity 21136K, committed 21248K, reserved 1069056K
  class space    used 2213K, capacity 2298K, committed 2304K, reserved 1048576K

