# JRE version: Java(TM) SE Runtime Environment (8.0_144-b01) (build 1.8.0_144-b01)
# Java VM: Java HotSpot(TM) 64-Bit Server VM (25.144-b01 mixed mode linux-amd64 compressed oops)
Heap:
 PSYoungGen      total 212992K, used 12782K [0x00000000eb700000, 0x00000000f9400000, 0x0000000100000000)
  eden space 200192K, 0% used [0x00000000eb700000,0x00000000eb700000,0x00000000f7a80000)
  from space 12800K, 99% used [0x00000000f7a80000,0x00000000f86fb810,0x00000000f8700000)
  to   space 12288K, 0% used [0x00000000f8700000,0x00000000f8700000,0x00000000f9300000)
 ParOldGen       total 79872K, used 79385K [0x00000000c2400000, 0x00000000c7200000, 0x00000000eb700000)
  object space 79872K, 99% used [0x00000000c2400000,0x00000000c71866d0,0x00000000c7200000)
 Metaspace       used 21677K, capacity 22264K, committed 22576K, reserved 1069056K
  class space    used 2483K, capacity 2674K, committed 2688K, reserved 1048576K
GC Heap History (10 events):
Event: 2.357 GC heap after
Heap after GC invocations=7 (full 0):
 PSYoungGen      total 69632K, used 6112K [0x00000000eb700000, 0x00000000f4100000, 0x0000000100000000)
  eden space 63488K, 0% used [0x00000000eb700000,0x00000000eb700000,0x00000000ef500000)
  from space 6144K, 99% used [0x00000000ef500000,0x00000000efaf8020,0x00000000efb00000)
  to   space 7168K, 0% used [0x00000000f3a00000,0x00000000f3a00000,0x00000000f4100000)
 ParOldGen       total 42496K, used 8400K [0x00000000c2400000, 0x00000000c4d80000, 0x00000000eb700000)
  object space 42496K, 19% used [0x00000000c2400000,0x00000000c2c34180,0x00000000c4d80000)
 Metaspace       used 14064K, capacity 14420K, committed 14592K, reserved 1062912K
  class space    used 1641K, capacity 1766K, committed 1792K, reserved 1048576K
}
Event: 2.670 GC heap before
{Heap before GC invocations=8 (full 0):
 PSYoungGen      total 69632K, used 69600K [0x00000000eb700000, 0x00000000f4100000, 0x0000000100000000)
  eden space 63488K, 100% used [0x00000000eb700000,0x00000000ef500000,0x00000000ef500000)
  from space 6144K, 99% used [0x00000000ef500000,0x00000000efaf8020,0x00000000efb00000)
  to   space 7168K, 0% used [0x00000000f3a00000,0x00000000f3a00000,0x00000000f4100000)
 ParOldGen       total 42496K, used 8400K [0x00000000c2400000, 0x00000000c4d80000, 0x00000000eb700000)
  object space 42496K, 19% used [0x00000000c2400000,0x00000000c2c34180,0x00000000c4d80000)
 Metaspace       used 14295K, capacity 14630K, committed 14848K, reserved 1062912K
  class space    used 1645K, capacity 1769K, committed 1792K, reserved 1048576K
Event: 2.690 GC heap after
Heap after GC invocations=8 (full 0):
 PSYoungGen      total 132608K, used 7168K [0x00000000eb700000, 0x00000000f4400000, 0x0000000100000000)
  eden space 125440K, 0% used [0x00000000eb700000,0x00000000eb700000,0x00000000f3180000)
  from space 7168K, 100% used [0x00000000f3a00000,0x00000000f4100000,0x00000000f4100000)
  to   space 8704K, 0% used [0x00000000f3180000,0x00000000f3180000,0x00000000f3a00000)
 ParOldGen       total 42496K, used 9941K [0x00000000c2400000, 0x00000000c4d80000, 0x00000000eb700000)
  object space 42496K, 23% used [0x00000000c2400000,0x00000000c2db5798,0x00000000c4d80000)
 Metaspace       used 14295K, capacity 14630K, committed 14848K, reserved 1062912K
  class space    used 1645K, capacity 1769K, committed 1792K, reserved 1048576K
}
Event: 3.589 GC heap before
{Heap before GC invocations=9 (full 0):
 PSYoungGen      total 132608K, used 132608K [0x00000000eb700000, 0x00000000f4400000, 0x0000000100000000)
  eden space 125440K, 100% used [0x00000000eb700000,0x00000000f3180000,0x00000000f3180000)
  from space 7168K, 100% used [0x00000000f3a00000,0x00000000f4100000,0x00000000f4100000)
  to   space 8704K, 0% used [0x00000000f3180000,0x00000000f3180000,0x00000000f3a00000)
 ParOldGen       total 42496K, used 9941K [0x00000000c2400000, 0x00000000c4d80000, 0x00000000eb700000)
  object space 42496K, 23% used [0x00000000c2400000,0x00000000c2db5798,0x00000000c4d80000)
 Metaspace       used 16396K, capacity 16884K, committed 17024K, reserved 1064960K
  class space    used 1891K, capacity 2050K, committed 2176K, reserved 1048576K
Event: 3.653 GC heap after
Heap after GC invocations=9 (full 0):
 PSYoungGen      total 134144K, used 8704K [0x00000000eb700000, 0x00000000f9300000, 0x0000000100000000)
  eden space 125440K, 0% used [0x00000000eb700000,0x00000000eb700000,0x00000000f3180000)
  from space 8704K, 100% used [0x00000000f3180000,0x00000000f3a00000,0x00000000f3a00000)
  to   space 12288K, 0% used [0x00000000f8700000,0x00000000f8700000,0x00000000f9300000)
 ParOldGen       total 42496K, used 15219K [0x00000000c2400000, 0x00000000c4d80000, 0x00000000eb700000)
  object space 42496K, 35% used [0x00000000c2400000,0x00000000c32dce80,0x00000000c4d80000)
 Metaspace       used 16396K, capacity 16884K, committed 17024K, reserved 1064960K
  class space    used 1891K, capacity 2050K, committed 2176K, reserved 1048576K
}
Event: 4.440 GC heap before
{Heap before GC invocations=10 (full 0):
 PSYoungGen      total 134144K, used 112927K [0x00000000eb700000, 0x00000000f9300000, 0x0000000100000000)
  eden space 125440K, 83% used [0x00000000eb700000,0x00000000f1cc7d80,0x00000000f3180000)
  from space 8704K, 100% used [0x00000000f3180000,0x00000000f3a00000,0x00000000f3a00000)
  to   space 12288K, 0% used [0x00000000f8700000,0x00000000f8700000,0x00000000f9300000)
 ParOldGen       total 42496K, used 15219K [0x00000000c2400000, 0x00000000c4d80000, 0x00000000eb700000)
  object space 42496K, 35% used [0x00000000c2400000,0x00000000c32dce80,0x00000000c4d80000)
 Metaspace       used 20548K, capacity 21112K, committed 21296K, reserved 1069056K
  class space    used 2433K, capacity 2610K, committed 2688K, reserved 1048576K
Event: 4.477 GC heap after
Heap after GC invocations=10 (full 0):
 PSYoungGen      total 212480K, used 9668K [0x00000000eb700000, 0x00000000f9400000, 0x0000000100000000)
  eden space 200192K, 0% used [0x00000000eb700000,0x00000000eb700000,0x00000000f7a80000)
  from space 12288K, 78% used [0x00000000f8700000,0x00000000f90711b8,0x00000000f9300000)
  to   space 12800K, 0% used [0x00000000f7a80000,0x00000000f7a80000,0x00000000f8700000)
 ParOldGen       total 42496K, used 20035K [0x00000000c2400000, 0x00000000c4d80000, 0x00000000eb700000)
  object space 42496K, 47% used [0x00000000c2400000,0x00000000c3790e80,0x00000000c4d80000)
 Metaspace       used 20548K, capacity 21112K, committed 21296K, reserved 1069056K
  class space    used 2433K, capacity 2610K, committed 2688K, reserved 1048576K
}
Event: 4.479 GC heap before
{Heap before GC invocations=11 (full 1):
 PSYoungGen      total 212480K, used 9668K [0x00000000eb700000, 0x00000000f9400000, 0x0000000100000000)
  eden space 200192K, 0% used [0x00000000eb700000,0x00000000eb700000,0x00000000f7a80000)
  from space 12288K, 78% used [0x00000000f8700000,0x00000000f90711b8,0x00000000f9300000)
  to   space 12800K, 0% used [0x00000000f7a80000,0x00000000f7a80000,0x00000000f8700000)
 ParOldGen       total 42496K, used 20035K [0x00000000c2400000, 0x00000000c4d80000, 0x00000000eb700000)
  object space 42496K, 47% used [0x00000000c2400000,0x00000000c3790e80,0x00000000c4d80000)
 Metaspace       used 20548K, capacity 21112K, committed 21296K, reserved 1069056K
  class space    used 2433K, capacity 2610K, committed 2688K, reserved 1048576K
Event: 4.651 GC heap after
Heap after GC invocations=11 (full 1):
 PSYoungGen      total 212480K, used 0K [0x00000000eb700000, 0x00000000f9400000, 0x0000000100000000)
  eden space 200192K, 0% used [0x00000000eb700000,0x00000000eb700000,0x00000000f7a80000)
  from space 12288K, 0% used [0x00000000f8700000,0x00000000f8700000,0x00000000f9300000)
  to   space 12800K, 0% used [0x00000000f7a80000,0x00000000f7a80000,0x00000000f8700000)
 ParOldGen       total 53248K, used 24348K [0x00000000c2400000, 0x00000000c5800000, 0x00000000eb700000)
  object space 53248K, 45% used [0x00000000c2400000,0x00000000c3bc72b8,0x00000000c5800000)
 Metaspace       used 20548K, capacity 21112K, committed 21296K, reserved 1069056K
  class space    used 2433K, capacity 2610K, committed 2688K, reserved 1048576K
}
Event: 6.315 GC heap before
{Heap before GC invocations=12 (full 1):
 PSYoungGen      total 212480K, used 200192K [0x00000000eb700000, 0x00000000f9400000, 0x0000000100000000)
  eden space 200192K, 100% used [0x00000000eb700000,0x00000000f7a80000,0x00000000f7a80000)
  from space 12288K, 0% used [0x00000000f8700000,0x00000000f8700000,0x00000000f9300000)
  to   space 12800K, 0% used [0x00000000f7a80000,0x00000000f7a80000,0x00000000f8700000)
 ParOldGen       total 53248K, used 24348K [0x00000000c2400000, 0x00000000c5800000, 0x00000000eb700000)
  object space 53248K, 45% used [0x00000000c2400000,0x00000000c3bc72b8,0x00000000c5800000)
 Metaspace       used 21677K, capacity 22264K, committed 22576K, reserved 1069056K
  class space    used 2483K, capacity 2674K, committed 2688K, reserved 1048576K

