# JRE version: Java(TM) SE Runtime Environment (8.0_144-b01) (build 1.8.0_144-b01)
# Java VM: Java HotSpot(TM) 64-Bit Server VM (25.144-b01 mixed mode linux-amd64 compressed oops)
Heap:
 PSYoungGen      total 34816K, used 2308K [0x00000000eb700000, 0x00000000edc00000, 0x0000000100000000)
  eden space 31744K, 0% used [0x00000000eb700000,0x00000000eb700000,0x00000000ed600000)
  from space 3072K, 75% used [0x00000000ed600000,0x00000000ed8410f8,0x00000000ed900000)
  to   space 3072K, 0% used [0x00000000ed900000,0x00000000ed900000,0x00000000edc00000)
 ParOldGen       total 42496K, used 1635K [0x00000000c2400000, 0x00000000c4d80000, 0x00000000eb700000)
  object space 42496K, 3% used [0x00000000c2400000,0x00000000c2598f58,0x00000000c4d80000)
 Metaspace       used 11621K, capacity 11752K, committed 12032K, reserved 1060864K
  class space    used 1147K, capacity 1178K, committed 1280K, reserved 1048576K
GC Heap History (10 events):
Event: 7.260 GC heap after
Heap after GC invocations=2 (full 0):
 PSYoungGen      total 18432K, used 2501K [0x00000000eb700000, 0x00000000ecb80000, 0x0000000100000000)
  eden space 15872K, 0% used [0x00000000eb700000,0x00000000eb700000,0x00000000ec680000)
  from space 2560K, 97% used [0x00000000ec900000,0x00000000ecb71458,0x00000000ecb80000)
  to   space 2560K, 0% used [0x00000000ec680000,0x00000000ec680000,0x00000000ec900000)
 ParOldGen       total 42496K, used 8K [0x00000000c2400000, 0x00000000c4d80000, 0x00000000eb700000)
  object space 42496K, 0% used [0x00000000c2400000,0x00000000c2402000,0x00000000c4d80000)
 Metaspace       used 6372K, capacity 6538K, committed 6656K, reserved 1056768K
  class space    used 682K, capacity 725K, committed 768K, reserved 1048576K
}
Event: 7.422 GC heap before
{Heap before GC invocations=3 (full 0):
 PSYoungGen      total 18432K, used 18373K [0x00000000eb700000, 0x00000000ecb80000, 0x0000000100000000)
  eden space 15872K, 100% used [0x00000000eb700000,0x00000000ec680000,0x00000000ec680000)
  from space 2560K, 97% used [0x00000000ec900000,0x00000000ecb71458,0x00000000ecb80000)
  to   space 2560K, 0% used [0x00000000ec680000,0x00000000ec680000,0x00000000ec900000)
 ParOldGen       total 42496K, used 8K [0x00000000c2400000, 0x00000000c4d80000, 0x00000000eb700000)
  object space 42496K, 0% used [0x00000000c2400000,0x00000000c2402000,0x00000000c4d80000)
 Metaspace       used 6986K, capacity 7114K, committed 7168K, reserved 1056768K
  class space    used 712K, capacity 725K, committed 768K, reserved 1048576K
Event: 7.425 GC heap after
Heap after GC invocations=3 (full 0):
 PSYoungGen      total 18432K, used 2117K [0x00000000eb700000, 0x00000000ecb80000, 0x0000000100000000)
  eden space 15872K, 0% used [0x00000000eb700000,0x00000000eb700000,0x00000000ec680000)
  from space 2560K, 82% used [0x00000000ec680000,0x00000000ec891610,0x00000000ec900000)
  to   space 2560K, 0% used [0x00000000ec900000,0x00000000ec900000,0x00000000ecb80000)
 ParOldGen       total 42496K, used 16K [0x00000000c2400000, 0x00000000c4d80000, 0x00000000eb700000)
  object space 42496K, 0% used [0x00000000c2400000,0x00000000c2404000,0x00000000c4d80000)
 Metaspace       used 6986K, capacity 7114K, committed 7168K, reserved 1056768K
  class space    used 712K, capacity 725K, committed 768K, reserved 1048576K
}
Event: 7.598 GC heap before
{Heap before GC invocations=4 (full 0):
 PSYoungGen      total 18432K, used 17989K [0x00000000eb700000, 0x00000000ecb80000, 0x0000000100000000)
  eden space 15872K, 100% used [0x00000000eb700000,0x00000000ec680000,0x00000000ec680000)
  from space 2560K, 82% used [0x00000000ec680000,0x00000000ec891610,0x00000000ec900000)
  to   space 2560K, 0% used [0x00000000ec900000,0x00000000ec900000,0x00000000ecb80000)
 ParOldGen       total 42496K, used 16K [0x00000000c2400000, 0x00000000c4d80000, 0x00000000eb700000)
  object space 42496K, 0% used [0x00000000c2400000,0x00000000c2404000,0x00000000c4d80000)
 Metaspace       used 7821K, capacity 7990K, committed 8064K, reserved 1056768K
  class space    used 791K, capacity 823K, committed 896K, reserved 1048576K
Event: 7.600 GC heap after
Heap after GC invocations=4 (full 0):
 PSYoungGen      total 18432K, used 2153K [0x00000000eb700000, 0x00000000ecb80000, 0x0000000100000000)
  eden space 15872K, 0% used [0x00000000eb700000,0x00000000eb700000,0x00000000ec680000)
  from space 2560K, 84% used [0x00000000ec900000,0x00000000ecb1a700,0x00000000ecb80000)
  to   space 2560K, 0% used [0x00000000ec680000,0x00000000ec680000,0x00000000ec900000)
 ParOldGen       total 42496K, used 24K [0x00000000c2400000, 0x00000000c4d80000, 0x00000000eb700000)
  object space 42496K, 0% used [0x00000000c2400000,0x00000000c2406000,0x00000000c4d80000)
 Metaspace       used 7821K, capacity 7990K, committed 8064K, reserved 1056768K
  class space    used 791K, capacity 823K, committed 896K, reserved 1048576K
}
Event: 7.829 GC heap before
{Heap before GC invocations=5 (full 0):
 PSYoungGen      total 18432K, used 18025K [0x00000000eb700000, 0x00000000ecb80000, 0x0000000100000000)
  eden space 15872K, 100% used [0x00000000eb700000,0x00000000ec680000,0x00000000ec680000)
  from space 2560K, 84% used [0x00000000ec900000,0x00000000ecb1a700,0x00000000ecb80000)
  to   space 2560K, 0% used [0x00000000ec680000,0x00000000ec680000,0x00000000ec900000)
 ParOldGen       total 42496K, used 24K [0x00000000c2400000, 0x00000000c4d80000, 0x00000000eb700000)
  object space 42496K, 0% used [0x00000000c2400000,0x00000000c2406000,0x00000000c4d80000)
 Metaspace       used 8613K, capacity 8808K, committed 8960K, reserved 1056768K
  class space    used 871K, capacity 922K, committed 1024K, reserved 1048576K
Event: 7.834 GC heap after
Heap after GC invocations=5 (full 0):
 PSYoungGen      total 18432K, used 2403K [0x00000000eb700000, 0x00000000edc00000, 0x0000000100000000)
  eden space 15872K, 0% used [0x00000000eb700000,0x00000000eb700000,0x00000000ec680000)
  from space 2560K, 93% used [0x00000000ec680000,0x00000000ec8d8f08,0x00000000ec900000)
  to   space 3072K, 0% used [0x00000000ed900000,0x00000000ed900000,0x00000000edc00000)
 ParOldGen       total 42496K, used 24K [0x00000000c2400000, 0x00000000c4d80000, 0x00000000eb700000)
  object space 42496K, 0% used [0x00000000c2400000,0x00000000c2406000,0x00000000c4d80000)
 Metaspace       used 8613K, capacity 8808K, committed 8960K, reserved 1056768K
  class space    used 871K, capacity 922K, committed 1024K, reserved 1048576K
}
Event: 8.244 GC heap before
{Heap before GC invocations=6 (full 0):
 PSYoungGen      total 18432K, used 18275K [0x00000000eb700000, 0x00000000edc00000, 0x0000000100000000)
  eden space 15872K, 100% used [0x00000000eb700000,0x00000000ec680000,0x00000000ec680000)
  from space 2560K, 93% used [0x00000000ec680000,0x00000000ec8d8f08,0x00000000ec900000)
  to   space 3072K, 0% used [0x00000000ed900000,0x00000000ed900000,0x00000000edc00000)
 ParOldGen       total 42496K, used 24K [0x00000000c2400000, 0x00000000c4d80000, 0x00000000eb700000)
  object space 42496K, 0% used [0x00000000c2400000,0x00000000c2406000,0x00000000c4d80000)
 Metaspace       used 10386K, capacity 10568K, committed 10880K, reserved 1058816K
  class space    used 1048K, capacity 1082K, committed 1152K, reserved 1048576K
Event: 8.260 GC heap after
Heap after GC invocations=6 (full 0):
 PSYoungGen      total 34816K, used 3057K [0x00000000eb700000, 0x00000000edc00000, 0x0000000100000000)
  eden space 31744K, 0% used [0x00000000eb700000,0x00000000eb700000,0x00000000ed600000)
  from space 3072K, 99% used [0x00000000ed900000,0x00000000edbfc500,0x00000000edc00000)
  to   space 3072K, 0% used [0x00000000ed600000,0x00000000ed600000,0x00000000ed900000)
 ParOldGen       total 42496K, used 24K [0x00000000c2400000, 0x00000000c4d80000, 0x00000000eb700000)
  object space 42496K, 0% used [0x00000000c2400000,0x00000000c2406000,0x00000000c4d80000)
 Metaspace       used 10386K, capacity 10568K, committed 10880K, reserved 1058816K
  class space    used 1048K, capacity 1082K, committed 1152K, reserved 1048576K
}
Event: 10.769 GC heap before
{Heap before GC invocations=7 (full 0):
 PSYoungGen      total 34816K, used 34801K [0x00000000eb700000, 0x00000000edc00000, 0x0000000100000000)
  eden space 31744K, 100% used [0x00000000eb700000,0x00000000ed600000,0x00000000ed600000)
  from space 3072K, 99% used [0x00000000ed900000,0x00000000edbfc500,0x00000000edc00000)
  to   space 3072K, 0% used [0x00000000ed600000,0x00000000ed600000,0x00000000ed900000)
 ParOldGen       total 42496K, used 24K [0x00000000c2400000, 0x00000000c4d80000, 0x00000000eb700000)
  object space 42496K, 0% used [0x00000000c2400000,0x00000000c2406000,0x00000000c4d80000)
 Metaspace       used 11621K, capacity 11752K, committed 12032K, reserved 1060864K
  class space    used 1147K, capacity 1178K, committed 1280K, reserved 1048576K

