# JRE version: Java(TM) SE Runtime Environment (8.0_151-b12) (build 1.8.0_151-b12)
# Java VM: Java HotSpot(TM) 64-Bit Server VM (25.151-b12 mixed mode linux-amd64 compressed oops)
Heap:
 PSYoungGen      total 53760K, used 2038K [0x00000000e0f00000, 0x00000000e4800000, 0x0000000100000000)
  eden space 49152K, 0% used [0x00000000e0f00000,0x00000000e0f00000,0x00000000e3f00000)
  from space 4608K, 44% used [0x00000000e3f00000,0x00000000e40fd808,0x00000000e4380000)
  to   space 4608K, 0% used [0x00000000e4380000,0x00000000e4380000,0x00000000e4800000)
 ParOldGen       total 64512K, used 2737K [0x00000000a2c00000, 0x00000000a6b00000, 0x00000000e0f00000)
  object space 64512K, 4% used [0x00000000a2c00000,0x00000000a2eac638,0x00000000a6b00000)
 Metaspace       used 12822K, capacity 13612K, committed 13952K, reserved 1060864K
  class space    used 1416K, capacity 1574K, committed 1664K, reserved 1048576K
GC Heap History (10 events):
Event: 2.698 GC heap after
Heap after GC invocations=2 (full 0):
 PSYoungGen      total 28160K, used 2917K [0x00000000e0f00000, 0x00000000e2e00000, 0x0000000100000000)
  eden space 24576K, 0% used [0x00000000e0f00000,0x00000000e0f00000,0x00000000e2700000)
  from space 3584K, 81% used [0x00000000e2a80000,0x00000000e2d59558,0x00000000e2e00000)
  to   space 3584K, 0% used [0x00000000e2700000,0x00000000e2700000,0x00000000e2a80000)
 ParOldGen       total 64512K, used 16K [0x00000000a2c00000, 0x00000000a6b00000, 0x00000000e0f00000)
  object space 64512K, 0% used [0x00000000a2c00000,0x00000000a2c04000,0x00000000a6b00000)
 Metaspace       used 5890K, capacity 6028K, committed 6144K, reserved 1056768K
  class space    used 630K, capacity 702K, committed 768K, reserved 1048576K
}
Event: 3.189 GC heap before
{Heap before GC invocations=3 (full 0):
 PSYoungGen      total 28160K, used 27493K [0x00000000e0f00000, 0x00000000e2e00000, 0x0000000100000000)
  eden space 24576K, 100% used [0x00000000e0f00000,0x00000000e2700000,0x00000000e2700000)
  from space 3584K, 81% used [0x00000000e2a80000,0x00000000e2d59558,0x00000000e2e00000)
  to   space 3584K, 0% used [0x00000000e2700000,0x00000000e2700000,0x00000000e2a80000)
 ParOldGen       total 64512K, used 16K [0x00000000a2c00000, 0x00000000a6b00000, 0x00000000e0f00000)
  object space 64512K, 0% used [0x00000000a2c00000,0x00000000a2c04000,0x00000000a6b00000)
 Metaspace       used 8362K, capacity 8776K, committed 9088K, reserved 1056768K
  class space    used 944K, capacity 1072K, committed 1152K, reserved 1048576K
Event: 3.193 GC heap after
Heap after GC invocations=3 (full 0):
 PSYoungGen      total 28160K, used 3418K [0x00000000e0f00000, 0x00000000e2e00000, 0x0000000100000000)
  eden space 24576K, 0% used [0x00000000e0f00000,0x00000000e0f00000,0x00000000e2700000)
  from space 3584K, 95% used [0x00000000e2700000,0x00000000e2a56950,0x00000000e2a80000)
  to   space 3584K, 0% used [0x00000000e2a80000,0x00000000e2a80000,0x00000000e2e00000)
 ParOldGen       total 64512K, used 24K [0x00000000a2c00000, 0x00000000a6b00000, 0x00000000e0f00000)
  object space 64512K, 0% used [0x00000000a2c00000,0x00000000a2c06000,0x00000000a6b00000)
 Metaspace       used 8362K, capacity 8776K, committed 9088K, reserved 1056768K
  class space    used 944K, capacity 1072K, committed 1152K, reserved 1048576K
}
Event: 3.619 GC heap before
{Heap before GC invocations=4 (full 0):
 PSYoungGen      total 28160K, used 27994K [0x00000000e0f00000, 0x00000000e2e00000, 0x0000000100000000)
  eden space 24576K, 100% used [0x00000000e0f00000,0x00000000e2700000,0x00000000e2700000)
  from space 3584K, 95% used [0x00000000e2700000,0x00000000e2a56950,0x00000000e2a80000)
  to   space 3584K, 0% used [0x00000000e2a80000,0x00000000e2a80000,0x00000000e2e00000)
 ParOldGen       total 64512K, used 24K [0x00000000a2c00000, 0x00000000a6b00000, 0x00000000e0f00000)
  object space 64512K, 0% used [0x00000000a2c00000,0x00000000a2c06000,0x00000000a6b00000)
 Metaspace       used 10043K, capacity 10712K, committed 10880K, reserved 1058816K
  class space    used 1194K, capacity 1358K, committed 1408K, reserved 1048576K
Event: 3.623 GC heap after
Heap after GC invocations=4 (full 0):
 PSYoungGen      total 28160K, used 3571K [0x00000000e0f00000, 0x00000000e2e00000, 0x0000000100000000)
  eden space 24576K, 0% used [0x00000000e0f00000,0x00000000e0f00000,0x00000000e2700000)
  from space 3584K, 99% used [0x00000000e2a80000,0x00000000e2dfcee8,0x00000000e2e00000)
  to   space 3584K, 0% used [0x00000000e2700000,0x00000000e2700000,0x00000000e2a80000)
 ParOldGen       total 64512K, used 430K [0x00000000a2c00000, 0x00000000a6b00000, 0x00000000e0f00000)
  object space 64512K, 0% used [0x00000000a2c00000,0x00000000a2c6b960,0x00000000a6b00000)
 Metaspace       used 10043K, capacity 10712K, committed 10880K, reserved 1058816K
  class space    used 1194K, capacity 1358K, committed 1408K, reserved 1048576K
}
Event: 3.789 GC heap before
{Heap before GC invocations=5 (full 0):
 PSYoungGen      total 28160K, used 28147K [0x00000000e0f00000, 0x00000000e2e00000, 0x0000000100000000)
  eden space 24576K, 100% used [0x00000000e0f00000,0x00000000e2700000,0x00000000e2700000)
  from space 3584K, 99% used [0x00000000e2a80000,0x00000000e2dfcee8,0x00000000e2e00000)
  to   space 3584K, 0% used [0x00000000e2700000,0x00000000e2700000,0x00000000e2a80000)
 ParOldGen       total 64512K, used 430K [0x00000000a2c00000, 0x00000000a6b00000, 0x00000000e0f00000)
  object space 64512K, 0% used [0x00000000a2c00000,0x00000000a2c6b960,0x00000000a6b00000)
 Metaspace       used 10709K, capacity 11378K, committed 11392K, reserved 1058816K
  class space    used 1240K, capacity 1395K, committed 1408K, reserved 1048576K
Event: 3.796 GC heap after
Heap after GC invocations=5 (full 0):
 PSYoungGen      total 28160K, used 3571K [0x00000000e0f00000, 0x00000000e4800000, 0x0000000100000000)
  eden space 24576K, 0% used [0x00000000e0f00000,0x00000000e0f00000,0x00000000e2700000)
  from space 3584K, 99% used [0x00000000e2700000,0x00000000e2a7cc78,0x00000000e2a80000)
  to   space 4608K, 0% used [0x00000000e4380000,0x00000000e4380000,0x00000000e4800000)
 ParOldGen       total 64512K, used 556K [0x00000000a2c00000, 0x00000000a6b00000, 0x00000000e0f00000)
  object space 64512K, 0% used [0x00000000a2c00000,0x00000000a2c8b350,0x00000000a6b00000)
 Metaspace       used 10709K, capacity 11378K, committed 11392K, reserved 1058816K
  class space    used 1240K, capacity 1395K, committed 1408K, reserved 1048576K
}
Event: 3.903 GC heap before
{Heap before GC invocations=6 (full 0):
 PSYoungGen      total 28160K, used 28147K [0x00000000e0f00000, 0x00000000e4800000, 0x0000000100000000)
  eden space 24576K, 100% used [0x00000000e0f00000,0x00000000e2700000,0x00000000e2700000)
  from space 3584K, 99% used [0x00000000e2700000,0x00000000e2a7cc78,0x00000000e2a80000)
  to   space 4608K, 0% used [0x00000000e4380000,0x00000000e4380000,0x00000000e4800000)
 ParOldGen       total 64512K, used 556K [0x00000000a2c00000, 0x00000000a6b00000, 0x00000000e0f00000)
  object space 64512K, 0% used [0x00000000a2c00000,0x00000000a2c8b350,0x00000000a6b00000)
 Metaspace       used 11287K, capacity 11986K, committed 12288K, reserved 1060864K
  class space    used 1266K, capacity 1427K, committed 1536K, reserved 1048576K
Event: 3.910 GC heap after
Heap after GC invocations=6 (full 0):
 PSYoungGen      total 53760K, used 3510K [0x00000000e0f00000, 0x00000000e4800000, 0x0000000100000000)
  eden space 49152K, 0% used [0x00000000e0f00000,0x00000000e0f00000,0x00000000e3f00000)
  from space 4608K, 76% used [0x00000000e4380000,0x00000000e46edab0,0x00000000e4800000)
  to   space 4608K, 0% used [0x00000000e3f00000,0x00000000e3f00000,0x00000000e4380000)
 ParOldGen       total 64512K, used 564K [0x00000000a2c00000, 0x00000000a6b00000, 0x00000000e0f00000)
  object space 64512K, 0% used [0x00000000a2c00000,0x00000000a2c8d350,0x00000000a6b00000)
 Metaspace       used 11287K, capacity 11986K, committed 12288K, reserved 1060864K
  class space    used 1266K, capacity 1427K, committed 1536K, reserved 1048576K
}
Event: 5.283 GC heap before
{Heap before GC invocations=7 (full 0):
 PSYoungGen      total 53760K, used 52662K [0x00000000e0f00000, 0x00000000e4800000, 0x0000000100000000)
  eden space 49152K, 100% used [0x00000000e0f00000,0x00000000e3f00000,0x00000000e3f00000)
  from space 4608K, 76% used [0x00000000e4380000,0x00000000e46edab0,0x00000000e4800000)
  to   space 4608K, 0% used [0x00000000e3f00000,0x00000000e3f00000,0x00000000e4380000)
 ParOldGen       total 64512K, used 564K [0x00000000a2c00000, 0x00000000a6b00000, 0x00000000e0f00000)
  object space 64512K, 0% used [0x00000000a2c00000,0x00000000a2c8d350,0x00000000a6b00000)
 Metaspace       used 12822K, capacity 13612K, committed 13952K, reserved 1060864K
  class space    used 1416K, capacity 1574K, committed 1664K, reserved 1048576K

