# JRE version: Java(TM) SE Runtime Environment (8.0_144-b01) (build 1.8.0_144-b01)
# Java VM: Java HotSpot(TM) 64-Bit Server VM (25.144-b01 mixed mode linux-amd64 compressed oops)
Heap:
 PSYoungGen      total 207360K, used 2204K [0x00000000eb700000, 0x00000000f8700000, 0x0000000100000000)
  eden space 201728K, 0% used [0x00000000eb700000,0x00000000eb700000,0x00000000f7c00000)
  from space 5632K, 39% used [0x00000000f7c00000,0x00000000f7e272c8,0x00000000f8180000)
  to   space 5632K, 0% used [0x00000000f8180000,0x00000000f8180000,0x00000000f8700000)
 ParOldGen       total 42496K, used 6557K [0x00000000c2400000, 0x00000000c4d80000, 0x00000000eb700000)
  object space 42496K, 15% used [0x00000000c2400000,0x00000000c2a67648,0x00000000c4d80000)
 Metaspace       used 20800K, capacity 21040K, committed 21248K, reserved 1069056K
  class space    used 2195K, capacity 2266K, committed 2304K, reserved 1048576K
GC Heap History (10 events):
Event: 2.321 GC heap after
Heap after GC invocations=6 (full 0):
 PSYoungGen      total 66560K, used 3572K [0x00000000eb700000, 0x00000000efd00000, 0x0000000100000000)
  eden space 62976K, 0% used [0x00000000eb700000,0x00000000eb700000,0x00000000ef480000)
  from space 3584K, 99% used [0x00000000ef880000,0x00000000efbfd208,0x00000000efc00000)
  to   space 4096K, 0% used [0x00000000ef480000,0x00000000ef480000,0x00000000ef880000)
 ParOldGen       total 42496K, used 1040K [0x00000000c2400000, 0x00000000c4d80000, 0x00000000eb700000)
  object space 42496K, 2% used [0x00000000c2400000,0x00000000c25040e0,0x00000000c4d80000)
 Metaspace       used 12598K, capacity 12828K, committed 13184K, reserved 1060864K
  class space    used 1245K, capacity 1324K, committed 1408K, reserved 1048576K
}
Event: 2.770 GC heap before
{Heap before GC invocations=7 (full 0):
 PSYoungGen      total 66560K, used 66548K [0x00000000eb700000, 0x00000000efd00000, 0x0000000100000000)
  eden space 62976K, 100% used [0x00000000eb700000,0x00000000ef480000,0x00000000ef480000)
  from space 3584K, 99% used [0x00000000ef880000,0x00000000efbfd208,0x00000000efc00000)
  to   space 4096K, 0% used [0x00000000ef480000,0x00000000ef480000,0x00000000ef880000)
 ParOldGen       total 42496K, used 1040K [0x00000000c2400000, 0x00000000c4d80000, 0x00000000eb700000)
  object space 42496K, 2% used [0x00000000c2400000,0x00000000c25040e0,0x00000000c4d80000)
 Metaspace       used 14936K, capacity 15182K, committed 15488K, reserved 1062912K
  class space    used 1536K, capacity 1615K, committed 1664K, reserved 1048576K
Event: 2.790 GC heap after
Heap after GC invocations=7 (full 0):
 PSYoungGen      total 67072K, used 4073K [0x00000000eb700000, 0x00000000f3d00000, 0x0000000100000000)
  eden space 62976K, 0% used [0x00000000eb700000,0x00000000eb700000,0x00000000ef480000)
  from space 4096K, 99% used [0x00000000ef480000,0x00000000ef87a4f0,0x00000000ef880000)
  to   space 5632K, 0% used [0x00000000f3780000,0x00000000f3780000,0x00000000f3d00000)
 ParOldGen       total 42496K, used 2593K [0x00000000c2400000, 0x00000000c4d80000, 0x00000000eb700000)
  object space 42496K, 6% used [0x00000000c2400000,0x00000000c2688510,0x00000000c4d80000)
 Metaspace       used 14936K, capacity 15182K, committed 15488K, reserved 1062912K
  class space    used 1536K, capacity 1615K, committed 1664K, reserved 1048576K
}
Event: 3.085 GC heap before
{Heap before GC invocations=8 (full 0):
 PSYoungGen      total 67072K, used 66997K [0x00000000eb700000, 0x00000000f3d00000, 0x0000000100000000)
  eden space 62976K, 99% used [0x00000000eb700000,0x00000000ef473120,0x00000000ef480000)
  from space 4096K, 99% used [0x00000000ef480000,0x00000000ef87a4f0,0x00000000ef880000)
  to   space 5632K, 0% used [0x00000000f3780000,0x00000000f3780000,0x00000000f3d00000)
 ParOldGen       total 42496K, used 2593K [0x00000000c2400000, 0x00000000c4d80000, 0x00000000eb700000)
  object space 42496K, 6% used [0x00000000c2400000,0x00000000c2688510,0x00000000c4d80000)
 Metaspace       used 15871K, capacity 16116K, committed 16384K, reserved 1064960K
  class space    used 1619K, capacity 1712K, committed 1792K, reserved 1048576K
Event: 3.090 GC heap after
Heap after GC invocations=8 (full 0):
 PSYoungGen      total 130560K, used 3253K [0x00000000eb700000, 0x00000000f3c00000, 0x0000000100000000)
  eden space 125952K, 0% used [0x00000000eb700000,0x00000000eb700000,0x00000000f3200000)
  from space 4608K, 70% used [0x00000000f3780000,0x00000000f3aad498,0x00000000f3c00000)
  to   space 5120K, 0% used [0x00000000f3200000,0x00000000f3200000,0x00000000f3700000)
 ParOldGen       total 42496K, used 2905K [0x00000000c2400000, 0x00000000c4d80000, 0x00000000eb700000)
  object space 42496K, 6% used [0x00000000c2400000,0x00000000c26d6510,0x00000000c4d80000)
 Metaspace       used 15871K, capacity 16116K, committed 16384K, reserved 1064960K
  class space    used 1619K, capacity 1712K, committed 1792K, reserved 1048576K
}
Event: 3.238 GC heap before
{Heap before GC invocations=9 (full 0):
 PSYoungGen      total 130560K, used 129059K [0x00000000eb700000, 0x00000000f3c00000, 0x0000000100000000)
  eden space 125952K, 99% used [0x00000000eb700000,0x00000000f31db910,0x00000000f3200000)
  from space 4608K, 70% used [0x00000000f3780000,0x00000000f3aad498,0x00000000f3c00000)
  to   space 5120K, 0% used [0x00000000f3200000,0x00000000f3200000,0x00000000f3700000)
 ParOldGen       total 42496K, used 2905K [0x00000000c2400000, 0x00000000c4d80000, 0x00000000eb700000)
  object space 42496K, 6% used [0x00000000c2400000,0x00000000c26d6510,0x00000000c4d80000)
 Metaspace       used 15871K, capacity 16116K, committed 16384K, reserved 1064960K
  class space    used 1619K, capacity 1712K, committed 1792K, reserved 1048576K
Event: 3.251 GC heap after
Heap after GC invocations=9 (full 0):
 PSYoungGen      total 131072K, used 1278K [0x00000000eb700000, 0x00000000f8700000, 0x0000000100000000)
  eden space 125952K, 0% used [0x00000000eb700000,0x00000000eb700000,0x00000000f3200000)
  from space 5120K, 24% used [0x00000000f3200000,0x00000000f333fab0,0x00000000f3700000)
  to   space 5632K, 0% used [0x00000000f8180000,0x00000000f8180000,0x00000000f8700000)
 ParOldGen       total 42496K, used 4584K [0x00000000c2400000, 0x00000000c4d80000, 0x00000000eb700000)
  object space 42496K, 10% used [0x00000000c2400000,0x00000000c287a280,0x00000000c4d80000)
 Metaspace       used 15871K, capacity 16116K, committed 16384K, reserved 1064960K
  class space    used 1619K, capacity 1712K, committed 1792K, reserved 1048576K
}
Event: 4.254 GC heap before
{Heap before GC invocations=10 (full 0):
 PSYoungGen      total 131072K, used 127230K [0x00000000eb700000, 0x00000000f8700000, 0x0000000100000000)
  eden space 125952K, 100% used [0x00000000eb700000,0x00000000f3200000,0x00000000f3200000)
  from space 5120K, 24% used [0x00000000f3200000,0x00000000f333fab0,0x00000000f3700000)
  to   space 5632K, 0% used [0x00000000f8180000,0x00000000f8180000,0x00000000f8700000)
 ParOldGen       total 42496K, used 4584K [0x00000000c2400000, 0x00000000c4d80000, 0x00000000eb700000)
  object space 42496K, 10% used [0x00000000c2400000,0x00000000c287a280,0x00000000c4d80000)
 Metaspace       used 17492K, capacity 17776K, committed 18048K, reserved 1064960K
  class space    used 1801K, capacity 1882K, committed 1920K, reserved 1048576K
Event: 4.269 GC heap after
Heap after GC invocations=10 (full 0):
 PSYoungGen      total 207360K, used 1491K [0x00000000eb700000, 0x00000000f8700000, 0x0000000100000000)
  eden space 201728K, 0% used [0x00000000eb700000,0x00000000eb700000,0x00000000f7c00000)
  from space 5632K, 26% used [0x00000000f8180000,0x00000000f82f4ee8,0x00000000f8700000)
  to   space 5632K, 0% used [0x00000000f7c00000,0x00000000f7c00000,0x00000000f8180000)
 ParOldGen       total 42496K, used 5676K [0x00000000c2400000, 0x00000000c4d80000, 0x00000000eb700000)
  object space 42496K, 13% used [0x00000000c2400000,0x00000000c298b240,0x00000000c4d80000)
 Metaspace       used 17492K, capacity 17776K, committed 18048K, reserved 1064960K
  class space    used 1801K, capacity 1882K, committed 1920K, reserved 1048576K
}
Event: 4.777 GC heap before
{Heap before GC invocations=11 (full 0):
 PSYoungGen      total 207360K, used 49468K [0x00000000eb700000, 0x00000000f8700000, 0x0000000100000000)
  eden space 201728K, 23% used [0x00000000eb700000,0x00000000ee5da310,0x00000000f7c00000)
  from space 5632K, 26% used [0x00000000f8180000,0x00000000f82f4ee8,0x00000000f8700000)
  to   space 5632K, 0% used [0x00000000f7c00000,0x00000000f7c00000,0x00000000f8180000)
 ParOldGen       total 42496K, used 5676K [0x00000000c2400000, 0x00000000c4d80000, 0x00000000eb700000)
  object space 42496K, 13% used [0x00000000c2400000,0x00000000c298b240,0x00000000c4d80000)
 Metaspace       used 20800K, capacity 21040K, committed 21248K, reserved 1069056K
  class space    used 2195K, capacity 2266K, committed 2304K, reserved 1048576K

