# JRE version: Java(TM) SE Runtime Environment (8.0_151-b12) (build 1.8.0_151-b12)
# Java VM: Java HotSpot(TM) 64-Bit Server VM (25.151-b12 mixed mode linux-amd64 compressed oops)
Heap:
 PSYoungGen      total 125952K, used 3668K [0x00000000e0f00000, 0x00000000e8f00000, 0x0000000100000000)
  eden space 120832K, 0% used [0x00000000e0f00000,0x00000000e0f00000,0x00000000e8500000)
  from space 5120K, 71% used [0x00000000e8500000,0x00000000e8895330,0x00000000e8a00000)
  to   space 5120K, 0% used [0x00000000e8a00000,0x00000000e8a00000,0x00000000e8f00000)
 ParOldGen       total 64512K, used 5001K [0x00000000a2c00000, 0x00000000a6b00000, 0x00000000e0f00000)
  object space 64512K, 7% used [0x00000000a2c00000,0x00000000a30e2520,0x00000000a6b00000)
 Metaspace       used 20871K, capacity 21086K, committed 21248K, reserved 1069056K
  class space    used 2202K, capacity 2263K, committed 2304K, reserved 1048576K
GC Heap History (10 events):
Event: 3.509 GC heap after
Heap after GC invocations=8 (full 0):
 PSYoungGen      total 51712K, used 2435K [0x00000000e0f00000, 0x00000000e4600000, 0x0000000100000000)
  eden space 47104K, 0% used [0x00000000e0f00000,0x00000000e0f00000,0x00000000e3d00000)
  from space 4608K, 52% used [0x00000000e4180000,0x00000000e43e0c80,0x00000000e4600000)
  to   space 4608K, 0% used [0x00000000e3d00000,0x00000000e3d00000,0x00000000e4180000)
 ParOldGen       total 64512K, used 2873K [0x00000000a2c00000, 0x00000000a6b00000, 0x00000000e0f00000)
  object space 64512K, 4% used [0x00000000a2c00000,0x00000000a2ece4a8,0x00000000a6b00000)
 Metaspace       used 15115K, capacity 15382K, committed 15488K, reserved 1062912K
  class space    used 1555K, capacity 1643K, committed 1664K, reserved 1048576K
}
Event: 3.880 GC heap before
{Heap before GC invocations=9 (full 0):
 PSYoungGen      total 51712K, used 49485K [0x00000000e0f00000, 0x00000000e4600000, 0x0000000100000000)
  eden space 47104K, 99% used [0x00000000e0f00000,0x00000000e3cf2940,0x00000000e3d00000)
  from space 4608K, 52% used [0x00000000e4180000,0x00000000e43e0c80,0x00000000e4600000)
  to   space 4608K, 0% used [0x00000000e3d00000,0x00000000e3d00000,0x00000000e4180000)
 ParOldGen       total 64512K, used 2873K [0x00000000a2c00000, 0x00000000a6b00000, 0x00000000e0f00000)
  object space 64512K, 4% used [0x00000000a2c00000,0x00000000a2ece4a8,0x00000000a6b00000)
 Metaspace       used 15845K, capacity 16092K, committed 16384K, reserved 1064960K
  class space    used 1615K, capacity 1708K, committed 1792K, reserved 1048576K
Event: 3.911 GC heap after
Heap after GC invocations=9 (full 0):
 PSYoungGen      total 51712K, used 1222K [0x00000000e0f00000, 0x00000000e6200000, 0x0000000100000000)
  eden space 47104K, 0% used [0x00000000e0f00000,0x00000000e0f00000,0x00000000e3d00000)
  from space 4608K, 26% used [0x00000000e3d00000,0x00000000e3e318c0,0x00000000e4180000)
  to   space 4608K, 0% used [0x00000000e5d80000,0x00000000e5d80000,0x00000000e6200000)
 ParOldGen       total 64512K, used 4101K [0x00000000a2c00000, 0x00000000a6b00000, 0x00000000e0f00000)
  object space 64512K, 6% used [0x00000000a2c00000,0x00000000a3001618,0x00000000a6b00000)
 Metaspace       used 15845K, capacity 16092K, committed 16384K, reserved 1064960K
  class space    used 1615K, capacity 1708K, committed 1792K, reserved 1048576K
}
Event: 3.955 GC heap before
{Heap before GC invocations=10 (full 0):
 PSYoungGen      total 51712K, used 48286K [0x00000000e0f00000, 0x00000000e6200000, 0x0000000100000000)
  eden space 47104K, 99% used [0x00000000e0f00000,0x00000000e3cf60d8,0x00000000e3d00000)
  from space 4608K, 26% used [0x00000000e3d00000,0x00000000e3e318c0,0x00000000e4180000)
  to   space 4608K, 0% used [0x00000000e5d80000,0x00000000e5d80000,0x00000000e6200000)
 ParOldGen       total 64512K, used 4101K [0x00000000a2c00000, 0x00000000a6b00000, 0x00000000e0f00000)
  object space 64512K, 6% used [0x00000000a2c00000,0x00000000a3001618,0x00000000a6b00000)
 Metaspace       used 15845K, capacity 16092K, committed 16384K, reserved 1064960K
  class space    used 1615K, capacity 1708K, committed 1792K, reserved 1048576K
Event: 3.958 GC heap after
Heap after GC invocations=10 (full 0):
 PSYoungGen      total 79872K, used 570K [0x00000000e0f00000, 0x00000000e6300000, 0x0000000100000000)
  eden space 75264K, 0% used [0x00000000e0f00000,0x00000000e0f00000,0x00000000e5880000)
  from space 4608K, 12% used [0x00000000e5d80000,0x00000000e5e0ebe0,0x00000000e6200000)
  to   space 5120K, 0% used [0x00000000e5880000,0x00000000e5880000,0x00000000e5d80000)
 ParOldGen       total 64512K, used 4541K [0x00000000a2c00000, 0x00000000a6b00000, 0x00000000e0f00000)
  object space 64512K, 7% used [0x00000000a2c00000,0x00000000a306f628,0x00000000a6b00000)
 Metaspace       used 15845K, capacity 16092K, committed 16384K, reserved 1064960K
  class space    used 1615K, capacity 1708K, committed 1792K, reserved 1048576K
}
Event: 4.029 GC heap before
{Heap before GC invocations=11 (full 0):
 PSYoungGen      total 79872K, used 75759K [0x00000000e0f00000, 0x00000000e6300000, 0x0000000100000000)
  eden space 75264K, 99% used [0x00000000e0f00000,0x00000000e586d3c8,0x00000000e5880000)
  from space 4608K, 12% used [0x00000000e5d80000,0x00000000e5e0ebe0,0x00000000e6200000)
  to   space 5120K, 0% used [0x00000000e5880000,0x00000000e5880000,0x00000000e5d80000)
 ParOldGen       total 64512K, used 4541K [0x00000000a2c00000, 0x00000000a6b00000, 0x00000000e0f00000)
  object space 64512K, 7% used [0x00000000a2c00000,0x00000000a306f628,0x00000000a6b00000)
 Metaspace       used 15845K, capacity 16092K, committed 16384K, reserved 1064960K
  class space    used 1615K, capacity 1708K, committed 1792K, reserved 1048576K
Event: 4.044 GC heap after
Heap after GC invocations=11 (full 0):
 PSYoungGen      total 80384K, used 144K [0x00000000e0f00000, 0x00000000e8f00000, 0x0000000100000000)
  eden space 75264K, 0% used [0x00000000e0f00000,0x00000000e0f00000,0x00000000e5880000)
  from space 5120K, 2% used [0x00000000e5880000,0x00000000e58a40e8,0x00000000e5d80000)
  to   space 5120K, 0% used [0x00000000e8a00000,0x00000000e8a00000,0x00000000e8f00000)
 ParOldGen       total 64512K, used 4993K [0x00000000a2c00000, 0x00000000a6b00000, 0x00000000e0f00000)
  object space 64512K, 7% used [0x00000000a2c00000,0x00000000a30e0520,0x00000000a6b00000)
 Metaspace       used 15845K, capacity 16092K, committed 16384K, reserved 1064960K
  class space    used 1615K, capacity 1708K, committed 1792K, reserved 1048576K
}
Event: 4.080 GC heap before
{Heap before GC invocations=12 (full 0):
 PSYoungGen      total 80384K, used 75405K [0x00000000e0f00000, 0x00000000e8f00000, 0x0000000100000000)
  eden space 75264K, 99% used [0x00000000e0f00000,0x00000000e587f450,0x00000000e5880000)
  from space 5120K, 2% used [0x00000000e5880000,0x00000000e58a40e8,0x00000000e5d80000)
  to   space 5120K, 0% used [0x00000000e8a00000,0x00000000e8a00000,0x00000000e8f00000)
 ParOldGen       total 64512K, used 4993K [0x00000000a2c00000, 0x00000000a6b00000, 0x00000000e0f00000)
  object space 64512K, 7% used [0x00000000a2c00000,0x00000000a30e0520,0x00000000a6b00000)
 Metaspace       used 15845K, capacity 16092K, committed 16384K, reserved 1064960K
  class space    used 1615K, capacity 1708K, committed 1792K, reserved 1048576K
Event: 4.082 GC heap after
Heap after GC invocations=12 (full 0):
 PSYoungGen      total 125952K, used 177K [0x00000000e0f00000, 0x00000000e8f00000, 0x0000000100000000)
  eden space 120832K, 0% used [0x00000000e0f00000,0x00000000e0f00000,0x00000000e8500000)
  from space 5120K, 3% used [0x00000000e8a00000,0x00000000e8a2c488,0x00000000e8f00000)
  to   space 5120K, 0% used [0x00000000e8500000,0x00000000e8500000,0x00000000e8a00000)
 ParOldGen       total 64512K, used 4993K [0x00000000a2c00000, 0x00000000a6b00000, 0x00000000e0f00000)
  object space 64512K, 7% used [0x00000000a2c00000,0x00000000a30e0520,0x00000000a6b00000)
 Metaspace       used 15845K, capacity 16092K, committed 16384K, reserved 1064960K
  class space    used 1615K, capacity 1708K, committed 1792K, reserved 1048576K
}
Event: 6.022 GC heap before
{Heap before GC invocations=13 (full 0):
 PSYoungGen      total 125952K, used 114206K [0x00000000e0f00000, 0x00000000e8f00000, 0x0000000100000000)
  eden space 120832K, 94% used [0x00000000e0f00000,0x00000000e7e5b4a0,0x00000000e8500000)
  from space 5120K, 3% used [0x00000000e8a00000,0x00000000e8a2c488,0x00000000e8f00000)
  to   space 5120K, 0% used [0x00000000e8500000,0x00000000e8500000,0x00000000e8a00000)
 ParOldGen       total 64512K, used 4993K [0x00000000a2c00000, 0x00000000a6b00000, 0x00000000e0f00000)
  object space 64512K, 7% used [0x00000000a2c00000,0x00000000a30e0520,0x00000000a6b00000)
 Metaspace       used 20871K, capacity 21086K, committed 21248K, reserved 1069056K
  class space    used 2202K, capacity 2263K, committed 2304K, reserved 1048576K

