# JRE version: Java(TM) SE Runtime Environment (8.0_144-b01) (build 1.8.0_144-b01)
# Java VM: Java HotSpot(TM) 64-Bit Server VM (25.144-b01 mixed mode linux-amd64 compressed oops)
Heap:
 PSYoungGen      total 66048K, used 3363K [0x00000000eb700000, 0x00000000efb00000, 0x0000000100000000)
  eden space 62464K, 0% used [0x00000000eb700000,0x00000000eb700000,0x00000000ef400000)
  from space 3584K, 93% used [0x00000000ef400000,0x00000000ef748f00,0x00000000ef780000)
  to   space 3584K, 0% used [0x00000000ef780000,0x00000000ef780000,0x00000000efb00000)
 ParOldGen       total 42496K, used 2916K [0x00000000c2400000, 0x00000000c4d80000, 0x00000000eb700000)
  object space 42496K, 6% used [0x00000000c2400000,0x00000000c26d90f8,0x00000000c4d80000)
 Metaspace       used 15806K, capacity 16052K, committed 16384K, reserved 1064960K
  class space    used 1618K, capacity 1712K, committed 1792K, reserved 1048576K
GC Heap History (10 events):
Event: 1.587 GC heap after
Heap after GC invocations=4 (full 0):
 PSYoungGen      total 18432K, used 2070K [0x00000000eb700000, 0x00000000ecb80000, 0x0000000100000000)
  eden space 15872K, 0% used [0x00000000eb700000,0x00000000eb700000,0x00000000ec680000)
  from space 2560K, 80% used [0x00000000ec900000,0x00000000ecb05bb0,0x00000000ecb80000)
  to   space 2560K, 0% used [0x00000000ec680000,0x00000000ec680000,0x00000000ec900000)
 ParOldGen       total 42496K, used 160K [0x00000000c2400000, 0x00000000c4d80000, 0x00000000eb700000)
  object space 42496K, 0% used [0x00000000c2400000,0x00000000c24283f8,0x00000000c4d80000)
 Metaspace       used 7758K, capacity 7920K, committed 8064K, reserved 1056768K
  class space    used 787K, capacity 822K, committed 896K, reserved 1048576K
}
Event: 1.722 GC heap before
{Heap before GC invocations=5 (full 0):
 PSYoungGen      total 18432K, used 17942K [0x00000000eb700000, 0x00000000ecb80000, 0x0000000100000000)
  eden space 15872K, 100% used [0x00000000eb700000,0x00000000ec680000,0x00000000ec680000)
  from space 2560K, 80% used [0x00000000ec900000,0x00000000ecb05bb0,0x00000000ecb80000)
  to   space 2560K, 0% used [0x00000000ec680000,0x00000000ec680000,0x00000000ec900000)
 ParOldGen       total 42496K, used 160K [0x00000000c2400000, 0x00000000c4d80000, 0x00000000eb700000)
  object space 42496K, 0% used [0x00000000c2400000,0x00000000c24283f8,0x00000000c4d80000)
 Metaspace       used 8540K, capacity 8744K, committed 8960K, reserved 1056768K
  class space    used 859K, capacity 922K, committed 1024K, reserved 1048576K
Event: 1.726 GC heap after
Heap after GC invocations=5 (full 0):
 PSYoungGen      total 18432K, used 2432K [0x00000000eb700000, 0x00000000edc00000, 0x0000000100000000)
  eden space 15872K, 0% used [0x00000000eb700000,0x00000000eb700000,0x00000000ec680000)
  from space 2560K, 95% used [0x00000000ec680000,0x00000000ec8e03a8,0x00000000ec900000)
  to   space 3072K, 0% used [0x00000000ed900000,0x00000000ed900000,0x00000000edc00000)
 ParOldGen       total 42496K, used 168K [0x00000000c2400000, 0x00000000c4d80000, 0x00000000eb700000)
  object space 42496K, 0% used [0x00000000c2400000,0x00000000c242a3f8,0x00000000c4d80000)
 Metaspace       used 8540K, capacity 8744K, committed 8960K, reserved 1056768K
  class space    used 859K, capacity 922K, committed 1024K, reserved 1048576K
}
Event: 1.967 GC heap before
{Heap before GC invocations=6 (full 0):
 PSYoungGen      total 18432K, used 18304K [0x00000000eb700000, 0x00000000edc00000, 0x0000000100000000)
  eden space 15872K, 100% used [0x00000000eb700000,0x00000000ec680000,0x00000000ec680000)
  from space 2560K, 95% used [0x00000000ec680000,0x00000000ec8e03a8,0x00000000ec900000)
  to   space 3072K, 0% used [0x00000000ed900000,0x00000000ed900000,0x00000000edc00000)
 ParOldGen       total 42496K, used 168K [0x00000000c2400000, 0x00000000c4d80000, 0x00000000eb700000)
  object space 42496K, 0% used [0x00000000c2400000,0x00000000c242a3f8,0x00000000c4d80000)
 Metaspace       used 10215K, capacity 10408K, committed 10624K, reserved 1058816K
  class space    used 1031K, capacity 1050K, committed 1152K, reserved 1048576K
Event: 1.980 GC heap after
Heap after GC invocations=6 (full 0):
 PSYoungGen      total 34304K, used 3059K [0x00000000eb700000, 0x00000000edd00000, 0x0000000100000000)
  eden space 31232K, 0% used [0x00000000eb700000,0x00000000eb700000,0x00000000ed580000)
  from space 3072K, 99% used [0x00000000ed900000,0x00000000edbfcc38,0x00000000edc00000)
  to   space 3584K, 0% used [0x00000000ed580000,0x00000000ed580000,0x00000000ed900000)
 ParOldGen       total 42496K, used 274K [0x00000000c2400000, 0x00000000c4d80000, 0x00000000eb700000)
  object space 42496K, 0% used [0x00000000c2400000,0x00000000c2444a78,0x00000000c4d80000)
 Metaspace       used 10215K, capacity 10408K, committed 10624K, reserved 1058816K
  class space    used 1031K, capacity 1050K, committed 1152K, reserved 1048576K
}
Event: 2.558 GC heap before
{Heap before GC invocations=7 (full 0):
 PSYoungGen      total 34304K, used 34291K [0x00000000eb700000, 0x00000000edd00000, 0x0000000100000000)
  eden space 31232K, 100% used [0x00000000eb700000,0x00000000ed580000,0x00000000ed580000)
  from space 3072K, 99% used [0x00000000ed900000,0x00000000edbfcc38,0x00000000edc00000)
  to   space 3584K, 0% used [0x00000000ed580000,0x00000000ed580000,0x00000000ed900000)
 ParOldGen       total 42496K, used 274K [0x00000000c2400000, 0x00000000c4d80000, 0x00000000eb700000)
  object space 42496K, 0% used [0x00000000c2400000,0x00000000c2444a78,0x00000000c4d80000)
 Metaspace       used 12460K, capacity 12700K, committed 12928K, reserved 1060864K
  class space    used 1233K, capacity 1324K, committed 1408K, reserved 1048576K
Event: 2.565 GC heap after
Heap after GC invocations=7 (full 0):
 PSYoungGen      total 34816K, used 2549K [0x00000000eb700000, 0x00000000efb00000, 0x0000000100000000)
  eden space 31232K, 0% used [0x00000000eb700000,0x00000000eb700000,0x00000000ed580000)
  from space 3584K, 71% used [0x00000000ed580000,0x00000000ed7fd728,0x00000000ed900000)
  to   space 3584K, 0% used [0x00000000ef780000,0x00000000ef780000,0x00000000efb00000)
 ParOldGen       total 42496K, used 1844K [0x00000000c2400000, 0x00000000c4d80000, 0x00000000eb700000)
  object space 42496K, 4% used [0x00000000c2400000,0x00000000c25cd0b8,0x00000000c4d80000)
 Metaspace       used 12460K, capacity 12700K, committed 12928K, reserved 1060864K
  class space    used 1233K, capacity 1324K, committed 1408K, reserved 1048576K
}
Event: 2.978 GC heap before
{Heap before GC invocations=8 (full 0):
 PSYoungGen      total 34816K, used 33781K [0x00000000eb700000, 0x00000000efb00000, 0x0000000100000000)
  eden space 31232K, 100% used [0x00000000eb700000,0x00000000ed580000,0x00000000ed580000)
  from space 3584K, 71% used [0x00000000ed580000,0x00000000ed7fd728,0x00000000ed900000)
  to   space 3584K, 0% used [0x00000000ef780000,0x00000000ef780000,0x00000000efb00000)
 ParOldGen       total 42496K, used 1844K [0x00000000c2400000, 0x00000000c4d80000, 0x00000000eb700000)
  object space 42496K, 4% used [0x00000000c2400000,0x00000000c25cd0b8,0x00000000c4d80000)
 Metaspace       used 13829K, capacity 14076K, committed 14336K, reserved 1062912K
  class space    used 1390K, capacity 1484K, committed 1536K, reserved 1048576K
Event: 2.984 GC heap after
Heap after GC invocations=8 (full 0):
 PSYoungGen      total 66048K, used 2840K [0x00000000eb700000, 0x00000000efb00000, 0x0000000100000000)
  eden space 62464K, 0% used [0x00000000eb700000,0x00000000eb700000,0x00000000ef400000)
  from space 3584K, 79% used [0x00000000ef780000,0x00000000efa460a8,0x00000000efb00000)
  to   space 3584K, 0% used [0x00000000ef400000,0x00000000ef400000,0x00000000ef780000)
 ParOldGen       total 42496K, used 2172K [0x00000000c2400000, 0x00000000c4d80000, 0x00000000eb700000)
  object space 42496K, 5% used [0x00000000c2400000,0x00000000c261f0b8,0x00000000c4d80000)
 Metaspace       used 13829K, capacity 14076K, committed 14336K, reserved 1062912K
  class space    used 1390K, capacity 1484K, committed 1536K, reserved 1048576K
}
Event: 4.226 GC heap before
{Heap before GC invocations=9 (full 0):
 PSYoungGen      total 66048K, used 65304K [0x00000000eb700000, 0x00000000efb00000, 0x0000000100000000)
  eden space 62464K, 100% used [0x00000000eb700000,0x00000000ef400000,0x00000000ef400000)
  from space 3584K, 79% used [0x00000000ef780000,0x00000000efa460a8,0x00000000efb00000)
  to   space 3584K, 0% used [0x00000000ef400000,0x00000000ef400000,0x00000000ef780000)
 ParOldGen       total 42496K, used 2172K [0x00000000c2400000, 0x00000000c4d80000, 0x00000000eb700000)
  object space 42496K, 5% used [0x00000000c2400000,0x00000000c261f0b8,0x00000000c4d80000)
 Metaspace       used 15806K, capacity 16052K, committed 16384K, reserved 1064960K
  class space    used 1618K, capacity 1712K, committed 1792K, reserved 1048576K

