# JRE version: Java(TM) SE Runtime Environment (8.0_151-b12) (build 1.8.0_151-b12)
# Java VM: Java HotSpot(TM) 64-Bit Server VM (25.151-b12 mixed mode linux-amd64 compressed oops)
Heap:
 PSYoungGen      total 163328K, used 4152K [0x00000000e0f00000, 0x00000000eb700000, 0x0000000100000000)
  eden space 156160K, 0% used [0x00000000e0f00000,0x00000000e0f00000,0x00000000ea780000)
  from space 7168K, 57% used [0x00000000ea780000,0x00000000eab8e348,0x00000000eae80000)
  to   space 5632K, 0% used [0x00000000eae80000,0x00000000eae80000,0x00000000eb400000)
 ParOldGen       total 41984K, used 10293K [0x00000000a2c00000, 0x00000000a5500000, 0x00000000e0f00000)
  object space 41984K, 24% used [0x00000000a2c00000,0x00000000a360d608,0x00000000a5500000)
 Metaspace       used 24994K, capacity 26333K, committed 26624K, reserved 1073152K
  class space    used 3022K, capacity 3268K, committed 3328K, reserved 1048576K
GC Heap History (10 events):
Event: 7.092 GC heap after
Heap after GC invocations=7 (full 0):
 PSYoungGen      total 53248K, used 1993K [0x00000000e0f00000, 0x00000000e7800000, 0x0000000100000000)
  eden space 49152K, 0% used [0x00000000e0f00000,0x00000000e0f00000,0x00000000e3f00000)
  from space 4096K, 48% used [0x00000000e3f00000,0x00000000e40f2408,0x00000000e4300000)
  to   space 4608K, 0% used [0x00000000e7380000,0x00000000e7380000,0x00000000e7800000)
 ParOldGen       total 64512K, used 2664K [0x00000000a2c00000, 0x00000000a6b00000, 0x00000000e0f00000)
  object space 64512K, 4% used [0x00000000a2c00000,0x00000000a2e9a368,0x00000000a6b00000)
 Metaspace       used 12811K, capacity 13548K, committed 13696K, reserved 1060864K
  class space    used 1416K, capacity 1574K, committed 1664K, reserved 1048576K
}
Event: 7.551 GC heap before
{Heap before GC invocations=8 (full 0):
 PSYoungGen      total 53248K, used 51145K [0x00000000e0f00000, 0x00000000e7800000, 0x0000000100000000)
  eden space 49152K, 100% used [0x00000000e0f00000,0x00000000e3f00000,0x00000000e3f00000)
  from space 4096K, 48% used [0x00000000e3f00000,0x00000000e40f2408,0x00000000e4300000)
  to   space 4608K, 0% used [0x00000000e7380000,0x00000000e7380000,0x00000000e7800000)
 ParOldGen       total 64512K, used 2664K [0x00000000a2c00000, 0x00000000a6b00000, 0x00000000e0f00000)
  object space 64512K, 4% used [0x00000000a2c00000,0x00000000a2e9a368,0x00000000a6b00000)
 Metaspace       used 13994K, capacity 14768K, committed 15104K, reserved 1062912K
  class space    used 1532K, capacity 1710K, committed 1792K, reserved 1048576K
Event: 7.559 GC heap after
Heap after GC invocations=8 (full 0):
 PSYoungGen      total 102912K, used 1683K [0x00000000e0f00000, 0x00000000e7800000, 0x0000000100000000)
  eden space 98304K, 0% used [0x00000000e0f00000,0x00000000e0f00000,0x00000000e6f00000)
  from space 4608K, 36% used [0x00000000e7380000,0x00000000e7524c80,0x00000000e7800000)
  to   space 4608K, 0% used [0x00000000e6f00000,0x00000000e6f00000,0x00000000e7380000)
 ParOldGen       total 64512K, used 3440K [0x00000000a2c00000, 0x00000000a6b00000, 0x00000000e0f00000)
  object space 64512K, 5% used [0x00000000a2c00000,0x00000000a2f5c368,0x00000000a6b00000)
 Metaspace       used 13994K, capacity 14768K, committed 15104K, reserved 1062912K
  class space    used 1532K, capacity 1710K, committed 1792K, reserved 1048576K
}
Event: 8.526 GC heap before
{Heap before GC invocations=9 (full 0):
 PSYoungGen      total 102912K, used 99987K [0x00000000e0f00000, 0x00000000e7800000, 0x0000000100000000)
  eden space 98304K, 100% used [0x00000000e0f00000,0x00000000e6f00000,0x00000000e6f00000)
  from space 4608K, 36% used [0x00000000e7380000,0x00000000e7524c80,0x00000000e7800000)
  to   space 4608K, 0% used [0x00000000e6f00000,0x00000000e6f00000,0x00000000e7380000)
 ParOldGen       total 64512K, used 3440K [0x00000000a2c00000, 0x00000000a6b00000, 0x00000000e0f00000)
  object space 64512K, 5% used [0x00000000a2c00000,0x00000000a2f5c368,0x00000000a6b00000)
 Metaspace       used 17387K, capacity 18680K, committed 18944K, reserved 1067008K
  class space    used 1970K, capacity 2237K, committed 2304K, reserved 1048576K
Event: 8.541 GC heap after
Heap after GC invocations=9 (full 0):
 PSYoungGen      total 102912K, used 4579K [0x00000000e0f00000, 0x00000000eb400000, 0x0000000100000000)
  eden space 98304K, 0% used [0x00000000e0f00000,0x00000000e0f00000,0x00000000e6f00000)
  from space 4608K, 99% used [0x00000000e6f00000,0x00000000e7378c70,0x00000000e7380000)
  to   space 5632K, 0% used [0x00000000eae80000,0x00000000eae80000,0x00000000eb400000)
 ParOldGen       total 64512K, used 5040K [0x00000000a2c00000, 0x00000000a6b00000, 0x00000000e0f00000)
  object space 64512K, 7% used [0x00000000a2c00000,0x00000000a30ec078,0x00000000a6b00000)
 Metaspace       used 17387K, capacity 18680K, committed 18944K, reserved 1067008K
  class space    used 1970K, capacity 2237K, committed 2304K, reserved 1048576K
}
Event: 9.091 GC heap before
{Heap before GC invocations=10 (full 0):
 PSYoungGen      total 102912K, used 86880K [0x00000000e0f00000, 0x00000000eb400000, 0x0000000100000000)
  eden space 98304K, 83% used [0x00000000e0f00000,0x00000000e5f5f658,0x00000000e6f00000)
  from space 4608K, 99% used [0x00000000e6f00000,0x00000000e7378c70,0x00000000e7380000)
  to   space 5632K, 0% used [0x00000000eae80000,0x00000000eae80000,0x00000000eb400000)
 ParOldGen       total 64512K, used 5040K [0x00000000a2c00000, 0x00000000a6b00000, 0x00000000e0f00000)
  object space 64512K, 7% used [0x00000000a2c00000,0x00000000a30ec078,0x00000000a6b00000)
 Metaspace       used 20013K, capacity 21199K, committed 21296K, reserved 1069056K
  class space    used 2463K, capacity 2688K, committed 2688K, reserved 1048576K
Event: 9.121 GC heap after
Heap after GC invocations=10 (full 0):
 PSYoungGen      total 161792K, used 5601K [0x00000000e0f00000, 0x00000000eb700000, 0x0000000100000000)
  eden space 156160K, 0% used [0x00000000e0f00000,0x00000000e0f00000,0x00000000ea780000)
  from space 5632K, 99% used [0x00000000eae80000,0x00000000eb3f8568,0x00000000eb400000)
  to   space 7168K, 0% used [0x00000000ea780000,0x00000000ea780000,0x00000000eae80000)
 ParOldGen       total 64512K, used 6766K [0x00000000a2c00000, 0x00000000a6b00000, 0x00000000e0f00000)
  object space 64512K, 10% used [0x00000000a2c00000,0x00000000a329b860,0x00000000a6b00000)
 Metaspace       used 20013K, capacity 21199K, committed 21296K, reserved 1069056K
  class space    used 2463K, capacity 2688K, committed 2688K, reserved 1048576K
}
Event: 9.122 GC heap before
{Heap before GC invocations=11 (full 1):
 PSYoungGen      total 161792K, used 5601K [0x00000000e0f00000, 0x00000000eb700000, 0x0000000100000000)
  eden space 156160K, 0% used [0x00000000e0f00000,0x00000000e0f00000,0x00000000ea780000)
  from space 5632K, 99% used [0x00000000eae80000,0x00000000eb3f8568,0x00000000eb400000)
  to   space 7168K, 0% used [0x00000000ea780000,0x00000000ea780000,0x00000000eae80000)
 ParOldGen       total 64512K, used 6766K [0x00000000a2c00000, 0x00000000a6b00000, 0x00000000e0f00000)
  object space 64512K, 10% used [0x00000000a2c00000,0x00000000a329b860,0x00000000a6b00000)
 Metaspace       used 20013K, capacity 21199K, committed 21296K, reserved 1069056K
  class space    used 2463K, capacity 2688K, committed 2688K, reserved 1048576K
Event: 9.242 GC heap after
Heap after GC invocations=11 (full 1):
 PSYoungGen      total 161792K, used 0K [0x00000000e0f00000, 0x00000000eb700000, 0x0000000100000000)
  eden space 156160K, 0% used [0x00000000e0f00000,0x00000000e0f00000,0x00000000ea780000)
  from space 5632K, 0% used [0x00000000eae80000,0x00000000eae80000,0x00000000eb400000)
  to   space 7168K, 0% used [0x00000000ea780000,0x00000000ea780000,0x00000000eae80000)
 ParOldGen       total 41984K, used 10285K [0x00000000a2c00000, 0x00000000a5500000, 0x00000000e0f00000)
  object space 41984K, 24% used [0x00000000a2c00000,0x00000000a360b608,0x00000000a5500000)
 Metaspace       used 20013K, capacity 21199K, committed 21296K, reserved 1069056K
  class space    used 2463K, capacity 2688K, committed 2688K, reserved 1048576K
}
Event: 13.027 GC heap before
{Heap before GC invocations=12 (full 1):
 PSYoungGen      total 161792K, used 156160K [0x00000000e0f00000, 0x00000000eb700000, 0x0000000100000000)
  eden space 156160K, 100% used [0x00000000e0f00000,0x00000000ea780000,0x00000000ea780000)
  from space 5632K, 0% used [0x00000000eae80000,0x00000000eae80000,0x00000000eb400000)
  to   space 7168K, 0% used [0x00000000ea780000,0x00000000ea780000,0x00000000eae80000)
 ParOldGen       total 41984K, used 10285K [0x00000000a2c00000, 0x00000000a5500000, 0x00000000e0f00000)
  object space 41984K, 24% used [0x00000000a2c00000,0x00000000a360b608,0x00000000a5500000)
 Metaspace       used 24994K, capacity 26333K, committed 26624K, reserved 1073152K
  class space    used 3022K, capacity 3268K, committed 3328K, reserved 1048576K

