# JRE version: Java(TM) SE Runtime Environment (8.0_144-b01) (build 1.8.0_144-b01)
# Java VM: Java HotSpot(TM) 64-Bit Server VM (25.144-b01 mixed mode linux-amd64 compressed oops)
Heap:
 PSYoungGen      total 132096K, used 6113K [0x00000000eb700000, 0x00000000f3f00000, 0x0000000100000000)
  eden space 125952K, 0% used [0x00000000eb700000,0x00000000eb700000,0x00000000f3200000)
  from space 6144K, 99% used [0x00000000f3200000,0x00000000f37f85b0,0x00000000f3800000)
  to   space 5120K, 0% used [0x00000000f3800000,0x00000000f3800000,0x00000000f3d00000)
 ParOldGen       total 42496K, used 5689K [0x00000000c2400000, 0x00000000c4d80000, 0x00000000eb700000)
  object space 42496K, 13% used [0x00000000c2400000,0x00000000c298e620,0x00000000c4d80000)
 Metaspace       used 20763K, capacity 21106K, committed 21296K, reserved 1069056K
  class space    used 2222K, capacity 2337K, committed 2432K, reserved 1048576K
GC Heap History (10 events):
Event: 0.937 GC heap after
Heap after GC invocations=2 (full 0):
 PSYoungGen      total 34304K, used 2536K [0x00000000eb700000, 0x00000000edb00000, 0x0000000100000000)
  eden space 31744K, 0% used [0x00000000eb700000,0x00000000eb700000,0x00000000ed600000)
  from space 2560K, 99% used [0x00000000ed880000,0x00000000edafa2e0,0x00000000edb00000)
  to   space 2560K, 0% used [0x00000000ed600000,0x00000000ed600000,0x00000000ed880000)
 ParOldGen       total 42496K, used 56K [0x00000000c2400000, 0x00000000c4d80000, 0x00000000eb700000)
  object space 42496K, 0% used [0x00000000c2400000,0x00000000c240e3d0,0x00000000c4d80000)
 Metaspace       used 6343K, capacity 6538K, committed 6656K, reserved 1056768K
  class space    used 688K, capacity 725K, committed 768K, reserved 1048576K
}
Event: 1.206 GC heap before
{Heap before GC invocations=3 (full 0):
 PSYoungGen      total 34304K, used 34280K [0x00000000eb700000, 0x00000000edb00000, 0x0000000100000000)
  eden space 31744K, 100% used [0x00000000eb700000,0x00000000ed600000,0x00000000ed600000)
  from space 2560K, 99% used [0x00000000ed880000,0x00000000edafa2e0,0x00000000edb00000)
  to   space 2560K, 0% used [0x00000000ed600000,0x00000000ed600000,0x00000000ed880000)
 ParOldGen       total 42496K, used 56K [0x00000000c2400000, 0x00000000c4d80000, 0x00000000eb700000)
  object space 42496K, 0% used [0x00000000c2400000,0x00000000c240e3d0,0x00000000c4d80000)
 Metaspace       used 7837K, capacity 7984K, committed 8064K, reserved 1056768K
  class space    used 791K, capacity 822K, committed 896K, reserved 1048576K
Event: 1.211 GC heap after
Heap after GC invocations=3 (full 0):
 PSYoungGen      total 34304K, used 2051K [0x00000000eb700000, 0x00000000efa00000, 0x0000000100000000)
  eden space 31744K, 0% used [0x00000000eb700000,0x00000000eb700000,0x00000000ed600000)
  from space 2560K, 80% used [0x00000000ed600000,0x00000000ed800c10,0x00000000ed880000)
  to   space 2560K, 0% used [0x00000000ef780000,0x00000000ef780000,0x00000000efa00000)
 ParOldGen       total 42496K, used 64K [0x00000000c2400000, 0x00000000c4d80000, 0x00000000eb700000)
  object space 42496K, 0% used [0x00000000c2400000,0x00000000c24103d0,0x00000000c4d80000)
 Metaspace       used 7837K, capacity 7984K, committed 8064K, reserved 1056768K
  class space    used 791K, capacity 822K, committed 896K, reserved 1048576K
}
Event: 1.521 GC heap before
{Heap before GC invocations=4 (full 0):
 PSYoungGen      total 34304K, used 33795K [0x00000000eb700000, 0x00000000efa00000, 0x0000000100000000)
  eden space 31744K, 100% used [0x00000000eb700000,0x00000000ed600000,0x00000000ed600000)
  from space 2560K, 80% used [0x00000000ed600000,0x00000000ed800c10,0x00000000ed880000)
  to   space 2560K, 0% used [0x00000000ef780000,0x00000000ef780000,0x00000000efa00000)
 ParOldGen       total 42496K, used 64K [0x00000000c2400000, 0x00000000c4d80000, 0x00000000eb700000)
  object space 42496K, 0% used [0x00000000c2400000,0x00000000c24103d0,0x00000000c4d80000)
 Metaspace       used 10779K, capacity 10992K, committed 11136K, reserved 1058816K
  class space    used 1093K, capacity 1140K, committed 1152K, reserved 1048576K
Event: 1.529 GC heap after
Heap after GC invocations=4 (full 0):
 PSYoungGen      total 66048K, used 2532K [0x00000000eb700000, 0x00000000efa00000, 0x0000000100000000)
  eden space 63488K, 0% used [0x00000000eb700000,0x00000000eb700000,0x00000000ef500000)
  from space 2560K, 98% used [0x00000000ef780000,0x00000000ef9f9130,0x00000000efa00000)
  to   space 2560K, 0% used [0x00000000ef500000,0x00000000ef500000,0x00000000ef780000)
 ParOldGen       total 42496K, used 813K [0x00000000c2400000, 0x00000000c4d80000, 0x00000000eb700000)
  object space 42496K, 1% used [0x00000000c2400000,0x00000000c24cb628,0x00000000c4d80000)
 Metaspace       used 10779K, capacity 10992K, committed 11136K, reserved 1058816K
  class space    used 1093K, capacity 1140K, committed 1152K, reserved 1048576K
}
Event: 2.052 GC heap before
{Heap before GC invocations=5 (full 0):
 PSYoungGen      total 66048K, used 66020K [0x00000000eb700000, 0x00000000efa00000, 0x0000000100000000)
  eden space 63488K, 100% used [0x00000000eb700000,0x00000000ef500000,0x00000000ef500000)
  from space 2560K, 98% used [0x00000000ef780000,0x00000000ef9f9130,0x00000000efa00000)
  to   space 2560K, 0% used [0x00000000ef500000,0x00000000ef500000,0x00000000ef780000)
 ParOldGen       total 42496K, used 813K [0x00000000c2400000, 0x00000000c4d80000, 0x00000000eb700000)
  object space 42496K, 1% used [0x00000000c2400000,0x00000000c24cb628,0x00000000c4d80000)
 Metaspace       used 13800K, capacity 14044K, committed 14336K, reserved 1062912K
  class space    used 1455K, capacity 1516K, committed 1536K, reserved 1048576K
Event: 2.058 GC heap after
Heap after GC invocations=5 (full 0):
 PSYoungGen      total 66048K, used 2545K [0x00000000eb700000, 0x00000000f3d00000, 0x0000000100000000)
  eden space 63488K, 0% used [0x00000000eb700000,0x00000000eb700000,0x00000000ef500000)
  from space 2560K, 99% used [0x00000000ef500000,0x00000000ef77c530,0x00000000ef780000)
  to   space 5120K, 0% used [0x00000000f3800000,0x00000000f3800000,0x00000000f3d00000)
 ParOldGen       total 42496K, used 3215K [0x00000000c2400000, 0x00000000c4d80000, 0x00000000eb700000)
  object space 42496K, 7% used [0x00000000c2400000,0x00000000c2723ef8,0x00000000c4d80000)
 Metaspace       used 13800K, capacity 14044K, committed 14336K, reserved 1062912K
  class space    used 1455K, capacity 1516K, committed 1536K, reserved 1048576K
}
Event: 3.249 GC heap before
{Heap before GC invocations=6 (full 0):
 PSYoungGen      total 66048K, used 66033K [0x00000000eb700000, 0x00000000f3d00000, 0x0000000100000000)
  eden space 63488K, 100% used [0x00000000eb700000,0x00000000ef500000,0x00000000ef500000)
  from space 2560K, 99% used [0x00000000ef500000,0x00000000ef77c530,0x00000000ef780000)
  to   space 5120K, 0% used [0x00000000f3800000,0x00000000f3800000,0x00000000f3d00000)
 ParOldGen       total 42496K, used 3215K [0x00000000c2400000, 0x00000000c4d80000, 0x00000000eb700000)
  object space 42496K, 7% used [0x00000000c2400000,0x00000000c2723ef8,0x00000000c4d80000)
 Metaspace       used 16316K, capacity 16634K, committed 17024K, reserved 1064960K
  class space    used 1740K, capacity 1841K, committed 1920K, reserved 1048576K
Event: 3.259 GC heap after
Heap after GC invocations=6 (full 0):
 PSYoungGen      total 131072K, used 4934K [0x00000000eb700000, 0x00000000f3f00000, 0x0000000100000000)
  eden space 125952K, 0% used [0x00000000eb700000,0x00000000eb700000,0x00000000f3200000)
  from space 5120K, 96% used [0x00000000f3800000,0x00000000f3cd1910,0x00000000f3d00000)
  to   space 6144K, 0% used [0x00000000f3200000,0x00000000f3200000,0x00000000f3800000)
 ParOldGen       total 42496K, used 3223K [0x00000000c2400000, 0x00000000c4d80000, 0x00000000eb700000)
  object space 42496K, 7% used [0x00000000c2400000,0x00000000c2725ef8,0x00000000c4d80000)
 Metaspace       used 16316K, capacity 16634K, committed 17024K, reserved 1064960K
  class space    used 1740K, capacity 1841K, committed 1920K, reserved 1048576K
}
Event: 4.182 GC heap before
{Heap before GC invocations=7 (full 0):
 PSYoungGen      total 131072K, used 93021K [0x00000000eb700000, 0x00000000f3f00000, 0x0000000100000000)
  eden space 125952K, 69% used [0x00000000eb700000,0x00000000f0d05e68,0x00000000f3200000)
  from space 5120K, 96% used [0x00000000f3800000,0x00000000f3cd1910,0x00000000f3d00000)
  to   space 6144K, 0% used [0x00000000f3200000,0x00000000f3200000,0x00000000f3800000)
 ParOldGen       total 42496K, used 3223K [0x00000000c2400000, 0x00000000c4d80000, 0x00000000eb700000)
  object space 42496K, 7% used [0x00000000c2400000,0x00000000c2725ef8,0x00000000c4d80000)
 Metaspace       used 20763K, capacity 21106K, committed 21296K, reserved 1069056K
  class space    used 2222K, capacity 2337K, committed 2432K, reserved 1048576K

