# JRE version: Java(TM) SE Runtime Environment (8.0_151-b12) (build 1.8.0_151-b12)
# Java VM: Java HotSpot(TM) 64-Bit Server VM (25.151-b12 mixed mode linux-amd64 compressed oops)
Heap:
 PSYoungGen      total 199680K, used 5699K [0x00000000e0f00000, 0x00000000edb00000, 0x0000000100000000)
  eden space 192512K, 0% used [0x00000000e0f00000,0x00000000e0f00000,0x00000000ecb00000)
  from space 7168K, 79% used [0x00000000ecb00000,0x00000000ed090cb0,0x00000000ed200000)
  to   space 5120K, 0% used [0x00000000ed200000,0x00000000ed200000,0x00000000ed700000)
 ParOldGen       total 64512K, used 6836K [0x00000000a2c00000, 0x00000000a6b00000, 0x00000000e0f00000)
  object space 64512K, 10% used [0x00000000a2c00000,0x00000000a32ad138,0x00000000a6b00000)
 Metaspace       used 19971K, capacity 21198K, committed 21296K, reserved 1069056K
  class space    used 2447K, capacity 2686K, committed 2688K, reserved 1048576K
GC Heap History (10 events):
Event: 1.887 GC heap after
Heap after GC invocations=4 (full 0):
 PSYoungGen      total 49664K, used 1021K [0x00000000e0f00000, 0x00000000e4600000, 0x0000000100000000)
  eden space 48640K, 0% used [0x00000000e0f00000,0x00000000e0f00000,0x00000000e3e80000)
  from space 1024K, 99% used [0x00000000e4200000,0x00000000e42ff6f0,0x00000000e4300000)
  to   space 3584K, 0% used [0x00000000e3e80000,0x00000000e3e80000,0x00000000e4200000)
 ParOldGen       total 64512K, used 2911K [0x00000000a2c00000, 0x00000000a6b00000, 0x00000000e0f00000)
  object space 64512K, 4% used [0x00000000a2c00000,0x00000000a2ed7ed0,0x00000000a6b00000)
 Metaspace       used 10030K, capacity 10648K, committed 10880K, reserved 1058816K
  class space    used 1194K, capacity 1358K, committed 1408K, reserved 1048576K
}
Event: 2.199 GC heap before
{Heap before GC invocations=5 (full 0):
 PSYoungGen      total 49664K, used 49661K [0x00000000e0f00000, 0x00000000e4600000, 0x0000000100000000)
  eden space 48640K, 100% used [0x00000000e0f00000,0x00000000e3e80000,0x00000000e3e80000)
  from space 1024K, 99% used [0x00000000e4200000,0x00000000e42ff6f0,0x00000000e4300000)
  to   space 3584K, 0% used [0x00000000e3e80000,0x00000000e3e80000,0x00000000e4200000)
 ParOldGen       total 64512K, used 2911K [0x00000000a2c00000, 0x00000000a6b00000, 0x00000000e0f00000)
  object space 64512K, 4% used [0x00000000a2c00000,0x00000000a2ed7ed0,0x00000000a6b00000)
 Metaspace       used 11292K, capacity 11994K, committed 12288K, reserved 1060864K
  class space    used 1266K, capacity 1427K, committed 1536K, reserved 1048576K
Event: 2.210 GC heap after
Heap after GC invocations=5 (full 0):
 PSYoungGen      total 52224K, used 1587K [0x00000000e0f00000, 0x00000000e7700000, 0x0000000100000000)
  eden space 48640K, 0% used [0x00000000e0f00000,0x00000000e0f00000,0x00000000e3e80000)
  from space 3584K, 44% used [0x00000000e3e80000,0x00000000e400cce8,0x00000000e4200000)
  to   space 4608K, 0% used [0x00000000e7280000,0x00000000e7280000,0x00000000e7700000)
 ParOldGen       total 64512K, used 2911K [0x00000000a2c00000, 0x00000000a6b00000, 0x00000000e0f00000)
  object space 64512K, 4% used [0x00000000a2c00000,0x00000000a2ed7ed0,0x00000000a6b00000)
 Metaspace       used 11292K, capacity 11994K, committed 12288K, reserved 1060864K
  class space    used 1266K, capacity 1427K, committed 1536K, reserved 1048576K
}
Event: 2.684 GC heap before
{Heap before GC invocations=6 (full 0):
 PSYoungGen      total 52224K, used 50227K [0x00000000e0f00000, 0x00000000e7700000, 0x0000000100000000)
  eden space 48640K, 100% used [0x00000000e0f00000,0x00000000e3e80000,0x00000000e3e80000)
  from space 3584K, 44% used [0x00000000e3e80000,0x00000000e400cce8,0x00000000e4200000)
  to   space 4608K, 0% used [0x00000000e7280000,0x00000000e7280000,0x00000000e7700000)
 ParOldGen       total 64512K, used 2911K [0x00000000a2c00000, 0x00000000a6b00000, 0x00000000e0f00000)
  object space 64512K, 4% used [0x00000000a2c00000,0x00000000a2ed7ed0,0x00000000a6b00000)
 Metaspace       used 12806K, capacity 13548K, committed 13696K, reserved 1060864K
  class space    used 1413K, capacity 1572K, committed 1664K, reserved 1048576K
Event: 2.691 GC heap after
Heap after GC invocations=6 (full 0):
 PSYoungGen      total 101888K, used 2012K [0x00000000e0f00000, 0x00000000e7700000, 0x0000000100000000)
  eden space 97280K, 0% used [0x00000000e0f00000,0x00000000e0f00000,0x00000000e6e00000)
  from space 4608K, 43% used [0x00000000e7280000,0x00000000e7477398,0x00000000e7700000)
  to   space 4608K, 0% used [0x00000000e6e00000,0x00000000e6e00000,0x00000000e7280000)
 ParOldGen       total 64512K, used 2911K [0x00000000a2c00000, 0x00000000a6b00000, 0x00000000e0f00000)
  object space 64512K, 4% used [0x00000000a2c00000,0x00000000a2ed7ed0,0x00000000a6b00000)
 Metaspace       used 12806K, capacity 13548K, committed 13696K, reserved 1060864K
  class space    used 1413K, capacity 1572K, committed 1664K, reserved 1048576K
}
Event: 3.493 GC heap before
{Heap before GC invocations=7 (full 0):
 PSYoungGen      total 101888K, used 99292K [0x00000000e0f00000, 0x00000000e7700000, 0x0000000100000000)
  eden space 97280K, 100% used [0x00000000e0f00000,0x00000000e6e00000,0x00000000e6e00000)
  from space 4608K, 43% used [0x00000000e7280000,0x00000000e7477398,0x00000000e7700000)
  to   space 4608K, 0% used [0x00000000e6e00000,0x00000000e6e00000,0x00000000e7280000)
 ParOldGen       total 64512K, used 2911K [0x00000000a2c00000, 0x00000000a6b00000, 0x00000000e0f00000)
  object space 64512K, 4% used [0x00000000a2c00000,0x00000000a2ed7ed0,0x00000000a6b00000)
 Metaspace       used 14916K, capacity 15976K, committed 16256K, reserved 1062912K
  class space    used 1636K, capacity 1823K, committed 1920K, reserved 1048576K
Event: 3.508 GC heap after
Heap after GC invocations=7 (full 0):
 PSYoungGen      total 101888K, used 4521K [0x00000000e0f00000, 0x00000000ed700000, 0x0000000100000000)
  eden space 97280K, 0% used [0x00000000e0f00000,0x00000000e0f00000,0x00000000e6e00000)
  from space 4608K, 98% used [0x00000000e6e00000,0x00000000e726a7e0,0x00000000e7280000)
  to   space 5120K, 0% used [0x00000000ed200000,0x00000000ed200000,0x00000000ed700000)
 ParOldGen       total 64512K, used 3531K [0x00000000a2c00000, 0x00000000a6b00000, 0x00000000e0f00000)
  object space 64512K, 5% used [0x00000000a2c00000,0x00000000a2f72f00,0x00000000a6b00000)
 Metaspace       used 14916K, capacity 15976K, committed 16256K, reserved 1062912K
  class space    used 1636K, capacity 1823K, committed 1920K, reserved 1048576K
}
Event: 4.797 GC heap before
{Heap before GC invocations=8 (full 0):
 PSYoungGen      total 101888K, used 101801K [0x00000000e0f00000, 0x00000000ed700000, 0x0000000100000000)
  eden space 97280K, 100% used [0x00000000e0f00000,0x00000000e6e00000,0x00000000e6e00000)
  from space 4608K, 98% used [0x00000000e6e00000,0x00000000e726a7e0,0x00000000e7280000)
  to   space 5120K, 0% used [0x00000000ed200000,0x00000000ed200000,0x00000000ed700000)
 ParOldGen       total 64512K, used 3531K [0x00000000a2c00000, 0x00000000a6b00000, 0x00000000e0f00000)
  object space 64512K, 5% used [0x00000000a2c00000,0x00000000a2f72f00,0x00000000a6b00000)
 Metaspace       used 18657K, capacity 19886K, committed 20224K, reserved 1067008K
  class space    used 2201K, capacity 2462K, committed 2560K, reserved 1048576K
Event: 4.844 GC heap after
Heap after GC invocations=8 (full 0):
 PSYoungGen      total 197632K, used 5091K [0x00000000e0f00000, 0x00000000edb00000, 0x0000000100000000)
  eden space 192512K, 0% used [0x00000000e0f00000,0x00000000e0f00000,0x00000000ecb00000)
  from space 5120K, 99% used [0x00000000ed200000,0x00000000ed6f8cb0,0x00000000ed700000)
  to   space 7168K, 0% used [0x00000000ecb00000,0x00000000ecb00000,0x00000000ed200000)
 ParOldGen       total 64512K, used 6068K [0x00000000a2c00000, 0x00000000a6b00000, 0x00000000e0f00000)
  object space 64512K, 9% used [0x00000000a2c00000,0x00000000a31ed138,0x00000000a6b00000)
 Metaspace       used 18657K, capacity 19886K, committed 20224K, reserved 1067008K
  class space    used 2201K, capacity 2462K, committed 2560K, reserved 1048576K
}
Event: 5.376 GC heap before
{Heap before GC invocations=9 (full 0):
 PSYoungGen      total 197632K, used 43432K [0x00000000e0f00000, 0x00000000edb00000, 0x0000000100000000)
  eden space 192512K, 19% used [0x00000000e0f00000,0x00000000e34713e0,0x00000000ecb00000)
  from space 5120K, 99% used [0x00000000ed200000,0x00000000ed6f8cb0,0x00000000ed700000)
  to   space 7168K, 0% used [0x00000000ecb00000,0x00000000ecb00000,0x00000000ed200000)
 ParOldGen       total 64512K, used 6068K [0x00000000a2c00000, 0x00000000a6b00000, 0x00000000e0f00000)
  object space 64512K, 9% used [0x00000000a2c00000,0x00000000a31ed138,0x00000000a6b00000)
 Metaspace       used 19971K, capacity 21198K, committed 21296K, reserved 1069056K
  class space    used 2447K, capacity 2686K, committed 2688K, reserved 1048576K

