# JRE version: Java(TM) SE Runtime Environment (8.0_151-b12) (build 1.8.0_151-b12)
# Java VM: Java HotSpot(TM) 64-Bit Server VM (25.151-b12 mixed mode linux-amd64 compressed oops)
Heap:
 PSYoungGen      total 289792K, used 0K [0x00000000eb700000, 0x0000000100000000, 0x0000000100000000)
  eden space 244224K, 0% used [0x00000000eb700000,0x00000000eb700000,0x00000000fa580000)
  from space 45568K, 0% used [0x00000000fa580000,0x00000000fa580000,0x00000000fd200000)
  to   space 47104K, 0% used [0x00000000fd200000,0x00000000fd200000,0x0000000100000000)
 ParOldGen       total 134656K, used 133700K [0x00000000c2400000, 0x00000000ca780000, 0x00000000eb700000)
  object space 134656K, 99% used [0x00000000c2400000,0x00000000ca691028,0x00000000ca780000)
 Metaspace       used 24918K, capacity 25576K, committed 25776K, reserved 1073152K
  class space    used 2744K, capacity 2946K, committed 2992K, reserved 1048576K
GC Heap History (10 events):
Event: 6.216 GC heap after
Heap after GC invocations=11 (full 1):
 PSYoungGen      total 211456K, used 0K [0x00000000eb700000, 0x00000000f9200000, 0x0000000100000000)
  eden space 200192K, 0% used [0x00000000eb700000,0x00000000eb700000,0x00000000f7a80000)
  from space 11264K, 0% used [0x00000000f8600000,0x00000000f8600000,0x00000000f9100000)
  to   space 11776K, 0% used [0x00000000f7a80000,0x00000000f7a80000,0x00000000f8600000)
 ParOldGen       total 51200K, used 21582K [0x00000000c2400000, 0x00000000c5600000, 0x00000000eb700000)
  object space 51200K, 42% used [0x00000000c2400000,0x00000000c3913810,0x00000000c5600000)
 Metaspace       used 20460K, capacity 21104K, committed 21296K, reserved 1069056K
  class space    used 2412K, capacity 2586K, committed 2608K, reserved 1048576K
}
Event: 8.621 GC heap before
{Heap before GC invocations=12 (full 1):
 PSYoungGen      total 211456K, used 200192K [0x00000000eb700000, 0x00000000f9200000, 0x0000000100000000)
  eden space 200192K, 100% used [0x00000000eb700000,0x00000000f7a80000,0x00000000f7a80000)
  from space 11264K, 0% used [0x00000000f8600000,0x00000000f8600000,0x00000000f9100000)
  to   space 11776K, 0% used [0x00000000f7a80000,0x00000000f7a80000,0x00000000f8600000)
 ParOldGen       total 51200K, used 21582K [0x00000000c2400000, 0x00000000c5600000, 0x00000000eb700000)
  object space 51200K, 42% used [0x00000000c2400000,0x00000000c3913810,0x00000000c5600000)
 Metaspace       used 21371K, capacity 22000K, committed 22192K, reserved 1069056K
  class space    used 2481K, capacity 2650K, committed 2736K, reserved 1048576K
Event: 8.889 GC heap after
Heap after GC invocations=12 (full 1):
 PSYoungGen      total 211968K, used 11751K [0x00000000eb700000, 0x00000000ffe80000, 0x0000000100000000)
  eden space 200192K, 0% used [0x00000000eb700000,0x00000000eb700000,0x00000000f7a80000)
  from space 11776K, 99% used [0x00000000f7a80000,0x00000000f85f9c48,0x00000000f8600000)
  to   space 31232K, 0% used [0x00000000fe000000,0x00000000fe000000,0x00000000ffe80000)
 ParOldGen       total 71168K, used 70719K [0x00000000c2400000, 0x00000000c6980000, 0x00000000eb700000)
  object space 71168K, 99% used [0x00000000c2400000,0x00000000c690fdc0,0x00000000c6980000)
 Metaspace       used 21371K, capacity 22000K, committed 22192K, reserved 1069056K
  class space    used 2481K, capacity 2650K, committed 2736K, reserved 1048576K
}
Event: 8.891 GC heap before
{Heap before GC invocations=13 (full 2):
 PSYoungGen      total 211968K, used 11751K [0x00000000eb700000, 0x00000000ffe80000, 0x0000000100000000)
  eden space 200192K, 0% used [0x00000000eb700000,0x00000000eb700000,0x00000000f7a80000)
  from space 11776K, 99% used [0x00000000f7a80000,0x00000000f85f9c48,0x00000000f8600000)
  to   space 31232K, 0% used [0x00000000fe000000,0x00000000fe000000,0x00000000ffe80000)
 ParOldGen       total 71168K, used 70719K [0x00000000c2400000, 0x00000000c6980000, 0x00000000eb700000)
  object space 71168K, 99% used [0x00000000c2400000,0x00000000c690fdc0,0x00000000c6980000)
 Metaspace       used 21371K, capacity 22000K, committed 22192K, reserved 1069056K
  class space    used 2481K, capacity 2650K, committed 2736K, reserved 1048576K
Event: 9.467 GC heap after
Heap after GC invocations=13 (full 2):
 PSYoungGen      total 211968K, used 7612K [0x00000000eb700000, 0x00000000ffe80000, 0x0000000100000000)
  eden space 200192K, 0% used [0x00000000eb700000,0x00000000eb700000,0x00000000f7a80000)
  from space 11776K, 64% used [0x00000000f7a80000,0x00000000f81ef320,0x00000000f8600000)
  to   space 31232K, 0% used [0x00000000fe000000,0x00000000fe000000,0x00000000ffe80000)
 ParOldGen       total 134656K, used 71100K [0x00000000c2400000, 0x00000000ca780000, 0x00000000eb700000)
  object space 134656K, 52% used [0x00000000c2400000,0x00000000c696f3c0,0x00000000ca780000)
 Metaspace       used 21371K, capacity 22000K, committed 22192K, reserved 1069056K
  class space    used 2481K, capacity 2650K, committed 2736K, reserved 1048576K
}
Event: 11.122 GC heap before
{Heap before GC invocations=14 (full 2):
 PSYoungGen      total 211968K, used 207804K [0x00000000eb700000, 0x00000000ffe80000, 0x0000000100000000)
  eden space 200192K, 100% used [0x00000000eb700000,0x00000000f7a80000,0x00000000f7a80000)
  from space 11776K, 64% used [0x00000000f7a80000,0x00000000f81ef320,0x00000000f8600000)
  to   space 31232K, 0% used [0x00000000fe000000,0x00000000fe000000,0x00000000ffe80000)
 ParOldGen       total 134656K, used 71100K [0x00000000c2400000, 0x00000000ca780000, 0x00000000eb700000)
  object space 134656K, 52% used [0x00000000c2400000,0x00000000c696f3c0,0x00000000ca780000)
 Metaspace       used 22997K, capacity 23656K, committed 23856K, reserved 1071104K
  class space    used 2594K, capacity 2818K, committed 2864K, reserved 1048576K
Event: 11.282 GC heap after
Heap after GC invocations=14 (full 2):
 PSYoungGen      total 271360K, used 31217K [0x00000000eb700000, 0x00000000ffe80000, 0x0000000100000000)
  eden space 240128K, 0% used [0x00000000eb700000,0x00000000eb700000,0x00000000fa180000)
  from space 31232K, 99% used [0x00000000fe000000,0x00000000ffe7c560,0x00000000ffe80000)
  to   space 45568K, 0% used [0x00000000fa580000,0x00000000fa580000,0x00000000fd200000)
 ParOldGen       total 134656K, used 94392K [0x00000000c2400000, 0x00000000ca780000, 0x00000000eb700000)
  object space 134656K, 70% used [0x00000000c2400000,0x00000000c802e0b8,0x00000000ca780000)
 Metaspace       used 22997K, capacity 23656K, committed 23856K, reserved 1071104K
  class space    used 2594K, capacity 2818K, committed 2864K, reserved 1048576K
}
Event: 13.479 GC heap before
{Heap before GC invocations=15 (full 2):
 PSYoungGen      total 271360K, used 271345K [0x00000000eb700000, 0x00000000ffe80000, 0x0000000100000000)
  eden space 240128K, 100% used [0x00000000eb700000,0x00000000fa180000,0x00000000fa180000)
  from space 31232K, 99% used [0x00000000fe000000,0x00000000ffe7c560,0x00000000ffe80000)
  to   space 45568K, 0% used [0x00000000fa580000,0x00000000fa580000,0x00000000fd200000)
 ParOldGen       total 134656K, used 94392K [0x00000000c2400000, 0x00000000ca780000, 0x00000000eb700000)
  object space 134656K, 70% used [0x00000000c2400000,0x00000000c802e0b8,0x00000000ca780000)
 Metaspace       used 24918K, capacity 25576K, committed 25776K, reserved 1073152K
  class space    used 2744K, capacity 2946K, committed 2992K, reserved 1048576K
Event: 13.655 GC heap after
Heap after GC invocations=15 (full 2):
 PSYoungGen      total 289792K, used 27762K [0x00000000eb700000, 0x0000000100000000, 0x0000000100000000)
  eden space 244224K, 0% used [0x00000000eb700000,0x00000000eb700000,0x00000000fa580000)
  from space 45568K, 60% used [0x00000000fa580000,0x00000000fc09c908,0x00000000fd200000)
  to   space 47104K, 0% used [0x00000000fd200000,0x00000000fd200000,0x0000000100000000)
 ParOldGen       total 134656K, used 124442K [0x00000000c2400000, 0x00000000ca780000, 0x00000000eb700000)
  object space 134656K, 92% used [0x00000000c2400000,0x00000000c9d86bb8,0x00000000ca780000)
 Metaspace       used 24918K, capacity 25576K, committed 25776K, reserved 1073152K
  class space    used 2744K, capacity 2946K, committed 2992K, reserved 1048576K
}
Event: 13.656 GC heap before
{Heap before GC invocations=16 (full 3):
 PSYoungGen      total 289792K, used 27762K [0x00000000eb700000, 0x0000000100000000, 0x0000000100000000)
  eden space 244224K, 0% used [0x00000000eb700000,0x00000000eb700000,0x00000000fa580000)
  from space 45568K, 60% used [0x00000000fa580000,0x00000000fc09c908,0x00000000fd200000)
  to   space 47104K, 0% used [0x00000000fd200000,0x00000000fd200000,0x0000000100000000)
 ParOldGen       total 134656K, used 124442K [0x00000000c2400000, 0x00000000ca780000, 0x00000000eb700000)
  object space 134656K, 92% used [0x00000000c2400000,0x00000000c9d86bb8,0x00000000ca780000)
 Metaspace       used 24918K, capacity 25576K, committed 25776K, reserved 1073152K
  class space    used 2744K, capacity 2946K, committed 2992K, reserved 1048576K

