# JRE version: Java(TM) SE Runtime Environment (8.0_151-b12) (build 1.8.0_151-b12)
# Java VM: Java HotSpot(TM) 64-Bit Server VM (25.151-b12 mixed mode linux-amd64 compressed oops)
Heap:
 PSYoungGen      total 163840K, used 3154K [0x00000000eb700000, 0x00000000f5b00000, 0x0000000100000000)
  eden space 159744K, 0% used [0x00000000eb700000,0x00000000eb700000,0x00000000f5300000)
  from space 4096K, 77% used [0x00000000f5300000,0x00000000f5614b50,0x00000000f5700000)
  to   space 4096K, 0% used [0x00000000f5700000,0x00000000f5700000,0x00000000f5b00000)
 ParOldGen       total 42496K, used 5326K [0x00000000c2400000, 0x00000000c4d80000, 0x00000000eb700000)
  object space 42496K, 12% used [0x00000000c2400000,0x00000000c2933898,0x00000000c4d80000)
 Metaspace       used 20798K, capacity 21040K, committed 21248K, reserved 1069056K
  class space    used 2195K, capacity 2266K, committed 2304K, reserved 1048576K
GC Heap History (10 events):
Event: 2.367 GC heap after
Heap after GC invocations=8 (full 0):
 PSYoungGen      total 66048K, used 2850K [0x00000000eb700000, 0x00000000efb00000, 0x0000000100000000)
  eden space 62464K, 0% used [0x00000000eb700000,0x00000000eb700000,0x00000000ef400000)
  from space 3584K, 79% used [0x00000000ef780000,0x00000000efa489b8,0x00000000efb00000)
  to   space 3584K, 0% used [0x00000000ef400000,0x00000000ef400000,0x00000000ef780000)
 ParOldGen       total 42496K, used 2131K [0x00000000c2400000, 0x00000000c4d80000, 0x00000000eb700000)
  object space 42496K, 5% used [0x00000000c2400000,0x00000000c2614f50,0x00000000c4d80000)
 Metaspace       used 13853K, capacity 14140K, committed 14336K, reserved 1062912K
  class space    used 1388K, capacity 1484K, committed 1536K, reserved 1048576K
}
Event: 2.941 GC heap before
{Heap before GC invocations=9 (full 0):
 PSYoungGen      total 66048K, used 65314K [0x00000000eb700000, 0x00000000efb00000, 0x0000000100000000)
  eden space 62464K, 100% used [0x00000000eb700000,0x00000000ef400000,0x00000000ef400000)
  from space 3584K, 79% used [0x00000000ef780000,0x00000000efa489b8,0x00000000efb00000)
  to   space 3584K, 0% used [0x00000000ef400000,0x00000000ef400000,0x00000000ef780000)
 ParOldGen       total 42496K, used 2131K [0x00000000c2400000, 0x00000000c4d80000, 0x00000000eb700000)
  object space 42496K, 5% used [0x00000000c2400000,0x00000000c2614f50,0x00000000c4d80000)
 Metaspace       used 15866K, capacity 16116K, committed 16384K, reserved 1064960K
  class space    used 1619K, capacity 1712K, committed 1792K, reserved 1048576K
Event: 2.961 GC heap after
Heap after GC invocations=9 (full 0):
 PSYoungGen      total 66048K, used 3356K [0x00000000eb700000, 0x00000000f2000000, 0x0000000100000000)
  eden space 62464K, 0% used [0x00000000eb700000,0x00000000eb700000,0x00000000ef400000)
  from space 3584K, 93% used [0x00000000ef400000,0x00000000ef7470c0,0x00000000ef780000)
  to   space 3584K, 0% used [0x00000000f1c80000,0x00000000f1c80000,0x00000000f2000000)
 ParOldGen       total 42496K, used 2883K [0x00000000c2400000, 0x00000000c4d80000, 0x00000000eb700000)
  object space 42496K, 6% used [0x00000000c2400000,0x00000000c26d0f90,0x00000000c4d80000)
 Metaspace       used 15866K, capacity 16116K, committed 16384K, reserved 1064960K
  class space    used 1619K, capacity 1712K, committed 1792K, reserved 1048576K
}
Event: 2.994 GC heap before
{Heap before GC invocations=10 (full 0):
 PSYoungGen      total 66048K, used 65769K [0x00000000eb700000, 0x00000000f2000000, 0x0000000100000000)
  eden space 62464K, 99% used [0x00000000eb700000,0x00000000ef3f3498,0x00000000ef400000)
  from space 3584K, 93% used [0x00000000ef400000,0x00000000ef7470c0,0x00000000ef780000)
  to   space 3584K, 0% used [0x00000000f1c80000,0x00000000f1c80000,0x00000000f2000000)
 ParOldGen       total 42496K, used 2883K [0x00000000c2400000, 0x00000000c4d80000, 0x00000000eb700000)
  object space 42496K, 6% used [0x00000000c2400000,0x00000000c26d0f90,0x00000000c4d80000)
 Metaspace       used 15868K, capacity 16116K, committed 16384K, reserved 1064960K
  class space    used 1619K, capacity 1712K, committed 1792K, reserved 1048576K
Event: 2.996 GC heap after
Heap after GC invocations=10 (full 0):
 PSYoungGen      total 103424K, used 855K [0x00000000eb700000, 0x00000000f2100000, 0x0000000100000000)
  eden space 99840K, 0% used [0x00000000eb700000,0x00000000eb700000,0x00000000f1880000)
  from space 3584K, 23% used [0x00000000f1c80000,0x00000000f1d55c68,0x00000000f2000000)
  to   space 4096K, 0% used [0x00000000f1880000,0x00000000f1880000,0x00000000f1c80000)
 ParOldGen       total 42496K, used 4250K [0x00000000c2400000, 0x00000000c4d80000, 0x00000000eb700000)
  object space 42496K, 10% used [0x00000000c2400000,0x00000000c2826900,0x00000000c4d80000)
 Metaspace       used 15868K, capacity 16116K, committed 16384K, reserved 1064960K
  class space    used 1619K, capacity 1712K, committed 1792K, reserved 1048576K
}
Event: 3.023 GC heap before
{Heap before GC invocations=11 (full 0):
 PSYoungGen      total 103424K, used 100580K [0x00000000eb700000, 0x00000000f2100000, 0x0000000100000000)
  eden space 99840K, 99% used [0x00000000eb700000,0x00000000f1863778,0x00000000f1880000)
  from space 3584K, 23% used [0x00000000f1c80000,0x00000000f1d55c68,0x00000000f2000000)
  to   space 4096K, 0% used [0x00000000f1880000,0x00000000f1880000,0x00000000f1c80000)
 ParOldGen       total 42496K, used 4250K [0x00000000c2400000, 0x00000000c4d80000, 0x00000000eb700000)
  object space 42496K, 10% used [0x00000000c2400000,0x00000000c2826900,0x00000000c4d80000)
 Metaspace       used 15868K, capacity 16116K, committed 16384K, reserved 1064960K
  class space    used 1619K, capacity 1712K, committed 1792K, reserved 1048576K
Event: 3.024 GC heap after
Heap after GC invocations=11 (full 0):
 PSYoungGen      total 103936K, used 153K [0x00000000eb700000, 0x00000000f5b00000, 0x0000000100000000)
  eden space 99840K, 0% used [0x00000000eb700000,0x00000000eb700000,0x00000000f1880000)
  from space 4096K, 3% used [0x00000000f1880000,0x00000000f18a64e8,0x00000000f1c80000)
  to   space 4096K, 0% used [0x00000000f5700000,0x00000000f5700000,0x00000000f5b00000)
 ParOldGen       total 42496K, used 5005K [0x00000000c2400000, 0x00000000c4d80000, 0x00000000eb700000)
  object space 42496K, 11% used [0x00000000c2400000,0x00000000c28e34b0,0x00000000c4d80000)
 Metaspace       used 15868K, capacity 16116K, committed 16384K, reserved 1064960K
  class space    used 1619K, capacity 1712K, committed 1792K, reserved 1048576K
}
Event: 3.266 GC heap before
{Heap before GC invocations=12 (full 0):
 PSYoungGen      total 103936K, used 99993K [0x00000000eb700000, 0x00000000f5b00000, 0x0000000100000000)
  eden space 99840K, 100% used [0x00000000eb700000,0x00000000f1880000,0x00000000f1880000)
  from space 4096K, 3% used [0x00000000f1880000,0x00000000f18a64e8,0x00000000f1c80000)
  to   space 4096K, 0% used [0x00000000f5700000,0x00000000f5700000,0x00000000f5b00000)
 ParOldGen       total 42496K, used 5005K [0x00000000c2400000, 0x00000000c4d80000, 0x00000000eb700000)
  object space 42496K, 11% used [0x00000000c2400000,0x00000000c28e34b0,0x00000000c4d80000)
 Metaspace       used 16330K, capacity 16596K, committed 16896K, reserved 1064960K
  class space    used 1658K, capacity 1744K, committed 1792K, reserved 1048576K
Event: 3.268 GC heap after
Heap after GC invocations=12 (full 0):
 PSYoungGen      total 163840K, used 549K [0x00000000eb700000, 0x00000000f5b00000, 0x0000000100000000)
  eden space 159744K, 0% used [0x00000000eb700000,0x00000000eb700000,0x00000000f5300000)
  from space 4096K, 13% used [0x00000000f5700000,0x00000000f5789450,0x00000000f5b00000)
  to   space 4096K, 0% used [0x00000000f5300000,0x00000000f5300000,0x00000000f5700000)
 ParOldGen       total 42496K, used 5005K [0x00000000c2400000, 0x00000000c4d80000, 0x00000000eb700000)
  object space 42496K, 11% used [0x00000000c2400000,0x00000000c28e34b0,0x00000000c4d80000)
 Metaspace       used 16330K, capacity 16596K, committed 16896K, reserved 1064960K
  class space    used 1658K, capacity 1744K, committed 1792K, reserved 1048576K
}
Event: 4.467 GC heap before
{Heap before GC invocations=13 (full 0):
 PSYoungGen      total 163840K, used 73699K [0x00000000eb700000, 0x00000000f5b00000, 0x0000000100000000)
  eden space 159744K, 45% used [0x00000000eb700000,0x00000000efe6f8e0,0x00000000f5300000)
  from space 4096K, 13% used [0x00000000f5700000,0x00000000f5789450,0x00000000f5b00000)
  to   space 4096K, 0% used [0x00000000f5300000,0x00000000f5300000,0x00000000f5700000)
 ParOldGen       total 42496K, used 5005K [0x00000000c2400000, 0x00000000c4d80000, 0x00000000eb700000)
  object space 42496K, 11% used [0x00000000c2400000,0x00000000c28e34b0,0x00000000c4d80000)
 Metaspace       used 20798K, capacity 21040K, committed 21248K, reserved 1069056K
  class space    used 2195K, capacity 2266K, committed 2304K, reserved 1048576K

