# JRE version: Java(TM) SE Runtime Environment (8.0_144-b01) (build 1.8.0_144-b01)
# Java VM: Java HotSpot(TM) 64-Bit Server VM (25.144-b01 mixed mode linux-amd64 compressed oops)
Heap:
 PSYoungGen      total 67072K, used 4076K [0x00000000eb700000, 0x00000000efd00000, 0x0000000100000000)
  eden space 62976K, 0% used [0x00000000eb700000,0x00000000eb700000,0x00000000ef480000)
  from space 4096K, 99% used [0x00000000ef480000,0x00000000ef87b3f0,0x00000000ef880000)
  to   space 3584K, 0% used [0x00000000ef880000,0x00000000ef880000,0x00000000efc00000)
 ParOldGen       total 42496K, used 2713K [0x00000000c2400000, 0x00000000c4d80000, 0x00000000eb700000)
  object space 42496K, 6% used [0x00000000c2400000,0x00000000c26a6708,0x00000000c4d80000)
 Metaspace       used 15017K, capacity 15246K, committed 15488K, reserved 1062912K
  class space    used 1548K, capacity 1615K, committed 1664K, reserved 1048576K
GC Heap History (10 events):
Event: 1.365 GC heap after
Heap after GC invocations=2 (full 0):
 PSYoungGen      total 18432K, used 2516K [0x00000000eb700000, 0x00000000edb00000, 0x0000000100000000)
  eden space 15872K, 0% used [0x00000000eb700000,0x00000000eb700000,0x00000000ec680000)
  from space 2560K, 98% used [0x00000000ec900000,0x00000000ecb753c0,0x00000000ecb80000)
  to   space 2560K, 0% used [0x00000000ec680000,0x00000000ec680000,0x00000000ec900000)
 ParOldGen       total 42496K, used 24K [0x00000000c2400000, 0x00000000c4d80000, 0x00000000eb700000)
  object space 42496K, 0% used [0x00000000c2400000,0x00000000c2406000,0x00000000c4d80000)
 Metaspace       used 6362K, capacity 6538K, committed 6656K, reserved 1056768K
  class space    used 683K, capacity 725K, committed 768K, reserved 1048576K
}
Event: 1.614 GC heap before
{Heap before GC invocations=3 (full 0):
 PSYoungGen      total 18432K, used 18388K [0x00000000eb700000, 0x00000000edb00000, 0x0000000100000000)
  eden space 15872K, 100% used [0x00000000eb700000,0x00000000ec680000,0x00000000ec680000)
  from space 2560K, 98% used [0x00000000ec900000,0x00000000ecb753c0,0x00000000ecb80000)
  to   space 2560K, 0% used [0x00000000ec680000,0x00000000ec680000,0x00000000ec900000)
 ParOldGen       total 42496K, used 24K [0x00000000c2400000, 0x00000000c4d80000, 0x00000000eb700000)
  object space 42496K, 0% used [0x00000000c2400000,0x00000000c2406000,0x00000000c4d80000)
 Metaspace       used 6987K, capacity 7146K, committed 7168K, reserved 1056768K
  class space    used 716K, capacity 757K, committed 768K, reserved 1048576K
Event: 1.617 GC heap after
Heap after GC invocations=3 (full 0):
 PSYoungGen      total 18432K, used 1983K [0x00000000eb700000, 0x00000000edb00000, 0x0000000100000000)
  eden space 15872K, 0% used [0x00000000eb700000,0x00000000eb700000,0x00000000ec680000)
  from space 2560K, 77% used [0x00000000ec680000,0x00000000ec86ff58,0x00000000ec900000)
  to   space 2560K, 0% used [0x00000000ed880000,0x00000000ed880000,0x00000000edb00000)
 ParOldGen       total 42496K, used 32K [0x00000000c2400000, 0x00000000c4d80000, 0x00000000eb700000)
  object space 42496K, 0% used [0x00000000c2400000,0x00000000c2408000,0x00000000c4d80000)
 Metaspace       used 6987K, capacity 7146K, committed 7168K, reserved 1056768K
  class space    used 716K, capacity 757K, committed 768K, reserved 1048576K
}
Event: 1.790 GC heap before
{Heap before GC invocations=4 (full 0):
 PSYoungGen      total 18432K, used 17855K [0x00000000eb700000, 0x00000000edb00000, 0x0000000100000000)
  eden space 15872K, 100% used [0x00000000eb700000,0x00000000ec680000,0x00000000ec680000)
  from space 2560K, 77% used [0x00000000ec680000,0x00000000ec86ff58,0x00000000ec900000)
  to   space 2560K, 0% used [0x00000000ed880000,0x00000000ed880000,0x00000000edb00000)
 ParOldGen       total 42496K, used 32K [0x00000000c2400000, 0x00000000c4d80000, 0x00000000eb700000)
  object space 42496K, 0% used [0x00000000c2400000,0x00000000c2408000,0x00000000c4d80000)
 Metaspace       used 7806K, capacity 7944K, committed 8064K, reserved 1056768K
  class space    used 794K, capacity 826K, committed 896K, reserved 1048576K
Event: 1.796 GC heap after
Heap after GC invocations=4 (full 0):
 PSYoungGen      total 34304K, used 2073K [0x00000000eb700000, 0x00000000edb00000, 0x0000000100000000)
  eden space 31744K, 0% used [0x00000000eb700000,0x00000000eb700000,0x00000000ed600000)
  from space 2560K, 81% used [0x00000000ed880000,0x00000000eda86710,0x00000000edb00000)
  to   space 2560K, 0% used [0x00000000ed600000,0x00000000ed600000,0x00000000ed880000)
 ParOldGen       total 42496K, used 40K [0x00000000c2400000, 0x00000000c4d80000, 0x00000000eb700000)
  object space 42496K, 0% used [0x00000000c2400000,0x00000000c240a000,0x00000000c4d80000)
 Metaspace       used 7806K, capacity 7944K, committed 8064K, reserved 1056768K
  class space    used 794K, capacity 826K, committed 896K, reserved 1048576K
}
Event: 2.437 GC heap before
{Heap before GC invocations=5 (full 0):
 PSYoungGen      total 34304K, used 33810K [0x00000000eb700000, 0x00000000edb00000, 0x0000000100000000)
  eden space 31744K, 99% used [0x00000000eb700000,0x00000000ed5fe4e0,0x00000000ed600000)
  from space 2560K, 81% used [0x00000000ed880000,0x00000000eda86710,0x00000000edb00000)
  to   space 2560K, 0% used [0x00000000ed600000,0x00000000ed600000,0x00000000ed880000)
 ParOldGen       total 42496K, used 40K [0x00000000c2400000, 0x00000000c4d80000, 0x00000000eb700000)
  object space 42496K, 0% used [0x00000000c2400000,0x00000000c240a000,0x00000000c4d80000)
 Metaspace       used 10360K, capacity 10568K, committed 10880K, reserved 1058816K
  class space    used 1046K, capacity 1082K, committed 1152K, reserved 1048576K
Event: 2.450 GC heap after
Heap after GC invocations=5 (full 0):
 PSYoungGen      total 34304K, used 2550K [0x00000000eb700000, 0x00000000efc00000, 0x0000000100000000)
  eden space 31744K, 0% used [0x00000000eb700000,0x00000000eb700000,0x00000000ed600000)
  from space 2560K, 99% used [0x00000000ed600000,0x00000000ed87db10,0x00000000ed880000)
  to   space 3584K, 0% used [0x00000000ef880000,0x00000000ef880000,0x00000000efc00000)
 ParOldGen       total 42496K, used 633K [0x00000000c2400000, 0x00000000c4d80000, 0x00000000eb700000)
  object space 42496K, 1% used [0x00000000c2400000,0x00000000c249e650,0x00000000c4d80000)
 Metaspace       used 10360K, capacity 10568K, committed 10880K, reserved 1058816K
  class space    used 1046K, capacity 1082K, committed 1152K, reserved 1048576K
}
Event: 3.182 GC heap before
{Heap before GC invocations=6 (full 0):
 PSYoungGen      total 34304K, used 34294K [0x00000000eb700000, 0x00000000efc00000, 0x0000000100000000)
  eden space 31744K, 100% used [0x00000000eb700000,0x00000000ed600000,0x00000000ed600000)
  from space 2560K, 99% used [0x00000000ed600000,0x00000000ed87db10,0x00000000ed880000)
  to   space 3584K, 0% used [0x00000000ef880000,0x00000000ef880000,0x00000000efc00000)
 ParOldGen       total 42496K, used 633K [0x00000000c2400000, 0x00000000c4d80000, 0x00000000eb700000)
  object space 42496K, 1% used [0x00000000c2400000,0x00000000c249e650,0x00000000c4d80000)
 Metaspace       used 12618K, capacity 12892K, committed 13184K, reserved 1060864K
  class space    used 1256K, capacity 1324K, committed 1408K, reserved 1048576K
Event: 3.195 GC heap after
Heap after GC invocations=6 (full 0):
 PSYoungGen      total 66560K, used 3564K [0x00000000eb700000, 0x00000000efd00000, 0x0000000100000000)
  eden space 62976K, 0% used [0x00000000eb700000,0x00000000eb700000,0x00000000ef480000)
  from space 3584K, 99% used [0x00000000ef880000,0x00000000efbfb148,0x00000000efc00000)
  to   space 4096K, 0% used [0x00000000ef480000,0x00000000ef480000,0x00000000ef880000)
 ParOldGen       total 42496K, used 1039K [0x00000000c2400000, 0x00000000c4d80000, 0x00000000eb700000)
  object space 42496K, 2% used [0x00000000c2400000,0x00000000c2503f20,0x00000000c4d80000)
 Metaspace       used 12618K, capacity 12892K, committed 13184K, reserved 1060864K
  class space    used 1256K, capacity 1324K, committed 1408K, reserved 1048576K
}
Event: 3.996 GC heap before
{Heap before GC invocations=7 (full 0):
 PSYoungGen      total 66560K, used 66540K [0x00000000eb700000, 0x00000000efd00000, 0x0000000100000000)
  eden space 62976K, 100% used [0x00000000eb700000,0x00000000ef480000,0x00000000ef480000)
  from space 3584K, 99% used [0x00000000ef880000,0x00000000efbfb148,0x00000000efc00000)
  to   space 4096K, 0% used [0x00000000ef480000,0x00000000ef480000,0x00000000ef880000)
 ParOldGen       total 42496K, used 1039K [0x00000000c2400000, 0x00000000c4d80000, 0x00000000eb700000)
  object space 42496K, 2% used [0x00000000c2400000,0x00000000c2503f20,0x00000000c4d80000)
 Metaspace       used 15017K, capacity 15246K, committed 15488K, reserved 1062912K
  class space    used 1548K, capacity 1615K, committed 1664K, reserved 1048576K

