# JRE version: Java(TM) SE Runtime Environment (8.0_144-b01) (build 1.8.0_144-b01)
# Java VM: Java HotSpot(TM) 64-Bit Server VM (25.144-b01 mixed mode linux-amd64 compressed oops)
Heap:
 PSYoungGen      total 146432K, used 3573K [0x00000000eb700000, 0x00000000f4980000, 0x0000000100000000)
  eden space 142848K, 0% used [0x00000000eb700000,0x00000000eb700000,0x00000000f4280000)
  from space 3584K, 99% used [0x00000000f4280000,0x00000000f45fd7c0,0x00000000f4600000)
  to   space 3584K, 0% used [0x00000000f4600000,0x00000000f4600000,0x00000000f4980000)
 ParOldGen       total 29184K, used 9920K [0x00000000c2400000, 0x00000000c4080000, 0x00000000eb700000)
  object space 29184K, 33% used [0x00000000c2400000,0x00000000c2db00d0,0x00000000c4080000)
 Metaspace       used 27841K, capacity 28246K, committed 28544K, reserved 1075200K
  class space    used 2995K, capacity 3129K, committed 3200K, reserved 1048576K
GC Heap History (10 events):
Event: 3.903 GC heap after
Heap after GC invocations=15 (full 0):
 PSYoungGen      total 67072K, used 137K [0x00000000eb700000, 0x00000000f2180000, 0x0000000100000000)
  eden space 63488K, 0% used [0x00000000eb700000,0x00000000eb700000,0x00000000ef500000)
  from space 3584K, 3% used [0x00000000ef500000,0x00000000ef522510,0x00000000ef880000)
  to   space 3584K, 0% used [0x00000000f1e00000,0x00000000f1e00000,0x00000000f2180000)
 ParOldGen       total 42496K, used 5074K [0x00000000c2400000, 0x00000000c4d80000, 0x00000000eb700000)
  object space 42496K, 11% used [0x00000000c2400000,0x00000000c28f4828,0x00000000c4d80000)
 Metaspace       used 15774K, capacity 16052K, committed 16384K, reserved 1064960K
  class space    used 1618K, capacity 1712K, committed 1792K, reserved 1048576K
}
Event: 3.915 GC heap before
{Heap before GC invocations=16 (full 0):
 PSYoungGen      total 67072K, used 63587K [0x00000000eb700000, 0x00000000f2180000, 0x0000000100000000)
  eden space 63488K, 99% used [0x00000000eb700000,0x00000000ef4f6878,0x00000000ef500000)
  from space 3584K, 3% used [0x00000000ef500000,0x00000000ef522510,0x00000000ef880000)
  to   space 3584K, 0% used [0x00000000f1e00000,0x00000000f1e00000,0x00000000f2180000)
 ParOldGen       total 42496K, used 5074K [0x00000000c2400000, 0x00000000c4d80000, 0x00000000eb700000)
  object space 42496K, 11% used [0x00000000c2400000,0x00000000c28f4828,0x00000000c4d80000)
 Metaspace       used 15774K, capacity 16052K, committed 16384K, reserved 1064960K
  class space    used 1618K, capacity 1712K, committed 1792K, reserved 1048576K
Event: 3.916 GC heap after
Heap after GC invocations=16 (full 0):
 PSYoungGen      total 105472K, used 166K [0x00000000eb700000, 0x00000000f2180000, 0x0000000100000000)
  eden space 101888K, 0% used [0x00000000eb700000,0x00000000eb700000,0x00000000f1a80000)
  from space 3584K, 4% used [0x00000000f1e00000,0x00000000f1e29a58,0x00000000f2180000)
  to   space 3584K, 0% used [0x00000000f1a80000,0x00000000f1a80000,0x00000000f1e00000)
 ParOldGen       total 42496K, used 5074K [0x00000000c2400000, 0x00000000c4d80000, 0x00000000eb700000)
  object space 42496K, 11% used [0x00000000c2400000,0x00000000c28f4828,0x00000000c4d80000)
 Metaspace       used 15774K, capacity 16052K, committed 16384K, reserved 1064960K
  class space    used 1618K, capacity 1712K, committed 1792K, reserved 1048576K
}
Event: 7.846 GC heap before
{Heap before GC invocations=17 (full 0):
 PSYoungGen      total 105472K, used 102054K [0x00000000eb700000, 0x00000000f2180000, 0x0000000100000000)
  eden space 101888K, 100% used [0x00000000eb700000,0x00000000f1a80000,0x00000000f1a80000)
  from space 3584K, 4% used [0x00000000f1e00000,0x00000000f1e29a58,0x00000000f2180000)
  to   space 3584K, 0% used [0x00000000f1a80000,0x00000000f1a80000,0x00000000f1e00000)
 ParOldGen       total 42496K, used 5074K [0x00000000c2400000, 0x00000000c4d80000, 0x00000000eb700000)
  object space 42496K, 11% used [0x00000000c2400000,0x00000000c28f4828,0x00000000c4d80000)
 Metaspace       used 17735K, capacity 18032K, committed 18432K, reserved 1064960K
  class space    used 1856K, capacity 1946K, committed 2048K, reserved 1048576K
Event: 7.854 GC heap after
Heap after GC invocations=17 (full 0):
 PSYoungGen      total 105472K, used 1888K [0x00000000eb700000, 0x00000000f4980000, 0x0000000100000000)
  eden space 101888K, 0% used [0x00000000eb700000,0x00000000eb700000,0x00000000f1a80000)
  from space 3584K, 52% used [0x00000000f1a80000,0x00000000f1c583a8,0x00000000f1e00000)
  to   space 3584K, 0% used [0x00000000f4600000,0x00000000f4600000,0x00000000f4980000)
 ParOldGen       total 42496K, used 5082K [0x00000000c2400000, 0x00000000c4d80000, 0x00000000eb700000)
  object space 42496K, 11% used [0x00000000c2400000,0x00000000c28f6828,0x00000000c4d80000)
 Metaspace       used 17735K, capacity 18032K, committed 18432K, reserved 1064960K
  class space    used 1856K, capacity 1946K, committed 2048K, reserved 1048576K
}
Event: 8.617 GC heap before
{Heap before GC invocations=18 (full 0):
 PSYoungGen      total 105472K, used 40515K [0x00000000eb700000, 0x00000000f4980000, 0x0000000100000000)
  eden space 101888K, 37% used [0x00000000eb700000,0x00000000edcb8a40,0x00000000f1a80000)
  from space 3584K, 52% used [0x00000000f1a80000,0x00000000f1c583a8,0x00000000f1e00000)
  to   space 3584K, 0% used [0x00000000f4600000,0x00000000f4600000,0x00000000f4980000)
 ParOldGen       total 42496K, used 5082K [0x00000000c2400000, 0x00000000c4d80000, 0x00000000eb700000)
  object space 42496K, 11% used [0x00000000c2400000,0x00000000c28f6828,0x00000000c4d80000)
 Metaspace       used 20850K, capacity 21072K, committed 21248K, reserved 1069056K
  class space    used 2210K, capacity 2298K, committed 2304K, reserved 1048576K
Event: 8.633 GC heap after
Heap after GC invocations=18 (full 0):
 PSYoungGen      total 146432K, used 1836K [0x00000000eb700000, 0x00000000f4980000, 0x0000000100000000)
  eden space 142848K, 0% used [0x00000000eb700000,0x00000000eb700000,0x00000000f4280000)
  from space 3584K, 51% used [0x00000000f4600000,0x00000000f47cb2b8,0x00000000f4980000)
  to   space 3584K, 0% used [0x00000000f4280000,0x00000000f4280000,0x00000000f4600000)
 ParOldGen       total 42496K, used 6077K [0x00000000c2400000, 0x00000000c4d80000, 0x00000000eb700000)
  object space 42496K, 14% used [0x00000000c2400000,0x00000000c29ef460,0x00000000c4d80000)
 Metaspace       used 20850K, capacity 21072K, committed 21248K, reserved 1069056K
  class space    used 2210K, capacity 2298K, committed 2304K, reserved 1048576K
}
Event: 8.633 GC heap before
{Heap before GC invocations=19 (full 1):
 PSYoungGen      total 146432K, used 1836K [0x00000000eb700000, 0x00000000f4980000, 0x0000000100000000)
  eden space 142848K, 0% used [0x00000000eb700000,0x00000000eb700000,0x00000000f4280000)
  from space 3584K, 51% used [0x00000000f4600000,0x00000000f47cb2b8,0x00000000f4980000)
  to   space 3584K, 0% used [0x00000000f4280000,0x00000000f4280000,0x00000000f4600000)
 ParOldGen       total 42496K, used 6077K [0x00000000c2400000, 0x00000000c4d80000, 0x00000000eb700000)
  object space 42496K, 14% used [0x00000000c2400000,0x00000000c29ef460,0x00000000c4d80000)
 Metaspace       used 20850K, capacity 21072K, committed 21248K, reserved 1069056K
  class space    used 2210K, capacity 2298K, committed 2304K, reserved 1048576K
Event: 8.701 GC heap after
Heap after GC invocations=19 (full 1):
 PSYoungGen      total 146432K, used 0K [0x00000000eb700000, 0x00000000f4980000, 0x0000000100000000)
  eden space 142848K, 0% used [0x00000000eb700000,0x00000000eb700000,0x00000000f4280000)
  from space 3584K, 0% used [0x00000000f4600000,0x00000000f4600000,0x00000000f4980000)
  to   space 3584K, 0% used [0x00000000f4280000,0x00000000f4280000,0x00000000f4600000)
 ParOldGen       total 29184K, used 7342K [0x00000000c2400000, 0x00000000c4080000, 0x00000000eb700000)
  object space 29184K, 25% used [0x00000000c2400000,0x00000000c2b2b950,0x00000000c4080000)
 Metaspace       used 20850K, capacity 21072K, committed 21248K, reserved 1069056K
  class space    used 2210K, capacity 2298K, committed 2304K, reserved 1048576K
}
Event: 40.645 GC heap before
{Heap before GC invocations=20 (full 1):
 PSYoungGen      total 146432K, used 142848K [0x00000000eb700000, 0x00000000f4980000, 0x0000000100000000)
  eden space 142848K, 100% used [0x00000000eb700000,0x00000000f4280000,0x00000000f4280000)
  from space 3584K, 0% used [0x00000000f4600000,0x00000000f4600000,0x00000000f4980000)
  to   space 3584K, 0% used [0x00000000f4280000,0x00000000f4280000,0x00000000f4600000)
 ParOldGen       total 29184K, used 7342K [0x00000000c2400000, 0x00000000c4080000, 0x00000000eb700000)
  object space 29184K, 25% used [0x00000000c2400000,0x00000000c2b2b950,0x00000000c4080000)
 Metaspace       used 27841K, capacity 28246K, committed 28544K, reserved 1075200K
  class space    used 2995K, capacity 3129K, committed 3200K, reserved 1048576K

