# JRE version: Java(TM) SE Runtime Environment (8.0_151-b12) (build 1.8.0_151-b12)
# Java VM: Java HotSpot(TM) 64-Bit Server VM (25.151-b12 mixed mode linux-amd64 compressed oops)
Heap:
 PSYoungGen      total 201728K, used 5809K [0x00000000e0f00000, 0x00000000ede00000, 0x0000000100000000)
  eden space 193536K, 0% used [0x00000000e0f00000,0x00000000e0f00000,0x00000000ecc00000)
  from space 8192K, 70% used [0x00000000ecc00000,0x00000000ed1ac640,0x00000000ed400000)
  to   space 6144K, 0% used [0x00000000ed400000,0x00000000ed400000,0x00000000eda00000)
 ParOldGen       total 64512K, used 6106K [0x00000000a2c00000, 0x00000000a6b00000, 0x00000000e0f00000)
  object space 64512K, 9% used [0x00000000a2c00000,0x00000000a31f69e0,0x00000000a6b00000)
 Metaspace       used 20040K, capacity 21203K, committed 21296K, reserved 1069056K
  class space    used 2462K, capacity 2688K, committed 2688K, reserved 1048576K
GC Heap History (10 events):
Event: 1.780 GC heap after
Heap after GC invocations=4 (full 0):
 PSYoungGen      total 52736K, used 3571K [0x00000000e0f00000, 0x00000000e4600000, 0x0000000100000000)
  eden space 49152K, 0% used [0x00000000e0f00000,0x00000000e0f00000,0x00000000e3f00000)
  from space 3584K, 99% used [0x00000000e4280000,0x00000000e45fcf08,0x00000000e4600000)
  to   space 3584K, 0% used [0x00000000e3f00000,0x00000000e3f00000,0x00000000e4280000)
 ParOldGen       total 64512K, used 378K [0x00000000a2c00000, 0x00000000a6b00000, 0x00000000e0f00000)
  object space 64512K, 0% used [0x00000000a2c00000,0x00000000a2c5e998,0x00000000a6b00000)
 Metaspace       used 10055K, capacity 10712K, committed 10880K, reserved 1058816K
  class space    used 1194K, capacity 1358K, committed 1408K, reserved 1048576K
}
Event: 2.073 GC heap before
{Heap before GC invocations=5 (full 0):
 PSYoungGen      total 52736K, used 52723K [0x00000000e0f00000, 0x00000000e4600000, 0x0000000100000000)
  eden space 49152K, 100% used [0x00000000e0f00000,0x00000000e3f00000,0x00000000e3f00000)
  from space 3584K, 99% used [0x00000000e4280000,0x00000000e45fcf08,0x00000000e4600000)
  to   space 3584K, 0% used [0x00000000e3f00000,0x00000000e3f00000,0x00000000e4280000)
 ParOldGen       total 64512K, used 378K [0x00000000a2c00000, 0x00000000a6b00000, 0x00000000e0f00000)
  object space 64512K, 0% used [0x00000000a2c00000,0x00000000a2c5e998,0x00000000a6b00000)
 Metaspace       used 11347K, capacity 12006K, committed 12288K, reserved 1060864K
  class space    used 1267K, capacity 1427K, committed 1536K, reserved 1048576K
Event: 2.085 GC heap after
Heap after GC invocations=5 (full 0):
 PSYoungGen      total 52736K, used 3562K [0x00000000e0f00000, 0x00000000e7700000, 0x0000000100000000)
  eden space 49152K, 0% used [0x00000000e0f00000,0x00000000e0f00000,0x00000000e3f00000)
  from space 3584K, 99% used [0x00000000e3f00000,0x00000000e427ab10,0x00000000e4280000)
  to   space 4096K, 0% used [0x00000000e7300000,0x00000000e7300000,0x00000000e7700000)
 ParOldGen       total 64512K, used 414K [0x00000000a2c00000, 0x00000000a6b00000, 0x00000000e0f00000)
  object space 64512K, 0% used [0x00000000a2c00000,0x00000000a2c67b08,0x00000000a6b00000)
 Metaspace       used 11347K, capacity 12006K, committed 12288K, reserved 1060864K
  class space    used 1267K, capacity 1427K, committed 1536K, reserved 1048576K
}
Event: 2.521 GC heap before
{Heap before GC invocations=6 (full 0):
 PSYoungGen      total 52736K, used 52714K [0x00000000e0f00000, 0x00000000e7700000, 0x0000000100000000)
  eden space 49152K, 100% used [0x00000000e0f00000,0x00000000e3f00000,0x00000000e3f00000)
  from space 3584K, 99% used [0x00000000e3f00000,0x00000000e427ab10,0x00000000e4280000)
  to   space 4096K, 0% used [0x00000000e7300000,0x00000000e7300000,0x00000000e7700000)
 ParOldGen       total 64512K, used 414K [0x00000000a2c00000, 0x00000000a6b00000, 0x00000000e0f00000)
  object space 64512K, 0% used [0x00000000a2c00000,0x00000000a2c67b08,0x00000000a6b00000)
 Metaspace       used 12861K, capacity 13624K, committed 13952K, reserved 1060864K
  class space    used 1416K, capacity 1574K, committed 1664K, reserved 1048576K
Event: 2.530 GC heap after
Heap after GC invocations=6 (full 0):
 PSYoungGen      total 101888K, used 4081K [0x00000000e0f00000, 0x00000000e7800000, 0x0000000100000000)
  eden space 97792K, 0% used [0x00000000e0f00000,0x00000000e0f00000,0x00000000e6e80000)
  from space 4096K, 99% used [0x00000000e7300000,0x00000000e76fc5b8,0x00000000e7700000)
  to   space 4608K, 0% used [0x00000000e6e80000,0x00000000e6e80000,0x00000000e7300000)
 ParOldGen       total 64512K, used 468K [0x00000000a2c00000, 0x00000000a6b00000, 0x00000000e0f00000)
  object space 64512K, 0% used [0x00000000a2c00000,0x00000000a2c75310,0x00000000a6b00000)
 Metaspace       used 12861K, capacity 13624K, committed 13952K, reserved 1060864K
  class space    used 1416K, capacity 1574K, committed 1664K, reserved 1048576K
}
Event: 3.415 GC heap before
{Heap before GC invocations=7 (full 0):
 PSYoungGen      total 101888K, used 101873K [0x00000000e0f00000, 0x00000000e7800000, 0x0000000100000000)
  eden space 97792K, 100% used [0x00000000e0f00000,0x00000000e6e80000,0x00000000e6e80000)
  from space 4096K, 99% used [0x00000000e7300000,0x00000000e76fc5b8,0x00000000e7700000)
  to   space 4608K, 0% used [0x00000000e6e80000,0x00000000e6e80000,0x00000000e7300000)
 ParOldGen       total 64512K, used 468K [0x00000000a2c00000, 0x00000000a6b00000, 0x00000000e0f00000)
  object space 64512K, 0% used [0x00000000a2c00000,0x00000000a2c75310,0x00000000a6b00000)
 Metaspace       used 15091K, capacity 16124K, committed 16256K, reserved 1062912K
  class space    used 1656K, capacity 1855K, committed 1920K, reserved 1048576K
Event: 3.448 GC heap after
Heap after GC invocations=7 (full 0):
 PSYoungGen      total 102400K, used 4593K [0x00000000e0f00000, 0x00000000eda00000, 0x0000000100000000)
  eden space 97792K, 0% used [0x00000000e0f00000,0x00000000e0f00000,0x00000000e6e80000)
  from space 4608K, 99% used [0x00000000e6e80000,0x00000000e72fc620,0x00000000e7300000)
  to   space 6144K, 0% used [0x00000000ed400000,0x00000000ed400000,0x00000000eda00000)
 ParOldGen       total 64512K, used 3162K [0x00000000a2c00000, 0x00000000a6b00000, 0x00000000e0f00000)
  object space 64512K, 4% used [0x00000000a2c00000,0x00000000a2f16a58,0x00000000a6b00000)
 Metaspace       used 15091K, capacity 16124K, committed 16256K, reserved 1062912K
  class space    used 1656K, capacity 1855K, committed 1920K, reserved 1048576K
}
Event: 4.923 GC heap before
{Heap before GC invocations=8 (full 0):
 PSYoungGen      total 102400K, used 102385K [0x00000000e0f00000, 0x00000000eda00000, 0x0000000100000000)
  eden space 97792K, 100% used [0x00000000e0f00000,0x00000000e6e80000,0x00000000e6e80000)
  from space 4608K, 99% used [0x00000000e6e80000,0x00000000e72fc620,0x00000000e7300000)
  to   space 6144K, 0% used [0x00000000ed400000,0x00000000ed400000,0x00000000eda00000)
 ParOldGen       total 64512K, used 3162K [0x00000000a2c00000, 0x00000000a6b00000, 0x00000000e0f00000)
  object space 64512K, 4% used [0x00000000a2c00000,0x00000000a2f16a58,0x00000000a6b00000)
 Metaspace       used 18691K, capacity 19938K, committed 20224K, reserved 1067008K
  class space    used 2215K, capacity 2462K, committed 2560K, reserved 1048576K
Event: 4.951 GC heap after
Heap after GC invocations=8 (full 0):
 PSYoungGen      total 199680K, used 6137K [0x00000000e0f00000, 0x00000000ede00000, 0x0000000100000000)
  eden space 193536K, 0% used [0x00000000e0f00000,0x00000000e0f00000,0x00000000ecc00000)
  from space 6144K, 99% used [0x00000000ed400000,0x00000000ed9fe590,0x00000000eda00000)
  to   space 8192K, 0% used [0x00000000ecc00000,0x00000000ecc00000,0x00000000ed400000)
 ParOldGen       total 64512K, used 5362K [0x00000000a2c00000, 0x00000000a6b00000, 0x00000000e0f00000)
  object space 64512K, 8% used [0x00000000a2c00000,0x00000000a313c9e0,0x00000000a6b00000)
 Metaspace       used 18691K, capacity 19938K, committed 20224K, reserved 1067008K
  class space    used 2215K, capacity 2462K, committed 2560K, reserved 1048576K
}
Event: 5.331 GC heap before
{Heap before GC invocations=9 (full 0):
 PSYoungGen      total 199680K, used 40755K [0x00000000e0f00000, 0x00000000ede00000, 0x0000000100000000)
  eden space 193536K, 17% used [0x00000000e0f00000,0x00000000e30ce750,0x00000000ecc00000)
  from space 6144K, 99% used [0x00000000ed400000,0x00000000ed9fe590,0x00000000eda00000)
  to   space 8192K, 0% used [0x00000000ecc00000,0x00000000ecc00000,0x00000000ed400000)
 ParOldGen       total 64512K, used 5362K [0x00000000a2c00000, 0x00000000a6b00000, 0x00000000e0f00000)
  object space 64512K, 8% used [0x00000000a2c00000,0x00000000a313c9e0,0x00000000a6b00000)
 Metaspace       used 20040K, capacity 21203K, committed 21296K, reserved 1069056K
  class space    used 2462K, capacity 2688K, committed 2688K, reserved 1048576K

