# JRE version: Java(TM) SE Runtime Environment (8.0_144-b01) (build 1.8.0_144-b01)
# Java VM: Java HotSpot(TM) 64-Bit Server VM (25.144-b01 mixed mode linux-amd64 compressed oops)
Heap:
 PSYoungGen      total 131584K, used 1198K [0x00000000eb700000, 0x00000000f3d00000, 0x0000000100000000)
  eden space 125952K, 0% used [0x00000000eb700000,0x00000000eb700000,0x00000000f3200000)
  from space 5632K, 21% used [0x00000000f3200000,0x00000000f332bae0,0x00000000f3780000)
  to   space 5632K, 0% used [0x00000000f3780000,0x00000000f3780000,0x00000000f3d00000)
 ParOldGen       total 42496K, used 4797K [0x00000000c2400000, 0x00000000c4d80000, 0x00000000eb700000)
  object space 42496K, 11% used [0x00000000c2400000,0x00000000c28af450,0x00000000c4d80000)
 Metaspace       used 15713K, capacity 15956K, committed 16384K, reserved 1064960K
  class space    used 1609K, capacity 1680K, committed 1792K, reserved 1048576K
GC Heap History (10 events):
Event: 1.345 GC heap after
Heap after GC invocations=4 (full 0):
 PSYoungGen      total 34304K, used 2149K [0x00000000eb700000, 0x00000000edb00000, 0x0000000100000000)
  eden space 31744K, 0% used [0x00000000eb700000,0x00000000eb700000,0x00000000ed600000)
  from space 2560K, 83% used [0x00000000ed880000,0x00000000eda995b8,0x00000000edb00000)
  to   space 2560K, 0% used [0x00000000ed600000,0x00000000ed600000,0x00000000ed880000)
 ParOldGen       total 42496K, used 30K [0x00000000c2400000, 0x00000000c4d80000, 0x00000000eb700000)
  object space 42496K, 0% used [0x00000000c2400000,0x00000000c2407928,0x00000000c4d80000)
 Metaspace       used 7806K, capacity 7984K, committed 8064K, reserved 1056768K
  class space    used 791K, capacity 822K, committed 896K, reserved 1048576K
}
Event: 2.033 GC heap before
{Heap before GC invocations=5 (full 0):
 PSYoungGen      total 34304K, used 33893K [0x00000000eb700000, 0x00000000edb00000, 0x0000000100000000)
  eden space 31744K, 100% used [0x00000000eb700000,0x00000000ed600000,0x00000000ed600000)
  from space 2560K, 83% used [0x00000000ed880000,0x00000000eda995b8,0x00000000edb00000)
  to   space 2560K, 0% used [0x00000000ed600000,0x00000000ed600000,0x00000000ed880000)
 ParOldGen       total 42496K, used 30K [0x00000000c2400000, 0x00000000c4d80000, 0x00000000eb700000)
  object space 42496K, 0% used [0x00000000c2400000,0x00000000c2407928,0x00000000c4d80000)
 Metaspace       used 10377K, capacity 10568K, committed 10880K, reserved 1058816K
  class space    used 1048K, capacity 1082K, committed 1152K, reserved 1048576K
Event: 2.039 GC heap after
Heap after GC invocations=5 (full 0):
 PSYoungGen      total 34304K, used 2559K [0x00000000eb700000, 0x00000000efc00000, 0x0000000100000000)
  eden space 31744K, 0% used [0x00000000eb700000,0x00000000eb700000,0x00000000ed600000)
  from space 2560K, 99% used [0x00000000ed600000,0x00000000ed87fdc0,0x00000000ed880000)
  to   space 3584K, 0% used [0x00000000ef880000,0x00000000ef880000,0x00000000efc00000)
 ParOldGen       total 42496K, used 651K [0x00000000c2400000, 0x00000000c4d80000, 0x00000000eb700000)
  object space 42496K, 1% used [0x00000000c2400000,0x00000000c24a2f38,0x00000000c4d80000)
 Metaspace       used 10377K, capacity 10568K, committed 10880K, reserved 1058816K
  class space    used 1048K, capacity 1082K, committed 1152K, reserved 1048576K
}
Event: 2.423 GC heap before
{Heap before GC invocations=6 (full 0):
 PSYoungGen      total 34304K, used 34303K [0x00000000eb700000, 0x00000000efc00000, 0x0000000100000000)
  eden space 31744K, 100% used [0x00000000eb700000,0x00000000ed600000,0x00000000ed600000)
  from space 2560K, 99% used [0x00000000ed600000,0x00000000ed87fdc0,0x00000000ed880000)
  to   space 3584K, 0% used [0x00000000ef880000,0x00000000ef880000,0x00000000efc00000)
 ParOldGen       total 42496K, used 651K [0x00000000c2400000, 0x00000000c4d80000, 0x00000000eb700000)
  object space 42496K, 1% used [0x00000000c2400000,0x00000000c24a2f38,0x00000000c4d80000)
 Metaspace       used 12644K, capacity 12892K, committed 13184K, reserved 1060864K
  class space    used 1254K, capacity 1324K, committed 1408K, reserved 1048576K
Event: 2.428 GC heap after
Heap after GC invocations=6 (full 0):
 PSYoungGen      total 66560K, used 3573K [0x00000000eb700000, 0x00000000efd00000, 0x0000000100000000)
  eden space 62976K, 0% used [0x00000000eb700000,0x00000000eb700000,0x00000000ef480000)
  from space 3584K, 99% used [0x00000000ef880000,0x00000000efbfd438,0x00000000efc00000)
  to   space 4096K, 0% used [0x00000000ef480000,0x00000000ef480000,0x00000000ef880000)
 ParOldGen       total 42496K, used 1036K [0x00000000c2400000, 0x00000000c4d80000, 0x00000000eb700000)
  object space 42496K, 2% used [0x00000000c2400000,0x00000000c2503310,0x00000000c4d80000)
 Metaspace       used 12644K, capacity 12892K, committed 13184K, reserved 1060864K
  class space    used 1254K, capacity 1324K, committed 1408K, reserved 1048576K
}
Event: 2.786 GC heap before
{Heap before GC invocations=7 (full 0):
 PSYoungGen      total 66560K, used 66549K [0x00000000eb700000, 0x00000000efd00000, 0x0000000100000000)
  eden space 62976K, 100% used [0x00000000eb700000,0x00000000ef480000,0x00000000ef480000)
  from space 3584K, 99% used [0x00000000ef880000,0x00000000efbfd438,0x00000000efc00000)
  to   space 4096K, 0% used [0x00000000ef480000,0x00000000ef480000,0x00000000ef880000)
 ParOldGen       total 42496K, used 1036K [0x00000000c2400000, 0x00000000c4d80000, 0x00000000eb700000)
  object space 42496K, 2% used [0x00000000c2400000,0x00000000c2503310,0x00000000c4d80000)
 Metaspace       used 15045K, capacity 15246K, committed 15488K, reserved 1062912K
  class space    used 1546K, capacity 1615K, committed 1664K, reserved 1048576K
Event: 2.797 GC heap after
Heap after GC invocations=7 (full 0):
 PSYoungGen      total 67072K, used 4076K [0x00000000eb700000, 0x00000000f3d00000, 0x0000000100000000)
  eden space 62976K, 0% used [0x00000000eb700000,0x00000000eb700000,0x00000000ef480000)
  from space 4096K, 99% used [0x00000000ef480000,0x00000000ef87b158,0x00000000ef880000)
  to   space 5632K, 0% used [0x00000000f3780000,0x00000000f3780000,0x00000000f3d00000)
 ParOldGen       total 42496K, used 2717K [0x00000000c2400000, 0x00000000c4d80000, 0x00000000eb700000)
  object space 42496K, 6% used [0x00000000c2400000,0x00000000c26a76b0,0x00000000c4d80000)
 Metaspace       used 15045K, capacity 15246K, committed 15488K, reserved 1062912K
  class space    used 1546K, capacity 1615K, committed 1664K, reserved 1048576K
}
Event: 2.976 GC heap before
{Heap before GC invocations=8 (full 0):
 PSYoungGen      total 67072K, used 67005K [0x00000000eb700000, 0x00000000f3d00000, 0x0000000100000000)
  eden space 62976K, 99% used [0x00000000eb700000,0x00000000ef474518,0x00000000ef480000)
  from space 4096K, 99% used [0x00000000ef480000,0x00000000ef87b158,0x00000000ef880000)
  to   space 5632K, 0% used [0x00000000f3780000,0x00000000f3780000,0x00000000f3d00000)
 ParOldGen       total 42496K, used 2717K [0x00000000c2400000, 0x00000000c4d80000, 0x00000000eb700000)
  object space 42496K, 6% used [0x00000000c2400000,0x00000000c26a76b0,0x00000000c4d80000)
 Metaspace       used 15713K, capacity 15956K, committed 16384K, reserved 1064960K
  class space    used 1609K, capacity 1680K, committed 1792K, reserved 1048576K
Event: 2.982 GC heap after
Heap after GC invocations=8 (full 0):
 PSYoungGen      total 131584K, used 3143K [0x00000000eb700000, 0x00000000f3d00000, 0x0000000100000000)
  eden space 125952K, 0% used [0x00000000eb700000,0x00000000eb700000,0x00000000f3200000)
  from space 5632K, 55% used [0x00000000f3780000,0x00000000f3a91cb0,0x00000000f3d00000)
  to   space 5632K, 0% used [0x00000000f3200000,0x00000000f3200000,0x00000000f3780000)
 ParOldGen       total 42496K, used 3037K [0x00000000c2400000, 0x00000000c4d80000, 0x00000000eb700000)
  object space 42496K, 7% used [0x00000000c2400000,0x00000000c26f76b0,0x00000000c4d80000)
 Metaspace       used 15713K, capacity 15956K, committed 16384K, reserved 1064960K
  class space    used 1609K, capacity 1680K, committed 1792K, reserved 1048576K
}
Event: 3.041 GC heap before
{Heap before GC invocations=9 (full 0):
 PSYoungGen      total 131584K, used 129070K [0x00000000eb700000, 0x00000000f3d00000, 0x0000000100000000)
  eden space 125952K, 99% used [0x00000000eb700000,0x00000000f31f9dc8,0x00000000f3200000)
  from space 5632K, 55% used [0x00000000f3780000,0x00000000f3a91cb0,0x00000000f3d00000)
  to   space 5632K, 0% used [0x00000000f3200000,0x00000000f3200000,0x00000000f3780000)
 ParOldGen       total 42496K, used 3037K [0x00000000c2400000, 0x00000000c4d80000, 0x00000000eb700000)
  object space 42496K, 7% used [0x00000000c2400000,0x00000000c26f76b0,0x00000000c4d80000)
 Metaspace       used 15713K, capacity 15956K, committed 16384K, reserved 1064960K
  class space    used 1609K, capacity 1680K, committed 1792K, reserved 1048576K

