# JRE version: Java(TM) SE Runtime Environment (8.0_144-b01) (build 1.8.0_144-b01)
# Java VM: Java HotSpot(TM) 64-Bit Server VM (25.144-b01 mixed mode linux-amd64 compressed oops)
Heap:
 PSYoungGen      total 67072K, used 4086K [0x00000000eb700000, 0x00000000efd00000, 0x0000000100000000)
  eden space 62976K, 0% used [0x00000000eb700000,0x00000000eb700000,0x00000000ef480000)
  from space 4096K, 99% used [0x00000000ef480000,0x00000000ef87da40,0x00000000ef880000)
  to   space 3584K, 0% used [0x00000000ef880000,0x00000000ef880000,0x00000000efc00000)
 ParOldGen       total 42496K, used 2865K [0x00000000c2400000, 0x00000000c4d80000, 0x00000000eb700000)
  object space 42496K, 6% used [0x00000000c2400000,0x00000000c26cc6a0,0x00000000c4d80000)
 Metaspace       used 14955K, capacity 15182K, committed 15488K, reserved 1062912K
  class space    used 1542K, capacity 1615K, committed 1664K, reserved 1048576K
GC Heap History (10 events):
Event: 0.898 GC heap after
Heap after GC invocations=2 (full 0):
 PSYoungGen      total 18432K, used 2558K [0x00000000eb700000, 0x00000000edb00000, 0x0000000100000000)
  eden space 15872K, 0% used [0x00000000eb700000,0x00000000eb700000,0x00000000ec680000)
  from space 2560K, 99% used [0x00000000ec900000,0x00000000ecb7f908,0x00000000ecb80000)
  to   space 2560K, 0% used [0x00000000ec680000,0x00000000ec680000,0x00000000ec900000)
 ParOldGen       total 42496K, used 155K [0x00000000c2400000, 0x00000000c4d80000, 0x00000000eb700000)
  object space 42496K, 0% used [0x00000000c2400000,0x00000000c2426e78,0x00000000c4d80000)
 Metaspace       used 6048K, capacity 6218K, committed 6400K, reserved 1056768K
  class space    used 639K, capacity 661K, committed 768K, reserved 1048576K
}
Event: 1.033 GC heap before
{Heap before GC invocations=3 (full 0):
 PSYoungGen      total 18432K, used 18430K [0x00000000eb700000, 0x00000000edb00000, 0x0000000100000000)
  eden space 15872K, 100% used [0x00000000eb700000,0x00000000ec680000,0x00000000ec680000)
  from space 2560K, 99% used [0x00000000ec900000,0x00000000ecb7f908,0x00000000ecb80000)
  to   space 2560K, 0% used [0x00000000ec680000,0x00000000ec680000,0x00000000ec900000)
 ParOldGen       total 42496K, used 155K [0x00000000c2400000, 0x00000000c4d80000, 0x00000000eb700000)
  object space 42496K, 0% used [0x00000000c2400000,0x00000000c2426e78,0x00000000c4d80000)
 Metaspace       used 6921K, capacity 7146K, committed 7168K, reserved 1056768K
  class space    used 713K, capacity 757K, committed 768K, reserved 1048576K
Event: 1.037 GC heap after
Heap after GC invocations=3 (full 0):
 PSYoungGen      total 18432K, used 1808K [0x00000000eb700000, 0x00000000edb00000, 0x0000000100000000)
  eden space 15872K, 0% used [0x00000000eb700000,0x00000000eb700000,0x00000000ec680000)
  from space 2560K, 70% used [0x00000000ec680000,0x00000000ec844360,0x00000000ec900000)
  to   space 2560K, 0% used [0x00000000ed880000,0x00000000ed880000,0x00000000edb00000)
 ParOldGen       total 42496K, used 155K [0x00000000c2400000, 0x00000000c4d80000, 0x00000000eb700000)
  object space 42496K, 0% used [0x00000000c2400000,0x00000000c2426e78,0x00000000c4d80000)
 Metaspace       used 6921K, capacity 7146K, committed 7168K, reserved 1056768K
  class space    used 713K, capacity 757K, committed 768K, reserved 1048576K
}
Event: 1.202 GC heap before
{Heap before GC invocations=4 (full 0):
 PSYoungGen      total 18432K, used 17680K [0x00000000eb700000, 0x00000000edb00000, 0x0000000100000000)
  eden space 15872K, 100% used [0x00000000eb700000,0x00000000ec680000,0x00000000ec680000)
  from space 2560K, 70% used [0x00000000ec680000,0x00000000ec844360,0x00000000ec900000)
  to   space 2560K, 0% used [0x00000000ed880000,0x00000000ed880000,0x00000000edb00000)
 ParOldGen       total 42496K, used 155K [0x00000000c2400000, 0x00000000c4d80000, 0x00000000eb700000)
  object space 42496K, 0% used [0x00000000c2400000,0x00000000c2426e78,0x00000000c4d80000)
 Metaspace       used 7737K, capacity 7856K, committed 8064K, reserved 1056768K
  class space    used 786K, capacity 822K, committed 896K, reserved 1048576K
Event: 1.206 GC heap after
Heap after GC invocations=4 (full 0):
 PSYoungGen      total 34304K, used 2123K [0x00000000eb700000, 0x00000000edb00000, 0x0000000100000000)
  eden space 31744K, 0% used [0x00000000eb700000,0x00000000eb700000,0x00000000ed600000)
  from space 2560K, 82% used [0x00000000ed880000,0x00000000eda92df8,0x00000000edb00000)
  to   space 2560K, 0% used [0x00000000ed600000,0x00000000ed600000,0x00000000ed880000)
 ParOldGen       total 42496K, used 163K [0x00000000c2400000, 0x00000000c4d80000, 0x00000000eb700000)
  object space 42496K, 0% used [0x00000000c2400000,0x00000000c2428e78,0x00000000c4d80000)
 Metaspace       used 7737K, capacity 7856K, committed 8064K, reserved 1056768K
  class space    used 786K, capacity 822K, committed 896K, reserved 1048576K
}
Event: 1.594 GC heap before
{Heap before GC invocations=5 (full 0):
 PSYoungGen      total 34304K, used 33867K [0x00000000eb700000, 0x00000000edb00000, 0x0000000100000000)
  eden space 31744K, 100% used [0x00000000eb700000,0x00000000ed600000,0x00000000ed600000)
  from space 2560K, 82% used [0x00000000ed880000,0x00000000eda92df8,0x00000000edb00000)
  to   space 2560K, 0% used [0x00000000ed600000,0x00000000ed600000,0x00000000ed880000)
 ParOldGen       total 42496K, used 163K [0x00000000c2400000, 0x00000000c4d80000, 0x00000000eb700000)
  object space 42496K, 0% used [0x00000000c2400000,0x00000000c2428e78,0x00000000c4d80000)
 Metaspace       used 10196K, capacity 10338K, committed 10624K, reserved 1058816K
  class space    used 1028K, capacity 1049K, committed 1152K, reserved 1048576K
Event: 1.602 GC heap after
Heap after GC invocations=5 (full 0):
 PSYoungGen      total 34304K, used 2551K [0x00000000eb700000, 0x00000000efc00000, 0x0000000100000000)
  eden space 31744K, 0% used [0x00000000eb700000,0x00000000eb700000,0x00000000ed600000)
  from space 2560K, 99% used [0x00000000ed600000,0x00000000ed87dda8,0x00000000ed880000)
  to   space 3584K, 0% used [0x00000000ef880000,0x00000000ef880000,0x00000000efc00000)
 ParOldGen       total 42496K, used 989K [0x00000000c2400000, 0x00000000c4d80000, 0x00000000eb700000)
  object space 42496K, 2% used [0x00000000c2400000,0x00000000c24f74a0,0x00000000c4d80000)
 Metaspace       used 10196K, capacity 10338K, committed 10624K, reserved 1058816K
  class space    used 1028K, capacity 1049K, committed 1152K, reserved 1048576K
}
Event: 2.171 GC heap before
{Heap before GC invocations=6 (full 0):
 PSYoungGen      total 34304K, used 34295K [0x00000000eb700000, 0x00000000efc00000, 0x0000000100000000)
  eden space 31744K, 100% used [0x00000000eb700000,0x00000000ed600000,0x00000000ed600000)
  from space 2560K, 99% used [0x00000000ed600000,0x00000000ed87dda8,0x00000000ed880000)
  to   space 3584K, 0% used [0x00000000ef880000,0x00000000ef880000,0x00000000efc00000)
 ParOldGen       total 42496K, used 989K [0x00000000c2400000, 0x00000000c4d80000, 0x00000000eb700000)
  object space 42496K, 2% used [0x00000000c2400000,0x00000000c24f74a0,0x00000000c4d80000)
 Metaspace       used 12621K, capacity 12828K, committed 13184K, reserved 1060864K
  class space    used 1247K, capacity 1324K, committed 1408K, reserved 1048576K
Event: 2.185 GC heap after
Heap after GC invocations=6 (full 0):
 PSYoungGen      total 66560K, used 3555K [0x00000000eb700000, 0x00000000efd00000, 0x0000000100000000)
  eden space 62976K, 0% used [0x00000000eb700000,0x00000000eb700000,0x00000000ef480000)
  from space 3584K, 99% used [0x00000000ef880000,0x00000000efbf8dc0,0x00000000efc00000)
  to   space 4096K, 0% used [0x00000000ef480000,0x00000000ef480000,0x00000000ef880000)
 ParOldGen       total 42496K, used 1204K [0x00000000c2400000, 0x00000000c4d80000, 0x00000000eb700000)
  object space 42496K, 2% used [0x00000000c2400000,0x00000000c252d1b0,0x00000000c4d80000)
 Metaspace       used 12621K, capacity 12828K, committed 13184K, reserved 1060864K
  class space    used 1247K, capacity 1324K, committed 1408K, reserved 1048576K
}
Event: 3.232 GC heap before
{Heap before GC invocations=7 (full 0):
 PSYoungGen      total 66560K, used 66531K [0x00000000eb700000, 0x00000000efd00000, 0x0000000100000000)
  eden space 62976K, 100% used [0x00000000eb700000,0x00000000ef480000,0x00000000ef480000)
  from space 3584K, 99% used [0x00000000ef880000,0x00000000efbf8dc0,0x00000000efc00000)
  to   space 4096K, 0% used [0x00000000ef480000,0x00000000ef480000,0x00000000ef880000)
 ParOldGen       total 42496K, used 1204K [0x00000000c2400000, 0x00000000c4d80000, 0x00000000eb700000)
  object space 42496K, 2% used [0x00000000c2400000,0x00000000c252d1b0,0x00000000c4d80000)
 Metaspace       used 14955K, capacity 15182K, committed 15488K, reserved 1062912K
  class space    used 1542K, capacity 1615K, committed 1664K, reserved 1048576K

