# JRE version: Java(TM) SE Runtime Environment (8.0_144-b01) (build 1.8.0_144-b01)
# Java VM: Java HotSpot(TM) 64-Bit Server VM (25.144-b01 mixed mode linux-amd64 compressed oops)
Heap:
 PSYoungGen      total 214016K, used 12280K [0x00000000eb700000, 0x00000000f9500000, 0x0000000100000000)
  eden space 201728K, 0% used [0x00000000eb700000,0x00000000eb700000,0x00000000f7c00000)
  from space 12288K, 99% used [0x00000000f7c00000,0x00000000f87fe030,0x00000000f8800000)
  to   space 11264K, 0% used [0x00000000f8800000,0x00000000f8800000,0x00000000f9300000)
 ParOldGen       total 79872K, used 79697K [0x00000000c2400000, 0x00000000c7200000, 0x00000000eb700000)
  object space 79872K, 99% used [0x00000000c2400000,0x00000000c71d4508,0x00000000c7200000)
 Metaspace       used 21842K, capacity 22416K, committed 22576K, reserved 1069056K
  class space    used 2499K, capacity 2682K, committed 2688K, reserved 1048576K
GC Heap History (10 events):
Event: 2.799 GC heap after
Heap after GC invocations=7 (full 0):
 PSYoungGen      total 69632K, used 6112K [0x00000000eb700000, 0x00000000f4200000, 0x0000000100000000)
  eden space 63488K, 0% used [0x00000000eb700000,0x00000000eb700000,0x00000000ef500000)
  from space 6144K, 99% used [0x00000000ef500000,0x00000000efaf8020,0x00000000efb00000)
  to   space 7680K, 0% used [0x00000000f3a80000,0x00000000f3a80000,0x00000000f4200000)
 ParOldGen       total 42496K, used 9025K [0x00000000c2400000, 0x00000000c4d80000, 0x00000000eb700000)
  object space 42496K, 21% used [0x00000000c2400000,0x00000000c2cd0460,0x00000000c4d80000)
 Metaspace       used 13923K, capacity 14292K, committed 14592K, reserved 1062912K
  class space    used 1641K, capacity 1766K, committed 1792K, reserved 1048576K
}
Event: 3.161 GC heap before
{Heap before GC invocations=8 (full 0):
 PSYoungGen      total 69632K, used 69600K [0x00000000eb700000, 0x00000000f4200000, 0x0000000100000000)
  eden space 63488K, 100% used [0x00000000eb700000,0x00000000ef500000,0x00000000ef500000)
  from space 6144K, 99% used [0x00000000ef500000,0x00000000efaf8020,0x00000000efb00000)
  to   space 7680K, 0% used [0x00000000f3a80000,0x00000000f3a80000,0x00000000f4200000)
 ParOldGen       total 42496K, used 9025K [0x00000000c2400000, 0x00000000c4d80000, 0x00000000eb700000)
  object space 42496K, 21% used [0x00000000c2400000,0x00000000c2cd0460,0x00000000c4d80000)
 Metaspace       used 14224K, capacity 14630K, committed 14848K, reserved 1062912K
  class space    used 1645K, capacity 1769K, committed 1792K, reserved 1048576K
Event: 3.180 GC heap after
Heap after GC invocations=8 (full 0):
 PSYoungGen      total 134144K, used 7319K [0x00000000eb700000, 0x00000000f4300000, 0x0000000100000000)
  eden space 126464K, 0% used [0x00000000eb700000,0x00000000eb700000,0x00000000f3280000)
  from space 7680K, 95% used [0x00000000f3a80000,0x00000000f41a5cc0,0x00000000f4200000)
  to   space 8192K, 0% used [0x00000000f3280000,0x00000000f3280000,0x00000000f3a80000)
 ParOldGen       total 42496K, used 10195K [0x00000000c2400000, 0x00000000c4d80000, 0x00000000eb700000)
  object space 42496K, 23% used [0x00000000c2400000,0x00000000c2df4c90,0x00000000c4d80000)
 Metaspace       used 14224K, capacity 14630K, committed 14848K, reserved 1062912K
  class space    used 1645K, capacity 1769K, committed 1792K, reserved 1048576K
}
Event: 4.519 GC heap before
{Heap before GC invocations=9 (full 0):
 PSYoungGen      total 134144K, used 133783K [0x00000000eb700000, 0x00000000f4300000, 0x0000000100000000)
  eden space 126464K, 100% used [0x00000000eb700000,0x00000000f3280000,0x00000000f3280000)
  from space 7680K, 95% used [0x00000000f3a80000,0x00000000f41a5cc0,0x00000000f4200000)
  to   space 8192K, 0% used [0x00000000f3280000,0x00000000f3280000,0x00000000f3a80000)
 ParOldGen       total 42496K, used 10195K [0x00000000c2400000, 0x00000000c4d80000, 0x00000000eb700000)
  object space 42496K, 23% used [0x00000000c2400000,0x00000000c2df4c90,0x00000000c4d80000)
 Metaspace       used 15306K, capacity 15734K, committed 16000K, reserved 1062912K
  class space    used 1767K, capacity 1881K, committed 1920K, reserved 1048576K
Event: 4.552 GC heap after
Heap after GC invocations=9 (full 0):
 PSYoungGen      total 134656K, used 8192K [0x00000000eb700000, 0x00000000f9300000, 0x0000000100000000)
  eden space 126464K, 0% used [0x00000000eb700000,0x00000000eb700000,0x00000000f3280000)
  from space 8192K, 100% used [0x00000000f3280000,0x00000000f3a80000,0x00000000f3a80000)
  to   space 11264K, 0% used [0x00000000f8800000,0x00000000f8800000,0x00000000f9300000)
 ParOldGen       total 42496K, used 14340K [0x00000000c2400000, 0x00000000c4d80000, 0x00000000eb700000)
  object space 42496K, 33% used [0x00000000c2400000,0x00000000c3201278,0x00000000c4d80000)
 Metaspace       used 15306K, capacity 15734K, committed 16000K, reserved 1062912K
  class space    used 1767K, capacity 1881K, committed 1920K, reserved 1048576K
}
Event: 6.029 GC heap before
{Heap before GC invocations=10 (full 0):
 PSYoungGen      total 134656K, used 119493K [0x00000000eb700000, 0x00000000f9300000, 0x0000000100000000)
  eden space 126464K, 88% used [0x00000000eb700000,0x00000000f23b17c0,0x00000000f3280000)
  from space 8192K, 100% used [0x00000000f3280000,0x00000000f3a80000,0x00000000f3a80000)
  to   space 11264K, 0% used [0x00000000f8800000,0x00000000f8800000,0x00000000f9300000)
 ParOldGen       total 42496K, used 14340K [0x00000000c2400000, 0x00000000c4d80000, 0x00000000eb700000)
  object space 42496K, 33% used [0x00000000c2400000,0x00000000c3201278,0x00000000c4d80000)
 Metaspace       used 20582K, capacity 21136K, committed 21296K, reserved 1069056K
  class space    used 2440K, capacity 2618K, committed 2688K, reserved 1048576K
Event: 6.063 GC heap after
Heap after GC invocations=10 (full 0):
 PSYoungGen      total 212992K, used 10305K [0x00000000eb700000, 0x00000000f9500000, 0x0000000100000000)
  eden space 201728K, 0% used [0x00000000eb700000,0x00000000eb700000,0x00000000f7c00000)
  from space 11264K, 91% used [0x00000000f8800000,0x00000000f9210418,0x00000000f9300000)
  to   space 12288K, 0% used [0x00000000f7c00000,0x00000000f7c00000,0x00000000f8800000)
 ParOldGen       total 42496K, used 18692K [0x00000000c2400000, 0x00000000c4d80000, 0x00000000eb700000)
  object space 42496K, 43% used [0x00000000c2400000,0x00000000c3641278,0x00000000c4d80000)
 Metaspace       used 20582K, capacity 21136K, committed 21296K, reserved 1069056K
  class space    used 2440K, capacity 2618K, committed 2688K, reserved 1048576K
}
Event: 6.063 GC heap before
{Heap before GC invocations=11 (full 1):
 PSYoungGen      total 212992K, used 10305K [0x00000000eb700000, 0x00000000f9500000, 0x0000000100000000)
  eden space 201728K, 0% used [0x00000000eb700000,0x00000000eb700000,0x00000000f7c00000)
  from space 11264K, 91% used [0x00000000f8800000,0x00000000f9210418,0x00000000f9300000)
  to   space 12288K, 0% used [0x00000000f7c00000,0x00000000f7c00000,0x00000000f8800000)
 ParOldGen       total 42496K, used 18692K [0x00000000c2400000, 0x00000000c4d80000, 0x00000000eb700000)
  object space 42496K, 43% used [0x00000000c2400000,0x00000000c3641278,0x00000000c4d80000)
 Metaspace       used 20582K, capacity 21136K, committed 21296K, reserved 1069056K
  class space    used 2440K, capacity 2618K, committed 2688K, reserved 1048576K
Event: 6.238 GC heap after
Heap after GC invocations=11 (full 1):
 PSYoungGen      total 212992K, used 0K [0x00000000eb700000, 0x00000000f9500000, 0x0000000100000000)
  eden space 201728K, 0% used [0x00000000eb700000,0x00000000eb700000,0x00000000f7c00000)
  from space 11264K, 0% used [0x00000000f8800000,0x00000000f8800000,0x00000000f9300000)
  to   space 12288K, 0% used [0x00000000f7c00000,0x00000000f7c00000,0x00000000f8800000)
 ParOldGen       total 52736K, used 23656K [0x00000000c2400000, 0x00000000c5780000, 0x00000000eb700000)
  object space 52736K, 44% used [0x00000000c2400000,0x00000000c3b1a2f0,0x00000000c5780000)
 Metaspace       used 20582K, capacity 21136K, committed 21296K, reserved 1069056K
  class space    used 2440K, capacity 2618K, committed 2688K, reserved 1048576K
}
Event: 9.459 GC heap before
{Heap before GC invocations=12 (full 1):
 PSYoungGen      total 212992K, used 201728K [0x00000000eb700000, 0x00000000f9500000, 0x0000000100000000)
  eden space 201728K, 100% used [0x00000000eb700000,0x00000000f7c00000,0x00000000f7c00000)
  from space 11264K, 0% used [0x00000000f8800000,0x00000000f8800000,0x00000000f9300000)
  to   space 12288K, 0% used [0x00000000f7c00000,0x00000000f7c00000,0x00000000f8800000)
 ParOldGen       total 52736K, used 23656K [0x00000000c2400000, 0x00000000c5780000, 0x00000000eb700000)
  object space 52736K, 44% used [0x00000000c2400000,0x00000000c3b1a2f0,0x00000000c5780000)
 Metaspace       used 21842K, capacity 22416K, committed 22576K, reserved 1069056K
  class space    used 2499K, capacity 2682K, committed 2688K, reserved 1048576K

