# JRE version: Java(TM) SE Runtime Environment (8.0_144-b01) (build 1.8.0_144-b01)
# Java VM: Java HotSpot(TM) 64-Bit Server VM (25.144-b01 mixed mode linux-amd64 compressed oops)
Heap:
 PSYoungGen      total 130560K, used 1198K [0x00000000eb700000, 0x00000000f3b00000, 0x0000000100000000)
  eden space 125952K, 0% used [0x00000000eb700000,0x00000000eb700000,0x00000000f3200000)
  from space 4608K, 26% used [0x00000000f3200000,0x00000000f332ba08,0x00000000f3680000)
  to   space 4608K, 0% used [0x00000000f3680000,0x00000000f3680000,0x00000000f3b00000)
 ParOldGen       total 42496K, used 4629K [0x00000000c2400000, 0x00000000c4d80000, 0x00000000eb700000)
  object space 42496K, 10% used [0x00000000c2400000,0x00000000c2885458,0x00000000c4d80000)
 Metaspace       used 15824K, capacity 16020K, committed 16384K, reserved 1064960K
  class space    used 1608K, capacity 1680K, committed 1792K, reserved 1048576K
GC Heap History (10 events):
Event: 1.250 GC heap after
Heap after GC invocations=4 (full 0):
 PSYoungGen      total 34304K, used 2073K [0x00000000eb700000, 0x00000000edb00000, 0x0000000100000000)
  eden space 31744K, 0% used [0x00000000eb700000,0x00000000eb700000,0x00000000ed600000)
  from space 2560K, 81% used [0x00000000ed880000,0x00000000eda86710,0x00000000edb00000)
  to   space 2560K, 0% used [0x00000000ed600000,0x00000000ed600000,0x00000000ed880000)
 ParOldGen       total 42496K, used 24K [0x00000000c2400000, 0x00000000c4d80000, 0x00000000eb700000)
  object space 42496K, 0% used [0x00000000c2400000,0x00000000c2406000,0x00000000c4d80000)
 Metaspace       used 7770K, capacity 7926K, committed 8064K, reserved 1056768K
  class space    used 791K, capacity 823K, committed 896K, reserved 1048576K
}
Event: 1.688 GC heap before
{Heap before GC invocations=5 (full 0):
 PSYoungGen      total 34304K, used 33817K [0x00000000eb700000, 0x00000000edb00000, 0x0000000100000000)
  eden space 31744K, 100% used [0x00000000eb700000,0x00000000ed600000,0x00000000ed600000)
  from space 2560K, 81% used [0x00000000ed880000,0x00000000eda86710,0x00000000edb00000)
  to   space 2560K, 0% used [0x00000000ed600000,0x00000000ed600000,0x00000000ed880000)
 ParOldGen       total 42496K, used 24K [0x00000000c2400000, 0x00000000c4d80000, 0x00000000eb700000)
  object space 42496K, 0% used [0x00000000c2400000,0x00000000c2406000,0x00000000c4d80000)
 Metaspace       used 10383K, capacity 10568K, committed 10880K, reserved 1058816K
  class space    used 1048K, capacity 1082K, committed 1152K, reserved 1048576K
Event: 1.698 GC heap after
Heap after GC invocations=5 (full 0):
 PSYoungGen      total 34304K, used 2531K [0x00000000eb700000, 0x00000000efc00000, 0x0000000100000000)
  eden space 31744K, 0% used [0x00000000eb700000,0x00000000eb700000,0x00000000ed600000)
  from space 2560K, 98% used [0x00000000ed600000,0x00000000ed878f08,0x00000000ed880000)
  to   space 3584K, 0% used [0x00000000ef880000,0x00000000ef880000,0x00000000efc00000)
 ParOldGen       total 42496K, used 653K [0x00000000c2400000, 0x00000000c4d80000, 0x00000000eb700000)
  object space 42496K, 1% used [0x00000000c2400000,0x00000000c24a3748,0x00000000c4d80000)
 Metaspace       used 10383K, capacity 10568K, committed 10880K, reserved 1058816K
  class space    used 1048K, capacity 1082K, committed 1152K, reserved 1048576K
}
Event: 2.293 GC heap before
{Heap before GC invocations=6 (full 0):
 PSYoungGen      total 34304K, used 34275K [0x00000000eb700000, 0x00000000efc00000, 0x0000000100000000)
  eden space 31744K, 100% used [0x00000000eb700000,0x00000000ed600000,0x00000000ed600000)
  from space 2560K, 98% used [0x00000000ed600000,0x00000000ed878f08,0x00000000ed880000)
  to   space 3584K, 0% used [0x00000000ef880000,0x00000000ef880000,0x00000000efc00000)
 ParOldGen       total 42496K, used 653K [0x00000000c2400000, 0x00000000c4d80000, 0x00000000eb700000)
  object space 42496K, 1% used [0x00000000c2400000,0x00000000c24a3748,0x00000000c4d80000)
 Metaspace       used 12680K, capacity 12892K, committed 13184K, reserved 1060864K
  class space    used 1253K, capacity 1324K, committed 1408K, reserved 1048576K
Event: 2.301 GC heap after
Heap after GC invocations=6 (full 0):
 PSYoungGen      total 66560K, used 3582K [0x00000000eb700000, 0x00000000efd00000, 0x0000000100000000)
  eden space 62976K, 0% used [0x00000000eb700000,0x00000000eb700000,0x00000000ef480000)
  from space 3584K, 99% used [0x00000000ef880000,0x00000000efbffaf0,0x00000000efc00000)
  to   space 4096K, 0% used [0x00000000ef480000,0x00000000ef480000,0x00000000ef880000)
 ParOldGen       total 42496K, used 1243K [0x00000000c2400000, 0x00000000c4d80000, 0x00000000eb700000)
  object space 42496K, 2% used [0x00000000c2400000,0x00000000c2536f80,0x00000000c4d80000)
 Metaspace       used 12680K, capacity 12892K, committed 13184K, reserved 1060864K
  class space    used 1253K, capacity 1324K, committed 1408K, reserved 1048576K
}
Event: 2.786 GC heap before
{Heap before GC invocations=7 (full 0):
 PSYoungGen      total 66560K, used 66558K [0x00000000eb700000, 0x00000000efd00000, 0x0000000100000000)
  eden space 62976K, 100% used [0x00000000eb700000,0x00000000ef480000,0x00000000ef480000)
  from space 3584K, 99% used [0x00000000ef880000,0x00000000efbffaf0,0x00000000efc00000)
  to   space 4096K, 0% used [0x00000000ef480000,0x00000000ef480000,0x00000000ef880000)
 ParOldGen       total 42496K, used 1243K [0x00000000c2400000, 0x00000000c4d80000, 0x00000000eb700000)
  object space 42496K, 2% used [0x00000000c2400000,0x00000000c2536f80,0x00000000c4d80000)
 Metaspace       used 15084K, capacity 15310K, committed 15488K, reserved 1062912K
  class space    used 1543K, capacity 1615K, committed 1664K, reserved 1048576K
Event: 2.800 GC heap after
Heap after GC invocations=7 (full 0):
 PSYoungGen      total 67072K, used 4061K [0x00000000eb700000, 0x00000000f3b00000, 0x0000000100000000)
  eden space 62976K, 0% used [0x00000000eb700000,0x00000000eb700000,0x00000000ef480000)
  from space 4096K, 99% used [0x00000000ef480000,0x00000000ef877498,0x00000000ef880000)
  to   space 4608K, 0% used [0x00000000f3680000,0x00000000f3680000,0x00000000f3b00000)
 ParOldGen       total 42496K, used 2699K [0x00000000c2400000, 0x00000000c4d80000, 0x00000000eb700000)
  object space 42496K, 6% used [0x00000000c2400000,0x00000000c26a2ec8,0x00000000c4d80000)
 Metaspace       used 15084K, capacity 15310K, committed 15488K, reserved 1062912K
  class space    used 1543K, capacity 1615K, committed 1664K, reserved 1048576K
}
Event: 3.133 GC heap before
{Heap before GC invocations=8 (full 0):
 PSYoungGen      total 67072K, used 67026K [0x00000000eb700000, 0x00000000f3b00000, 0x0000000100000000)
  eden space 62976K, 99% used [0x00000000eb700000,0x00000000ef47d3b8,0x00000000ef480000)
  from space 4096K, 99% used [0x00000000ef480000,0x00000000ef877498,0x00000000ef880000)
  to   space 4608K, 0% used [0x00000000f3680000,0x00000000f3680000,0x00000000f3b00000)
 ParOldGen       total 42496K, used 2699K [0x00000000c2400000, 0x00000000c4d80000, 0x00000000eb700000)
  object space 42496K, 6% used [0x00000000c2400000,0x00000000c26a2ec8,0x00000000c4d80000)
 Metaspace       used 15824K, capacity 16020K, committed 16384K, reserved 1064960K
  class space    used 1608K, capacity 1680K, committed 1792K, reserved 1048576K
Event: 3.145 GC heap after
Heap after GC invocations=8 (full 0):
 PSYoungGen      total 130560K, used 2999K [0x00000000eb700000, 0x00000000f3b00000, 0x0000000100000000)
  eden space 125952K, 0% used [0x00000000eb700000,0x00000000eb700000,0x00000000f3200000)
  from space 4608K, 65% used [0x00000000f3680000,0x00000000f396dda8,0x00000000f3b00000)
  to   space 4608K, 0% used [0x00000000f3200000,0x00000000f3200000,0x00000000f3680000)
 ParOldGen       total 42496K, used 3011K [0x00000000c2400000, 0x00000000c4d80000, 0x00000000eb700000)
  object space 42496K, 7% used [0x00000000c2400000,0x00000000c26f0ec8,0x00000000c4d80000)
 Metaspace       used 15824K, capacity 16020K, committed 16384K, reserved 1064960K
  class space    used 1608K, capacity 1680K, committed 1792K, reserved 1048576K
}
Event: 3.503 GC heap before
{Heap before GC invocations=9 (full 0):
 PSYoungGen      total 130560K, used 128810K [0x00000000eb700000, 0x00000000f3b00000, 0x0000000100000000)
  eden space 125952K, 99% used [0x00000000eb700000,0x00000000f31dca80,0x00000000f3200000)
  from space 4608K, 65% used [0x00000000f3680000,0x00000000f396dda8,0x00000000f3b00000)
  to   space 4608K, 0% used [0x00000000f3200000,0x00000000f3200000,0x00000000f3680000)
 ParOldGen       total 42496K, used 3011K [0x00000000c2400000, 0x00000000c4d80000, 0x00000000eb700000)
  object space 42496K, 7% used [0x00000000c2400000,0x00000000c26f0ec8,0x00000000c4d80000)
 Metaspace       used 15824K, capacity 16020K, committed 16384K, reserved 1064960K
  class space    used 1608K, capacity 1680K, committed 1792K, reserved 1048576K

